Varying N_eff!
Varying sum_mnu!
Using Planck.
Using LRG.
Running with standard PPS and neutrinos.
Planck data dir = /Volumes/Data1/Planck2015/plc-2.0
 BFLike Ntemp  =        2876
 BFLike Nq     =        1407
 BFLike Nu     =        1407
 BFLike Nside  =          16
 BFLike Nwrite =    32393560
 cls file appears to have 5+ columns
 assuming it is a CAMB file with l, TT, EE, BB, TE
 info =            0
----
clik version 6dc2a8cf3965 MAKEFILE
  bflike_smw
Checking likelihood '/Volumes/Data1/Planck2015/plc-2.0/low_l/bflike/lowl_SMW_70_dx11d_2014_10_03_v5c_Ap.clik' on test data. got -5247.87 expected -5247.87 (diff 3.26225e-07)
----
Low likelihood has TT with l_max = 29
Low likelihood has EE with l_max = 29
Low likelihood has BB with l_max = 29
Low likelihood has TE with l_max = 29
Low likelihood has TB with l_max = -1
Low likelihood has EB with l_max = -1
 Initializing Planck likelihood, version Plik_v18_cmbonly_like
----
clik version 6dc2a8cf3965 MAKEFILE
  plik_cmbonly
Checking likelihood '/Volumes/Data1/Planck2015/plc-2.0/hi_l/plik_lite/plik_lite_v18_TT.clik' on test data. got -101.798 expected -101.798 (diff 1.03566e-08)
----
High likelihood has TT with l_max = 2508
High likelihood has EE with l_max = -1
High likelihood has BB with l_max = -1
High likelihood has TE with l_max = -1
High likelihood has TB with l_max = -1
High likelihood has EB with l_max = -1
Low l_max = 29
High l_max = 2508
Lensing l_max = 0
Total l_max = 2508
Setting parameters
Starting the timer Multinest scan...
 MultiNest Warning: no resume file found, starting from scratch
 *****************************************************
 MultiNest v3.9
 Copyright Farhan Feroz & Mike Hobson
 Release Oct 2014
 
 no. of live points =  300
 dimensionality =    9
 *****************************************************
 Starting MultiNest
 generating live points
 live points generated, starting sampling
Acceptance Rate:                        0.977654
Replacements:                                350
Total Samples:                               358
Nested Sampling ln(Z):            -265081.171693
Importance Nested Sampling ln(Z):   -5525.980062 +/-  0.998602
Acceptance Rate:                        0.952381
Replacements:                                400
Total Samples:                               420
Nested Sampling ln(Z):            -181701.883885
Importance Nested Sampling ln(Z):   -5526.139783 +/-  0.998809
Acceptance Rate:                        0.909091
Replacements:                                450
Total Samples:                               495
Nested Sampling ln(Z):            -119982.441879
Importance Nested Sampling ln(Z):   -5526.304086 +/-  0.998989
Acceptance Rate:                        0.851789
Replacements:                                500
Total Samples:                               587
Nested Sampling ln(Z):             -78348.359907
Importance Nested Sampling ln(Z):   -5526.474553 +/-  0.999148
Acceptance Rate:                        0.804094
Replacements:                                550
Total Samples:                               684
Nested Sampling ln(Z):             -53264.421259
Importance Nested Sampling ln(Z):   -5526.627486 +/-  0.999269
Acceptance Rate:                        0.748130
Replacements:                                600
Total Samples:                               802
Nested Sampling ln(Z):             -39699.563438
Importance Nested Sampling ln(Z):   -5526.786637 +/-  0.999376
Acceptance Rate:                        0.681342
Replacements:                                650
Total Samples:                               954
Nested Sampling ln(Z):             -30892.773774
Importance Nested Sampling ln(Z):   -5526.960192 +/-  0.999476
Acceptance Rate:                        0.620567
Replacements:                                700
Total Samples:                              1128
Nested Sampling ln(Z):             -24734.290862
Importance Nested Sampling ln(Z):   -5527.127730 +/-  0.999557
Acceptance Rate:                        0.566893
Replacements:                                750
Total Samples:                              1323
Nested Sampling ln(Z):             -20831.893517
Importance Nested Sampling ln(Z):   -5527.287186 +/-  0.999622
Acceptance Rate:                        0.515796
Replacements:                                800
Total Samples:                              1551
Nested Sampling ln(Z):             -17869.105941
Importance Nested Sampling ln(Z):   -5527.618132 +/-  0.999678
Acceptance Rate:                        0.508069
Replacements:                                850
Total Samples:                              1673
Nested Sampling ln(Z):             -14771.332757
Importance Nested Sampling ln(Z):   -5469.062899 +/-  0.999701
Acceptance Rate:                        0.499445
Replacements:                                900
Total Samples:                              1802
Nested Sampling ln(Z):             -13201.478520
Importance Nested Sampling ln(Z):   -5469.746343 +/-  0.999721
Acceptance Rate:                        0.499474
Replacements:                                950
Total Samples:                              1902
Nested Sampling ln(Z):             -11705.426723
Importance Nested Sampling ln(Z):   -5441.446083 +/-  0.999737
Acceptance Rate:                        0.493097
Replacements:                               1000
Total Samples:                              2028
Nested Sampling ln(Z):             -10561.292634
Importance Nested Sampling ln(Z):   -5441.781783 +/-  0.999753
Acceptance Rate:                        0.485661
Replacements:                               1050
Total Samples:                              2162
Nested Sampling ln(Z):              -9661.781390
Importance Nested Sampling ln(Z):   -5442.079938 +/-  0.999769
Acceptance Rate:                        0.488455
Replacements:                               1100
Total Samples:                              2252
Nested Sampling ln(Z):              -8994.405179
Importance Nested Sampling ln(Z):   -5442.307963 +/-  0.999778
Acceptance Rate:                        0.485027
Replacements:                               1150
Total Samples:                              2371
Nested Sampling ln(Z):              -8473.409203
Importance Nested Sampling ln(Z):   -5442.529324 +/-  0.999789
Acceptance Rate:                        0.482315
Replacements:                               1200
Total Samples:                              2488
Nested Sampling ln(Z):              -8015.231334
Importance Nested Sampling ln(Z):   -5442.807887 +/-  0.999799
Acceptance Rate:                        0.480400
Replacements:                               1250
Total Samples:                              2602
Nested Sampling ln(Z):              -7724.266132
Importance Nested Sampling ln(Z):   -5442.999394 +/-  0.999808
Acceptance Rate:                        0.471014
Replacements:                               1300
Total Samples:                              2760
Nested Sampling ln(Z):              -7487.821431
Importance Nested Sampling ln(Z):   -5443.224963 +/-  0.999819
Acceptance Rate:                        0.469402
Replacements:                               1350
Total Samples:                              2876
Nested Sampling ln(Z):              -7240.694552
Importance Nested Sampling ln(Z):   -5443.404022 +/-  0.999826
Acceptance Rate:                        0.467914
Replacements:                               1400
Total Samples:                              2992
Nested Sampling ln(Z):              -6982.590426
Importance Nested Sampling ln(Z):   -5443.598647 +/-  0.999833
Acceptance Rate:                        0.467139
Replacements:                               1450
Total Samples:                              3104
Nested Sampling ln(Z):              -6759.807842
Importance Nested Sampling ln(Z):   -5443.768182 +/-  0.999837
Acceptance Rate:                        0.467727
Replacements:                               1500
Total Samples:                              3207
Nested Sampling ln(Z):              -6602.202370
Importance Nested Sampling ln(Z):   -5443.894894 +/-  0.999842
Acceptance Rate:                        0.466446
Replacements:                               1550
Total Samples:                              3323
Nested Sampling ln(Z):              -6445.707640
Importance Nested Sampling ln(Z):   -5438.283368 +/-  0.996729
Acceptance Rate:                        0.461228
Replacements:                               1600
Total Samples:                              3469
Nested Sampling ln(Z):              -6307.156809
Importance Nested Sampling ln(Z):   -5438.471148 +/-  0.996733
Acceptance Rate:                        0.453920
Replacements:                               1650
Total Samples:                              3635
Nested Sampling ln(Z):              -6221.865063
Importance Nested Sampling ln(Z):   -5438.649331 +/-  0.996738
Acceptance Rate:                        0.451407
Replacements:                               1700
Total Samples:                              3766
Nested Sampling ln(Z):              -6122.758317
Importance Nested Sampling ln(Z):   -5423.107785 +/-  0.999867
Acceptance Rate:                        0.445293
Replacements:                               1750
Total Samples:                              3930
Nested Sampling ln(Z):              -6043.091842
Importance Nested Sampling ln(Z):   -5423.291510 +/-  0.999873
Acceptance Rate:                        0.440852
Replacements:                               1800
Total Samples:                              4083
Nested Sampling ln(Z):              -5982.694128
Importance Nested Sampling ln(Z):   -5423.453008 +/-  0.999877
Acceptance Rate:                        0.433560
Replacements:                               1850
Total Samples:                              4267
Nested Sampling ln(Z):              -5925.500890
Importance Nested Sampling ln(Z):   -5423.636078 +/-  0.999878
Acceptance Rate:                        0.430741
Replacements:                               1900
Total Samples:                              4411
Nested Sampling ln(Z):              -5880.256273
Importance Nested Sampling ln(Z):   -5423.778224 +/-  0.999882
Acceptance Rate:                        0.423913
Replacements:                               1950
Total Samples:                              4600
Nested Sampling ln(Z):              -5832.382016
Importance Nested Sampling ln(Z):   -5423.934022 +/-  0.999887
Acceptance Rate:                        0.419024
Replacements:                               2000
Total Samples:                              4773
Nested Sampling ln(Z):              -5788.157237
Importance Nested Sampling ln(Z):   -5424.113478 +/-  0.999891
Acceptance Rate:                        0.413057
Replacements:                               2050
Total Samples:                              4963
Nested Sampling ln(Z):              -5751.917714
Importance Nested Sampling ln(Z):   -5424.295305 +/-  0.999895
Acceptance Rate:                        0.409277
Replacements:                               2100
Total Samples:                              5131
Nested Sampling ln(Z):              -5720.419064
Importance Nested Sampling ln(Z):   -5424.418205 +/-  0.999898
Acceptance Rate:                        0.402924
Replacements:                               2150
Total Samples:                              5336
Nested Sampling ln(Z):              -5693.644662
Importance Nested Sampling ln(Z):   -5424.585540 +/-  0.998275
Acceptance Rate:                        0.400583
Replacements:                               2200
Total Samples:                              5492
Nested Sampling ln(Z):              -5667.901416
Importance Nested Sampling ln(Z):   -5424.729326 +/-  0.998277
Acceptance Rate:                        0.399574
Replacements:                               2250
Total Samples:                              5631
Nested Sampling ln(Z):              -5647.326843
Importance Nested Sampling ln(Z):   -5424.869327 +/-  0.998280
Acceptance Rate:                        0.394038
Replacements:                               2300
Total Samples:                              5837
Nested Sampling ln(Z):              -5626.137099
Importance Nested Sampling ln(Z):   -5425.076461 +/-  0.998283
Acceptance Rate:                        0.388237
Replacements:                               2350
Total Samples:                              6053
Nested Sampling ln(Z):              -5607.064804
Importance Nested Sampling ln(Z):   -5425.182681 +/-  0.938782
Acceptance Rate:                        0.384862
Replacements:                               2400
Total Samples:                              6236
Nested Sampling ln(Z):              -5586.503366
Importance Nested Sampling ln(Z):   -5425.329105 +/-  0.938760
Acceptance Rate:                        0.378846
Replacements:                               2450
Total Samples:                              6467
Nested Sampling ln(Z):              -5569.055706
Importance Nested Sampling ln(Z):   -5425.495182 +/-  0.938762
Acceptance Rate:                        0.369822
Replacements:                               2500
Total Samples:                              6760
Nested Sampling ln(Z):              -5555.926696
Importance Nested Sampling ln(Z):   -5425.698967 +/-  0.933662
Acceptance Rate:                        0.361651
Replacements:                               2550
Total Samples:                              7051
Nested Sampling ln(Z):              -5542.757093
Importance Nested Sampling ln(Z):   -5425.850884 +/-  0.915297
Acceptance Rate:                        0.355774
Replacements:                               2600
Total Samples:                              7308
Nested Sampling ln(Z):              -5534.239612
Importance Nested Sampling ln(Z):   -5416.876392 +/-  0.999800
Acceptance Rate:                        0.351319
Replacements:                               2650
Total Samples:                              7543
Nested Sampling ln(Z):              -5520.864514
Importance Nested Sampling ln(Z):   -5416.874608 +/-  0.998006
Acceptance Rate:                        0.348342
Replacements:                               2700
Total Samples:                              7751
Nested Sampling ln(Z):              -5514.141017
Importance Nested Sampling ln(Z):   -5415.989845 +/-  0.716105
Acceptance Rate:                        0.342210
Replacements:                               2750
Total Samples:                              8036
Nested Sampling ln(Z):              -5505.485133
Importance Nested Sampling ln(Z):   -5411.452254 +/-  0.879580
Acceptance Rate:                        0.339024
Replacements:                               2800
Total Samples:                              8259
Nested Sampling ln(Z):              -5499.443154
Importance Nested Sampling ln(Z):   -5411.064940 +/-  0.676900
Acceptance Rate:                        0.332633
Replacements:                               2850
Total Samples:                              8568
Nested Sampling ln(Z):              -5492.743233
Importance Nested Sampling ln(Z):   -5411.438236 +/-  0.676937
Acceptance Rate:                        0.328091
Replacements:                               2900
Total Samples:                              8839
Nested Sampling ln(Z):              -5486.981762
Importance Nested Sampling ln(Z):   -5411.655491 +/-  0.662755
Acceptance Rate:                        0.324890
Replacements:                               2950
Total Samples:                              9080
Nested Sampling ln(Z):              -5482.232733
Importance Nested Sampling ln(Z):   -5409.473915 +/-  0.856153
Acceptance Rate:                        0.321681
Replacements:                               3000
Total Samples:                              9326
Nested Sampling ln(Z):              -5477.840765
Importance Nested Sampling ln(Z):   -5408.931569 +/-  0.646237
Acceptance Rate:                        0.317543
Replacements:                               3050
Total Samples:                              9605
Nested Sampling ln(Z):              -5473.669985
Importance Nested Sampling ln(Z):   -5409.212271 +/-  0.619309
Acceptance Rate:                        0.311934
Replacements:                               3100
Total Samples:                              9938
Nested Sampling ln(Z):              -5468.835800
Importance Nested Sampling ln(Z):   -5403.392339 +/-  0.997745
Acceptance Rate:                        0.308189
Replacements:                               3150
Total Samples:                             10221
Nested Sampling ln(Z):              -5465.067235
Importance Nested Sampling ln(Z):   -5403.609043 +/-  0.997745
Acceptance Rate:                        0.305548
Replacements:                               3200
Total Samples:                             10473
Nested Sampling ln(Z):              -5461.237351
Importance Nested Sampling ln(Z):   -5402.418219 +/-  0.791365
Acceptance Rate:                        0.300787
Replacements:                               3250
Total Samples:                             10805
Nested Sampling ln(Z):              -5457.724099
Importance Nested Sampling ln(Z):   -5402.413512 +/-  0.657517
Acceptance Rate:                        0.297137
Replacements:                               3300
Total Samples:                             11106
Nested Sampling ln(Z):              -5454.174352
Importance Nested Sampling ln(Z):   -5402.574674 +/-  0.641266
Acceptance Rate:                        0.292194
Replacements:                               3350
Total Samples:                             11465
Nested Sampling ln(Z):              -5450.928522
Importance Nested Sampling ln(Z):   -5402.574643 +/-  0.641246
Acceptance Rate:                        0.289017
Replacements:                               3400
Total Samples:                             11764
Nested Sampling ln(Z):              -5447.951758
Importance Nested Sampling ln(Z):   -5402.623350 +/-  0.640157
Acceptance Rate:                        0.285100
Replacements:                               3450
Total Samples:                             12101
Nested Sampling ln(Z):              -5444.853069
Importance Nested Sampling ln(Z):   -5402.900372 +/-  0.640154
Acceptance Rate:                        0.281804
Replacements:                               3500
Total Samples:                             12420
Nested Sampling ln(Z):              -5442.453643
Importance Nested Sampling ln(Z):   -5403.104483 +/-  0.638833
Acceptance Rate:                        0.278935
Replacements:                               3550
Total Samples:                             12727
Nested Sampling ln(Z):              -5440.485079
Importance Nested Sampling ln(Z):   -5403.024839 +/-  0.561563
Acceptance Rate:                        0.273369
Replacements:                               3600
Total Samples:                             13169
Nested Sampling ln(Z):              -5438.245854
Importance Nested Sampling ln(Z):   -5403.294385 +/-  0.561382
Acceptance Rate:                        0.269095
Replacements:                               3650
Total Samples:                             13564
Nested Sampling ln(Z):              -5435.872150
Importance Nested Sampling ln(Z):   -5403.294196 +/-  0.561277
Acceptance Rate:                        0.265900
Replacements:                               3700
Total Samples:                             13915
Nested Sampling ln(Z):              -5434.048657
Importance Nested Sampling ln(Z):   -5403.085125 +/-  0.492428
Acceptance Rate:                        0.263602
Replacements:                               3750
Total Samples:                             14226
Nested Sampling ln(Z):              -5432.491798
Importance Nested Sampling ln(Z):   -5402.886489 +/-  0.444635
Acceptance Rate:                        0.262123
Replacements:                               3800
Total Samples:                             14497
Nested Sampling ln(Z):              -5430.933201
Importance Nested Sampling ln(Z):   -5399.111981 +/-  0.903960
Acceptance Rate:                        0.258268
Replacements:                               3850
Total Samples:                             14907
Nested Sampling ln(Z):              -5429.061301
Importance Nested Sampling ln(Z):   -5399.111504 +/-  0.903526
Acceptance Rate:                        0.253329
Replacements:                               3900
Total Samples:                             15395
Nested Sampling ln(Z):              -5427.469048
Importance Nested Sampling ln(Z):   -5399.207316 +/-  0.761503
Acceptance Rate:                        0.250285
Replacements:                               3950
Total Samples:                             15782
Nested Sampling ln(Z):              -5425.934377
Importance Nested Sampling ln(Z):   -5399.178182 +/-  0.740184
Acceptance Rate:                        0.246063
Replacements:                               4000
Total Samples:                             16256
Nested Sampling ln(Z):              -5424.416912
Importance Nested Sampling ln(Z):   -5399.119067 +/-  0.699377
Acceptance Rate:                        0.243858
Replacements:                               4050
Total Samples:                             16608
Nested Sampling ln(Z):              -5423.138092
Importance Nested Sampling ln(Z):   -5399.114743 +/-  0.696364
Acceptance Rate:                        0.241091
Replacements:                               4100
Total Samples:                             17006
Nested Sampling ln(Z):              -5422.029682
Importance Nested Sampling ln(Z):   -5399.111705 +/-  0.694253
Acceptance Rate:                        0.240079
Replacements:                               4150
Total Samples:                             17286
Nested Sampling ln(Z):              -5420.820430
Importance Nested Sampling ln(Z):   -5398.734190 +/-  0.567779
Acceptance Rate:                        0.237422
Replacements:                               4200
Total Samples:                             17690
Nested Sampling ln(Z):              -5419.606282
Importance Nested Sampling ln(Z):   -5397.861575 +/-  0.620557
Acceptance Rate:                        0.234846
Replacements:                               4250
Total Samples:                             18097
Nested Sampling ln(Z):              -5418.371691
Importance Nested Sampling ln(Z):   -5397.856371 +/-  0.617351
Acceptance Rate:                        0.232583
Replacements:                               4300
Total Samples:                             18488
Nested Sampling ln(Z):              -5417.343009
Importance Nested Sampling ln(Z):   -5398.297948 +/-  0.530644
Acceptance Rate:                        0.230451
Replacements:                               4350
Total Samples:                             18876
Nested Sampling ln(Z):              -5416.440109
Importance Nested Sampling ln(Z):   -5398.097066 +/-  0.469906
Acceptance Rate:                        0.228287
Replacements:                               4400
Total Samples:                             19274
Nested Sampling ln(Z):              -5415.545792
Importance Nested Sampling ln(Z):   -5398.650505 +/-  0.435715
Acceptance Rate:                        0.226083
Replacements:                               4450
Total Samples:                             19683
Nested Sampling ln(Z):              -5414.643532
Importance Nested Sampling ln(Z):   -5398.598913 +/-  0.414694
Acceptance Rate:                        0.224238
Replacements:                               4500
Total Samples:                             20068
Nested Sampling ln(Z):              -5413.706966
Importance Nested Sampling ln(Z):   -5398.622026 +/-  0.395881
Acceptance Rate:                        0.221648
Replacements:                               4550
Total Samples:                             20528
Nested Sampling ln(Z):              -5412.820449
Importance Nested Sampling ln(Z):   -5399.220349 +/-  0.368283
Acceptance Rate:                        0.218777
Replacements:                               4600
Total Samples:                             21026
Nested Sampling ln(Z):              -5411.995658
Importance Nested Sampling ln(Z):   -5399.692342 +/-  0.362451
Acceptance Rate:                        0.216400
Replacements:                               4650
Total Samples:                             21488
Nested Sampling ln(Z):              -5411.164627
Importance Nested Sampling ln(Z):   -5398.696385 +/-  0.489751
Acceptance Rate:                        0.214191
Replacements:                               4700
Total Samples:                             21943
Nested Sampling ln(Z):              -5410.462949
Importance Nested Sampling ln(Z):   -5398.924264 +/-  0.441723
Acceptance Rate:                        0.212595
Replacements:                               4750
Total Samples:                             22343
Nested Sampling ln(Z):              -5409.814366
Importance Nested Sampling ln(Z):   -5399.098745 +/-  0.411843
Acceptance Rate:                        0.210360
Replacements:                               4800
Total Samples:                             22818
Nested Sampling ln(Z):              -5409.159068
Importance Nested Sampling ln(Z):   -5399.204575 +/-  0.366194
Acceptance Rate:                        0.209386
Replacements:                               4850
Total Samples:                             23163
Nested Sampling ln(Z):              -5408.578795
Importance Nested Sampling ln(Z):   -5399.224015 +/-  0.333155
Acceptance Rate:                        0.205848
Replacements:                               4900
Total Samples:                             23804
Nested Sampling ln(Z):              -5408.050884
Importance Nested Sampling ln(Z):   -5399.392265 +/-  0.307790
Acceptance Rate:                        0.203804
Replacements:                               4950
Total Samples:                             24288
Nested Sampling ln(Z):              -5407.573834
Importance Nested Sampling ln(Z):   -5399.287470 +/-  0.350568
Acceptance Rate:                        0.202364
Replacements:                               5000
Total Samples:                             24708
Nested Sampling ln(Z):              -5407.132669
Importance Nested Sampling ln(Z):   -5398.934356 +/-  0.316790
Acceptance Rate:                        0.201863
Replacements:                               5050
Total Samples:                             25017
Nested Sampling ln(Z):              -5406.713090
Importance Nested Sampling ln(Z):   -5398.902281 +/-  0.305274
Acceptance Rate:                        0.200732
Replacements:                               5100
Total Samples:                             25407
Nested Sampling ln(Z):              -5406.321219
Importance Nested Sampling ln(Z):   -5399.116168 +/-  0.293601
Acceptance Rate:                        0.199404
Replacements:                               5150
Total Samples:                             25827
Nested Sampling ln(Z):              -5405.958393
Importance Nested Sampling ln(Z):   -5399.239674 +/-  0.269869
Acceptance Rate:                        0.198557
Replacements:                               5200
Total Samples:                             26189
Nested Sampling ln(Z):              -5405.570830
Importance Nested Sampling ln(Z):   -5399.198556 +/-  0.256628
Acceptance Rate:                        0.196821
Replacements:                               5250
Total Samples:                             26674
Nested Sampling ln(Z):              -5405.168241
Importance Nested Sampling ln(Z):   -5399.195306 +/-  0.230288
Acceptance Rate:                        0.195774
Replacements:                               5300
Total Samples:                             27072
Nested Sampling ln(Z):              -5404.763538
Importance Nested Sampling ln(Z):   -5399.126164 +/-  0.214257
Acceptance Rate:                        0.194270
Replacements:                               5350
Total Samples:                             27539
Nested Sampling ln(Z):              -5404.363259
Importance Nested Sampling ln(Z):   -5398.958811 +/-  0.197671
Acceptance Rate:                        0.192184
Replacements:                               5400
Total Samples:                             28098
Nested Sampling ln(Z):              -5403.984623
Importance Nested Sampling ln(Z):   -5399.140926 +/-  0.174214
Acceptance Rate:                        0.191571
Replacements:                               5450
Total Samples:                             28449
Nested Sampling ln(Z):              -5403.657345
Importance Nested Sampling ln(Z):   -5399.070540 +/-  0.165312
Acceptance Rate:                        0.190344
Replacements:                               5500
Total Samples:                             28895
Nested Sampling ln(Z):              -5403.346249
Importance Nested Sampling ln(Z):   -5399.109281 +/-  0.151410
Acceptance Rate:                        0.189400
Replacements:                               5550
Total Samples:                             29303
Nested Sampling ln(Z):              -5403.053954
Importance Nested Sampling ln(Z):   -5399.075355 +/-  0.146841
Acceptance Rate:                        0.188400
Replacements:                               5600
Total Samples:                             29724
Nested Sampling ln(Z):              -5402.764848
Importance Nested Sampling ln(Z):   -5399.293227 +/-  0.138345
Acceptance Rate:                        0.187689
Replacements:                               5650
Total Samples:                             30103
Nested Sampling ln(Z):              -5402.495682
Importance Nested Sampling ln(Z):   -5399.298929 +/-  0.132373
Acceptance Rate:                        0.185995
Replacements:                               5700
Total Samples:                             30646
Nested Sampling ln(Z):              -5402.225773
Importance Nested Sampling ln(Z):   -5399.177895 +/-  0.122244
Acceptance Rate:                        0.184769
Replacements:                               5750
Total Samples:                             31120
Nested Sampling ln(Z):              -5401.980365
Importance Nested Sampling ln(Z):   -5399.009975 +/-  0.118079
Acceptance Rate:                        0.184637
Replacements:                               5800
Total Samples:                             31413
Nested Sampling ln(Z):              -5401.758504
Importance Nested Sampling ln(Z):   -5398.931023 +/-  0.111255
Acceptance Rate:                        0.183139
Replacements:                               5850
Total Samples:                             31943
Nested Sampling ln(Z):              -5401.550369
Importance Nested Sampling ln(Z):   -5399.005312 +/-  0.099839
Acceptance Rate:                        0.182499
Replacements:                               5900
Total Samples:                             32329
Nested Sampling ln(Z):              -5401.346728
Importance Nested Sampling ln(Z):   -5398.830713 +/-  0.098674
Acceptance Rate:                        0.181375
Replacements:                               5950
Total Samples:                             32805
Nested Sampling ln(Z):              -5401.152500
Importance Nested Sampling ln(Z):   -5399.120030 +/-  0.096166
Acceptance Rate:                        0.180522
Replacements:                               6000
Total Samples:                             33237
Nested Sampling ln(Z):              -5400.973320
Importance Nested Sampling ln(Z):   -5399.013290 +/-  0.090155
Acceptance Rate:                        0.179568
Replacements:                               6050
Total Samples:                             33692
Nested Sampling ln(Z):              -5400.805176
Importance Nested Sampling ln(Z):   -5398.842687 +/-  0.086413
Acceptance Rate:                        0.178660
Replacements:                               6100
Total Samples:                             34143
Nested Sampling ln(Z):              -5400.657779
Importance Nested Sampling ln(Z):   -5398.734766 +/-  0.082262
Acceptance Rate:                        0.178504
Replacements:                               6150
Total Samples:                             34453
Nested Sampling ln(Z):              -5400.516098
Importance Nested Sampling ln(Z):   -5398.708150 +/-  0.078170
 
 MultiNest Warning!
 Parameter            8  of mode            1 
  is converging towards the edge of the prior.
Acceptance Rate:                        0.177829
Replacements:                               6200
Total Samples:                             34865
Nested Sampling ln(Z):              -5400.383091
Importance Nested Sampling ln(Z):   -5398.932269 +/-  0.080171
Acceptance Rate:                        0.176863
Replacements:                               6250
Total Samples:                             35338
Nested Sampling ln(Z):              -5400.259846
Importance Nested Sampling ln(Z):   -5399.180026 +/-  0.073285
 
 MultiNest Warning!
 Parameter            8  of mode            1 
  is converging towards the edge of the prior.
Acceptance Rate:                        0.175424
Replacements:                               6300
Total Samples:                             35913
Nested Sampling ln(Z):              -5400.145837
Importance Nested Sampling ln(Z):   -5399.344616 +/-  0.069248
Acceptance Rate:                        0.174893
Replacements:                               6350
Total Samples:                             36308
Nested Sampling ln(Z):              -5400.040945
Importance Nested Sampling ln(Z):   -5399.458085 +/-  0.067712
 
 MultiNest Warning!
 Parameter            8  of mode            1 
  is converging towards the edge of the prior.
Acceptance Rate:                        0.173894
Replacements:                               6400
Total Samples:                             36804
Nested Sampling ln(Z):              -5399.942232
Importance Nested Sampling ln(Z):   -5399.452215 +/-  0.064191
Acceptance Rate:                        0.172834
Replacements:                               6450
Total Samples:                             37319
Nested Sampling ln(Z):              -5399.847085
Importance Nested Sampling ln(Z):   -5399.316849 +/-  0.059472
 
 MultiNest Warning!
 Parameter            8  of mode            1 
  is converging towards the edge of the prior.
Acceptance Rate:                        0.172154
Replacements:                               6500
Total Samples:                             37757
Nested Sampling ln(Z):              -5399.755965
Importance Nested Sampling ln(Z):   -5399.386277 +/-  0.058962
Acceptance Rate:                        0.171772
Replacements:                               6550
Total Samples:                             38132
Nested Sampling ln(Z):              -5399.667056
Importance Nested Sampling ln(Z):   -5399.273573 +/-  0.054473
 
 MultiNest Warning!
 Parameter            8  of mode            1 
  is converging towards the edge of the prior.
Acceptance Rate:                        0.170807
Replacements:                               6600
Total Samples:                             38640
Nested Sampling ln(Z):              -5399.579782
Importance Nested Sampling ln(Z):   -5399.168871 +/-  0.050679
Acceptance Rate:                        0.170081
Replacements:                               6650
Total Samples:                             39099
Nested Sampling ln(Z):              -5399.500441
Importance Nested Sampling ln(Z):   -5399.190264 +/-  0.049586
 
 MultiNest Warning!
 Parameter            8  of mode            1 
  is converging towards the edge of the prior.
Acceptance Rate:                        0.169577
Replacements:                               6700
Total Samples:                             39510
Nested Sampling ln(Z):              -5399.426818
Importance Nested Sampling ln(Z):   -5399.100751 +/-  0.046398
Acceptance Rate:                        0.168716
Replacements:                               6750
Total Samples:                             40008
Nested Sampling ln(Z):              -5399.358773
Importance Nested Sampling ln(Z):   -5399.234430 +/-  0.047344
 
 MultiNest Warning!
 Parameter            8  of mode            1 
  is converging towards the edge of the prior.
Acceptance Rate:                        0.167980
Replacements:                               6800
Total Samples:                             40481
Nested Sampling ln(Z):              -5399.294086
Importance Nested Sampling ln(Z):   -5399.185658 +/-  0.044953
Acceptance Rate:                        0.167196
Replacements:                               6850
Total Samples:                             40970
Nested Sampling ln(Z):              -5399.233616
Importance Nested Sampling ln(Z):   -5399.079247 +/-  0.041522
 
 MultiNest Warning!
 Parameter            8  of mode            1 
  is converging towards the edge of the prior.
Acceptance Rate:                        0.166743
Replacements:                               6900
Total Samples:                             41381
Nested Sampling ln(Z):              -5399.176008
Importance Nested Sampling ln(Z):   -5399.238382 +/-  0.043403
Acceptance Rate:                        0.165575
Replacements:                               6950
Total Samples:                             41975
Nested Sampling ln(Z):              -5399.121022
Importance Nested Sampling ln(Z):   -5399.103627 +/-  0.039622
 
 MultiNest Warning!
 Parameter            8  of mode            1 
  is converging towards the edge of the prior.
Acceptance Rate:                        0.165067
Replacements:                               7000
Total Samples:                             42407
Nested Sampling ln(Z):              -5399.069605
Importance Nested Sampling ln(Z):   -5399.020174 +/-  0.037447
Acceptance Rate:                        0.164808
Replacements:                               7050
Total Samples:                             42777
Nested Sampling ln(Z):              -5399.021599
Importance Nested Sampling ln(Z):   -5398.982173 +/-  0.036038
 
 MultiNest Warning!
 Parameter            8  of mode            1 
  is converging towards the edge of the prior.
Acceptance Rate:                        0.163984
Replacements:                               7100
Total Samples:                             43297
Nested Sampling ln(Z):              -5398.977056
Importance Nested Sampling ln(Z):   -5398.870003 +/-  0.033438
Acceptance Rate:                        0.163470
Replacements:                               7150
Total Samples:                             43739
Nested Sampling ln(Z):              -5398.936024
Importance Nested Sampling ln(Z):   -5398.781687 +/-  0.031431
 
 MultiNest Warning!
 Parameter            8  of mode            1 
  is converging towards the edge of the prior.
Acceptance Rate:                        0.162995
Replacements:                               7200
Total Samples:                             44173
Nested Sampling ln(Z):              -5398.897401
Importance Nested Sampling ln(Z):   -5398.691650 +/-  0.029653
Acceptance Rate:                        0.162301
Replacements:                               7250
Total Samples:                             44670
Nested Sampling ln(Z):              -5398.862736
Importance Nested Sampling ln(Z):   -5398.859618 +/-  0.030268
 
 MultiNest Warning!
 Parameter            8  of mode            1 
  is converging towards the edge of the prior.
Acceptance Rate:                        0.161201
Replacements:                               7300
Total Samples:                             45285
Nested Sampling ln(Z):              -5398.830731
Importance Nested Sampling ln(Z):   -5399.069880 +/-  0.033578
Acceptance Rate:                        0.160155
Replacements:                               7350
Total Samples:                             45893
Nested Sampling ln(Z):              -5398.802121
Importance Nested Sampling ln(Z):   -5399.151576 +/-  0.035475
 
 MultiNest Warning!
 Parameter            8  of mode            1 
  is converging towards the edge of the prior.
Acceptance Rate:                        0.159387
Replacements:                               7400
Total Samples:                             46428
Nested Sampling ln(Z):              -5398.775620
Importance Nested Sampling ln(Z):   -5399.196551 +/-  0.036696
Acceptance Rate:                        0.157876
Replacements:                               7450
Total Samples:                             47189
Nested Sampling ln(Z):              -5398.751951
Importance Nested Sampling ln(Z):   -5399.142689 +/-  0.034884
 
 MultiNest Warning!
 Parameter            8  of mode            1 
  is converging towards the edge of the prior.
Acceptance Rate:                        0.157035
Replacements:                               7500
Total Samples:                             47760
Nested Sampling ln(Z):              -5398.730608
Importance Nested Sampling ln(Z):   -5399.100605 +/-  0.033519
Acceptance Rate:                        0.155251
Replacements:                               7550
Total Samples:                             48631
Nested Sampling ln(Z):              -5398.711204
Importance Nested Sampling ln(Z):   -5399.039770 +/-  0.031674
Acceptance Rate:                        0.155070
Replacements:                               7575
Total Samples:                             48849
Nested Sampling ln(Z):              -5398.702242
Importance Nested Sampling ln(Z):   -5399.016747 +/-  0.031028
 ln(ev)=  -5398.55015026266      +/-  0.256270407379396     
 Total Likelihood Evaluations:        48849
 Sampling finished. Exiting MultiNest
MPI process 0 / 1:	The timer Multinest scan has ended.
Duration: 241619636401 microseconds.
MPI process 0 / 1:	Multinest scan took 241619 seconds.
