Using Planck.
Running with Lambda CDM cosmological parameters.
Planck data dir = /Volumes/Data1/Planck2015/plc-2.0
 BFLike Ntemp  =        2876
 BFLike Nq     =        1407
 BFLike Nu     =        1407
 BFLike Nside  =          16
 BFLike Nwrite =    32393560
 cls file appears to have 5+ columns
 assuming it is a CAMB file with l, TT, EE, BB, TE
 info =            0
----
clik version 6dc2a8cf3965 MAKEFILE
  bflike_smw
Checking likelihood '/Volumes/Data1/Planck2015/plc-2.0/low_l/bflike/lowl_SMW_70_dx11d_2014_10_03_v5c_Ap.clik' on test data. got -5247.87 expected -5247.87 (diff 3.26225e-07)
----
Low likelihood has TT with l_max = 29
Low likelihood has EE with l_max = 29
Low likelihood has BB with l_max = 29
Low likelihood has TE with l_max = 29
Low likelihood has TB with l_max = -1
Low likelihood has EB with l_max = -1
 Initializing Planck likelihood, version Plik_v18_cmbonly_like
----
clik version 6dc2a8cf3965 MAKEFILE
  plik_cmbonly
Checking likelihood '/Volumes/Data1/Planck2015/plc-2.0/hi_l/plik_lite/plik_lite_v18_TT.clik' on test data. got -101.798 expected -101.798 (diff 1.03566e-08)
----
High likelihood has TT with l_max = 2508
High likelihood has EE with l_max = -1
High likelihood has BB with l_max = -1
High likelihood has TE with l_max = -1
High likelihood has TB with l_max = -1
High likelihood has EB with l_max = -1
Low l_max = 29
High l_max = 2508
Lensing l_max = 0
Total l_max = 2508
Setting parameters
Running scan.
 MultiNest Warning: no resume file found, starting from scratch
 *****************************************************
 MultiNest v3.9
 Copyright Farhan Feroz & Mike Hobson
 Release Oct 2014
 
 no. of live points =  300
 dimensionality =    7
 *****************************************************
 Starting MultiNest
 generating live points
 live points generated, starting sampling
Acceptance Rate:                        0.988701
Replacements:                                350
Total Samples:                               354
Nested Sampling ln(Z):            -135354.781719
Importance Nested Sampling ln(Z):   -5755.976940 +/-  0.998587
Acceptance Rate:                        0.945626
Replacements:                                400
Total Samples:                               423
Nested Sampling ln(Z):             -58033.359769
Importance Nested Sampling ln(Z):   -5558.349994 +/-  0.998817
Acceptance Rate:                        0.907258
Replacements:                                450
Total Samples:                               496
Nested Sampling ln(Z):             -42444.773493
Importance Nested Sampling ln(Z):   -5558.509198 +/-  0.998991
Acceptance Rate:                        0.854701
Replacements:                                500
Total Samples:                               585
Nested Sampling ln(Z):             -31575.293486
Importance Nested Sampling ln(Z):   -5558.674234 +/-  0.999145
Acceptance Rate:                        0.823353
Replacements:                                550
Total Samples:                               668
Nested Sampling ln(Z):             -25340.877961
Importance Nested Sampling ln(Z):   -5558.806910 +/-  0.999251
Acceptance Rate:                        0.766284
Replacements:                                600
Total Samples:                               783
Nested Sampling ln(Z):             -22085.518115
Importance Nested Sampling ln(Z):   -5558.965755 +/-  0.999361
Acceptance Rate:                        0.690755
Replacements:                                650
Total Samples:                               941
Nested Sampling ln(Z):             -19453.605914
Importance Nested Sampling ln(Z):   -5559.149565 +/-  0.999469
Acceptance Rate:                        0.638104
Replacements:                                700
Total Samples:                              1097
Nested Sampling ln(Z):             -17350.889908
Importance Nested Sampling ln(Z):   -5559.302956 +/-  0.999544
Acceptance Rate:                        0.605816
Replacements:                                750
Total Samples:                              1238
Nested Sampling ln(Z):             -15443.162676
Importance Nested Sampling ln(Z):   -5559.657811 +/-  0.999596
Acceptance Rate:                        0.595681
Replacements:                                800
Total Samples:                              1343
Nested Sampling ln(Z):             -13923.558333
Importance Nested Sampling ln(Z):   -5560.098539 +/-  0.999628
Acceptance Rate:                        0.580998
Replacements:                                850
Total Samples:                              1463
Nested Sampling ln(Z):             -12559.800617
Importance Nested Sampling ln(Z):   -5560.429096 +/-  0.999658
Acceptance Rate:                        0.580645
Replacements:                                900
Total Samples:                              1550
Nested Sampling ln(Z):             -11498.781462
Importance Nested Sampling ln(Z):   -5559.915788 +/-  0.706880
Acceptance Rate:                        0.569886
Replacements:                                950
Total Samples:                              1667
Nested Sampling ln(Z):             -10683.873033
Importance Nested Sampling ln(Z):   -5560.197163 +/-  0.706906
Acceptance Rate:                        0.564016
Replacements:                               1000
Total Samples:                              1773
Nested Sampling ln(Z):              -9833.266555
Importance Nested Sampling ln(Z):   -5560.426373 +/-  0.706927
Acceptance Rate:                        0.547445
Replacements:                               1050
Total Samples:                              1918
Nested Sampling ln(Z):              -9155.934350
Importance Nested Sampling ln(Z):   -5560.694455 +/-  0.706954
Acceptance Rate:                        0.543747
Replacements:                               1100
Total Samples:                              2023
Nested Sampling ln(Z):              -8628.600169
Importance Nested Sampling ln(Z):   -5431.819697 +/-  0.999753
Acceptance Rate:                        0.540922
Replacements:                               1150
Total Samples:                              2126
Nested Sampling ln(Z):              -8249.724519
Importance Nested Sampling ln(Z):   -5432.030781 +/-  0.999765
Acceptance Rate:                        0.536673
Replacements:                               1200
Total Samples:                              2236
Nested Sampling ln(Z):              -7774.354328
Importance Nested Sampling ln(Z):   -5432.225867 +/-  0.999776
Acceptance Rate:                        0.529886
Replacements:                               1250
Total Samples:                              2359
Nested Sampling ln(Z):              -7358.770959
Importance Nested Sampling ln(Z):   -5432.417922 +/-  0.999788
Acceptance Rate:                        0.526956
Replacements:                               1300
Total Samples:                              2467
Nested Sampling ln(Z):              -7095.754907
Importance Nested Sampling ln(Z):   -5425.627527 +/-  0.998861
Acceptance Rate:                        0.518632
Replacements:                               1350
Total Samples:                              2603
Nested Sampling ln(Z):              -6892.699081
Importance Nested Sampling ln(Z):   -5425.292746 +/-  0.716296
Acceptance Rate:                        0.517178
Replacements:                               1400
Total Samples:                              2707
Nested Sampling ln(Z):              -6744.143898
Importance Nested Sampling ln(Z):   -5425.428102 +/-  0.716309
Acceptance Rate:                        0.510923
Replacements:                               1450
Total Samples:                              2838
Nested Sampling ln(Z):              -6551.093332
Importance Nested Sampling ln(Z):   -5425.644962 +/-  0.716323
Acceptance Rate:                        0.495868
Replacements:                               1500
Total Samples:                              3025
Nested Sampling ln(Z):              -6413.379401
Importance Nested Sampling ln(Z):   -5425.771104 +/-  0.632107
Acceptance Rate:                        0.491128
Replacements:                               1550
Total Samples:                              3156
Nested Sampling ln(Z):              -6252.438674
Importance Nested Sampling ln(Z):   -5425.898233 +/-  0.632096
Acceptance Rate:                        0.475342
Replacements:                               1600
Total Samples:                              3366
Nested Sampling ln(Z):              -6160.192949
Importance Nested Sampling ln(Z):   -5426.095333 +/-  0.632103
Acceptance Rate:                        0.467025
Replacements:                               1650
Total Samples:                              3533
Nested Sampling ln(Z):              -6089.755039
Importance Nested Sampling ln(Z):   -5426.250229 +/-  0.632108
Acceptance Rate:                        0.466137
Replacements:                               1700
Total Samples:                              3647
Nested Sampling ln(Z):              -6003.075751
Importance Nested Sampling ln(Z):   -5426.404884 +/-  0.632110
Acceptance Rate:                        0.464191
Replacements:                               1750
Total Samples:                              3770
Nested Sampling ln(Z):              -5949.021700
Importance Nested Sampling ln(Z):   -5407.348269 +/-  0.999867
Acceptance Rate:                        0.459653
Replacements:                               1800
Total Samples:                              3916
Nested Sampling ln(Z):              -5885.047804
Importance Nested Sampling ln(Z):   -5407.521629 +/-  0.999872
Acceptance Rate:                        0.455665
Replacements:                               1850
Total Samples:                              4060
Nested Sampling ln(Z):              -5847.841360
Importance Nested Sampling ln(Z):   -5407.692460 +/-  0.999815
Acceptance Rate:                        0.451414
Replacements:                               1900
Total Samples:                              4209
Nested Sampling ln(Z):              -5814.720398
Importance Nested Sampling ln(Z):   -5407.861958 +/-  0.999710
Acceptance Rate:                        0.446940
Replacements:                               1950
Total Samples:                              4363
Nested Sampling ln(Z):              -5766.958454
Importance Nested Sampling ln(Z):   -5408.008082 +/-  0.977598
Acceptance Rate:                        0.444050
Replacements:                               2000
Total Samples:                              4504
Nested Sampling ln(Z):              -5724.040756
Importance Nested Sampling ln(Z):   -5408.171794 +/-  0.977579
Acceptance Rate:                        0.439631
Replacements:                               2050
Total Samples:                              4663
Nested Sampling ln(Z):              -5694.353525
Importance Nested Sampling ln(Z):   -5408.345290 +/-  0.977575
Acceptance Rate:                        0.433974
Replacements:                               2100
Total Samples:                              4839
Nested Sampling ln(Z):              -5670.450366
Importance Nested Sampling ln(Z):   -5393.264328 +/-  0.999856
Acceptance Rate:                        0.423896
Replacements:                               2150
Total Samples:                              5072
Nested Sampling ln(Z):              -5640.678213
Importance Nested Sampling ln(Z):   -5393.356386 +/-  0.928742
Acceptance Rate:                        0.422508
Replacements:                               2200
Total Samples:                              5207
Nested Sampling ln(Z):              -5622.155292
Importance Nested Sampling ln(Z):   -5384.016306 +/-  0.999827
Acceptance Rate:                        0.418060
Replacements:                               2250
Total Samples:                              5382
Nested Sampling ln(Z):              -5599.536104
Importance Nested Sampling ln(Z):   -5383.190871 +/-  0.729179
Acceptance Rate:                        0.413001
Replacements:                               2300
Total Samples:                              5569
Nested Sampling ln(Z):              -5581.856986
Importance Nested Sampling ln(Z):   -5383.361490 +/-  0.728200
Acceptance Rate:                        0.411992
Replacements:                               2350
Total Samples:                              5704
Nested Sampling ln(Z):              -5565.804737
Importance Nested Sampling ln(Z):   -5383.482730 +/-  0.728233
Acceptance Rate:                        0.410397
Replacements:                               2400
Total Samples:                              5848
Nested Sampling ln(Z):              -5552.287000
Importance Nested Sampling ln(Z):   -5383.621573 +/-  0.728264
Acceptance Rate:                        0.408606
Replacements:                               2450
Total Samples:                              5996
Nested Sampling ln(Z):              -5539.087090
Importance Nested Sampling ln(Z):   -5383.760039 +/-  0.728211
Acceptance Rate:                        0.407365
Replacements:                               2500
Total Samples:                              6137
Nested Sampling ln(Z):              -5526.961338
Importance Nested Sampling ln(Z):   -5383.887849 +/-  0.724365
Acceptance Rate:                        0.407413
Replacements:                               2550
Total Samples:                              6259
Nested Sampling ln(Z):              -5514.344298
Importance Nested Sampling ln(Z):   -5384.010445 +/-  0.724386
Acceptance Rate:                        0.404669
Replacements:                               2600
Total Samples:                              6425
Nested Sampling ln(Z):              -5504.740873
Importance Nested Sampling ln(Z):   -5384.177202 +/-  0.724407
Acceptance Rate:                        0.402430
Replacements:                               2650
Total Samples:                              6585
Nested Sampling ln(Z):              -5496.532265
Importance Nested Sampling ln(Z):   -5379.435413 +/-  0.985661
Acceptance Rate:                        0.403045
Replacements:                               2700
Total Samples:                              6699
Nested Sampling ln(Z):              -5485.210340
Importance Nested Sampling ln(Z):   -5379.554490 +/-  0.985660
Acceptance Rate:                        0.401988
Replacements:                               2750
Total Samples:                              6841
Nested Sampling ln(Z):              -5474.556298
Importance Nested Sampling ln(Z):   -5379.690886 +/-  0.985657
Acceptance Rate:                        0.400859
Replacements:                               2800
Total Samples:                              6985
Nested Sampling ln(Z):              -5466.279185
Importance Nested Sampling ln(Z):   -5379.858554 +/-  0.985656
Acceptance Rate:                        0.399776
Replacements:                               2850
Total Samples:                              7129
Nested Sampling ln(Z):              -5458.517442
Importance Nested Sampling ln(Z):   -5377.790459 +/-  0.896502
Acceptance Rate:                        0.398188
Replacements:                               2900
Total Samples:                              7283
Nested Sampling ln(Z):              -5453.470161
Importance Nested Sampling ln(Z):   -5377.936646 +/-  0.896491
Acceptance Rate:                        0.394016
Replacements:                               2950
Total Samples:                              7487
Nested Sampling ln(Z):              -5447.530235
Importance Nested Sampling ln(Z):   -5370.643832 +/-  0.999247
Acceptance Rate:                        0.388903
Replacements:                               3000
Total Samples:                              7714
Nested Sampling ln(Z):              -5441.963225
Importance Nested Sampling ln(Z):   -5368.887482 +/-  0.637261
Acceptance Rate:                        0.388288
Replacements:                               3050
Total Samples:                              7855
Nested Sampling ln(Z):              -5436.190756
Importance Nested Sampling ln(Z):   -5369.013896 +/-  0.637013
Acceptance Rate:                        0.386968
Replacements:                               3100
Total Samples:                              8011
Nested Sampling ln(Z):              -5430.740790
Importance Nested Sampling ln(Z):   -5369.161578 +/-  0.637085
Acceptance Rate:                        0.384475
Replacements:                               3150
Total Samples:                              8193
Nested Sampling ln(Z):              -5426.802107
Importance Nested Sampling ln(Z):   -5369.343502 +/-  0.637061
Acceptance Rate:                        0.382684
Replacements:                               3200
Total Samples:                              8362
Nested Sampling ln(Z):              -5423.611985
Importance Nested Sampling ln(Z):   -5369.496103 +/-  0.637116
Acceptance Rate:                        0.380830
Replacements:                               3250
Total Samples:                              8534
Nested Sampling ln(Z):              -5419.658096
Importance Nested Sampling ln(Z):   -5369.650744 +/-  0.637165
Acceptance Rate:                        0.378875
Replacements:                               3300
Total Samples:                              8710
Nested Sampling ln(Z):              -5417.000135
Importance Nested Sampling ln(Z):   -5369.821608 +/-  0.636817
Acceptance Rate:                        0.378019
Replacements:                               3350
Total Samples:                              8862
Nested Sampling ln(Z):              -5413.630443
Importance Nested Sampling ln(Z):   -5369.954004 +/-  0.636344
Acceptance Rate:                        0.374161
Replacements:                               3400
Total Samples:                              9087
Nested Sampling ln(Z):              -5410.545999
Importance Nested Sampling ln(Z):   -5370.164772 +/-  0.636346
Acceptance Rate:                        0.371447
Replacements:                               3450
Total Samples:                              9288
Nested Sampling ln(Z):              -5407.598845
Importance Nested Sampling ln(Z):   -5370.317190 +/-  0.622670
Acceptance Rate:                        0.368227
Replacements:                               3500
Total Samples:                              9505
Nested Sampling ln(Z):              -5405.092640
Importance Nested Sampling ln(Z):   -5370.501320 +/-  0.622695
Acceptance Rate:                        0.367153
Replacements:                               3550
Total Samples:                              9669
Nested Sampling ln(Z):              -5403.262149
Importance Nested Sampling ln(Z):   -5370.629877 +/-  0.621141
Acceptance Rate:                        0.365519
Replacements:                               3600
Total Samples:                              9849
Nested Sampling ln(Z):              -5401.114602
Importance Nested Sampling ln(Z):   -5370.774276 +/-  0.620657
Acceptance Rate:                        0.365548
Replacements:                               3650
Total Samples:                              9985
Nested Sampling ln(Z):              -5398.740777
Importance Nested Sampling ln(Z):   -5370.863872 +/-  0.619131
Acceptance Rate:                        0.362000
Replacements:                               3700
Total Samples:                             10221
Nested Sampling ln(Z):              -5396.616662
Importance Nested Sampling ln(Z):   -5370.996854 +/-  0.593722
Acceptance Rate:                        0.359643
Replacements:                               3750
Total Samples:                             10427
Nested Sampling ln(Z):              -5394.803900
Importance Nested Sampling ln(Z):   -5371.045297 +/-  0.553585
Acceptance Rate:                        0.356808
Replacements:                               3800
Total Samples:                             10650
Nested Sampling ln(Z):              -5393.372263
Importance Nested Sampling ln(Z):   -5371.231516 +/-  0.551390
Acceptance Rate:                        0.355068
Replacements:                               3850
Total Samples:                             10843
Nested Sampling ln(Z):              -5392.192340
Importance Nested Sampling ln(Z):   -5370.186981 +/-  0.698720
Acceptance Rate:                        0.353325
Replacements:                               3900
Total Samples:                             11038
Nested Sampling ln(Z):              -5390.895959
Importance Nested Sampling ln(Z):   -5370.294817 +/-  0.669622
Acceptance Rate:                        0.348694
Replacements:                               3950
Total Samples:                             11328
Nested Sampling ln(Z):              -5389.463060
Importance Nested Sampling ln(Z):   -5370.128547 +/-  0.546587
Acceptance Rate:                        0.346530
Replacements:                               4000
Total Samples:                             11543
Nested Sampling ln(Z):              -5388.109359
Importance Nested Sampling ln(Z):   -5370.079447 +/-  0.485809
Acceptance Rate:                        0.346124
Replacements:                               4050
Total Samples:                             11701
Nested Sampling ln(Z):              -5386.764720
Importance Nested Sampling ln(Z):   -5370.063855 +/-  0.433773
Acceptance Rate:                        0.345060
Replacements:                               4100
Total Samples:                             11882
Nested Sampling ln(Z):              -5385.648097
Importance Nested Sampling ln(Z):   -5370.191681 +/-  0.428965
Acceptance Rate:                        0.342834
Replacements:                               4150
Total Samples:                             12105
Nested Sampling ln(Z):              -5384.635323
Importance Nested Sampling ln(Z):   -5370.148761 +/-  0.359319
Acceptance Rate:                        0.340384
Replacements:                               4200
Total Samples:                             12339
Nested Sampling ln(Z):              -5383.525070
Importance Nested Sampling ln(Z):   -5370.105294 +/-  0.298145
Acceptance Rate:                        0.339348
Replacements:                               4250
Total Samples:                             12524
Nested Sampling ln(Z):              -5382.593601
Importance Nested Sampling ln(Z):   -5370.033341 +/-  0.285131
Acceptance Rate:                        0.338769
Replacements:                               4300
Total Samples:                             12693
Nested Sampling ln(Z):              -5381.683688
Importance Nested Sampling ln(Z):   -5370.093621 +/-  0.270284
Acceptance Rate:                        0.337105
Replacements:                               4350
Total Samples:                             12904
Nested Sampling ln(Z):              -5380.751493
Importance Nested Sampling ln(Z):   -5370.242996 +/-  0.268963
Acceptance Rate:                        0.332854
Replacements:                               4400
Total Samples:                             13219
Nested Sampling ln(Z):              -5379.911289
Importance Nested Sampling ln(Z):   -5370.340026 +/-  0.253384
Acceptance Rate:                        0.330806
Replacements:                               4450
Total Samples:                             13452
Nested Sampling ln(Z):              -5379.183606
Importance Nested Sampling ln(Z):   -5370.267580 +/-  0.272608
Acceptance Rate:                        0.328827
Replacements:                               4500
Total Samples:                             13685
Nested Sampling ln(Z):              -5378.524606
Importance Nested Sampling ln(Z):   -5370.437798 +/-  0.267150
Acceptance Rate:                        0.326915
Replacements:                               4550
Total Samples:                             13918
Nested Sampling ln(Z):              -5377.880317
Importance Nested Sampling ln(Z):   -5370.485619 +/-  0.250061
Acceptance Rate:                        0.323944
Replacements:                               4600
Total Samples:                             14200
Nested Sampling ln(Z):              -5377.309122
Importance Nested Sampling ln(Z):   -5370.259409 +/-  0.259854
Acceptance Rate:                        0.321888
Replacements:                               4650
Total Samples:                             14446
Nested Sampling ln(Z):              -5376.786009
Importance Nested Sampling ln(Z):   -5369.985246 +/-  0.320461
Acceptance Rate:                        0.319989
Replacements:                               4700
Total Samples:                             14688
Nested Sampling ln(Z):              -5376.280648
Importance Nested Sampling ln(Z):   -5370.059100 +/-  0.290654
Acceptance Rate:                        0.318151
Replacements:                               4750
Total Samples:                             14930
Nested Sampling ln(Z):              -5375.821800
Importance Nested Sampling ln(Z):   -5370.158165 +/-  0.276122
Acceptance Rate:                        0.316790
Replacements:                               4800
Total Samples:                             15152
Nested Sampling ln(Z):              -5375.381134
Importance Nested Sampling ln(Z):   -5370.188927 +/-  0.243246
Acceptance Rate:                        0.316352
Replacements:                               4850
Total Samples:                             15331
Nested Sampling ln(Z):              -5374.986834
Importance Nested Sampling ln(Z):   -5370.287525 +/-  0.229255
Acceptance Rate:                        0.314042
Replacements:                               4900
Total Samples:                             15603
Nested Sampling ln(Z):              -5374.614897
Importance Nested Sampling ln(Z):   -5370.297968 +/-  0.193390
Acceptance Rate:                        0.313251
Replacements:                               4950
Total Samples:                             15802
Nested Sampling ln(Z):              -5374.255009
Importance Nested Sampling ln(Z):   -5370.307127 +/-  0.173025
Acceptance Rate:                        0.311798
Replacements:                               5000
Total Samples:                             16036
Nested Sampling ln(Z):              -5373.920774
Importance Nested Sampling ln(Z):   -5370.189765 +/-  0.166723
Acceptance Rate:                        0.310712
Replacements:                               5050
Total Samples:                             16253
Nested Sampling ln(Z):              -5373.600339
Importance Nested Sampling ln(Z):   -5370.201187 +/-  0.147133
Acceptance Rate:                        0.310106
Replacements:                               5100
Total Samples:                             16446
Nested Sampling ln(Z):              -5373.305923
Importance Nested Sampling ln(Z):   -5370.205511 +/-  0.130802
Acceptance Rate:                        0.309607
Replacements:                               5150
Total Samples:                             16634
Nested Sampling ln(Z):              -5373.043082
Importance Nested Sampling ln(Z):   -5370.246345 +/-  0.118426
Acceptance Rate:                        0.309248
Replacements:                               5200
Total Samples:                             16815
Nested Sampling ln(Z):              -5372.790105
Importance Nested Sampling ln(Z):   -5370.287322 +/-  0.109536
Acceptance Rate:                        0.308878
Replacements:                               5250
Total Samples:                             16997
Nested Sampling ln(Z):              -5372.557381
Importance Nested Sampling ln(Z):   -5370.342846 +/-  0.101364
Acceptance Rate:                        0.307140
Replacements:                               5300
Total Samples:                             17256
Nested Sampling ln(Z):              -5372.337426
Importance Nested Sampling ln(Z):   -5370.405582 +/-  0.092507
Acceptance Rate:                        0.306608
Replacements:                               5350
Total Samples:                             17449
Nested Sampling ln(Z):              -5372.130156
Importance Nested Sampling ln(Z):   -5370.393316 +/-  0.083289
Acceptance Rate:                        0.305516
Replacements:                               5400
Total Samples:                             17675
Nested Sampling ln(Z):              -5371.943534
Importance Nested Sampling ln(Z):   -5370.385596 +/-  0.075322
Acceptance Rate:                        0.303994
Replacements:                               5450
Total Samples:                             17928
Nested Sampling ln(Z):              -5371.774115
Importance Nested Sampling ln(Z):   -5370.389727 +/-  0.067934
Acceptance Rate:                        0.303432
Replacements:                               5500
Total Samples:                             18126
Nested Sampling ln(Z):              -5371.619809
Importance Nested Sampling ln(Z):   -5370.396659 +/-  0.061512
Acceptance Rate:                        0.302650
Replacements:                               5550
Total Samples:                             18338
Nested Sampling ln(Z):              -5371.479228
Importance Nested Sampling ln(Z):   -5370.398702 +/-  0.055642
Acceptance Rate:                        0.301594
Replacements:                               5600
Total Samples:                             18568
Nested Sampling ln(Z):              -5371.348697
Importance Nested Sampling ln(Z):   -5370.401943 +/-  0.051627
Acceptance Rate:                        0.300436
Replacements:                               5650
Total Samples:                             18806
Nested Sampling ln(Z):              -5371.233195
Importance Nested Sampling ln(Z):   -5370.390468 +/-  0.047121
Acceptance Rate:                        0.299700
Replacements:                               5700
Total Samples:                             19019
Nested Sampling ln(Z):              -5371.125923
Importance Nested Sampling ln(Z):   -5370.421918 +/-  0.043824
Acceptance Rate:                        0.298376
Replacements:                               5750
Total Samples:                             19271
Nested Sampling ln(Z):              -5371.025843
Importance Nested Sampling ln(Z):   -5370.413796 +/-  0.040862
Acceptance Rate:                        0.297757
Replacements:                               5800
Total Samples:                             19479
Nested Sampling ln(Z):              -5370.933923
Importance Nested Sampling ln(Z):   -5370.427398 +/-  0.037924
Acceptance Rate:                        0.297256
Replacements:                               5850
Total Samples:                             19680
Nested Sampling ln(Z):              -5370.849811
Importance Nested Sampling ln(Z):   -5370.447374 +/-  0.035602
Acceptance Rate:                        0.296170
Replacements:                               5900
Total Samples:                             19921
Nested Sampling ln(Z):              -5370.773051
Importance Nested Sampling ln(Z):   -5370.452336 +/-  0.033588
Acceptance Rate:                        0.295623
Replacements:                               5950
Total Samples:                             20127
Nested Sampling ln(Z):              -5370.703763
Importance Nested Sampling ln(Z):   -5370.457740 +/-  0.031772
Acceptance Rate:                        0.295727
Replacements:                               6000
Total Samples:                             20289
Nested Sampling ln(Z):              -5370.640877
Importance Nested Sampling ln(Z):   -5370.460097 +/-  0.030375
Acceptance Rate:                        0.294676
Replacements:                               6050
Total Samples:                             20531
Nested Sampling ln(Z):              -5370.582860
Importance Nested Sampling ln(Z):   -5370.472891 +/-  0.028466
Acceptance Rate:                        0.293948
Replacements:                               6100
Total Samples:                             20752
Nested Sampling ln(Z):              -5370.529878
Importance Nested Sampling ln(Z):   -5370.463440 +/-  0.027180
Acceptance Rate:                        0.292941
Replacements:                               6150
Total Samples:                             20994
Nested Sampling ln(Z):              -5370.482483
Importance Nested Sampling ln(Z):   -5370.482756 +/-  0.025681
Acceptance Rate:                        0.291875
Replacements:                               6200
Total Samples:                             21242
Nested Sampling ln(Z):              -5370.439675
Importance Nested Sampling ln(Z):   -5370.481351 +/-  0.024533
Acceptance Rate:                        0.290644
Replacements:                               6250
Total Samples:                             21504
Nested Sampling ln(Z):              -5370.401232
Importance Nested Sampling ln(Z):   -5370.475739 +/-  0.023472
Acceptance Rate:                        0.289762
Replacements:                               6300
Total Samples:                             21742
Nested Sampling ln(Z):              -5370.366520
Importance Nested Sampling ln(Z):   -5370.476588 +/-  0.022639
Acceptance Rate:                        0.288663
Replacements:                               6350
Total Samples:                             21998
Nested Sampling ln(Z):              -5370.335382
Importance Nested Sampling ln(Z):   -5370.478255 +/-  0.021933
Acceptance Rate:                        0.287860
Replacements:                               6400
Total Samples:                             22233
Nested Sampling ln(Z):              -5370.307182
Importance Nested Sampling ln(Z):   -5370.476545 +/-  0.021426
Acceptance Rate:                        0.287510
Replacements:                               6450
Total Samples:                             22434
Nested Sampling ln(Z):              -5370.281824
Importance Nested Sampling ln(Z):   -5370.475819 +/-  0.021015
Acceptance Rate:                        0.287701
Replacements:                               6475
Total Samples:                             22506
Nested Sampling ln(Z):              -5370.270151
Importance Nested Sampling ln(Z):   -5370.472931 +/-  0.020845
 ln(ev)=  -5370.08294492317      +/-  0.236894075822291     
 Total Likelihood Evaluations:        22506
 Sampling finished. Exiting MultiNest
