N_eff not being varied. To vary it give "neff" as an extra argument.
Varying sum_mnu!
Using Planck.
Using BAO.
Running with standard PPS and neutrinos.
Planck data dir = /Volumes/Data1/Planck2015/plc-2.0
 BFLike Ntemp  =        2876
 BFLike Nq     =        1407
 BFLike Nu     =        1407
 BFLike Nside  =          16
 BFLike Nwrite =    32393560
 cls file appears to have 5+ columns
 assuming it is a CAMB file with l, TT, EE, BB, TE
 info =            0
----
clik version 6dc2a8cf3965 MAKEFILE
  bflike_smw
Checking likelihood '/Volumes/Data1/Planck2015/plc-2.0/low_l/bflike/lowl_SMW_70_dx11d_2014_10_03_v5c_Ap.clik' on test data. got -5247.87 expected -5247.87 (diff 3.26225e-07)
----
Low likelihood has TT with l_max = 29
Low likelihood has EE with l_max = 29
Low likelihood has BB with l_max = 29
Low likelihood has TE with l_max = 29
Low likelihood has TB with l_max = -1
Low likelihood has EB with l_max = -1
 Initializing Planck likelihood, version Plik_v18_cmbonly_like
----
clik version 6dc2a8cf3965 MAKEFILE
  plik_cmbonly
Checking likelihood '/Volumes/Data1/Planck2015/plc-2.0/hi_l/plik_lite/plik_lite_v18_TT.clik' on test data. got -101.798 expected -101.798 (diff 1.03566e-08)
----
High likelihood has TT with l_max = 2508
High likelihood has EE with l_max = -1
High likelihood has BB with l_max = -1
High likelihood has TE with l_max = -1
High likelihood has TB with l_max = -1
High likelihood has EB with l_max = -1
Low l_max = 29
High l_max = 2508
Lensing l_max = 0
Total l_max = 2508
Setting parameters
Starting the timer Multinest scan...
 MultiNest Warning: no resume file found, starting from scratch
 *****************************************************
 MultiNest v3.9
 Copyright Farhan Feroz & Mike Hobson
 Release Oct 2014
 
 no. of live points =  300
 dimensionality =    8
 *****************************************************
 Starting MultiNest
 generating live points
 live points generated, starting sampling
Acceptance Rate:                        0.985915
Replacements:                                350
Total Samples:                               355
Nested Sampling ln(Z):            -111173.546950
Importance Nested Sampling ln(Z):   -5463.457659 +/-  0.998591
Acceptance Rate:                        0.947867
Replacements:                                400
Total Samples:                               422
Nested Sampling ln(Z):             -75275.993179
Importance Nested Sampling ln(Z):   -5463.630546 +/-  0.998814
Acceptance Rate:                        0.896414
Replacements:                                450
Total Samples:                               502
Nested Sampling ln(Z):             -58209.873982
Importance Nested Sampling ln(Z):   -5463.804141 +/-  0.999003
Acceptance Rate:                        0.836120
Replacements:                                500
Total Samples:                               598
Nested Sampling ln(Z):             -44002.755441
Importance Nested Sampling ln(Z):   -5463.979132 +/-  0.999164
Acceptance Rate:                        0.777935
Replacements:                                550
Total Samples:                               707
Nested Sampling ln(Z):             -35244.801125
Importance Nested Sampling ln(Z):   -5464.146572 +/-  0.999293
Acceptance Rate:                        0.714286
Replacements:                                600
Total Samples:                               840
Nested Sampling ln(Z):             -29827.734779
Importance Nested Sampling ln(Z):   -5464.318943 +/-  0.999405
Acceptance Rate:                        0.661914
Replacements:                                650
Total Samples:                               982
Nested Sampling ln(Z):             -24134.962791
Importance Nested Sampling ln(Z):   -5464.475132 +/-  0.999491
Acceptance Rate:                        0.582363
Replacements:                                700
Total Samples:                              1202
Nested Sampling ln(Z):             -20327.552855
Importance Nested Sampling ln(Z):   -5464.711473 +/-  0.999584
Acceptance Rate:                        0.585023
Replacements:                                750
Total Samples:                              1282
Nested Sampling ln(Z):             -17303.575386
Importance Nested Sampling ln(Z):   -5465.296630 +/-  0.999610
Acceptance Rate:                        0.586081
Replacements:                                800
Total Samples:                              1365
Nested Sampling ln(Z):             -14976.232899
Importance Nested Sampling ln(Z):   -5465.795403 +/-  0.999634
Acceptance Rate:                        0.577446
Replacements:                                850
Total Samples:                              1472
Nested Sampling ln(Z):             -13278.415784
Importance Nested Sampling ln(Z):   -5466.160340 +/-  0.999660
Acceptance Rate:                        0.563910
Replacements:                                900
Total Samples:                              1596
Nested Sampling ln(Z):             -12037.368458
Importance Nested Sampling ln(Z):   -5466.498238 +/-  0.999687
Acceptance Rate:                        0.546920
Replacements:                                950
Total Samples:                              1737
Nested Sampling ln(Z):             -11088.686331
Importance Nested Sampling ln(Z):   -5466.724984 +/-  0.999712
Acceptance Rate:                        0.534759
Replacements:                               1000
Total Samples:                              1870
Nested Sampling ln(Z):             -10178.667714
Importance Nested Sampling ln(Z):   -5466.976430 +/-  0.999733
Acceptance Rate:                        0.530303
Replacements:                               1050
Total Samples:                              1980
Nested Sampling ln(Z):              -9313.274022
Importance Nested Sampling ln(Z):   -5467.193011 +/-  0.999747
Acceptance Rate:                        0.526064
Replacements:                               1100
Total Samples:                              2091
Nested Sampling ln(Z):              -8708.596319
Importance Nested Sampling ln(Z):   -5467.392053 +/-  0.999761
Acceptance Rate:                        0.519187
Replacements:                               1150
Total Samples:                              2215
Nested Sampling ln(Z):              -8183.636816
Importance Nested Sampling ln(Z):   -5467.626468 +/-  0.999774
Acceptance Rate:                        0.517688
Replacements:                               1200
Total Samples:                              2318
Nested Sampling ln(Z):              -7724.475069
Importance Nested Sampling ln(Z):   -5427.850639 +/-  0.999784
Acceptance Rate:                        0.514615
Replacements:                               1250
Total Samples:                              2429
Nested Sampling ln(Z):              -7374.515781
Importance Nested Sampling ln(Z):   -5428.030791 +/-  0.999794
Acceptance Rate:                        0.510404
Replacements:                               1300
Total Samples:                              2547
Nested Sampling ln(Z):              -7126.280166
Importance Nested Sampling ln(Z):   -5427.952891 +/-  0.812851
Acceptance Rate:                        0.503731
Replacements:                               1350
Total Samples:                              2680
Nested Sampling ln(Z):              -6911.826712
Importance Nested Sampling ln(Z):   -5428.135417 +/-  0.812862
Acceptance Rate:                        0.498931
Replacements:                               1400
Total Samples:                              2806
Nested Sampling ln(Z):              -6728.666675
Importance Nested Sampling ln(Z):   -5422.804629 +/-  0.995784
Acceptance Rate:                        0.497086
Replacements:                               1450
Total Samples:                              2917
Nested Sampling ln(Z):              -6587.382139
Importance Nested Sampling ln(Z):   -5422.948097 +/-  0.995790
Acceptance Rate:                        0.495540
Replacements:                               1500
Total Samples:                              3027
Nested Sampling ln(Z):              -6456.078629
Importance Nested Sampling ln(Z):   -5421.704506 +/-  0.791515
Acceptance Rate:                        0.491595
Replacements:                               1550
Total Samples:                              3153
Nested Sampling ln(Z):              -6351.755655
Importance Nested Sampling ln(Z):   -5421.848877 +/-  0.791519
Acceptance Rate:                        0.487359
Replacements:                               1600
Total Samples:                              3283
Nested Sampling ln(Z):              -6229.116808
Importance Nested Sampling ln(Z):   -5422.021053 +/-  0.791523
Acceptance Rate:                        0.484297
Replacements:                               1650
Total Samples:                              3407
Nested Sampling ln(Z):              -6123.753168
Importance Nested Sampling ln(Z):   -5422.158147 +/-  0.791527
Acceptance Rate:                        0.477126
Replacements:                               1700
Total Samples:                              3563
Nested Sampling ln(Z):              -6022.758325
Importance Nested Sampling ln(Z):   -5422.357458 +/-  0.791531
Acceptance Rate:                        0.473869
Replacements:                               1750
Total Samples:                              3693
Nested Sampling ln(Z):              -5959.492431
Importance Nested Sampling ln(Z):   -5422.538824 +/-  0.791535
Acceptance Rate:                        0.471698
Replacements:                               1800
Total Samples:                              3816
Nested Sampling ln(Z):              -5909.172308
Importance Nested Sampling ln(Z):   -5422.692101 +/-  0.791508
Acceptance Rate:                        0.467408
Replacements:                               1850
Total Samples:                              3958
Nested Sampling ln(Z):              -5868.022321
Importance Nested Sampling ln(Z):   -5415.280054 +/-  0.999367
Acceptance Rate:                        0.463980
Replacements:                               1900
Total Samples:                              4095
Nested Sampling ln(Z):              -5819.594452
Importance Nested Sampling ln(Z):   -5415.443027 +/-  0.999371
Acceptance Rate:                        0.461102
Replacements:                               1950
Total Samples:                              4229
Nested Sampling ln(Z):              -5778.961008
Importance Nested Sampling ln(Z):   -5406.606672 +/-  0.999759
Acceptance Rate:                        0.454339
Replacements:                               2000
Total Samples:                              4402
Nested Sampling ln(Z):              -5736.326412
Importance Nested Sampling ln(Z):   -5406.839400 +/-  0.999763
Acceptance Rate:                        0.451343
Replacements:                               2050
Total Samples:                              4542
Nested Sampling ln(Z):              -5701.353996
Importance Nested Sampling ln(Z):   -5385.914762 +/-  0.999890
Acceptance Rate:                        0.446144
Replacements:                               2100
Total Samples:                              4707
Nested Sampling ln(Z):              -5679.954113
Importance Nested Sampling ln(Z):   -5386.100491 +/-  0.999894
Acceptance Rate:                        0.443756
Replacements:                               2150
Total Samples:                              4845
Nested Sampling ln(Z):              -5653.929030
Importance Nested Sampling ln(Z):   -5386.279575 +/-  0.999897
Acceptance Rate:                        0.442122
Replacements:                               2200
Total Samples:                              4976
Nested Sampling ln(Z):              -5634.558680
Importance Nested Sampling ln(Z):   -5386.432919 +/-  0.999900
Acceptance Rate:                        0.439711
Replacements:                               2250
Total Samples:                              5117
Nested Sampling ln(Z):              -5609.932243
Importance Nested Sampling ln(Z):   -5386.577081 +/-  0.999902
Acceptance Rate:                        0.436102
Replacements:                               2300
Total Samples:                              5274
Nested Sampling ln(Z):              -5594.112107
Importance Nested Sampling ln(Z):   -5386.740791 +/-  0.999306
Acceptance Rate:                        0.435750
Replacements:                               2350
Total Samples:                              5393
Nested Sampling ln(Z):              -5576.803254
Importance Nested Sampling ln(Z):   -5386.868124 +/-  0.999309
Acceptance Rate:                        0.428266
Replacements:                               2400
Total Samples:                              5604
Nested Sampling ln(Z):              -5562.296040
Importance Nested Sampling ln(Z):   -5387.054316 +/-  0.980168
Acceptance Rate:                        0.418231
Replacements:                               2450
Total Samples:                              5858
Nested Sampling ln(Z):              -5548.760606
Importance Nested Sampling ln(Z):   -5387.266091 +/-  0.980168
Acceptance Rate:                        0.414456
Replacements:                               2500
Total Samples:                              6032
Nested Sampling ln(Z):              -5536.066557
Importance Nested Sampling ln(Z):   -5387.433969 +/-  0.980168
Acceptance Rate:                        0.409968
Replacements:                               2550
Total Samples:                              6220
Nested Sampling ln(Z):              -5524.066795
Importance Nested Sampling ln(Z):   -5387.608515 +/-  0.980167
Acceptance Rate:                        0.403413
Replacements:                               2600
Total Samples:                              6445
Nested Sampling ln(Z):              -5514.666453
Importance Nested Sampling ln(Z):   -5387.804329 +/-  0.980168
Acceptance Rate:                        0.398257
Replacements:                               2650
Total Samples:                              6654
Nested Sampling ln(Z):              -5507.075457
Importance Nested Sampling ln(Z):   -5387.433022 +/-  0.643785
Acceptance Rate:                        0.390456
Replacements:                               2700
Total Samples:                              6915
Nested Sampling ln(Z):              -5499.897679
Importance Nested Sampling ln(Z):   -5384.812861 +/-  0.942057
Acceptance Rate:                        0.388089
Replacements:                               2750
Total Samples:                              7086
Nested Sampling ln(Z):              -5492.165484
Importance Nested Sampling ln(Z):   -5384.967179 +/-  0.942020
Acceptance Rate:                        0.385039
Replacements:                               2800
Total Samples:                              7272
Nested Sampling ln(Z):              -5484.721726
Importance Nested Sampling ln(Z):   -5384.643426 +/-  0.696915
Acceptance Rate:                        0.380609
Replacements:                               2850
Total Samples:                              7488
Nested Sampling ln(Z):              -5478.941748
Importance Nested Sampling ln(Z):   -5384.821336 +/-  0.696894
Acceptance Rate:                        0.378541
Replacements:                               2900
Total Samples:                              7661
Nested Sampling ln(Z):              -5474.327360
Importance Nested Sampling ln(Z):   -5384.952490 +/-  0.692724
Acceptance Rate:                        0.374365
Replacements:                               2950
Total Samples:                              7880
Nested Sampling ln(Z):              -5469.483998
Importance Nested Sampling ln(Z):   -5385.109776 +/-  0.692503
Acceptance Rate:                        0.369094
Replacements:                               3000
Total Samples:                              8128
Nested Sampling ln(Z):              -5463.862948
Importance Nested Sampling ln(Z):   -5385.282563 +/-  0.692492
Acceptance Rate:                        0.366939
Replacements:                               3050
Total Samples:                              8312
Nested Sampling ln(Z):              -5458.380910
Importance Nested Sampling ln(Z):   -5383.704017 +/-  0.665301
Acceptance Rate:                        0.363168
Replacements:                               3100
Total Samples:                              8536
Nested Sampling ln(Z):              -5453.151847
Importance Nested Sampling ln(Z):   -5379.961497 +/-  0.977012
Acceptance Rate:                        0.360123
Replacements:                               3150
Total Samples:                              8747
Nested Sampling ln(Z):              -5448.214631
Importance Nested Sampling ln(Z):   -5376.923878 +/-  0.959404
Acceptance Rate:                        0.355556
Replacements:                               3200
Total Samples:                              9000
Nested Sampling ln(Z):              -5443.931275
Importance Nested Sampling ln(Z):   -5377.117105 +/-  0.959411
Acceptance Rate:                        0.353684
Replacements:                               3250
Total Samples:                              9189
Nested Sampling ln(Z):              -5440.569154
Importance Nested Sampling ln(Z):   -5375.765070 +/-  0.788852
Acceptance Rate:                        0.348800
Replacements:                               3300
Total Samples:                              9461
Nested Sampling ln(Z):              -5436.483763
Importance Nested Sampling ln(Z):   -5375.967949 +/-  0.788842
Acceptance Rate:                        0.346325
Replacements:                               3350
Total Samples:                              9673
Nested Sampling ln(Z):              -5432.355568
Importance Nested Sampling ln(Z):   -5376.103596 +/-  0.788030
Acceptance Rate:                        0.343088
Replacements:                               3400
Total Samples:                              9910
Nested Sampling ln(Z):              -5429.217672
Importance Nested Sampling ln(Z):   -5374.455961 +/-  0.846937
Acceptance Rate:                        0.339935
Replacements:                               3450
Total Samples:                             10149
Nested Sampling ln(Z):              -5425.804963
Importance Nested Sampling ln(Z):   -5374.619380 +/-  0.846889
Acceptance Rate:                        0.338688
Replacements:                               3500
Total Samples:                             10334
Nested Sampling ln(Z):              -5422.359020
Importance Nested Sampling ln(Z):   -5374.755085 +/-  0.846110
Acceptance Rate:                        0.336780
Replacements:                               3550
Total Samples:                             10541
Nested Sampling ln(Z):              -5419.562942
Importance Nested Sampling ln(Z):   -5374.913080 +/-  0.846052
Acceptance Rate:                        0.334169
Replacements:                               3600
Total Samples:                             10773
Nested Sampling ln(Z):              -5416.482223
Importance Nested Sampling ln(Z):   -5375.093956 +/-  0.845965
Acceptance Rate:                        0.331066
Replacements:                               3650
Total Samples:                             11025
Nested Sampling ln(Z):              -5414.401706
Importance Nested Sampling ln(Z):   -5374.335803 +/-  0.685335
Acceptance Rate:                        0.327260
Replacements:                               3700
Total Samples:                             11306
Nested Sampling ln(Z):              -5411.980154
Importance Nested Sampling ln(Z):   -5374.525764 +/-  0.685017
Acceptance Rate:                        0.323583
Replacements:                               3750
Total Samples:                             11589
Nested Sampling ln(Z):              -5409.679607
Importance Nested Sampling ln(Z):   -5374.736920 +/-  0.684703
Acceptance Rate:                        0.322937
Replacements:                               3800
Total Samples:                             11767
Nested Sampling ln(Z):              -5407.475502
Importance Nested Sampling ln(Z):   -5374.863908 +/-  0.684613
Acceptance Rate:                        0.322176
Replacements:                               3850
Total Samples:                             11950
Nested Sampling ln(Z):              -5405.450492
Importance Nested Sampling ln(Z):   -5374.993857 +/-  0.684068
Acceptance Rate:                        0.317900
Replacements:                               3900
Total Samples:                             12268
Nested Sampling ln(Z):              -5403.343116
Importance Nested Sampling ln(Z):   -5375.203789 +/-  0.678618
Acceptance Rate:                        0.312327
Replacements:                               3950
Total Samples:                             12647
Nested Sampling ln(Z):              -5401.706065
Importance Nested Sampling ln(Z):   -5375.360712 +/-  0.640938
Acceptance Rate:                        0.310607
Replacements:                               4000
Total Samples:                             12878
Nested Sampling ln(Z):              -5399.832036
Importance Nested Sampling ln(Z):   -5375.519370 +/-  0.640926
Acceptance Rate:                        0.308430
Replacements:                               4050
Total Samples:                             13131
Nested Sampling ln(Z):              -5397.943903
Importance Nested Sampling ln(Z):   -5375.653591 +/-  0.617508
Acceptance Rate:                        0.306130
Replacements:                               4100
Total Samples:                             13393
Nested Sampling ln(Z):              -5396.555496
Importance Nested Sampling ln(Z):   -5375.586513 +/-  0.530645
Acceptance Rate:                        0.304654
Replacements:                               4150
Total Samples:                             13622
Nested Sampling ln(Z):              -5395.158637
Importance Nested Sampling ln(Z):   -5375.527798 +/-  0.449303
Acceptance Rate:                        0.302006
Replacements:                               4200
Total Samples:                             13907
Nested Sampling ln(Z):              -5393.919382
Importance Nested Sampling ln(Z):   -5375.401356 +/-  0.363505
Acceptance Rate:                        0.300375
Replacements:                               4250
Total Samples:                             14149
Nested Sampling ln(Z):              -5392.793134
Importance Nested Sampling ln(Z):   -5375.544376 +/-  0.361294
Acceptance Rate:                        0.299193
Replacements:                               4300
Total Samples:                             14372
Nested Sampling ln(Z):              -5391.650525
Importance Nested Sampling ln(Z):   -5375.656901 +/-  0.352790
Acceptance Rate:                        0.298846
Replacements:                               4350
Total Samples:                             14556
Nested Sampling ln(Z):              -5390.617638
Importance Nested Sampling ln(Z):   -5375.791319 +/-  0.350135
Acceptance Rate:                        0.297297
Replacements:                               4400
Total Samples:                             14800
Nested Sampling ln(Z):              -5389.619210
Importance Nested Sampling ln(Z):   -5375.865194 +/-  0.321604
Acceptance Rate:                        0.296469
Replacements:                               4450
Total Samples:                             15010
Nested Sampling ln(Z):              -5388.713521
Importance Nested Sampling ln(Z):   -5375.962531 +/-  0.306651
Acceptance Rate:                        0.294715
Replacements:                               4500
Total Samples:                             15269
Nested Sampling ln(Z):              -5387.801644
Importance Nested Sampling ln(Z):   -5375.909381 +/-  0.299974
Acceptance Rate:                        0.293529
Replacements:                               4550
Total Samples:                             15501
Nested Sampling ln(Z):              -5386.816281
Importance Nested Sampling ln(Z):   -5376.025690 +/-  0.293007
Acceptance Rate:                        0.292658
Replacements:                               4600
Total Samples:                             15718
Nested Sampling ln(Z):              -5386.071762
Importance Nested Sampling ln(Z):   -5375.586908 +/-  0.435528
Acceptance Rate:                        0.291353
Replacements:                               4650
Total Samples:                             15960
Nested Sampling ln(Z):              -5385.341697
Importance Nested Sampling ln(Z):   -5375.654531 +/-  0.393765
Acceptance Rate:                        0.290249
Replacements:                               4700
Total Samples:                             16193
Nested Sampling ln(Z):              -5384.569628
Importance Nested Sampling ln(Z):   -5375.448485 +/-  0.320739
Acceptance Rate:                        0.289017
Replacements:                               4750
Total Samples:                             16435
Nested Sampling ln(Z):              -5383.855529
Importance Nested Sampling ln(Z):   -5375.263996 +/-  0.260513
Acceptance Rate:                        0.287391
Replacements:                               4800
Total Samples:                             16702
Nested Sampling ln(Z):              -5383.210361
Importance Nested Sampling ln(Z):   -5375.361289 +/-  0.243581
Acceptance Rate:                        0.286643
Replacements:                               4850
Total Samples:                             16920
Nested Sampling ln(Z):              -5382.562946
Importance Nested Sampling ln(Z):   -5375.282098 +/-  0.224614
Acceptance Rate:                        0.286098
Replacements:                               4900
Total Samples:                             17127
Nested Sampling ln(Z):              -5381.916236
Importance Nested Sampling ln(Z):   -5375.102655 +/-  0.204896
Acceptance Rate:                        0.284695
Replacements:                               4950
Total Samples:                             17387
Nested Sampling ln(Z):              -5381.266246
Importance Nested Sampling ln(Z):   -5375.171619 +/-  0.187690
Acceptance Rate:                        0.282885
Replacements:                               5000
Total Samples:                             17675
Nested Sampling ln(Z):              -5380.659383
Importance Nested Sampling ln(Z):   -5375.106515 +/-  0.201183
Acceptance Rate:                        0.280104
Replacements:                               5050
Total Samples:                             18029
Nested Sampling ln(Z):              -5380.140166
Importance Nested Sampling ln(Z):   -5375.013499 +/-  0.187546
Acceptance Rate:                        0.278399
Replacements:                               5100
Total Samples:                             18319
Nested Sampling ln(Z):              -5379.706723
Importance Nested Sampling ln(Z):   -5374.993332 +/-  0.172866
Acceptance Rate:                        0.277090
Replacements:                               5150
Total Samples:                             18586
Nested Sampling ln(Z):              -5379.310561
Importance Nested Sampling ln(Z):   -5374.900526 +/-  0.162037
Acceptance Rate:                        0.276625
Replacements:                               5200
Total Samples:                             18798
Nested Sampling ln(Z):              -5378.933619
Importance Nested Sampling ln(Z):   -5374.793750 +/-  0.153243
Acceptance Rate:                        0.276214
Replacements:                               5250
Total Samples:                             19007
Nested Sampling ln(Z):              -5378.577880
Importance Nested Sampling ln(Z):   -5374.613122 +/-  0.156998
Acceptance Rate:                        0.274086
Replacements:                               5300
Total Samples:                             19337
Nested Sampling ln(Z):              -5378.220824
Importance Nested Sampling ln(Z):   -5374.519919 +/-  0.148194
Acceptance Rate:                        0.272778
Replacements:                               5350
Total Samples:                             19613
Nested Sampling ln(Z):              -5377.906526
Importance Nested Sampling ln(Z):   -5374.597784 +/-  0.138750
Acceptance Rate:                        0.271575
Replacements:                               5400
Total Samples:                             19884
Nested Sampling ln(Z):              -5377.616400
Importance Nested Sampling ln(Z):   -5374.556703 +/-  0.127048
Acceptance Rate:                        0.270539
Replacements:                               5450
Total Samples:                             20145
Nested Sampling ln(Z):              -5377.340431
Importance Nested Sampling ln(Z):   -5374.628104 +/-  0.118005
Acceptance Rate:                        0.269886
Replacements:                               5500
Total Samples:                             20379
Nested Sampling ln(Z):              -5377.064193
Importance Nested Sampling ln(Z):   -5374.643429 +/-  0.108161
Acceptance Rate:                        0.268791
Replacements:                               5550
Total Samples:                             20648
Nested Sampling ln(Z):              -5376.807096
Importance Nested Sampling ln(Z):   -5374.727742 +/-  0.103018
Acceptance Rate:                        0.268521
Replacements:                               5600
Total Samples:                             20855
Nested Sampling ln(Z):              -5376.576048
Importance Nested Sampling ln(Z):   -5374.754298 +/-  0.095351
Acceptance Rate:                        0.267696
Replacements:                               5650
Total Samples:                             21106
Nested Sampling ln(Z):              -5376.348743
Importance Nested Sampling ln(Z):   -5374.841179 +/-  0.089761
 
 MultiNest Warning!
 Parameter            7  of mode            1 
  is converging towards the edge of the prior.
Acceptance Rate:                        0.267142
Replacements:                               5700
Total Samples:                             21337
Nested Sampling ln(Z):              -5376.135493
Importance Nested Sampling ln(Z):   -5374.806042 +/-  0.097518
Acceptance Rate:                        0.266204
Replacements:                               5750
Total Samples:                             21600
Nested Sampling ln(Z):              -5375.930789
Importance Nested Sampling ln(Z):   -5374.800493 +/-  0.089327
 
 MultiNest Warning!
 Parameter            7  of mode            1 
  is converging towards the edge of the prior.
Acceptance Rate:                        0.265446
Replacements:                               5800
Total Samples:                             21850
Nested Sampling ln(Z):              -5375.739111
Importance Nested Sampling ln(Z):   -5374.854243 +/-  0.082223
Acceptance Rate:                        0.264694
Replacements:                               5850
Total Samples:                             22101
Nested Sampling ln(Z):              -5375.566345
Importance Nested Sampling ln(Z):   -5374.876257 +/-  0.076406
 
 MultiNest Warning!
 Parameter            7  of mode            1 
  is converging towards the edge of the prior.
Acceptance Rate:                        0.263322
Replacements:                               5900
Total Samples:                             22406
Nested Sampling ln(Z):              -5375.398079
Importance Nested Sampling ln(Z):   -5374.914848 +/-  0.069892
Acceptance Rate:                        0.262647
Replacements:                               5950
Total Samples:                             22654
Nested Sampling ln(Z):              -5375.244606
Importance Nested Sampling ln(Z):   -5374.876992 +/-  0.068016
 
 MultiNest Warning!
 Parameter            7  of mode            1 
  is converging towards the edge of the prior.
Acceptance Rate:                        0.260915
Replacements:                               6000
Total Samples:                             22996
Nested Sampling ln(Z):              -5375.102362
Importance Nested Sampling ln(Z):   -5374.920732 +/-  0.060215
Acceptance Rate:                        0.260316
Replacements:                               6050
Total Samples:                             23241
Nested Sampling ln(Z):              -5374.973337
Importance Nested Sampling ln(Z):   -5374.885580 +/-  0.056388
 
 MultiNest Warning!
 Parameter            7  of mode            1 
  is converging towards the edge of the prior.
Acceptance Rate:                        0.259266
Replacements:                               6100
Total Samples:                             23528
Nested Sampling ln(Z):              -5374.852303
Importance Nested Sampling ln(Z):   -5374.864803 +/-  0.051418
Acceptance Rate:                        0.258991
Replacements:                               6150
Total Samples:                             23746
Nested Sampling ln(Z):              -5374.743322
Importance Nested Sampling ln(Z):   -5374.835320 +/-  0.050744
 
 MultiNest Warning!
 Parameter            7  of mode            1 
  is converging towards the edge of the prior.
Acceptance Rate:                        0.257700
Replacements:                               6200
Total Samples:                             24059
Nested Sampling ln(Z):              -5374.646325
Importance Nested Sampling ln(Z):   -5374.883939 +/-  0.046069
Acceptance Rate:                        0.257467
Replacements:                               6250
Total Samples:                             24275
Nested Sampling ln(Z):              -5374.556060
Importance Nested Sampling ln(Z):   -5374.882352 +/-  0.043705
 
 MultiNest Warning!
 Parameter            7  of mode            1 
  is converging towards the edge of the prior.
Acceptance Rate:                        0.256891
Replacements:                               6300
Total Samples:                             24524
Nested Sampling ln(Z):              -5374.471970
Importance Nested Sampling ln(Z):   -5374.843986 +/-  0.041646
Acceptance Rate:                        0.255564
Replacements:                               6350
Total Samples:                             24847
Nested Sampling ln(Z):              -5374.394657
Importance Nested Sampling ln(Z):   -5374.834733 +/-  0.038503
 
 MultiNest Warning!
 Parameter            7  of mode            1 
  is converging towards the edge of the prior.
Acceptance Rate:                        0.254554
Replacements:                               6400
Total Samples:                             25142
Nested Sampling ln(Z):              -5374.322300
Importance Nested Sampling ln(Z):   -5374.854101 +/-  0.035234
Acceptance Rate:                        0.254047
Replacements:                               6450
Total Samples:                             25389
Nested Sampling ln(Z):              -5374.256382
Importance Nested Sampling ln(Z):   -5374.858404 +/-  0.032875
 
 MultiNest Warning!
 Parameter            7  of mode            1 
  is converging towards the edge of the prior.
Acceptance Rate:                        0.253421
Replacements:                               6500
Total Samples:                             25649
Nested Sampling ln(Z):              -5374.195783
Importance Nested Sampling ln(Z):   -5374.842359 +/-  0.030939
Acceptance Rate:                        0.252350
Replacements:                               6550
Total Samples:                             25956
Nested Sampling ln(Z):              -5374.140648
Importance Nested Sampling ln(Z):   -5374.853837 +/-  0.028697
 
 MultiNest Warning!
 Parameter            7  of mode            1 
  is converging towards the edge of the prior.
Acceptance Rate:                        0.251745
Replacements:                               6600
Total Samples:                             26217
Nested Sampling ln(Z):              -5374.090889
Importance Nested Sampling ln(Z):   -5374.867909 +/-  0.027228
Acceptance Rate:                        0.251342
Replacements:                               6650
Total Samples:                             26458
Nested Sampling ln(Z):              -5374.045580
Importance Nested Sampling ln(Z):   -5374.845617 +/-  0.026293
 
 MultiNest Warning!
 Parameter            7  of mode            1 
  is converging towards the edge of the prior.
Acceptance Rate:                        0.250795
Replacements:                               6700
Total Samples:                             26715
Nested Sampling ln(Z):              -5374.003638
Importance Nested Sampling ln(Z):   -5374.841299 +/-  0.024924
Acceptance Rate:                        0.249963
Replacements:                               6750
Total Samples:                             27004
Nested Sampling ln(Z):              -5373.964634
Importance Nested Sampling ln(Z):   -5374.843276 +/-  0.023492
 
 MultiNest Warning!
 Parameter            7  of mode            1 
  is converging towards the edge of the prior.
Acceptance Rate:                        0.249039
Replacements:                               6800
Total Samples:                             27305
Nested Sampling ln(Z):              -5373.928683
Importance Nested Sampling ln(Z):   -5374.846919 +/-  0.022203
Acceptance Rate:                        0.248125
Replacements:                               6850
Total Samples:                             27607
Nested Sampling ln(Z):              -5373.896325
Importance Nested Sampling ln(Z):   -5374.843141 +/-  0.021237
 
 MultiNest Warning!
 Parameter            7  of mode            1 
  is converging towards the edge of the prior.
Acceptance Rate:                        0.247827
Replacements:                               6900
Total Samples:                             27842
Nested Sampling ln(Z):              -5373.867483
Importance Nested Sampling ln(Z):   -5374.826419 +/-  0.020492
Acceptance Rate:                        0.247085
Replacements:                               6950
Total Samples:                             28128
Nested Sampling ln(Z):              -5373.841168
Importance Nested Sampling ln(Z):   -5374.822205 +/-  0.019709
 
 MultiNest Warning!
 Parameter            7  of mode            1 
  is converging towards the edge of the prior.
Acceptance Rate:                        0.246349
Replacements:                               7000
Total Samples:                             28415
Nested Sampling ln(Z):              -5373.817430
Importance Nested Sampling ln(Z):   -5374.817978 +/-  0.019066
Acceptance Rate:                        0.245208
Replacements:                               7049
Total Samples:                             28747
Nested Sampling ln(Z):              -5373.796642
Importance Nested Sampling ln(Z):   -5374.814656 +/-  0.018435
 ln(ev)=  -5373.62469210459      +/-  0.248024557931538     
 Total Likelihood Evaluations:        28747
 Sampling finished. Exiting MultiNest
MPI process 0 / 1:	The timer Multinest scan has ended.
Duration: 67570063282 microseconds.
MPI process 0 / 1:	Multinest scan took 67570 seconds.
