Varying N_eff!
Varying sum_mnu!
Using Planck.
Using BAO.
Running with standard PPS and neutrinos.
Planck data dir = /Volumes/Data1/Planck2015/plc-2.0
 BFLike Ntemp  =        2876
 BFLike Nq     =        1407
 BFLike Nu     =        1407
 BFLike Nside  =          16
 BFLike Nwrite =    32393560
 cls file appears to have 5+ columns
 assuming it is a CAMB file with l, TT, EE, BB, TE
 info =            0
----
clik version 6dc2a8cf3965 MAKEFILE
  bflike_smw
Checking likelihood '/Volumes/Data1/Planck2015/plc-2.0/low_l/bflike/lowl_SMW_70_dx11d_2014_10_03_v5c_Ap.clik' on test data. got -5247.87 expected -5247.87 (diff 3.26225e-07)
----
Low likelihood has TT with l_max = 29
Low likelihood has EE with l_max = 29
Low likelihood has BB with l_max = 29
Low likelihood has TE with l_max = 29
Low likelihood has TB with l_max = -1
Low likelihood has EB with l_max = -1
 Initializing Planck likelihood, version Plik_v18_cmbonly_like
----
clik version 6dc2a8cf3965 MAKEFILE
  plik_cmbonly
Checking likelihood '/Volumes/Data1/Planck2015/plc-2.0/hi_l/plik_lite/plik_lite_v18_TT.clik' on test data. got -101.798 expected -101.798 (diff 1.03566e-08)
----
High likelihood has TT with l_max = 2508
High likelihood has EE with l_max = -1
High likelihood has BB with l_max = -1
High likelihood has TE with l_max = -1
High likelihood has TB with l_max = -1
High likelihood has EB with l_max = -1
Low l_max = 29
High l_max = 2508
Lensing l_max = 0
Total l_max = 2508
Setting parameters
Starting the timer Multinest scan...
 MultiNest Warning: no resume file found, starting from scratch
 *****************************************************
 MultiNest v3.9
 Copyright Farhan Feroz & Mike Hobson
 Release Oct 2014
 
 no. of live points =  300
 dimensionality =    9
 *****************************************************
 Starting MultiNest
 generating live points
 live points generated, starting sampling
Acceptance Rate:                        0.988701
Replacements:                                350
Total Samples:                               354
Nested Sampling ln(Z):            -148354.179975
Importance Nested Sampling ln(Z):   -5788.527671 +/-  0.998587
Acceptance Rate:                        0.975610
Replacements:                                400
Total Samples:                               410
Nested Sampling ln(Z):             -79421.832072
Importance Nested Sampling ln(Z):   -5788.674532 +/-  0.998780
Acceptance Rate:                        0.929752
Replacements:                                450
Total Samples:                               484
Nested Sampling ln(Z):             -61868.356336
Importance Nested Sampling ln(Z):   -5788.840459 +/-  0.998966
Acceptance Rate:                        0.881834
Replacements:                                500
Total Samples:                               567
Nested Sampling ln(Z):             -51116.075889
Importance Nested Sampling ln(Z):   -5788.998734 +/-  0.999118
Acceptance Rate:                        0.823353
Replacements:                                550
Total Samples:                               668
Nested Sampling ln(Z):             -40480.242814
Importance Nested Sampling ln(Z):   -5782.242788 +/-  0.998263
Acceptance Rate:                        0.764331
Replacements:                                600
Total Samples:                               785
Nested Sampling ln(Z):             -31816.797488
Importance Nested Sampling ln(Z):   -5782.404184 +/-  0.998375
Acceptance Rate:                        0.699677
Replacements:                                650
Total Samples:                               929
Nested Sampling ln(Z):             -25843.931433
Importance Nested Sampling ln(Z):   -5782.572609 +/-  0.998474
Acceptance Rate:                        0.634058
Replacements:                                700
Total Samples:                              1104
Nested Sampling ln(Z):             -20991.517813
Importance Nested Sampling ln(Z):   -5762.362697 +/-  0.999547
Acceptance Rate:                        0.617284
Replacements:                                750
Total Samples:                              1215
Nested Sampling ln(Z):             -18567.862430
Importance Nested Sampling ln(Z):   -5762.988123 +/-  0.999588
Acceptance Rate:                        0.610221
Replacements:                                800
Total Samples:                              1311
Nested Sampling ln(Z):             -16412.656014
Importance Nested Sampling ln(Z):   -5644.464330 +/-  0.999492
Acceptance Rate:                        0.601983
Replacements:                                850
Total Samples:                              1412
Nested Sampling ln(Z):             -14290.007677
Importance Nested Sampling ln(Z):   -5556.895704 +/-  0.999646
Acceptance Rate:                        0.589005
Replacements:                                900
Total Samples:                              1528
Nested Sampling ln(Z):             -12800.568093
Importance Nested Sampling ln(Z):   -5557.250131 +/-  0.999673
Acceptance Rate:                        0.582465
Replacements:                                950
Total Samples:                              1631
Nested Sampling ln(Z):             -11637.779149
Importance Nested Sampling ln(Z):   -5557.508892 +/-  0.999693
Acceptance Rate:                        0.567537
Replacements:                               1000
Total Samples:                              1762
Nested Sampling ln(Z):             -10517.154217
Importance Nested Sampling ln(Z):   -5557.767109 +/-  0.999716
Acceptance Rate:                        0.563607
Replacements:                               1050
Total Samples:                              1863
Nested Sampling ln(Z):              -9679.403713
Importance Nested Sampling ln(Z):   -5557.985096 +/-  0.999655
MPI process 0 / 1:	background_init failed, trying again!
MPI process 0 / 1:	background_init failed, trying again!
Acceptance Rate:                        0.555836
Replacements:                               1100
Total Samples:                              1979
Nested Sampling ln(Z):              -9026.738371
Importance Nested Sampling ln(Z):   -5541.038136 +/-  0.999747
Acceptance Rate:                        0.547880
Replacements:                               1150
Total Samples:                              2099
Nested Sampling ln(Z):              -8506.641723
Importance Nested Sampling ln(Z):   -5541.255324 +/-  0.999762
Acceptance Rate:                        0.542495
Replacements:                               1200
Total Samples:                              2212
Nested Sampling ln(Z):              -8023.266784
Importance Nested Sampling ln(Z):   -5541.440551 +/-  0.999774
Acceptance Rate:                        0.531915
Replacements:                               1250
Total Samples:                              2350
Nested Sampling ln(Z):              -7668.302644
Importance Nested Sampling ln(Z):   -5506.026245 +/-  0.999787
Acceptance Rate:                        0.532133
Replacements:                               1300
Total Samples:                              2443
Nested Sampling ln(Z):              -7403.050146
Importance Nested Sampling ln(Z):   -5456.592643 +/-  0.999795
Acceptance Rate:                        0.527138
Replacements:                               1350
Total Samples:                              2561
Nested Sampling ln(Z):              -7126.115182
Importance Nested Sampling ln(Z):   -5410.448649 +/-  0.999805
Acceptance Rate:                        0.519481
Replacements:                               1400
Total Samples:                              2695
Nested Sampling ln(Z):              -6825.521528
Importance Nested Sampling ln(Z):   -5410.642041 +/-  0.999814
Acceptance Rate:                        0.513638
Replacements:                               1450
Total Samples:                              2823
Nested Sampling ln(Z):              -6624.827882
Importance Nested Sampling ln(Z):   -5410.425178 +/-  0.750781
Acceptance Rate:                        0.510031
Replacements:                               1500
Total Samples:                              2941
Nested Sampling ln(Z):              -6473.124363
Importance Nested Sampling ln(Z):   -5410.557328 +/-  0.750809
Acceptance Rate:                        0.507697
Replacements:                               1550
Total Samples:                              3053
Nested Sampling ln(Z):              -6354.649952
Importance Nested Sampling ln(Z):   -5410.693542 +/-  0.750834
Acceptance Rate:                        0.504096
Replacements:                               1600
Total Samples:                              3174
Nested Sampling ln(Z):              -6233.027215
Importance Nested Sampling ln(Z):   -5410.847211 +/-  0.750806
Acceptance Rate:                        0.500759
Replacements:                               1650
Total Samples:                              3295
Nested Sampling ln(Z):              -6139.364749
Importance Nested Sampling ln(Z):   -5411.003571 +/-  0.750828
Acceptance Rate:                        0.493326
Replacements:                               1700
Total Samples:                              3446
Nested Sampling ln(Z):              -6043.823970
Importance Nested Sampling ln(Z):   -5411.227899 +/-  0.750853
Acceptance Rate:                        0.485841
Replacements:                               1750
Total Samples:                              3602
Nested Sampling ln(Z):              -5962.211577
Importance Nested Sampling ln(Z):   -5411.411724 +/-  0.750873
Acceptance Rate:                        0.477200
Replacements:                               1800
Total Samples:                              3772
Nested Sampling ln(Z):              -5900.361609
Importance Nested Sampling ln(Z):   -5411.595267 +/-  0.750889
Acceptance Rate:                        0.467762
Replacements:                               1850
Total Samples:                              3955
Nested Sampling ln(Z):              -5847.756718
Importance Nested Sampling ln(Z):   -5398.832332 +/-  0.999871
Acceptance Rate:                        0.465230
Replacements:                               1900
Total Samples:                              4084
Nested Sampling ln(Z):              -5801.278858
Importance Nested Sampling ln(Z):   -5398.964694 +/-  0.999875
Acceptance Rate:                        0.457854
Replacements:                               1950
Total Samples:                              4259
Nested Sampling ln(Z):              -5762.270680
Importance Nested Sampling ln(Z):   -5399.148750 +/-  0.999880
Acceptance Rate:                        0.451162
Replacements:                               2000
Total Samples:                              4433
Nested Sampling ln(Z):              -5725.745096
Importance Nested Sampling ln(Z):   -5381.296764 +/-  0.999887
Acceptance Rate:                        0.446137
Replacements:                               2050
Total Samples:                              4595
Nested Sampling ln(Z):              -5704.972845
Importance Nested Sampling ln(Z):   -5381.455368 +/-  0.999891
Acceptance Rate:                        0.441826
Replacements:                               2100
Total Samples:                              4753
Nested Sampling ln(Z):              -5675.008838
Importance Nested Sampling ln(Z):   -5381.603517 +/-  0.999895
Acceptance Rate:                        0.436282
Replacements:                               2150
Total Samples:                              4928
Nested Sampling ln(Z):              -5652.181863
Importance Nested Sampling ln(Z):   -5381.750509 +/-  0.999899
Acceptance Rate:                        0.428850
Replacements:                               2200
Total Samples:                              5130
Nested Sampling ln(Z):              -5634.785743
Importance Nested Sampling ln(Z):   -5381.913214 +/-  0.999903
Acceptance Rate:                        0.425411
Replacements:                               2250
Total Samples:                              5289
Nested Sampling ln(Z):              -5619.549434
Importance Nested Sampling ln(Z):   -5381.805448 +/-  0.811249
Acceptance Rate:                        0.421168
Replacements:                               2300
Total Samples:                              5461
Nested Sampling ln(Z):              -5605.230522
Importance Nested Sampling ln(Z):   -5381.964462 +/-  0.811283
Acceptance Rate:                        0.417629
Replacements:                               2350
Total Samples:                              5627
Nested Sampling ln(Z):              -5587.763285
Importance Nested Sampling ln(Z):   -5382.106637 +/-  0.811310
Acceptance Rate:                        0.416594
Replacements:                               2400
Total Samples:                              5761
Nested Sampling ln(Z):              -5572.019709
Importance Nested Sampling ln(Z):   -5382.204689 +/-  0.811328
Acceptance Rate:                        0.413014
Replacements:                               2450
Total Samples:                              5932
Nested Sampling ln(Z):              -5559.830876
Importance Nested Sampling ln(Z):   -5382.400190 +/-  0.811356
Acceptance Rate:                        0.409500
Replacements:                               2500
Total Samples:                              6105
Nested Sampling ln(Z):              -5547.927192
Importance Nested Sampling ln(Z):   -5382.571879 +/-  0.810541
Acceptance Rate:                        0.406051
Replacements:                               2550
Total Samples:                              6280
Nested Sampling ln(Z):              -5536.338916
Importance Nested Sampling ln(Z):   -5382.712634 +/-  0.810557
Acceptance Rate:                        0.401855
Replacements:                               2600
Total Samples:                              6470
Nested Sampling ln(Z):              -5524.522050
Importance Nested Sampling ln(Z):   -5382.868716 +/-  0.810572
Acceptance Rate:                        0.396529
Replacements:                               2650
Total Samples:                              6683
Nested Sampling ln(Z):              -5515.417117
Importance Nested Sampling ln(Z):   -5383.057341 +/-  0.810588
Acceptance Rate:                        0.389217
Replacements:                               2700
Total Samples:                              6937
Nested Sampling ln(Z):              -5505.041961
Importance Nested Sampling ln(Z):   -5383.265181 +/-  0.810603
Acceptance Rate:                        0.385965
Replacements:                               2750
Total Samples:                              7125
Nested Sampling ln(Z):              -5495.978032
Importance Nested Sampling ln(Z):   -5383.427616 +/-  0.810601
Acceptance Rate:                        0.382775
Replacements:                               2800
Total Samples:                              7315
Nested Sampling ln(Z):              -5488.420795
Importance Nested Sampling ln(Z):   -5383.570130 +/-  0.810608
Acceptance Rate:                        0.379747
Replacements:                               2850
Total Samples:                              7505
Nested Sampling ln(Z):              -5481.888843
Importance Nested Sampling ln(Z):   -5383.727017 +/-  0.810616
Acceptance Rate:                        0.377015
Replacements:                               2900
Total Samples:                              7692
Nested Sampling ln(Z):              -5474.839459
Importance Nested Sampling ln(Z):   -5383.886881 +/-  0.807056
Acceptance Rate:                        0.373607
Replacements:                               2950
Total Samples:                              7896
Nested Sampling ln(Z):              -5468.100138
Importance Nested Sampling ln(Z):   -5383.920019 +/-  0.714311
Acceptance Rate:                        0.368732
Replacements:                               3000
Total Samples:                              8136
Nested Sampling ln(Z):              -5462.339614
Importance Nested Sampling ln(Z):   -5384.096628 +/-  0.714317
Acceptance Rate:                        0.364920
Replacements:                               3050
Total Samples:                              8358
Nested Sampling ln(Z):              -5456.326422
Importance Nested Sampling ln(Z):   -5383.420763 +/-  0.648042
Acceptance Rate:                        0.361854
Replacements:                               3100
Total Samples:                              8567
Nested Sampling ln(Z):              -5452.377499
Importance Nested Sampling ln(Z):   -5383.535076 +/-  0.622522
Acceptance Rate:                        0.358280
Replacements:                               3150
Total Samples:                              8792
Nested Sampling ln(Z):              -5447.072072
Importance Nested Sampling ln(Z):   -5381.316701 +/-  0.790230
Acceptance Rate:                        0.354885
Replacements:                               3200
Total Samples:                              9017
Nested Sampling ln(Z):              -5443.175001
Importance Nested Sampling ln(Z):   -5381.220691 +/-  0.644659
Acceptance Rate:                        0.349500
Replacements:                               3250
Total Samples:                              9299
Nested Sampling ln(Z):              -5438.751549
Importance Nested Sampling ln(Z):   -5381.403307 +/-  0.642931
Acceptance Rate:                        0.346420
Replacements:                               3300
Total Samples:                              9526
Nested Sampling ln(Z):              -5434.317828
Importance Nested Sampling ln(Z):   -5381.551310 +/-  0.642559
Acceptance Rate:                        0.343203
Replacements:                               3350
Total Samples:                              9761
Nested Sampling ln(Z):              -5431.088836
Importance Nested Sampling ln(Z):   -5381.731669 +/-  0.640851
Acceptance Rate:                        0.338578
Replacements:                               3400
Total Samples:                             10042
Nested Sampling ln(Z):              -5427.892177
Importance Nested Sampling ln(Z):   -5381.776266 +/-  0.565395
Acceptance Rate:                        0.334400
Replacements:                               3450
Total Samples:                             10317
Nested Sampling ln(Z):              -5425.202216
Importance Nested Sampling ln(Z):   -5381.963131 +/-  0.565362
Acceptance Rate:                        0.330407
Replacements:                               3500
Total Samples:                             10593
Nested Sampling ln(Z):              -5422.724905
Importance Nested Sampling ln(Z):   -5378.190334 +/-  0.973873
Acceptance Rate:                        0.326647
Replacements:                               3550
Total Samples:                             10868
Nested Sampling ln(Z):              -5420.328515
Importance Nested Sampling ln(Z):   -5378.088911 +/-  0.779970
Acceptance Rate:                        0.322986
Replacements:                               3600
Total Samples:                             11146
Nested Sampling ln(Z):              -5418.328970
Importance Nested Sampling ln(Z):   -5378.260698 +/-  0.780103
Acceptance Rate:                        0.322666
Replacements:                               3650
Total Samples:                             11312
Nested Sampling ln(Z):              -5415.598555
Importance Nested Sampling ln(Z):   -5378.371536 +/-  0.779473
Acceptance Rate:                        0.320152
Replacements:                               3700
Total Samples:                             11557
Nested Sampling ln(Z):              -5413.332917
Importance Nested Sampling ln(Z):   -5378.484174 +/-  0.756186
Acceptance Rate:                        0.316991
Replacements:                               3750
Total Samples:                             11830
Nested Sampling ln(Z):              -5411.280558
Importance Nested Sampling ln(Z):   -5378.345192 +/-  0.599901
Acceptance Rate:                        0.314908
Replacements:                               3800
Total Samples:                             12067
Nested Sampling ln(Z):              -5409.389921
Importance Nested Sampling ln(Z):   -5378.487340 +/-  0.596407
Acceptance Rate:                        0.312424
Replacements:                               3850
Total Samples:                             12323
Nested Sampling ln(Z):              -5407.486041
Importance Nested Sampling ln(Z):   -5378.659342 +/-  0.595325
Acceptance Rate:                        0.311178
Replacements:                               3900
Total Samples:                             12533
Nested Sampling ln(Z):              -5405.225935
Importance Nested Sampling ln(Z):   -5378.664626 +/-  0.528013
Acceptance Rate:                        0.306891
Replacements:                               3950
Total Samples:                             12871
Nested Sampling ln(Z):              -5403.514913
Importance Nested Sampling ln(Z):   -5377.415381 +/-  0.653406
Acceptance Rate:                        0.303421
Replacements:                               4000
Total Samples:                             13183
Nested Sampling ln(Z):              -5401.548553
Importance Nested Sampling ln(Z):   -5377.277711 +/-  0.527206
Acceptance Rate:                        0.298277
Replacements:                               4050
Total Samples:                             13578
Nested Sampling ln(Z):              -5399.761457
Importance Nested Sampling ln(Z):   -5377.304864 +/-  0.453585
Acceptance Rate:                        0.294900
Replacements:                               4100
Total Samples:                             13903
Nested Sampling ln(Z):              -5398.245561
Importance Nested Sampling ln(Z):   -5377.398244 +/-  0.426011
Acceptance Rate:                        0.291146
Replacements:                               4150
Total Samples:                             14254
Nested Sampling ln(Z):              -5396.983237
Importance Nested Sampling ln(Z):   -5377.592179 +/-  0.424794
Acceptance Rate:                        0.289855
Replacements:                               4200
Total Samples:                             14490
Nested Sampling ln(Z):              -5395.744081
Importance Nested Sampling ln(Z):   -5377.655157 +/-  0.398016
Acceptance Rate:                        0.287765
Replacements:                               4250
Total Samples:                             14769
Nested Sampling ln(Z):              -5394.248677
Importance Nested Sampling ln(Z):   -5375.655502 +/-  0.864769
Acceptance Rate:                        0.284392
Replacements:                               4300
Total Samples:                             15120
Nested Sampling ln(Z):              -5392.848300
Importance Nested Sampling ln(Z):   -5375.871757 +/-  0.863930
Acceptance Rate:                        0.281298
Replacements:                               4350
Total Samples:                             15464
Nested Sampling ln(Z):              -5391.678321
Importance Nested Sampling ln(Z):   -5376.066615 +/-  0.861350
Acceptance Rate:                        0.278481
Replacements:                               4400
Total Samples:                             15800
Nested Sampling ln(Z):              -5390.681796
Importance Nested Sampling ln(Z):   -5376.241215 +/-  0.838596
Acceptance Rate:                        0.275695
Replacements:                               4450
Total Samples:                             16141
Nested Sampling ln(Z):              -5389.836787
Importance Nested Sampling ln(Z):   -5375.565353 +/-  0.661989
Acceptance Rate:                        0.273706
Replacements:                               4500
Total Samples:                             16441
Nested Sampling ln(Z):              -5389.028436
Importance Nested Sampling ln(Z):   -5375.703877 +/-  0.648008
Acceptance Rate:                        0.271431
Replacements:                               4550
Total Samples:                             16763
Nested Sampling ln(Z):              -5388.220275
Importance Nested Sampling ln(Z):   -5375.845092 +/-  0.625636
Acceptance Rate:                        0.268456
Replacements:                               4600
Total Samples:                             17135
Nested Sampling ln(Z):              -5387.369256
Importance Nested Sampling ln(Z):   -5375.922690 +/-  0.565304
Acceptance Rate:                        0.266079
Replacements:                               4650
Total Samples:                             17476
Nested Sampling ln(Z):              -5386.569601
Importance Nested Sampling ln(Z):   -5375.628619 +/-  0.458245
Acceptance Rate:                        0.264968
Replacements:                               4700
Total Samples:                             17738
Nested Sampling ln(Z):              -5385.846695
Importance Nested Sampling ln(Z):   -5375.714456 +/-  0.439020
Acceptance Rate:                        0.262765
Replacements:                               4750
Total Samples:                             18077
Nested Sampling ln(Z):              -5385.205317
Importance Nested Sampling ln(Z):   -5375.857490 +/-  0.426139
Acceptance Rate:                        0.261310
Replacements:                               4800
Total Samples:                             18369
Nested Sampling ln(Z):              -5384.512485
Importance Nested Sampling ln(Z):   -5375.873530 +/-  0.383210
Acceptance Rate:                        0.259497
Replacements:                               4850
Total Samples:                             18690
Nested Sampling ln(Z):              -5383.951676
Importance Nested Sampling ln(Z):   -5375.760801 +/-  0.361179
Acceptance Rate:                        0.257800
Replacements:                               4900
Total Samples:                             19007
Nested Sampling ln(Z):              -5383.412649
Importance Nested Sampling ln(Z):   -5375.879308 +/-  0.345703
Acceptance Rate:                        0.255023
Replacements:                               4950
Total Samples:                             19410
Nested Sampling ln(Z):              -5382.828746
Importance Nested Sampling ln(Z):   -5375.876769 +/-  0.290606
Acceptance Rate:                        0.253088
Replacements:                               5000
Total Samples:                             19756
Nested Sampling ln(Z):              -5382.278936
Importance Nested Sampling ln(Z):   -5376.013087 +/-  0.279873
Acceptance Rate:                        0.250595
Replacements:                               5050
Total Samples:                             20152
Nested Sampling ln(Z):              -5381.752812
Importance Nested Sampling ln(Z):   -5376.031539 +/-  0.246064
Acceptance Rate:                        0.249560
Replacements:                               5100
Total Samples:                             20436
Nested Sampling ln(Z):              -5381.295562
Importance Nested Sampling ln(Z):   -5375.997531 +/-  0.228908
Acceptance Rate:                        0.247858
Replacements:                               5150
Total Samples:                             20778
Nested Sampling ln(Z):              -5380.896310
Importance Nested Sampling ln(Z):   -5375.923121 +/-  0.211729
Acceptance Rate:                        0.245979
Replacements:                               5200
Total Samples:                             21140
Nested Sampling ln(Z):              -5380.548395
Importance Nested Sampling ln(Z):   -5376.080157 +/-  0.208693
Acceptance Rate:                        0.244938
Replacements:                               5250
Total Samples:                             21434
Nested Sampling ln(Z):              -5380.211490
Importance Nested Sampling ln(Z):   -5376.190279 +/-  0.203821
Acceptance Rate:                        0.244082
Replacements:                               5300
Total Samples:                             21714
Nested Sampling ln(Z):              -5379.874911
Importance Nested Sampling ln(Z):   -5376.229480 +/-  0.191269
Acceptance Rate:                        0.242928
Replacements:                               5350
Total Samples:                             22023
Nested Sampling ln(Z):              -5379.549494
Importance Nested Sampling ln(Z):   -5376.184446 +/-  0.167301
Acceptance Rate:                        0.241050
Replacements:                               5400
Total Samples:                             22402
Nested Sampling ln(Z):              -5379.236382
Importance Nested Sampling ln(Z):   -5376.029479 +/-  0.186836
Acceptance Rate:                        0.239518
Replacements:                               5450
Total Samples:                             22754
Nested Sampling ln(Z):              -5378.923086
Importance Nested Sampling ln(Z):   -5375.970504 +/-  0.194316
Acceptance Rate:                        0.238302
Replacements:                               5500
Total Samples:                             23080
Nested Sampling ln(Z):              -5378.617407
Importance Nested Sampling ln(Z):   -5376.106259 +/-  0.188538
Acceptance Rate:                        0.236906
Replacements:                               5550
Total Samples:                             23427
Nested Sampling ln(Z):              -5378.334668
Importance Nested Sampling ln(Z):   -5376.197485 +/-  0.180114
Acceptance Rate:                        0.235245
Replacements:                               5600
Total Samples:                             23805
Nested Sampling ln(Z):              -5378.073349
Importance Nested Sampling ln(Z):   -5376.226351 +/-  0.163402
Acceptance Rate:                        0.233645
Replacements:                               5650
Total Samples:                             24182
Nested Sampling ln(Z):              -5377.830338
Importance Nested Sampling ln(Z):   -5376.292777 +/-  0.148770
Acceptance Rate:                        0.232009
Replacements:                               5700
Total Samples:                             24568
Nested Sampling ln(Z):              -5377.599242
Importance Nested Sampling ln(Z):   -5376.365491 +/-  0.134666
Acceptance Rate:                        0.230452
Replacements:                               5750
Total Samples:                             24951
Nested Sampling ln(Z):              -5377.376071
Importance Nested Sampling ln(Z):   -5376.367903 +/-  0.119455
Acceptance Rate:                        0.228644
Replacements:                               5800
Total Samples:                             25367
Nested Sampling ln(Z):              -5377.157945
Importance Nested Sampling ln(Z):   -5376.270893 +/-  0.109185
Acceptance Rate:                        0.226982
Replacements:                               5850
Total Samples:                             25773
Nested Sampling ln(Z):              -5376.956431
Importance Nested Sampling ln(Z):   -5376.233031 +/-  0.096379
Acceptance Rate:                        0.225156
Replacements:                               5900
Total Samples:                             26204
Nested Sampling ln(Z):              -5376.776511
Importance Nested Sampling ln(Z):   -5376.107626 +/-  0.087957
Acceptance Rate:                        0.223466
Replacements:                               5950
Total Samples:                             26626
Nested Sampling ln(Z):              -5376.612119
Importance Nested Sampling ln(Z):   -5376.090880 +/-  0.082950
Acceptance Rate:                        0.221902
Replacements:                               6000
Total Samples:                             27039
Nested Sampling ln(Z):              -5376.461136
Importance Nested Sampling ln(Z):   -5376.095578 +/-  0.077224
Acceptance Rate:                        0.221061
Replacements:                               6050
Total Samples:                             27368
Nested Sampling ln(Z):              -5376.326427
Importance Nested Sampling ln(Z):   -5376.068546 +/-  0.074908
Acceptance Rate:                        0.220791
Replacements:                               6100
Total Samples:                             27628
Nested Sampling ln(Z):              -5376.195849
Importance Nested Sampling ln(Z):   -5376.058935 +/-  0.068202
Acceptance Rate:                        0.219800
Replacements:                               6150
Total Samples:                             27980
Nested Sampling ln(Z):              -5376.067453
Importance Nested Sampling ln(Z):   -5376.033969 +/-  0.070790
 
 MultiNest Warning!
 Parameter            8  of mode            1 
  is converging towards the edge of the prior.
Acceptance Rate:                        0.218495
Replacements:                               6200
Total Samples:                             28376
Nested Sampling ln(Z):              -5375.947864
Importance Nested Sampling ln(Z):   -5376.009509 +/-  0.062118
Acceptance Rate:                        0.217308
Replacements:                               6250
Total Samples:                             28761
Nested Sampling ln(Z):              -5375.837721
Importance Nested Sampling ln(Z):   -5376.032325 +/-  0.056052
 
 MultiNest Warning!
 Parameter            8  of mode            1 
  is converging towards the edge of the prior.
Acceptance Rate:                        0.216920
Replacements:                               6300
Total Samples:                             29043
Nested Sampling ln(Z):              -5375.734083
Importance Nested Sampling ln(Z):   -5376.034290 +/-  0.051872
Acceptance Rate:                        0.215950
Replacements:                               6350
Total Samples:                             29405
Nested Sampling ln(Z):              -5375.638241
Importance Nested Sampling ln(Z):   -5375.998645 +/-  0.051855
 
 MultiNest Warning!
 Parameter            8  of mode            1 
  is converging towards the edge of the prior.
Acceptance Rate:                        0.214715
Replacements:                               6400
Total Samples:                             29807
Nested Sampling ln(Z):              -5375.549184
Importance Nested Sampling ln(Z):   -5375.985254 +/-  0.047663
Acceptance Rate:                        0.213569
Replacements:                               6450
Total Samples:                             30201
Nested Sampling ln(Z):              -5375.467574
Importance Nested Sampling ln(Z):   -5376.023963 +/-  0.044664
 
 MultiNest Warning!
 Parameter            8  of mode            1 
  is converging towards the edge of the prior.
Acceptance Rate:                        0.213199
Replacements:                               6500
Total Samples:                             30488
Nested Sampling ln(Z):              -5375.394124
Importance Nested Sampling ln(Z):   -5376.032722 +/-  0.041628
Acceptance Rate:                        0.212373
Replacements:                               6550
Total Samples:                             30842
Nested Sampling ln(Z):              -5375.328409
Importance Nested Sampling ln(Z):   -5376.043476 +/-  0.038140
 
 MultiNest Warning!
 Parameter            8  of mode            1 
  is converging towards the edge of the prior.
Acceptance Rate:                        0.211688
Replacements:                               6600
Total Samples:                             31178
Nested Sampling ln(Z):              -5375.267298
Importance Nested Sampling ln(Z):   -5376.067229 +/-  0.035052
Acceptance Rate:                        0.210863
Replacements:                               6650
Total Samples:                             31537
Nested Sampling ln(Z):              -5375.207076
Importance Nested Sampling ln(Z):   -5376.087796 +/-  0.031621
 
 MultiNest Warning!
 Parameter            8  of mode            1 
  is converging towards the edge of the prior.
Acceptance Rate:                        0.210203
Replacements:                               6700
Total Samples:                             31874
Nested Sampling ln(Z):              -5375.152910
Importance Nested Sampling ln(Z):   -5376.090583 +/-  0.029477
Acceptance Rate:                        0.209745
Replacements:                               6750
Total Samples:                             32182
Nested Sampling ln(Z):              -5375.103941
Importance Nested Sampling ln(Z):   -5376.082393 +/-  0.027899
 
 MultiNest Warning!
 Parameter            8  of mode            1 
  is converging towards the edge of the prior.
Acceptance Rate:                        0.208768
Replacements:                               6800
Total Samples:                             32572
Nested Sampling ln(Z):              -5375.059121
Importance Nested Sampling ln(Z):   -5376.078808 +/-  0.026509
Acceptance Rate:                        0.207651
Replacements:                               6850
Total Samples:                             32988
Nested Sampling ln(Z):              -5375.016552
Importance Nested Sampling ln(Z):   -5376.091127 +/-  0.024920
 
 MultiNest Warning!
 Parameter            8  of mode            1 
  is converging towards the edge of the prior.
Acceptance Rate:                        0.206673
Replacements:                               6900
Total Samples:                             33386
Nested Sampling ln(Z):              -5374.976994
Importance Nested Sampling ln(Z):   -5376.100959 +/-  0.022907
Acceptance Rate:                        0.205792
Replacements:                               6950
Total Samples:                             33772
Nested Sampling ln(Z):              -5374.940627
Importance Nested Sampling ln(Z):   -5376.105399 +/-  0.021274
 
 MultiNest Warning!
 Parameter            8  of mode            1 
  is converging towards the edge of the prior.
Acceptance Rate:                        0.204996
Replacements:                               7000
Total Samples:                             34147
Nested Sampling ln(Z):              -5374.906752
Importance Nested Sampling ln(Z):   -5376.118331 +/-  0.019920
Acceptance Rate:                        0.204153
Replacements:                               7050
Total Samples:                             34533
Nested Sampling ln(Z):              -5374.876098
Importance Nested Sampling ln(Z):   -5376.129816 +/-  0.018753
 
 MultiNest Warning!
 Parameter            8  of mode            1 
  is converging towards the edge of the prior.
Acceptance Rate:                        0.203095
Replacements:                               7100
Total Samples:                             34959
Nested Sampling ln(Z):              -5374.848305
Importance Nested Sampling ln(Z):   -5376.142903 +/-  0.017619
Acceptance Rate:                        0.202023
Replacements:                               7150
Total Samples:                             35392
Nested Sampling ln(Z):              -5374.822991
Importance Nested Sampling ln(Z):   -5376.152585 +/-  0.016481
 
 MultiNest Warning!
 Parameter            8  of mode            1 
  is converging towards the edge of the prior.
Acceptance Rate:                        0.201168
Replacements:                               7200
Total Samples:                             35791
Nested Sampling ln(Z):              -5374.800139
Importance Nested Sampling ln(Z):   -5376.155728 +/-  0.015610
Acceptance Rate:                        0.200514
Replacements:                               7250
Total Samples:                             36157
Nested Sampling ln(Z):              -5374.779362
Importance Nested Sampling ln(Z):   -5376.158294 +/-  0.014914
 
 MultiNest Warning!
 Parameter            8  of mode            1 
  is converging towards the edge of the prior.
Acceptance Rate:                        0.199247
Replacements:                               7300
Total Samples:                             36638
Nested Sampling ln(Z):              -5374.760091
Importance Nested Sampling ln(Z):   -5376.150606 +/-  0.014120
Acceptance Rate:                        0.198423
Replacements:                               7350
Total Samples:                             37042
Nested Sampling ln(Z):              -5374.742584
Importance Nested Sampling ln(Z):   -5376.138677 +/-  0.013569
Acceptance Rate:                        0.198169
Replacements:                               7360
Total Samples:                             37140
Nested Sampling ln(Z):              -5374.739292
Importance Nested Sampling ln(Z):   -5376.137223 +/-  0.013443
 ln(ev)=  -5374.59494193099      +/-  0.251562493479477     
 Total Likelihood Evaluations:        37140
 Sampling finished. Exiting MultiNest
MPI process 0 / 1:	The timer Multinest scan has ended.
Duration: 87391035066 microseconds.
MPI process 0 / 1:	Multinest scan took 87391 seconds.
