N_eff not being varied. To vary it give "neff" as an extra argument.
Varying sum_mnu!
Using Planck.
Running with standard PPS and neutrinos.
Planck data dir = /Volumes/Data1/Planck2015/plc-2.0
 BFLike Ntemp  =        2876
 BFLike Nq     =        1407
 BFLike Nu     =        1407
 BFLike Nside  =          16
 BFLike Nwrite =    32393560
 cls file appears to have 5+ columns
 assuming it is a CAMB file with l, TT, EE, BB, TE
 info =            0
----
clik version 6dc2a8cf3965 MAKEFILE
  bflike_smw
Checking likelihood '/Volumes/Data1/Planck2015/plc-2.0/low_l/bflike/lowl_SMW_70_dx11d_2014_10_03_v5c_Ap.clik' on test data. got -5247.87 expected -5247.87 (diff 3.26225e-07)
----
Low likelihood has TT with l_max = 29
Low likelihood has EE with l_max = 29
Low likelihood has BB with l_max = 29
Low likelihood has TE with l_max = 29
Low likelihood has TB with l_max = -1
Low likelihood has EB with l_max = -1
 Initializing Planck likelihood, version Plik_v18_cmbonly_like
----
clik version 6dc2a8cf3965 MAKEFILE
  plik_cmbonly
Checking likelihood '/Volumes/Data1/Planck2015/plc-2.0/hi_l/plik_lite/plik_lite_v18_TT.clik' on test data. got -101.798 expected -101.798 (diff 1.03566e-08)
----
High likelihood has TT with l_max = 2508
High likelihood has EE with l_max = -1
High likelihood has BB with l_max = -1
High likelihood has TE with l_max = -1
High likelihood has TB with l_max = -1
High likelihood has EB with l_max = -1
Low l_max = 29
High l_max = 2508
Lensing l_max = 0
Total l_max = 2508
Setting parameters
Starting the timer Multinest scan...
 MultiNest Warning: no resume file found, starting from scratch
 *****************************************************
 MultiNest v3.9
 Copyright Farhan Feroz & Mike Hobson
 Release Oct 2014
 
 no. of live points =  300
 dimensionality =    8
 *****************************************************
 Starting MultiNest
 generating live points
 live points generated, starting sampling
Acceptance Rate:                        0.991501
Replacements:                                350
Total Samples:                               353
Nested Sampling ln(Z):            -109826.692148
Importance Nested Sampling ln(Z):   -6001.064460 +/-  0.998583
Acceptance Rate:                        0.966184
Replacements:                                400
Total Samples:                               414
Nested Sampling ln(Z):             -79698.204892
Importance Nested Sampling ln(Z):   -6001.223858 +/-  0.998792
Acceptance Rate:                        0.935551
Replacements:                                450
Total Samples:                               481
Nested Sampling ln(Z):             -62494.563277
Importance Nested Sampling ln(Z):   -6001.373859 +/-  0.998960
Acceptance Rate:                        0.886525
Replacements:                                500
Total Samples:                               564
Nested Sampling ln(Z):             -50294.878188
Importance Nested Sampling ln(Z):   -6001.533046 +/-  0.999113
Acceptance Rate:                        0.814815
Replacements:                                550
Total Samples:                               675
Nested Sampling ln(Z):             -39689.526250
Importance Nested Sampling ln(Z):   -6001.712705 +/-  0.999259
Acceptance Rate:                        0.763359
Replacements:                                600
Total Samples:                               786
Nested Sampling ln(Z):             -32986.318974
Importance Nested Sampling ln(Z):   -5422.002741 +/-  0.999364
Acceptance Rate:                        0.687104
Replacements:                                650
Total Samples:                               946
Nested Sampling ln(Z):             -26525.133014
Importance Nested Sampling ln(Z):   -5422.188027 +/-  0.999471
Acceptance Rate:                        0.671141
Replacements:                                700
Total Samples:                              1043
Nested Sampling ln(Z):             -22891.689632
Importance Nested Sampling ln(Z):   -5422.720717 +/-  0.999516
Acceptance Rate:                        0.658472
Replacements:                                750
Total Samples:                              1139
Nested Sampling ln(Z):             -19637.134881
Importance Nested Sampling ln(Z):   -5423.244468 +/-  0.999556
Acceptance Rate:                        0.646726
Replacements:                                800
Total Samples:                              1237
Nested Sampling ln(Z):             -16771.008152
Importance Nested Sampling ln(Z):   -5423.631586 +/-  0.999591
Acceptance Rate:                        0.634328
Replacements:                                850
Total Samples:                              1340
Nested Sampling ln(Z):             -14819.700538
Importance Nested Sampling ln(Z):   -5423.930348 +/-  0.999622
Acceptance Rate:                        0.628492
Replacements:                                900
Total Samples:                              1432
Nested Sampling ln(Z):             -13108.684817
Importance Nested Sampling ln(Z):   -5424.462094 +/-  0.999646
Acceptance Rate:                        0.621321
Replacements:                                950
Total Samples:                              1529
Nested Sampling ln(Z):             -12080.163853
Importance Nested Sampling ln(Z):   -5424.863304 +/-  0.999668
Acceptance Rate:                        0.619963
Replacements:                               1000
Total Samples:                              1613
Nested Sampling ln(Z):             -10706.907620
Importance Nested Sampling ln(Z):   -5425.093340 +/-  0.994204
Acceptance Rate:                        0.609049
Replacements:                               1050
Total Samples:                              1724
Nested Sampling ln(Z):              -9836.571911
Importance Nested Sampling ln(Z):   -5425.243071 +/-  0.994225
Acceptance Rate:                        0.599129
Replacements:                               1100
Total Samples:                              1836
Nested Sampling ln(Z):              -9278.809454
Importance Nested Sampling ln(Z):   -5425.400333 +/-  0.994243
Acceptance Rate:                        0.594315
Replacements:                               1150
Total Samples:                              1935
Nested Sampling ln(Z):              -8530.780179
Importance Nested Sampling ln(Z):   -5425.524595 +/-  0.994257
Acceptance Rate:                        0.584510
Replacements:                               1200
Total Samples:                              2053
Nested Sampling ln(Z):              -8091.767675
Importance Nested Sampling ln(Z):   -5407.353534 +/-  0.999756
Acceptance Rate:                        0.581125
Replacements:                               1250
Total Samples:                              2151
Nested Sampling ln(Z):              -7717.610186
Importance Nested Sampling ln(Z):   -5407.497441 +/-  0.999768
Acceptance Rate:                        0.575731
Replacements:                               1300
Total Samples:                              2258
Nested Sampling ln(Z):              -7332.649016
Importance Nested Sampling ln(Z):   -5406.513064 +/-  0.749141
Acceptance Rate:                        0.568182
Replacements:                               1350
Total Samples:                              2376
Nested Sampling ln(Z):              -7119.584705
Importance Nested Sampling ln(Z):   -5406.679527 +/-  0.749112
Acceptance Rate:                        0.560897
Replacements:                               1400
Total Samples:                              2496
Nested Sampling ln(Z):              -6853.092516
Importance Nested Sampling ln(Z):   -5406.828947 +/-  0.749093
Acceptance Rate:                        0.556836
Replacements:                               1450
Total Samples:                              2604
Nested Sampling ln(Z):              -6683.406566
Importance Nested Sampling ln(Z):   -5406.951396 +/-  0.749080
Acceptance Rate:                        0.548647
Replacements:                               1500
Total Samples:                              2734
Nested Sampling ln(Z):              -6512.318822
Importance Nested Sampling ln(Z):   -5406.495112 +/-  0.613736
Acceptance Rate:                        0.545007
Replacements:                               1550
Total Samples:                              2844
Nested Sampling ln(Z):              -6392.337352
Importance Nested Sampling ln(Z):   -5396.455299 +/-  0.999787
Acceptance Rate:                        0.541822
Replacements:                               1600
Total Samples:                              2953
Nested Sampling ln(Z):              -6262.635688
Importance Nested Sampling ln(Z):   -5396.595509 +/-  0.999793
Acceptance Rate:                        0.539216
Replacements:                               1650
Total Samples:                              3060
Nested Sampling ln(Z):              -6164.827113
Importance Nested Sampling ln(Z):   -5396.716236 +/-  0.999799
Acceptance Rate:                        0.529430
Replacements:                               1700
Total Samples:                              3211
Nested Sampling ln(Z):              -6085.793932
Importance Nested Sampling ln(Z):   -5396.846592 +/-  0.999807
Acceptance Rate:                        0.522076
Replacements:                               1750
Total Samples:                              3352
Nested Sampling ln(Z):              -6006.155634
Importance Nested Sampling ln(Z):   -5396.985353 +/-  0.999813
Acceptance Rate:                        0.517241
Replacements:                               1800
Total Samples:                              3480
Nested Sampling ln(Z):              -5936.332611
Importance Nested Sampling ln(Z):   -5395.564066 +/-  0.821801
Acceptance Rate:                        0.517049
Replacements:                               1850
Total Samples:                              3578
Nested Sampling ln(Z):              -5871.972861
Importance Nested Sampling ln(Z):   -5395.693506 +/-  0.821792
Acceptance Rate:                        0.507886
Replacements:                               1900
Total Samples:                              3741
Nested Sampling ln(Z):              -5818.265774
Importance Nested Sampling ln(Z):   -5395.914777 +/-  0.821780
Acceptance Rate:                        0.502707
Replacements:                               1950
Total Samples:                              3879
Nested Sampling ln(Z):              -5780.899836
Importance Nested Sampling ln(Z):   -5396.061889 +/-  0.812416
Acceptance Rate:                        0.501379
Replacements:                               2000
Total Samples:                              3989
Nested Sampling ln(Z):              -5736.452686
Importance Nested Sampling ln(Z):   -5387.951234 +/-  0.999616
Acceptance Rate:                        0.496849
Replacements:                               2050
Total Samples:                              4126
Nested Sampling ln(Z):              -5700.346953
Importance Nested Sampling ln(Z):   -5388.097755 +/-  0.999621
Acceptance Rate:                        0.489510
Replacements:                               2100
Total Samples:                              4290
Nested Sampling ln(Z):              -5663.054399
Importance Nested Sampling ln(Z):   -5388.244144 +/-  0.999625
Acceptance Rate:                        0.483798
Replacements:                               2150
Total Samples:                              4444
Nested Sampling ln(Z):              -5634.475924
Importance Nested Sampling ln(Z):   -5388.375746 +/-  0.999629
Acceptance Rate:                        0.479407
Replacements:                               2200
Total Samples:                              4589
Nested Sampling ln(Z):              -5607.508846
Importance Nested Sampling ln(Z):   -5388.545121 +/-  0.999481
Acceptance Rate:                        0.477099
Replacements:                               2250
Total Samples:                              4716
Nested Sampling ln(Z):              -5587.322759
Importance Nested Sampling ln(Z):   -5388.678867 +/-  0.999484
Acceptance Rate:                        0.470829
Replacements:                               2300
Total Samples:                              4885
Nested Sampling ln(Z):              -5565.013435
Importance Nested Sampling ln(Z):   -5388.875779 +/-  0.999488
Acceptance Rate:                        0.465992
Replacements:                               2350
Total Samples:                              5043
Nested Sampling ln(Z):              -5551.343766
Importance Nested Sampling ln(Z):   -5389.071108 +/-  0.999491
Acceptance Rate:                        0.459946
Replacements:                               2400
Total Samples:                              5218
Nested Sampling ln(Z):              -5535.583352
Importance Nested Sampling ln(Z):   -5389.232331 +/-  0.974213
Acceptance Rate:                        0.456578
Replacements:                               2450
Total Samples:                              5366
Nested Sampling ln(Z):              -5521.099800
Importance Nested Sampling ln(Z):   -5389.369926 +/-  0.974225
Acceptance Rate:                        0.454959
Replacements:                               2500
Total Samples:                              5495
Nested Sampling ln(Z):              -5508.668761
Importance Nested Sampling ln(Z):   -5389.504707 +/-  0.974196
Acceptance Rate:                        0.448944
Replacements:                               2550
Total Samples:                              5680
Nested Sampling ln(Z):              -5497.283453
Importance Nested Sampling ln(Z):   -5389.572740 +/-  0.894527
Acceptance Rate:                        0.444749
Replacements:                               2600
Total Samples:                              5846
Nested Sampling ln(Z):              -5485.646964
Importance Nested Sampling ln(Z):   -5377.136053 +/-  0.999911
Acceptance Rate:                        0.442256
Replacements:                               2650
Total Samples:                              5992
Nested Sampling ln(Z):              -5476.293961
Importance Nested Sampling ln(Z):   -5377.279144 +/-  0.999780
Acceptance Rate:                        0.439096
Replacements:                               2700
Total Samples:                              6149
Nested Sampling ln(Z):              -5469.571475
Importance Nested Sampling ln(Z):   -5377.431706 +/-  0.999051
Acceptance Rate:                        0.434508
Replacements:                               2750
Total Samples:                              6329
Nested Sampling ln(Z):              -5462.033066
Importance Nested Sampling ln(Z):   -5377.619418 +/-  0.996817
Acceptance Rate:                        0.431632
Replacements:                               2800
Total Samples:                              6487
Nested Sampling ln(Z):              -5455.631543
Importance Nested Sampling ln(Z):   -5377.755617 +/-  0.991126
Acceptance Rate:                        0.428314
Replacements:                               2850
Total Samples:                              6654
Nested Sampling ln(Z):              -5449.793832
Importance Nested Sampling ln(Z):   -5377.873630 +/-  0.956824
Acceptance Rate:                        0.425158
Replacements:                               2900
Total Samples:                              6821
Nested Sampling ln(Z):              -5444.162499
Importance Nested Sampling ln(Z):   -5375.039673 +/-  0.948542
Acceptance Rate:                        0.419809
Replacements:                               2950
Total Samples:                              7027
Nested Sampling ln(Z):              -5439.542838
Importance Nested Sampling ln(Z):   -5375.132299 +/-  0.876197
Acceptance Rate:                        0.418060
Replacements:                               3000
Total Samples:                              7176
Nested Sampling ln(Z):              -5435.291972
Importance Nested Sampling ln(Z):   -5375.254291 +/-  0.875926
Acceptance Rate:                        0.416439
Replacements:                               3050
Total Samples:                              7324
Nested Sampling ln(Z):              -5430.534066
Importance Nested Sampling ln(Z):   -5375.386764 +/-  0.875859
Acceptance Rate:                        0.414328
Replacements:                               3100
Total Samples:                              7482
Nested Sampling ln(Z):              -5426.789990
Importance Nested Sampling ln(Z):   -5375.478289 +/-  0.830384
Acceptance Rate:                        0.412682
Replacements:                               3150
Total Samples:                              7633
Nested Sampling ln(Z):              -5423.710561
Importance Nested Sampling ln(Z):   -5375.497248 +/-  0.752894
Acceptance Rate:                        0.411576
Replacements:                               3200
Total Samples:                              7775
Nested Sampling ln(Z):              -5419.509958
Importance Nested Sampling ln(Z):   -5375.644210 +/-  0.752850
Acceptance Rate:                        0.407882
Replacements:                               3250
Total Samples:                              7968
Nested Sampling ln(Z):              -5416.146769
Importance Nested Sampling ln(Z):   -5375.840759 +/-  0.752064
Acceptance Rate:                        0.404610
Replacements:                               3300
Total Samples:                              8156
Nested Sampling ln(Z):              -5413.021008
Importance Nested Sampling ln(Z):   -5375.709003 +/-  0.583605
Acceptance Rate:                        0.401102
Replacements:                               3350
Total Samples:                              8352
Nested Sampling ln(Z):              -5409.988347
Importance Nested Sampling ln(Z):   -5372.165873 +/-  0.974877
Acceptance Rate:                        0.398640
Replacements:                               3400
Total Samples:                              8529
Nested Sampling ln(Z):              -5407.564480
Importance Nested Sampling ln(Z):   -5371.763283 +/-  0.671424
Acceptance Rate:                        0.397008
Replacements:                               3450
Total Samples:                              8690
Nested Sampling ln(Z):              -5405.013941
Importance Nested Sampling ln(Z):   -5371.905371 +/-  0.671425
Acceptance Rate:                        0.394589
Replacements:                               3500
Total Samples:                              8870
Nested Sampling ln(Z):              -5402.589440
Importance Nested Sampling ln(Z):   -5372.066277 +/-  0.669629
Acceptance Rate:                        0.390840
Replacements:                               3550
Total Samples:                              9083
Nested Sampling ln(Z):              -5400.480045
Importance Nested Sampling ln(Z):   -5372.234642 +/-  0.664932
Acceptance Rate:                        0.385976
Replacements:                               3600
Total Samples:                              9327
Nested Sampling ln(Z):              -5398.712003
Importance Nested Sampling ln(Z):   -5372.155677 +/-  0.546583
Acceptance Rate:                        0.382720
Replacements:                               3650
Total Samples:                              9537
Nested Sampling ln(Z):              -5396.969054
Importance Nested Sampling ln(Z):   -5372.259951 +/-  0.512211
Acceptance Rate:                        0.379682
Replacements:                               3700
Total Samples:                              9745
Nested Sampling ln(Z):              -5395.009171
Importance Nested Sampling ln(Z):   -5372.352275 +/-  0.473227
Acceptance Rate:                        0.378482
Replacements:                               3750
Total Samples:                              9908
Nested Sampling ln(Z):              -5393.332441
Importance Nested Sampling ln(Z):   -5372.460411 +/-  0.465612
Acceptance Rate:                        0.376163
Replacements:                               3800
Total Samples:                             10102
Nested Sampling ln(Z):              -5391.804530
Importance Nested Sampling ln(Z):   -5372.556400 +/-  0.435820
Acceptance Rate:                        0.374732
Replacements:                               3850
Total Samples:                             10274
Nested Sampling ln(Z):              -5390.309150
Importance Nested Sampling ln(Z):   -5372.627835 +/-  0.407293
Acceptance Rate:                        0.370511
Replacements:                               3900
Total Samples:                             10526
Nested Sampling ln(Z):              -5388.776392
Importance Nested Sampling ln(Z):   -5372.723951 +/-  0.387589
Acceptance Rate:                        0.366148
Replacements:                               3950
Total Samples:                             10788
Nested Sampling ln(Z):              -5387.436035
Importance Nested Sampling ln(Z):   -5372.369121 +/-  0.443304
Acceptance Rate:                        0.362417
Replacements:                               4000
Total Samples:                             11037
Nested Sampling ln(Z):              -5386.310723
Importance Nested Sampling ln(Z):   -5372.416266 +/-  0.399869
Acceptance Rate:                        0.357553
Replacements:                               4050
Total Samples:                             11327
Nested Sampling ln(Z):              -5385.282081
Importance Nested Sampling ln(Z):   -5372.056672 +/-  0.432109
Acceptance Rate:                        0.354825
Replacements:                               4100
Total Samples:                             11555
Nested Sampling ln(Z):              -5384.260119
Importance Nested Sampling ln(Z):   -5371.868865 +/-  0.357797
Acceptance Rate:                        0.350211
Replacements:                               4150
Total Samples:                             11850
Nested Sampling ln(Z):              -5383.421436
Importance Nested Sampling ln(Z):   -5371.587352 +/-  0.309946
Acceptance Rate:                        0.346306
Replacements:                               4200
Total Samples:                             12128
Nested Sampling ln(Z):              -5382.630197
Importance Nested Sampling ln(Z):   -5371.597938 +/-  0.276387
Acceptance Rate:                        0.342493
Replacements:                               4250
Total Samples:                             12409
Nested Sampling ln(Z):              -5381.808342
Importance Nested Sampling ln(Z):   -5371.468879 +/-  0.230059
Acceptance Rate:                        0.338796
Replacements:                               4300
Total Samples:                             12692
Nested Sampling ln(Z):              -5381.009176
Importance Nested Sampling ln(Z):   -5371.494625 +/-  0.213887
Acceptance Rate:                        0.336739
Replacements:                               4350
Total Samples:                             12918
Nested Sampling ln(Z):              -5380.230571
Importance Nested Sampling ln(Z):   -5371.432754 +/-  0.217562
Acceptance Rate:                        0.334397
Replacements:                               4400
Total Samples:                             13158
Nested Sampling ln(Z):              -5379.498921
Importance Nested Sampling ln(Z):   -5371.493144 +/-  0.200766
Acceptance Rate:                        0.331891
Replacements:                               4450
Total Samples:                             13408
Nested Sampling ln(Z):              -5378.863426
Importance Nested Sampling ln(Z):   -5371.457294 +/-  0.182585
Acceptance Rate:                        0.329308
Replacements:                               4500
Total Samples:                             13665
Nested Sampling ln(Z):              -5378.254328
Importance Nested Sampling ln(Z):   -5371.275984 +/-  0.184811
Acceptance Rate:                        0.326188
Replacements:                               4550
Total Samples:                             13949
Nested Sampling ln(Z):              -5377.656532
Importance Nested Sampling ln(Z):   -5371.315894 +/-  0.174994
Acceptance Rate:                        0.324058
Replacements:                               4600
Total Samples:                             14195
Nested Sampling ln(Z):              -5377.122255
Importance Nested Sampling ln(Z):   -5371.152728 +/-  0.175620
Acceptance Rate:                        0.320336
Replacements:                               4650
Total Samples:                             14516
Nested Sampling ln(Z):              -5376.620712
Importance Nested Sampling ln(Z):   -5371.080633 +/-  0.181026
Acceptance Rate:                        0.316498
Replacements:                               4700
Total Samples:                             14850
Nested Sampling ln(Z):              -5376.193678
Importance Nested Sampling ln(Z):   -5371.081642 +/-  0.156311
Acceptance Rate:                        0.314799
Replacements:                               4750
Total Samples:                             15089
Nested Sampling ln(Z):              -5375.828668
Importance Nested Sampling ln(Z):   -5371.081903 +/-  0.145485
Acceptance Rate:                        0.313132
Replacements:                               4800
Total Samples:                             15329
Nested Sampling ln(Z):              -5375.482335
Importance Nested Sampling ln(Z):   -5371.084668 +/-  0.135260
Acceptance Rate:                        0.310241
Replacements:                               4850
Total Samples:                             15633
Nested Sampling ln(Z):              -5375.150883
Importance Nested Sampling ln(Z):   -5371.143283 +/-  0.124421
Acceptance Rate:                        0.307808
Replacements:                               4900
Total Samples:                             15919
Nested Sampling ln(Z):              -5374.836230
Importance Nested Sampling ln(Z):   -5371.175729 +/-  0.115210
Acceptance Rate:                        0.306483
Replacements:                               4950
Total Samples:                             16151
Nested Sampling ln(Z):              -5374.536261
Importance Nested Sampling ln(Z):   -5371.224848 +/-  0.112162
Acceptance Rate:                        0.305120
Replacements:                               5000
Total Samples:                             16387
Nested Sampling ln(Z):              -5374.237632
Importance Nested Sampling ln(Z):   -5371.251479 +/-  0.105650
Acceptance Rate:                        0.303194
Replacements:                               5050
Total Samples:                             16656
Nested Sampling ln(Z):              -5373.970682
Importance Nested Sampling ln(Z):   -5371.350521 +/-  0.102631
Acceptance Rate:                        0.301704
Replacements:                               5100
Total Samples:                             16904
Nested Sampling ln(Z):              -5373.720758
Importance Nested Sampling ln(Z):   -5371.407620 +/-  0.098957
Acceptance Rate:                        0.299837
Replacements:                               5150
Total Samples:                             17176
Nested Sampling ln(Z):              -5373.475885
Importance Nested Sampling ln(Z):   -5371.395723 +/-  0.093686
Acceptance Rate:                        0.297653
Replacements:                               5200
Total Samples:                             17470
Nested Sampling ln(Z):              -5373.241246
Importance Nested Sampling ln(Z):   -5371.423624 +/-  0.091808
Acceptance Rate:                        0.295958
Replacements:                               5250
Total Samples:                             17739
Nested Sampling ln(Z):              -5373.028861
Importance Nested Sampling ln(Z):   -5371.439998 +/-  0.088461
Acceptance Rate:                        0.294543
Replacements:                               5300
Total Samples:                             17994
Nested Sampling ln(Z):              -5372.829524
Importance Nested Sampling ln(Z):   -5371.486962 +/-  0.087183
Acceptance Rate:                        0.292350
Replacements:                               5350
Total Samples:                             18300
Nested Sampling ln(Z):              -5372.638785
Importance Nested Sampling ln(Z):   -5371.430018 +/-  0.085241
Acceptance Rate:                        0.290276
Replacements:                               5400
Total Samples:                             18603
Nested Sampling ln(Z):              -5372.459995
Importance Nested Sampling ln(Z):   -5371.426413 +/-  0.083420
Acceptance Rate:                        0.287872
Replacements:                               5450
Total Samples:                             18932
Nested Sampling ln(Z):              -5372.300777
Importance Nested Sampling ln(Z):   -5371.453935 +/-  0.081902
Acceptance Rate:                        0.286160
Replacements:                               5500
Total Samples:                             19220
Nested Sampling ln(Z):              -5372.154365
Importance Nested Sampling ln(Z):   -5371.437075 +/-  0.079435
Acceptance Rate:                        0.284878
Replacements:                               5550
Total Samples:                             19482
Nested Sampling ln(Z):              -5372.021287
Importance Nested Sampling ln(Z):   -5371.458866 +/-  0.078599
Acceptance Rate:                        0.282643
Replacements:                               5600
Total Samples:                             19813
Nested Sampling ln(Z):              -5371.899657
Importance Nested Sampling ln(Z):   -5371.449766 +/-  0.077715
Acceptance Rate:                        0.281109
Replacements:                               5650
Total Samples:                             20099
Nested Sampling ln(Z):              -5371.791308
Importance Nested Sampling ln(Z):   -5371.454475 +/-  0.076581
Acceptance Rate:                        0.278035
Replacements:                               5700
Total Samples:                             20501
Nested Sampling ln(Z):              -5371.694299
Importance Nested Sampling ln(Z):   -5371.467703 +/-  0.076166
Acceptance Rate:                        0.275898
Replacements:                               5750
Total Samples:                             20841
Nested Sampling ln(Z):              -5371.605844
Importance Nested Sampling ln(Z):   -5371.475064 +/-  0.075512
Acceptance Rate:                        0.274478
Replacements:                               5800
Total Samples:                             21131
Nested Sampling ln(Z):              -5371.525351
Importance Nested Sampling ln(Z):   -5371.481165 +/-  0.075052
Acceptance Rate:                        0.273288
Replacements:                               5850
Total Samples:                             21406
Nested Sampling ln(Z):              -5371.452445
Importance Nested Sampling ln(Z):   -5371.480708 +/-  0.074573
Acceptance Rate:                        0.271914
Replacements:                               5900
Total Samples:                             21698
Nested Sampling ln(Z):              -5371.383565
Importance Nested Sampling ln(Z):   -5371.485960 +/-  0.074257
Acceptance Rate:                        0.270590
Replacements:                               5950
Total Samples:                             21989
Nested Sampling ln(Z):              -5371.320797
Importance Nested Sampling ln(Z):   -5371.495341 +/-  0.074293
Acceptance Rate:                        0.269918
Replacements:                               6000
Total Samples:                             22229
Nested Sampling ln(Z):              -5371.264765
Importance Nested Sampling ln(Z):   -5371.484960 +/-  0.073306
Acceptance Rate:                        0.268949
Replacements:                               6050
Total Samples:                             22495
Nested Sampling ln(Z):              -5371.212806
Importance Nested Sampling ln(Z):   -5371.472134 +/-  0.072116
Acceptance Rate:                        0.267908
Replacements:                               6100
Total Samples:                             22769
Nested Sampling ln(Z):              -5371.164732
Importance Nested Sampling ln(Z):   -5371.469953 +/-  0.071606
Acceptance Rate:                        0.266753
Replacements:                               6150
Total Samples:                             23055
Nested Sampling ln(Z):              -5371.119893
Importance Nested Sampling ln(Z):   -5371.468143 +/-  0.071206
Acceptance Rate:                        0.265479
Replacements:                               6200
Total Samples:                             23354
Nested Sampling ln(Z):              -5371.078607
Importance Nested Sampling ln(Z):   -5371.474991 +/-  0.071351
Acceptance Rate:                        0.264730
Replacements:                               6250
Total Samples:                             23609
Nested Sampling ln(Z):              -5371.040621
Importance Nested Sampling ln(Z):   -5371.475310 +/-  0.071148
Acceptance Rate:                        0.263709
Replacements:                               6300
Total Samples:                             23890
Nested Sampling ln(Z):              -5371.005916
Importance Nested Sampling ln(Z):   -5371.471894 +/-  0.070757
Acceptance Rate:                        0.262483
Replacements:                               6350
Total Samples:                             24192
Nested Sampling ln(Z):              -5370.973923
Importance Nested Sampling ln(Z):   -5371.477171 +/-  0.070939
Acceptance Rate:                        0.260554
Replacements:                               6400
Total Samples:                             24563
Nested Sampling ln(Z):              -5370.945153
Importance Nested Sampling ln(Z):   -5371.493586 +/-  0.071877
Acceptance Rate:                        0.259057
Replacements:                               6450
Total Samples:                             24898
Nested Sampling ln(Z):              -5370.918739
Importance Nested Sampling ln(Z):   -5371.499697 +/-  0.072193
Acceptance Rate:                        0.257763
Replacements:                               6500
Total Samples:                             25217
Nested Sampling ln(Z):              -5370.894245
Importance Nested Sampling ln(Z):   -5371.504530 +/-  0.072450
Acceptance Rate:                        0.256400
Replacements:                               6550
Total Samples:                             25546
Nested Sampling ln(Z):              -5370.872047
Importance Nested Sampling ln(Z):   -5371.509162 +/-  0.072707
Acceptance Rate:                        0.256170
Replacements:                               6560
Total Samples:                             25608
Nested Sampling ln(Z):              -5370.867840
Importance Nested Sampling ln(Z):   -5371.509026 +/-  0.072687
 ln(ev)=  -5370.69324265090      +/-  0.236640632898334     
 Total Likelihood Evaluations:        25608
 Sampling finished. Exiting MultiNest
MPI process 0 / 1:	The timer Multinest scan has ended.
Duration: 60702643019 microseconds.
MPI process 0 / 1:	Multinest scan took 60702 seconds.
