Varying N_eff!
sum_mnu not being varied. To vary it give "sum_mnu" as an extra argument.
Using Planck.
Using BAO.
Running with standard PPS and neutrinos.
Planck data dir = /Volumes/Data1/Planck2015/plc-2.0
 BFLike Ntemp  =        2876
 BFLike Nq     =        1407
 BFLike Nu     =        1407
 BFLike Nside  =          16
 BFLike Nwrite =    32393560
 cls file appears to have 5+ columns
 assuming it is a CAMB file with l, TT, EE, BB, TE
 info =            0
----
clik version 6dc2a8cf3965 MAKEFILE
  bflike_smw
Checking likelihood '/Volumes/Data1/Planck2015/plc-2.0/low_l/bflike/lowl_SMW_70_dx11d_2014_10_03_v5c_Ap.clik' on test data. got -5247.87 expected -5247.87 (diff 3.26225e-07)
----
Low likelihood has TT with l_max = 29
Low likelihood has EE with l_max = 29
Low likelihood has BB with l_max = 29
Low likelihood has TE with l_max = 29
Low likelihood has TB with l_max = -1
Low likelihood has EB with l_max = -1
 Initializing Planck likelihood, version Plik_v18_cmbonly_like
----
clik version 6dc2a8cf3965 MAKEFILE
  plik_cmbonly
Checking likelihood '/Volumes/Data1/Planck2015/plc-2.0/hi_l/plik_lite/plik_lite_v18_TT.clik' on test data. got -101.798 expected -101.798 (diff 1.03566e-08)
----
High likelihood has TT with l_max = 2508
High likelihood has EE with l_max = -1
High likelihood has BB with l_max = -1
High likelihood has TE with l_max = -1
High likelihood has TB with l_max = -1
High likelihood has EB with l_max = -1
Low l_max = 29
High l_max = 2508
Lensing l_max = 0
Total l_max = 2508
Setting parameters
Starting the timer Multinest scan...
 MultiNest Warning: no resume file found, starting from scratch
 *****************************************************
 MultiNest v3.9
 Copyright Farhan Feroz & Mike Hobson
 Release Oct 2014
 
 no. of live points =  300
 dimensionality =    8
 *****************************************************
 Starting MultiNest
 generating live points
 live points generated, starting sampling
Acceptance Rate:                        0.980392
Replacements:                                350
Total Samples:                               357
Nested Sampling ln(Z):             -96909.464621
Importance Nested Sampling ln(Z):   -5630.796323 +/-  0.998598
Acceptance Rate:                        0.938967
Replacements:                                400
Total Samples:                               426
Nested Sampling ln(Z):             -75823.015535
Importance Nested Sampling ln(Z):   -5630.973026 +/-  0.998826
Acceptance Rate:                        0.905433
Replacements:                                450
Total Samples:                               497
Nested Sampling ln(Z):             -63546.091705
Importance Nested Sampling ln(Z):   -5631.127177 +/-  0.998993
Acceptance Rate:                        0.854701
Replacements:                                500
Total Samples:                               585
Nested Sampling ln(Z):             -51398.028076
Importance Nested Sampling ln(Z):   -5631.290199 +/-  0.999145
Acceptance Rate:                        0.795948
Replacements:                                550
Total Samples:                               691
Nested Sampling ln(Z):             -41156.055718
Importance Nested Sampling ln(Z):   -5631.456727 +/-  0.999276
Acceptance Rate:                        0.758534
Replacements:                                600
Total Samples:                               791
Nested Sampling ln(Z):             -33713.576667
Importance Nested Sampling ln(Z):   -5631.591885 +/-  0.999368
Acceptance Rate:                        0.710383
Replacements:                                650
Total Samples:                               915
Nested Sampling ln(Z):             -29369.845998
Importance Nested Sampling ln(Z):   -5631.736720 +/-  0.998662
Acceptance Rate:                        0.655431
Replacements:                                700
Total Samples:                              1068
Nested Sampling ln(Z):             -25412.802271
Importance Nested Sampling ln(Z):   -5631.891339 +/-  0.998741
Acceptance Rate:                        0.595238
Replacements:                                750
Total Samples:                              1260
Nested Sampling ln(Z):             -21472.358456
Importance Nested Sampling ln(Z):   -5632.056663 +/-  0.998812
Acceptance Rate:                        0.530504
Replacements:                                800
Total Samples:                              1508
Nested Sampling ln(Z):             -19073.759734
Importance Nested Sampling ln(Z):   -5632.236336 +/-  0.998878
Acceptance Rate:                        0.506254
Replacements:                                850
Total Samples:                              1679
Nested Sampling ln(Z):             -16749.996287
Importance Nested Sampling ln(Z):   -5632.721599 +/-  0.985137
Acceptance Rate:                        0.505334
Replacements:                                900
Total Samples:                              1781
Nested Sampling ln(Z):             -14964.265292
Importance Nested Sampling ln(Z):   -5633.121012 +/-  0.985154
Acceptance Rate:                        0.507479
Replacements:                                950
Total Samples:                              1872
Nested Sampling ln(Z):             -13726.614303
Importance Nested Sampling ln(Z):   -5633.449969 +/-  0.985168
Acceptance Rate:                        0.509424
Replacements:                               1000
Total Samples:                              1963
Nested Sampling ln(Z):             -12503.663826
Importance Nested Sampling ln(Z):   -5633.703020 +/-  0.985180
Acceptance Rate:                        0.508475
Replacements:                               1050
Total Samples:                              2065
Nested Sampling ln(Z):             -11406.671293
Importance Nested Sampling ln(Z):   -5633.963174 +/-  0.985193
Acceptance Rate:                        0.506912
Replacements:                               1100
Total Samples:                              2170
Nested Sampling ln(Z):             -10576.525612
Importance Nested Sampling ln(Z):   -5634.199437 +/-  0.985205
Acceptance Rate:                        0.509075
Replacements:                               1150
Total Samples:                              2259
Nested Sampling ln(Z):              -9885.170657
Importance Nested Sampling ln(Z):   -5633.890229 +/-  0.712878
Acceptance Rate:                        0.507829
Replacements:                               1200
Total Samples:                              2363
Nested Sampling ln(Z):              -9263.170529
Importance Nested Sampling ln(Z):   -5634.081837 +/-  0.712889
Acceptance Rate:                        0.505868
Replacements:                               1250
Total Samples:                              2471
Nested Sampling ln(Z):              -8708.793693
Importance Nested Sampling ln(Z):   -5579.972355 +/-  0.999798
Acceptance Rate:                        0.504267
Replacements:                               1300
Total Samples:                              2578
Nested Sampling ln(Z):              -8250.326671
Importance Nested Sampling ln(Z):   -5580.158317 +/-  0.999806
Acceptance Rate:                        0.501486
Replacements:                               1350
Total Samples:                              2692
Nested Sampling ln(Z):              -7851.284121
Importance Nested Sampling ln(Z):   -5457.537697 +/-  0.999814
Acceptance Rate:                        0.500894
Replacements:                               1400
Total Samples:                              2795
Nested Sampling ln(Z):              -7533.401995
Importance Nested Sampling ln(Z):   -5457.703305 +/-  0.999820
Acceptance Rate:                        0.497769
Replacements:                               1450
Total Samples:                              2913
Nested Sampling ln(Z):              -7255.515879
Importance Nested Sampling ln(Z):   -5457.919081 +/-  0.999827
Acceptance Rate:                        0.499334
Replacements:                               1500
Total Samples:                              3004
Nested Sampling ln(Z):              -6966.686309
Importance Nested Sampling ln(Z):   -5458.062116 +/-  0.999833
Acceptance Rate:                        0.496318
Replacements:                               1550
Total Samples:                              3123
Nested Sampling ln(Z):              -6805.823382
Importance Nested Sampling ln(Z):   -5458.216252 +/-  0.999839
Acceptance Rate:                        0.490647
Replacements:                               1600
Total Samples:                              3261
Nested Sampling ln(Z):              -6650.917565
Importance Nested Sampling ln(Z):   -5458.404180 +/-  0.999846
Acceptance Rate:                        0.488166
Replacements:                               1650
Total Samples:                              3380
Nested Sampling ln(Z):              -6518.264126
Importance Nested Sampling ln(Z):   -5458.581786 +/-  0.999851
Acceptance Rate:                        0.481586
Replacements:                               1700
Total Samples:                              3530
Nested Sampling ln(Z):              -6365.858986
Importance Nested Sampling ln(Z):   -5406.097294 +/-  0.999858
Acceptance Rate:                        0.475543
Replacements:                               1750
Total Samples:                              3680
Nested Sampling ln(Z):              -6241.544192
Importance Nested Sampling ln(Z):   -5406.282766 +/-  0.999864
Acceptance Rate:                        0.472937
Replacements:                               1800
Total Samples:                              3806
Nested Sampling ln(Z):              -6150.932895
Importance Nested Sampling ln(Z):   -5406.464932 +/-  0.999869
Acceptance Rate:                        0.470379
Replacements:                               1850
Total Samples:                              3933
Nested Sampling ln(Z):              -6085.365022
Importance Nested Sampling ln(Z):   -5403.180067 +/-  0.968460
Acceptance Rate:                        0.469832
Replacements:                               1900
Total Samples:                              4044
Nested Sampling ln(Z):              -6002.588479
Importance Nested Sampling ln(Z):   -5403.328137 +/-  0.968457
Acceptance Rate:                        0.468525
Replacements:                               1950
Total Samples:                              4162
Nested Sampling ln(Z):              -5941.349292
Importance Nested Sampling ln(Z):   -5403.474032 +/-  0.968456
Acceptance Rate:                        0.464792
Replacements:                               2000
Total Samples:                              4303
Nested Sampling ln(Z):              -5887.153619
Importance Nested Sampling ln(Z):   -5403.658784 +/-  0.968454
Acceptance Rate:                        0.464853
Replacements:                               2050
Total Samples:                              4410
Nested Sampling ln(Z):              -5836.853133
Importance Nested Sampling ln(Z):   -5403.811630 +/-  0.968453
Acceptance Rate:                        0.462759
Replacements:                               2100
Total Samples:                              4538
Nested Sampling ln(Z):              -5793.410661
Importance Nested Sampling ln(Z):   -5404.012655 +/-  0.968453
Acceptance Rate:                        0.457642
Replacements:                               2150
Total Samples:                              4698
Nested Sampling ln(Z):              -5761.915103
Importance Nested Sampling ln(Z):   -5404.047168 +/-  0.854311
Acceptance Rate:                        0.452210
Replacements:                               2200
Total Samples:                              4865
Nested Sampling ln(Z):              -5731.735661
Importance Nested Sampling ln(Z):   -5402.603352 +/-  0.816771
Acceptance Rate:                        0.449730
Replacements:                               2250
Total Samples:                              5003
Nested Sampling ln(Z):              -5700.281061
Importance Nested Sampling ln(Z):   -5396.110422 +/-  0.998584
Acceptance Rate:                        0.444187
Replacements:                               2300
Total Samples:                              5178
Nested Sampling ln(Z):              -5673.715994
Importance Nested Sampling ln(Z):   -5396.304270 +/-  0.998587
Acceptance Rate:                        0.441397
Replacements:                               2350
Total Samples:                              5324
Nested Sampling ln(Z):              -5655.823997
Importance Nested Sampling ln(Z):   -5396.475458 +/-  0.998590
Acceptance Rate:                        0.439802
Replacements:                               2400
Total Samples:                              5457
Nested Sampling ln(Z):              -5633.440524
Importance Nested Sampling ln(Z):   -5396.626388 +/-  0.998592
Acceptance Rate:                        0.438518
Replacements:                               2450
Total Samples:                              5587
Nested Sampling ln(Z):              -5607.976125
Importance Nested Sampling ln(Z):   -5396.774597 +/-  0.998594
Acceptance Rate:                        0.434028
Replacements:                               2500
Total Samples:                              5760
Nested Sampling ln(Z):              -5589.540335
Importance Nested Sampling ln(Z):   -5396.963427 +/-  0.998597
Acceptance Rate:                        0.430670
Replacements:                               2550
Total Samples:                              5921
Nested Sampling ln(Z):              -5574.222271
Importance Nested Sampling ln(Z):   -5376.902364 +/-  0.999915
Acceptance Rate:                        0.425184
Replacements:                               2600
Total Samples:                              6115
Nested Sampling ln(Z):              -5559.867370
Importance Nested Sampling ln(Z):   -5377.110582 +/-  0.999918
Acceptance Rate:                        0.423458
Replacements:                               2650
Total Samples:                              6258
Nested Sampling ln(Z):              -5547.444230
Importance Nested Sampling ln(Z):   -5377.232188 +/-  0.999920
Acceptance Rate:                        0.419385
Replacements:                               2700
Total Samples:                              6438
Nested Sampling ln(Z):              -5536.951530
Importance Nested Sampling ln(Z):   -5377.392327 +/-  0.999922
Acceptance Rate:                        0.416983
Replacements:                               2750
Total Samples:                              6595
Nested Sampling ln(Z):              -5526.698397
Importance Nested Sampling ln(Z):   -5377.556816 +/-  0.999924
Acceptance Rate:                        0.414999
Replacements:                               2800
Total Samples:                              6747
Nested Sampling ln(Z):              -5515.046508
Importance Nested Sampling ln(Z):   -5377.703957 +/-  0.999925
Acceptance Rate:                        0.413283
Replacements:                               2850
Total Samples:                              6896
Nested Sampling ln(Z):              -5505.666668
Importance Nested Sampling ln(Z):   -5377.826114 +/-  0.999927
Acceptance Rate:                        0.409489
Replacements:                               2900
Total Samples:                              7082
Nested Sampling ln(Z):              -5497.323676
Importance Nested Sampling ln(Z):   -5378.002110 +/-  0.999929
Acceptance Rate:                        0.407740
Replacements:                               2950
Total Samples:                              7235
Nested Sampling ln(Z):              -5488.821450
Importance Nested Sampling ln(Z):   -5378.162719 +/-  0.999930
Acceptance Rate:                        0.405241
Replacements:                               3000
Total Samples:                              7403
Nested Sampling ln(Z):              -5480.956371
Importance Nested Sampling ln(Z):   -5378.323408 +/-  0.999928
Acceptance Rate:                        0.403386
Replacements:                               3050
Total Samples:                              7561
Nested Sampling ln(Z):              -5472.630023
Importance Nested Sampling ln(Z):   -5378.418089 +/-  0.950566
Acceptance Rate:                        0.401398
Replacements:                               3100
Total Samples:                              7723
Nested Sampling ln(Z):              -5466.810134
Importance Nested Sampling ln(Z):   -5378.565518 +/-  0.950561
Acceptance Rate:                        0.401223
Replacements:                               3150
Total Samples:                              7851
Nested Sampling ln(Z):              -5460.165460
Importance Nested Sampling ln(Z):   -5378.705085 +/-  0.949665
Acceptance Rate:                        0.398109
Replacements:                               3200
Total Samples:                              8038
Nested Sampling ln(Z):              -5454.460577
Importance Nested Sampling ln(Z):   -5373.429835 +/-  0.971632
Acceptance Rate:                        0.394801
Replacements:                               3250
Total Samples:                              8232
Nested Sampling ln(Z):              -5448.033591
Importance Nested Sampling ln(Z):   -5373.607314 +/-  0.971589
Acceptance Rate:                        0.392670
Replacements:                               3300
Total Samples:                              8404
Nested Sampling ln(Z):              -5443.264965
Importance Nested Sampling ln(Z):   -5373.760054 +/-  0.971610
Acceptance Rate:                        0.389898
Replacements:                               3350
Total Samples:                              8592
Nested Sampling ln(Z):              -5439.024460
Importance Nested Sampling ln(Z):   -5373.934836 +/-  0.971595
Acceptance Rate:                        0.387685
Replacements:                               3400
Total Samples:                              8770
Nested Sampling ln(Z):              -5434.735747
Importance Nested Sampling ln(Z):   -5374.084795 +/-  0.965054
Acceptance Rate:                        0.384873
Replacements:                               3450
Total Samples:                              8964
Nested Sampling ln(Z):              -5431.170514
Importance Nested Sampling ln(Z):   -5374.253090 +/-  0.965025
Acceptance Rate:                        0.382639
Replacements:                               3500
Total Samples:                              9147
Nested Sampling ln(Z):              -5427.413653
Importance Nested Sampling ln(Z):   -5374.388324 +/-  0.951189
Acceptance Rate:                        0.381515
Replacements:                               3550
Total Samples:                              9305
Nested Sampling ln(Z):              -5423.978525
Importance Nested Sampling ln(Z):   -5374.522214 +/-  0.951042
Acceptance Rate:                        0.377913
Replacements:                               3600
Total Samples:                              9526
Nested Sampling ln(Z):              -5419.576130
Importance Nested Sampling ln(Z):   -5374.711951 +/-  0.949933
Acceptance Rate:                        0.374897
Replacements:                               3650
Total Samples:                              9736
Nested Sampling ln(Z):              -5416.444165
Importance Nested Sampling ln(Z):   -5374.882809 +/-  0.949938
Acceptance Rate:                        0.371188
Replacements:                               3700
Total Samples:                              9968
Nested Sampling ln(Z):              -5413.701245
Importance Nested Sampling ln(Z):   -5375.080601 +/-  0.945853
Acceptance Rate:                        0.366426
Replacements:                               3750
Total Samples:                             10234
Nested Sampling ln(Z):              -5411.243001
Importance Nested Sampling ln(Z):   -5375.286469 +/-  0.945720
Acceptance Rate:                        0.363254
Replacements:                               3800
Total Samples:                             10461
Nested Sampling ln(Z):              -5409.390457
Importance Nested Sampling ln(Z):   -5372.117438 +/-  0.964486
Acceptance Rate:                        0.361129
Replacements:                               3850
Total Samples:                             10661
Nested Sampling ln(Z):              -5407.822096
Importance Nested Sampling ln(Z):   -5372.279909 +/-  0.964439
Acceptance Rate:                        0.358885
Replacements:                               3900
Total Samples:                             10867
Nested Sampling ln(Z):              -5406.061644
Importance Nested Sampling ln(Z):   -5372.445396 +/-  0.961899
Acceptance Rate:                        0.355952
Replacements:                               3950
Total Samples:                             11097
Nested Sampling ln(Z):              -5404.177793
Importance Nested Sampling ln(Z):   -5372.610237 +/-  0.957417
Acceptance Rate:                        0.352392
Replacements:                               4000
Total Samples:                             11351
Nested Sampling ln(Z):              -5401.884793
Importance Nested Sampling ln(Z):   -5372.805734 +/-  0.956936
Acceptance Rate:                        0.348537
Replacements:                               4050
Total Samples:                             11620
Nested Sampling ln(Z):              -5399.942259
Importance Nested Sampling ln(Z):   -5372.955822 +/-  0.906222
Acceptance Rate:                        0.347075
Replacements:                               4100
Total Samples:                             11813
Nested Sampling ln(Z):              -5398.162019
Importance Nested Sampling ln(Z):   -5373.060653 +/-  0.880067
Acceptance Rate:                        0.345000
Replacements:                               4150
Total Samples:                             12029
Nested Sampling ln(Z):              -5396.574914
Importance Nested Sampling ln(Z):   -5373.170314 +/-  0.843169
Acceptance Rate:                        0.342773
Replacements:                               4200
Total Samples:                             12253
Nested Sampling ln(Z):              -5395.281524
Importance Nested Sampling ln(Z):   -5373.316089 +/-  0.830852
Acceptance Rate:                        0.339973
Replacements:                               4250
Total Samples:                             12501
Nested Sampling ln(Z):              -5393.749699
Importance Nested Sampling ln(Z):   -5373.460814 +/-  0.819737
Acceptance Rate:                        0.338157
Replacements:                               4300
Total Samples:                             12716
Nested Sampling ln(Z):              -5392.495410
Importance Nested Sampling ln(Z):   -5373.629108 +/-  0.817945
Acceptance Rate:                        0.336427
Replacements:                               4350
Total Samples:                             12930
Nested Sampling ln(Z):              -5391.291457
Importance Nested Sampling ln(Z):   -5373.687365 +/-  0.746474
Acceptance Rate:                        0.333839
Replacements:                               4400
Total Samples:                             13180
Nested Sampling ln(Z):              -5390.124568
Importance Nested Sampling ln(Z):   -5373.780719 +/-  0.689427
Acceptance Rate:                        0.331249
Replacements:                               4450
Total Samples:                             13434
Nested Sampling ln(Z):              -5389.175189
Importance Nested Sampling ln(Z):   -5373.921533 +/-  0.665348
Acceptance Rate:                        0.327988
Replacements:                               4500
Total Samples:                             13720
Nested Sampling ln(Z):              -5388.342124
Importance Nested Sampling ln(Z):   -5374.093686 +/-  0.649190
Acceptance Rate:                        0.325698
Replacements:                               4550
Total Samples:                             13970
Nested Sampling ln(Z):              -5387.533915
Importance Nested Sampling ln(Z):   -5374.238966 +/-  0.630990
Acceptance Rate:                        0.324836
Replacements:                               4600
Total Samples:                             14161
Nested Sampling ln(Z):              -5386.782995
Importance Nested Sampling ln(Z):   -5373.871544 +/-  0.516560
Acceptance Rate:                        0.323861
Replacements:                               4650
Total Samples:                             14358
Nested Sampling ln(Z):              -5386.002971
Importance Nested Sampling ln(Z):   -5373.946740 +/-  0.485467
Acceptance Rate:                        0.322581
Replacements:                               4700
Total Samples:                             14570
Nested Sampling ln(Z):              -5385.203931
Importance Nested Sampling ln(Z):   -5374.091365 +/-  0.480659
Acceptance Rate:                        0.321033
Replacements:                               4750
Total Samples:                             14796
Nested Sampling ln(Z):              -5384.458166
Importance Nested Sampling ln(Z):   -5373.879038 +/-  0.400717
Acceptance Rate:                        0.318155
Replacements:                               4800
Total Samples:                             15087
Nested Sampling ln(Z):              -5383.683701
Importance Nested Sampling ln(Z):   -5373.924414 +/-  0.351349
Acceptance Rate:                        0.315283
Replacements:                               4850
Total Samples:                             15383
Nested Sampling ln(Z):              -5382.971946
Importance Nested Sampling ln(Z):   -5373.777128 +/-  0.349186
Acceptance Rate:                        0.314728
Replacements:                               4900
Total Samples:                             15569
Nested Sampling ln(Z):              -5382.298141
Importance Nested Sampling ln(Z):   -5373.831179 +/-  0.324551
Acceptance Rate:                        0.312421
Replacements:                               4950
Total Samples:                             15844
Nested Sampling ln(Z):              -5381.736981
Importance Nested Sampling ln(Z):   -5373.919474 +/-  0.305115
Acceptance Rate:                        0.311197
Replacements:                               5000
Total Samples:                             16067
Nested Sampling ln(Z):              -5381.233231
Importance Nested Sampling ln(Z):   -5373.823273 +/-  0.291785
Acceptance Rate:                        0.309436
Replacements:                               5050
Total Samples:                             16320
Nested Sampling ln(Z):              -5380.723489
Importance Nested Sampling ln(Z):   -5373.957550 +/-  0.284247
Acceptance Rate:                        0.307692
Replacements:                               5100
Total Samples:                             16575
Nested Sampling ln(Z):              -5380.256739
Importance Nested Sampling ln(Z):   -5374.078383 +/-  0.273342
Acceptance Rate:                        0.306001
Replacements:                               5150
Total Samples:                             16830
Nested Sampling ln(Z):              -5379.810393
Importance Nested Sampling ln(Z):   -5374.189432 +/-  0.263691
Acceptance Rate:                        0.304485
Replacements:                               5200
Total Samples:                             17078
Nested Sampling ln(Z):              -5379.413866
Importance Nested Sampling ln(Z):   -5374.223541 +/-  0.238090
Acceptance Rate:                        0.302978
Replacements:                               5250
Total Samples:                             17328
Nested Sampling ln(Z):              -5379.013393
Importance Nested Sampling ln(Z):   -5374.283712 +/-  0.222081
Acceptance Rate:                        0.301925
Replacements:                               5300
Total Samples:                             17554
Nested Sampling ln(Z):              -5378.616758
Importance Nested Sampling ln(Z):   -5374.148788 +/-  0.210009
Acceptance Rate:                        0.300292
Replacements:                               5350
Total Samples:                             17816
Nested Sampling ln(Z):              -5378.236179
Importance Nested Sampling ln(Z):   -5374.253631 +/-  0.195711
Acceptance Rate:                        0.298359
Replacements:                               5400
Total Samples:                             18099
Nested Sampling ln(Z):              -5377.866018
Importance Nested Sampling ln(Z):   -5374.234487 +/-  0.171565
Acceptance Rate:                        0.297100
Replacements:                               5450
Total Samples:                             18344
Nested Sampling ln(Z):              -5377.530775
Importance Nested Sampling ln(Z):   -5374.149156 +/-  0.172477
Acceptance Rate:                        0.295049
Replacements:                               5500
Total Samples:                             18641
Nested Sampling ln(Z):              -5377.244365
Importance Nested Sampling ln(Z):   -5374.227023 +/-  0.159959
Acceptance Rate:                        0.291752
Replacements:                               5550
Total Samples:                             19023
Nested Sampling ln(Z):              -5376.981130
Importance Nested Sampling ln(Z):   -5374.301117 +/-  0.144330
Acceptance Rate:                        0.290336
Replacements:                               5600
Total Samples:                             19288
Nested Sampling ln(Z):              -5376.723977
Importance Nested Sampling ln(Z):   -5374.384327 +/-  0.136417
Acceptance Rate:                        0.288457
Replacements:                               5650
Total Samples:                             19587
Nested Sampling ln(Z):              -5376.484531
Importance Nested Sampling ln(Z):   -5374.410154 +/-  0.124358
Acceptance Rate:                        0.286130
Replacements:                               5700
Total Samples:                             19921
Nested Sampling ln(Z):              -5376.267338
Importance Nested Sampling ln(Z):   -5374.404748 +/-  0.114016
Acceptance Rate:                        0.283084
Replacements:                               5750
Total Samples:                             20312
Nested Sampling ln(Z):              -5376.073133
Importance Nested Sampling ln(Z):   -5374.404562 +/-  0.108991
Acceptance Rate:                        0.280736
Replacements:                               5800
Total Samples:                             20660
Nested Sampling ln(Z):              -5375.878375
Importance Nested Sampling ln(Z):   -5374.455794 +/-  0.100792
Acceptance Rate:                        0.278585
Replacements:                               5850
Total Samples:                             20999
Nested Sampling ln(Z):              -5375.689414
Importance Nested Sampling ln(Z):   -5374.506372 +/-  0.092884
Acceptance Rate:                        0.277204
Replacements:                               5900
Total Samples:                             21284
Nested Sampling ln(Z):              -5375.515038
Importance Nested Sampling ln(Z):   -5374.518023 +/-  0.084343
Acceptance Rate:                        0.275297
Replacements:                               5950
Total Samples:                             21613
Nested Sampling ln(Z):              -5375.352518
Importance Nested Sampling ln(Z):   -5374.489106 +/-  0.076163
Acceptance Rate:                        0.273075
Replacements:                               6000
Total Samples:                             21972
Nested Sampling ln(Z):              -5375.195501
Importance Nested Sampling ln(Z):   -5374.477758 +/-  0.067639
Acceptance Rate:                        0.271033
Replacements:                               6050
Total Samples:                             22322
Nested Sampling ln(Z):              -5375.050728
Importance Nested Sampling ln(Z):   -5374.367491 +/-  0.060327
Acceptance Rate:                        0.270402
Replacements:                               6100
Total Samples:                             22559
Nested Sampling ln(Z):              -5374.920036
Importance Nested Sampling ln(Z):   -5374.354262 +/-  0.056182
Acceptance Rate:                        0.269382
Replacements:                               6150
Total Samples:                             22830
Nested Sampling ln(Z):              -5374.798823
Importance Nested Sampling ln(Z):   -5374.343396 +/-  0.051966
Acceptance Rate:                        0.267368
Replacements:                               6200
Total Samples:                             23189
Nested Sampling ln(Z):              -5374.685829
Importance Nested Sampling ln(Z):   -5374.369427 +/-  0.046697
Acceptance Rate:                        0.265291
Replacements:                               6250
Total Samples:                             23559
Nested Sampling ln(Z):              -5374.583307
Importance Nested Sampling ln(Z):   -5374.352166 +/-  0.042471
Acceptance Rate:                        0.263367
Replacements:                               6300
Total Samples:                             23921
Nested Sampling ln(Z):              -5374.490801
Importance Nested Sampling ln(Z):   -5374.358886 +/-  0.038597
Acceptance Rate:                        0.262505
Replacements:                               6350
Total Samples:                             24190
Nested Sampling ln(Z):              -5374.405300
Importance Nested Sampling ln(Z):   -5374.355515 +/-  0.036063
Acceptance Rate:                        0.261139
Replacements:                               6400
Total Samples:                             24508
Nested Sampling ln(Z):              -5374.327759
Importance Nested Sampling ln(Z):   -5374.345407 +/-  0.034016
Acceptance Rate:                        0.259589
Replacements:                               6450
Total Samples:                             24847
Nested Sampling ln(Z):              -5374.254832
Importance Nested Sampling ln(Z):   -5374.352755 +/-  0.031900
Acceptance Rate:                        0.258182
Replacements:                               6500
Total Samples:                             25176
Nested Sampling ln(Z):              -5374.187872
Importance Nested Sampling ln(Z):   -5374.376447 +/-  0.029993
Acceptance Rate:                        0.256591
Replacements:                               6550
Total Samples:                             25527
Nested Sampling ln(Z):              -5374.125868
Importance Nested Sampling ln(Z):   -5374.362614 +/-  0.027947
Acceptance Rate:                        0.254689
Replacements:                               6600
Total Samples:                             25914
Nested Sampling ln(Z):              -5374.070420
Importance Nested Sampling ln(Z):   -5374.354805 +/-  0.025988
Acceptance Rate:                        0.254108
Replacements:                               6650
Total Samples:                             26170
Nested Sampling ln(Z):              -5374.019957
Importance Nested Sampling ln(Z):   -5374.350442 +/-  0.024581
Acceptance Rate:                        0.252687
Replacements:                               6700
Total Samples:                             26515
Nested Sampling ln(Z):              -5373.973539
Importance Nested Sampling ln(Z):   -5374.351153 +/-  0.022954
Acceptance Rate:                        0.251668
Replacements:                               6750
Total Samples:                             26821
Nested Sampling ln(Z):              -5373.929441
Importance Nested Sampling ln(Z):   -5374.347605 +/-  0.021547
Acceptance Rate:                        0.250046
Replacements:                               6800
Total Samples:                             27195
Nested Sampling ln(Z):              -5373.888309
Importance Nested Sampling ln(Z):   -5374.370299 +/-  0.020135
Acceptance Rate:                        0.248838
Replacements:                               6850
Total Samples:                             27528
Nested Sampling ln(Z):              -5373.851388
Importance Nested Sampling ln(Z):   -5374.379577 +/-  0.019181
Acceptance Rate:                        0.248103
Replacements:                               6900
Total Samples:                             27811
Nested Sampling ln(Z):              -5373.818951
Importance Nested Sampling ln(Z):   -5374.379086 +/-  0.018457
Acceptance Rate:                        0.246681
Replacements:                               6950
Total Samples:                             28174
Nested Sampling ln(Z):              -5373.789921
Importance Nested Sampling ln(Z):   -5374.383118 +/-  0.017631
Acceptance Rate:                        0.245674
Replacements:                               7000
Total Samples:                             28493
Nested Sampling ln(Z):              -5373.763813
Importance Nested Sampling ln(Z):   -5374.388585 +/-  0.016992
Acceptance Rate:                        0.244962
Replacements:                               7050
Total Samples:                             28780
Nested Sampling ln(Z):              -5373.739905
Importance Nested Sampling ln(Z):   -5374.391632 +/-  0.016536
Acceptance Rate:                        0.243961
Replacements:                               7090
Total Samples:                             29062
Nested Sampling ln(Z):              -5373.722420
Importance Nested Sampling ln(Z):   -5374.397469 +/-  0.016134
 ln(ev)=  -5373.54466959902      +/-  0.249306639940103     
 Total Likelihood Evaluations:        29062
 Sampling finished. Exiting MultiNest
MPI process 0 / 1:	The timer Multinest scan has ended.
Duration: 161693417328 microseconds.
MPI process 0 / 1:	Multinest scan took 161693 seconds.
