Varying N_eff!
sum_mnu not being varied. To vary it give "sum_mnu" as an extra argument.
Using Planck.
Using BAO.
Running with standard PPS and neutrinos.
Planck data dir = /Volumes/Data1/Planck2015/plc-2.0
 BFLike Ntemp  =        2876
 BFLike Nq     =        1407
 BFLike Nu     =        1407
 BFLike Nside  =          16
 BFLike Nwrite =    32393560
 cls file appears to have 5+ columns
 assuming it is a CAMB file with l, TT, EE, BB, TE
 info =            0
----
clik version 6dc2a8cf3965 MAKEFILE
  bflike_smw
Checking likelihood '/Volumes/Data1/Planck2015/plc-2.0/low_l/bflike/lowl_SMW_70_dx11d_2014_10_03_v5c_Ap.clik' on test data. got -5247.87 expected -5247.87 (diff 3.26225e-07)
----
Low likelihood has TT with l_max = 29
Low likelihood has EE with l_max = 29
Low likelihood has BB with l_max = 29
Low likelihood has TE with l_max = 29
Low likelihood has TB with l_max = -1
Low likelihood has EB with l_max = -1
 Initializing Planck likelihood, version Plik_v18_cmbonly_like
----
clik version 6dc2a8cf3965 MAKEFILE
  plik_cmbonly
Checking likelihood '/Volumes/Data1/Planck2015/plc-2.0/hi_l/plik_lite/plik_lite_v18_TT.clik' on test data. got -101.798 expected -101.798 (diff 1.03566e-08)
----
High likelihood has TT with l_max = 2508
High likelihood has EE with l_max = -1
High likelihood has BB with l_max = -1
High likelihood has TE with l_max = -1
High likelihood has TB with l_max = -1
High likelihood has EB with l_max = -1
Low l_max = 29
High l_max = 2508
Lensing l_max = 0
Total l_max = 2508
Setting parameters
Starting the timer Multinest scan...
 MultiNest Warning: no resume file found, starting from scratch
 *****************************************************
 MultiNest v3.9
 Copyright Farhan Feroz & Mike Hobson
 Release Oct 2014
 
 no. of live points =  300
 dimensionality =    8
 *****************************************************
 Starting MultiNest
 generating live points
 live points generated, starting sampling
Acceptance Rate:                        0.983146
Replacements:                                350
Total Samples:                               356
Nested Sampling ln(Z):            -103887.012476
Importance Nested Sampling ln(Z):   -6018.372991 +/-  0.998595
Acceptance Rate:                        0.930233
Replacements:                                400
Total Samples:                               430
Nested Sampling ln(Z):             -73463.383567
Importance Nested Sampling ln(Z):   -6018.561846 +/-  0.998837
Acceptance Rate:                        0.868726
Replacements:                                450
Total Samples:                               518
Nested Sampling ln(Z):             -58704.514808
Importance Nested Sampling ln(Z):   -6018.748036 +/-  0.999034
Acceptance Rate:                        0.838926
Replacements:                                500
Total Samples:                               596
Nested Sampling ln(Z):             -49400.407377
Importance Nested Sampling ln(Z):   -6018.888301 +/-  0.999161
Acceptance Rate:                        0.786838
Replacements:                                550
Total Samples:                               699
Nested Sampling ln(Z):             -40421.581002
Importance Nested Sampling ln(Z):   -5880.555161 +/-  0.999284
Acceptance Rate:                        0.718563
Replacements:                                600
Total Samples:                               835
Nested Sampling ln(Z):             -30789.155558
Importance Nested Sampling ln(Z):   -5880.732942 +/-  0.999401
Acceptance Rate:                        0.665984
Replacements:                                650
Total Samples:                               976
Nested Sampling ln(Z):             -26671.956275
Importance Nested Sampling ln(Z):   -5880.888973 +/-  0.999488
Acceptance Rate:                        0.611888
Replacements:                                700
Total Samples:                              1144
Nested Sampling ln(Z):             -22866.636537
Importance Nested Sampling ln(Z):   -5881.047797 +/-  0.999563
Acceptance Rate:                        0.560538
Replacements:                                750
Total Samples:                              1338
Nested Sampling ln(Z):             -20102.071871
Importance Nested Sampling ln(Z):   -5881.204442 +/-  0.999626
Acceptance Rate:                        0.515132
Replacements:                                800
Total Samples:                              1553
Nested Sampling ln(Z):             -17598.196149
Importance Nested Sampling ln(Z):   -5881.305985 +/-  0.954249
Acceptance Rate:                        0.490762
Replacements:                                850
Total Samples:                              1732
Nested Sampling ln(Z):             -15448.369723
Importance Nested Sampling ln(Z):   -5881.736439 +/-  0.954284
Acceptance Rate:                        0.492341
Replacements:                                900
Total Samples:                              1828
Nested Sampling ln(Z):             -13646.915391
Importance Nested Sampling ln(Z):   -5567.173876 +/-  0.999726
Acceptance Rate:                        0.491210
Replacements:                                950
Total Samples:                              1934
Nested Sampling ln(Z):             -12437.609540
Importance Nested Sampling ln(Z):   -5526.487927 +/-  0.999741
Acceptance Rate:                        0.493097
Replacements:                               1000
Total Samples:                              2028
Nested Sampling ln(Z):             -11339.741278
Importance Nested Sampling ln(Z):   -5526.768589 +/-  0.999753
Acceptance Rate:                        0.497866
Replacements:                               1050
Total Samples:                              2109
Nested Sampling ln(Z):             -10509.236974
Importance Nested Sampling ln(Z):   -5526.971263 +/-  0.999763
Acceptance Rate:                        0.499546
Replacements:                               1100
Total Samples:                              2202
Nested Sampling ln(Z):              -9662.118265
Importance Nested Sampling ln(Z):   -5466.037961 +/-  0.999773
Acceptance Rate:                        0.490196
Replacements:                               1150
Total Samples:                              2346
Nested Sampling ln(Z):              -8959.351498
Importance Nested Sampling ln(Z):   -5466.247561 +/-  0.999784
Acceptance Rate:                        0.488202
Replacements:                               1200
Total Samples:                              2458
Nested Sampling ln(Z):              -8382.181447
Importance Nested Sampling ln(Z):   -5466.440424 +/-  0.976152
Acceptance Rate:                        0.482625
Replacements:                               1250
Total Samples:                              2590
Nested Sampling ln(Z):              -7973.256649
Importance Nested Sampling ln(Z):   -5447.428389 +/-  0.999807
Acceptance Rate:                        0.480414
Replacements:                               1300
Total Samples:                              2706
Nested Sampling ln(Z):              -7607.151621
Importance Nested Sampling ln(Z):   -5415.508364 +/-  0.999815
Acceptance Rate:                        0.477032
Replacements:                               1350
Total Samples:                              2830
Nested Sampling ln(Z):              -7288.686234
Importance Nested Sampling ln(Z):   -5415.701800 +/-  0.999823
Acceptance Rate:                        0.474415
Replacements:                               1400
Total Samples:                              2951
Nested Sampling ln(Z):              -7060.997306
Importance Nested Sampling ln(Z):   -5415.870655 +/-  0.999831
Acceptance Rate:                        0.474787
Replacements:                               1450
Total Samples:                              3054
Nested Sampling ln(Z):              -6821.896300
Importance Nested Sampling ln(Z):   -5416.000566 +/-  0.999836
Acceptance Rate:                        0.471550
Replacements:                               1500
Total Samples:                              3181
Nested Sampling ln(Z):              -6628.861650
Importance Nested Sampling ln(Z):   -5416.176030 +/-  0.999843
Acceptance Rate:                        0.471555
Replacements:                               1550
Total Samples:                              3287
Nested Sampling ln(Z):              -6470.993224
Importance Nested Sampling ln(Z):   -5416.322365 +/-  0.999848
Acceptance Rate:                        0.468933
Replacements:                               1600
Total Samples:                              3412
Nested Sampling ln(Z):              -6345.709177
Importance Nested Sampling ln(Z):   -5416.499749 +/-  0.999853
Acceptance Rate:                        0.466365
Replacements:                               1650
Total Samples:                              3538
Nested Sampling ln(Z):              -6246.741714
Importance Nested Sampling ln(Z):   -5389.040607 +/-  0.999859
Acceptance Rate:                        0.466009
Replacements:                               1700
Total Samples:                              3648
Nested Sampling ln(Z):              -6145.578285
Importance Nested Sampling ln(Z):   -5389.183328 +/-  0.999863
Acceptance Rate:                        0.465673
Replacements:                               1750
Total Samples:                              3758
Nested Sampling ln(Z):              -6068.128797
Importance Nested Sampling ln(Z):   -5389.316220 +/-  0.999867
Acceptance Rate:                        0.467411
Replacements:                               1800
Total Samples:                              3851
Nested Sampling ln(Z):              -6004.535501
Importance Nested Sampling ln(Z):   -5389.447906 +/-  0.999870
Acceptance Rate:                        0.467881
Replacements:                               1850
Total Samples:                              3954
Nested Sampling ln(Z):              -5942.466443
Importance Nested Sampling ln(Z):   -5389.594349 +/-  0.999874
Acceptance Rate:                        0.467060
Replacements:                               1900
Total Samples:                              4068
Nested Sampling ln(Z):              -5877.096533
Importance Nested Sampling ln(Z):   -5389.749149 +/-  0.999877
Acceptance Rate:                        0.463844
Replacements:                               1950
Total Samples:                              4204
Nested Sampling ln(Z):              -5817.855750
Importance Nested Sampling ln(Z):   -5389.901690 +/-  0.999881
Acceptance Rate:                        0.464468
Replacements:                               2000
Total Samples:                              4306
Nested Sampling ln(Z):              -5772.419477
Importance Nested Sampling ln(Z):   -5390.031682 +/-  0.999884
Acceptance Rate:                        0.463382
Replacements:                               2050
Total Samples:                              4424
Nested Sampling ln(Z):              -5731.964442
Importance Nested Sampling ln(Z):   -5390.214080 +/-  0.999887
Acceptance Rate:                        0.461741
Replacements:                               2100
Total Samples:                              4548
Nested Sampling ln(Z):              -5702.503888
Importance Nested Sampling ln(Z):   -5390.399122 +/-  0.999885
Acceptance Rate:                        0.456864
Replacements:                               2150
Total Samples:                              4706
Nested Sampling ln(Z):              -5669.732954
Importance Nested Sampling ln(Z):   -5390.590611 +/-  0.999888
Acceptance Rate:                        0.452582
Replacements:                               2200
Total Samples:                              4861
Nested Sampling ln(Z):              -5645.993930
Importance Nested Sampling ln(Z):   -5390.768218 +/-  0.999337
Acceptance Rate:                        0.452990
Replacements:                               2250
Total Samples:                              4967
Nested Sampling ln(Z):              -5618.347875
Importance Nested Sampling ln(Z):   -5390.888724 +/-  0.999339
Acceptance Rate:                        0.449658
Replacements:                               2300
Total Samples:                              5115
Nested Sampling ln(Z):              -5593.854862
Importance Nested Sampling ln(Z):   -5391.052180 +/-  0.999211
Acceptance Rate:                        0.445751
Replacements:                               2350
Total Samples:                              5272
Nested Sampling ln(Z):              -5576.359224
Importance Nested Sampling ln(Z):   -5388.527530 +/-  0.934514
Acceptance Rate:                        0.442070
Replacements:                               2400
Total Samples:                              5429
Nested Sampling ln(Z):              -5560.626123
Importance Nested Sampling ln(Z):   -5388.712996 +/-  0.934516
Acceptance Rate:                        0.438126
Replacements:                               2450
Total Samples:                              5592
Nested Sampling ln(Z):              -5546.167680
Importance Nested Sampling ln(Z):   -5388.901120 +/-  0.934518
Acceptance Rate:                        0.436910
Replacements:                               2500
Total Samples:                              5722
Nested Sampling ln(Z):              -5535.772532
Importance Nested Sampling ln(Z):   -5389.050185 +/-  0.934519
Acceptance Rate:                        0.437093
Replacements:                               2550
Total Samples:                              5834
Nested Sampling ln(Z):              -5524.744870
Importance Nested Sampling ln(Z):   -5389.094309 +/-  0.866019
Acceptance Rate:                        0.432468
Replacements:                               2600
Total Samples:                              6012
Nested Sampling ln(Z):              -5510.306343
Importance Nested Sampling ln(Z):   -5389.296382 +/-  0.850784
Acceptance Rate:                        0.429916
Replacements:                               2650
Total Samples:                              6164
Nested Sampling ln(Z):              -5499.606948
Importance Nested Sampling ln(Z):   -5389.048880 +/-  0.619603
Acceptance Rate:                        0.428708
Replacements:                               2700
Total Samples:                              6298
Nested Sampling ln(Z):              -5491.899695
Importance Nested Sampling ln(Z):   -5389.210879 +/-  0.619598
Acceptance Rate:                        0.424973
Replacements:                               2750
Total Samples:                              6471
Nested Sampling ln(Z):              -5483.421777
Importance Nested Sampling ln(Z):   -5389.387186 +/-  0.610352
Acceptance Rate:                        0.423152
Replacements:                               2800
Total Samples:                              6617
Nested Sampling ln(Z):              -5476.200443
Importance Nested Sampling ln(Z):   -5389.545737 +/-  0.610246
Acceptance Rate:                        0.422598
Replacements:                               2850
Total Samples:                              6744
Nested Sampling ln(Z):              -5469.110341
Importance Nested Sampling ln(Z):   -5389.371531 +/-  0.520872
Acceptance Rate:                        0.421450
Replacements:                               2900
Total Samples:                              6881
Nested Sampling ln(Z):              -5461.944773
Importance Nested Sampling ln(Z):   -5389.500372 +/-  0.511627
Acceptance Rate:                        0.419690
Replacements:                               2950
Total Samples:                              7029
Nested Sampling ln(Z):              -5457.511810
Importance Nested Sampling ln(Z):   -5389.626707 +/-  0.486060
Acceptance Rate:                        0.416840
Replacements:                               3000
Total Samples:                              7197
Nested Sampling ln(Z):              -5452.325907
Importance Nested Sampling ln(Z):   -5389.792096 +/-  0.475752
Acceptance Rate:                        0.413055
Replacements:                               3050
Total Samples:                              7384
Nested Sampling ln(Z):              -5447.143860
Importance Nested Sampling ln(Z):   -5381.509687 +/-  0.998838
Acceptance Rate:                        0.411032
Replacements:                               3100
Total Samples:                              7542
Nested Sampling ln(Z):              -5441.994233
Importance Nested Sampling ln(Z):   -5379.943043 +/-  0.642605
Acceptance Rate:                        0.408560
Replacements:                               3150
Total Samples:                              7710
Nested Sampling ln(Z):              -5437.542846
Importance Nested Sampling ln(Z):   -5380.104375 +/-  0.642620
Acceptance Rate:                        0.406866
Replacements:                               3200
Total Samples:                              7865
Nested Sampling ln(Z):              -5434.046580
Importance Nested Sampling ln(Z):   -5380.258123 +/-  0.642632
Acceptance Rate:                        0.404631
Replacements:                               3250
Total Samples:                              8032
Nested Sampling ln(Z):              -5430.138153
Importance Nested Sampling ln(Z):   -5380.422124 +/-  0.642543
Acceptance Rate:                        0.403522
Replacements:                               3300
Total Samples:                              8178
Nested Sampling ln(Z):              -5426.920257
Importance Nested Sampling ln(Z):   -5380.580724 +/-  0.638986
Acceptance Rate:                        0.399905
Replacements:                               3350
Total Samples:                              8377
Nested Sampling ln(Z):              -5424.053052
Importance Nested Sampling ln(Z):   -5380.715803 +/-  0.603321
Acceptance Rate:                        0.397754
Replacements:                               3400
Total Samples:                              8548
Nested Sampling ln(Z):              -5420.725202
Importance Nested Sampling ln(Z):   -5380.370720 +/-  0.536291
Acceptance Rate:                        0.393971
Replacements:                               3450
Total Samples:                              8757
Nested Sampling ln(Z):              -5417.696789
Importance Nested Sampling ln(Z):   -5380.549640 +/-  0.536202
Acceptance Rate:                        0.392333
Replacements:                               3500
Total Samples:                              8921
Nested Sampling ln(Z):              -5415.204727
Importance Nested Sampling ln(Z):   -5380.695015 +/-  0.536186
Acceptance Rate:                        0.390024
Replacements:                               3550
Total Samples:                              9102
Nested Sampling ln(Z):              -5412.177766
Importance Nested Sampling ln(Z):   -5380.088460 +/-  0.539230
Acceptance Rate:                        0.386515
Replacements:                               3600
Total Samples:                              9314
Nested Sampling ln(Z):              -5409.956613
Importance Nested Sampling ln(Z):   -5380.248451 +/-  0.525189
Acceptance Rate:                        0.383162
Replacements:                               3650
Total Samples:                              9526
Nested Sampling ln(Z):              -5407.696604
Importance Nested Sampling ln(Z):   -5380.076088 +/-  0.460008
Acceptance Rate:                        0.381247
Replacements:                               3700
Total Samples:                              9705
Nested Sampling ln(Z):              -5406.029795
Importance Nested Sampling ln(Z):   -5380.222260 +/-  0.458812
Acceptance Rate:                        0.379324
Replacements:                               3750
Total Samples:                              9886
Nested Sampling ln(Z):              -5404.193464
Importance Nested Sampling ln(Z):   -5380.361068 +/-  0.454232
Acceptance Rate:                        0.377959
Replacements:                               3800
Total Samples:                             10054
Nested Sampling ln(Z):              -5402.527165
Importance Nested Sampling ln(Z):   -5380.312373 +/-  0.409409
Acceptance Rate:                        0.374404
Replacements:                               3850
Total Samples:                             10283
Nested Sampling ln(Z):              -5400.979577
Importance Nested Sampling ln(Z):   -5380.381803 +/-  0.369754
Acceptance Rate:                        0.371854
Replacements:                               3900
Total Samples:                             10488
Nested Sampling ln(Z):              -5399.523366
Importance Nested Sampling ln(Z):   -5380.527171 +/-  0.359714
Acceptance Rate:                        0.369885
Replacements:                               3950
Total Samples:                             10679
Nested Sampling ln(Z):              -5398.007075
Importance Nested Sampling ln(Z):   -5380.632600 +/-  0.338930
Acceptance Rate:                        0.367309
Replacements:                               4000
Total Samples:                             10890
Nested Sampling ln(Z):              -5396.671185
Importance Nested Sampling ln(Z):   -5379.136655 +/-  0.785360
Acceptance Rate:                        0.364701
Replacements:                               4050
Total Samples:                             11105
Nested Sampling ln(Z):              -5395.502245
Importance Nested Sampling ln(Z):   -5379.230004 +/-  0.738757
Acceptance Rate:                        0.362511
Replacements:                               4100
Total Samples:                             11310
Nested Sampling ln(Z):              -5394.514401
Importance Nested Sampling ln(Z):   -5378.783686 +/-  0.585360
Acceptance Rate:                        0.360838
Replacements:                               4150
Total Samples:                             11501
Nested Sampling ln(Z):              -5393.501317
Importance Nested Sampling ln(Z):   -5378.948740 +/-  0.584144
Acceptance Rate:                        0.357234
Replacements:                               4200
Total Samples:                             11757
Nested Sampling ln(Z):              -5392.588902
Importance Nested Sampling ln(Z):   -5379.056950 +/-  0.534074
Acceptance Rate:                        0.355292
Replacements:                               4250
Total Samples:                             11962
Nested Sampling ln(Z):              -5391.796835
Importance Nested Sampling ln(Z):   -5378.711319 +/-  0.397057
Acceptance Rate:                        0.354026
Replacements:                               4300
Total Samples:                             12146
Nested Sampling ln(Z):              -5391.035902
Importance Nested Sampling ln(Z):   -5378.847924 +/-  0.396926
Acceptance Rate:                        0.352970
Replacements:                               4350
Total Samples:                             12324
Nested Sampling ln(Z):              -5390.281599
Importance Nested Sampling ln(Z):   -5378.901902 +/-  0.370771
Acceptance Rate:                        0.351578
Replacements:                               4400
Total Samples:                             12515
Nested Sampling ln(Z):              -5389.515880
Importance Nested Sampling ln(Z):   -5379.047401 +/-  0.369856
Acceptance Rate:                        0.349925
Replacements:                               4450
Total Samples:                             12717
Nested Sampling ln(Z):              -5388.876717
Importance Nested Sampling ln(Z):   -5379.184208 +/-  0.364475
Acceptance Rate:                        0.348055
Replacements:                               4500
Total Samples:                             12929
Nested Sampling ln(Z):              -5388.286889
Importance Nested Sampling ln(Z):   -5379.259177 +/-  0.336224
Acceptance Rate:                        0.347408
Replacements:                               4550
Total Samples:                             13097
Nested Sampling ln(Z):              -5387.765860
Importance Nested Sampling ln(Z):   -5379.319522 +/-  0.313975
Acceptance Rate:                        0.345605
Replacements:                               4600
Total Samples:                             13310
Nested Sampling ln(Z):              -5387.243033
Importance Nested Sampling ln(Z):   -5379.373575 +/-  0.294996
Acceptance Rate:                        0.343452
Replacements:                               4650
Total Samples:                             13539
Nested Sampling ln(Z):              -5386.664863
Importance Nested Sampling ln(Z):   -5379.438802 +/-  0.268918
Acceptance Rate:                        0.342117
Replacements:                               4700
Total Samples:                             13738
Nested Sampling ln(Z):              -5386.118977
Importance Nested Sampling ln(Z):   -5379.438709 +/-  0.242600
Acceptance Rate:                        0.341555
Replacements:                               4750
Total Samples:                             13907
Nested Sampling ln(Z):              -5385.580728
Importance Nested Sampling ln(Z):   -5379.418165 +/-  0.226633
Acceptance Rate:                        0.338648
Replacements:                               4800
Total Samples:                             14174
Nested Sampling ln(Z):              -5385.074867
Importance Nested Sampling ln(Z):   -5379.403863 +/-  0.197611
Acceptance Rate:                        0.336362
Replacements:                               4850
Total Samples:                             14419
Nested Sampling ln(Z):              -5384.609748
Importance Nested Sampling ln(Z):   -5379.395140 +/-  0.170929
Acceptance Rate:                        0.335203
Replacements:                               4900
Total Samples:                             14618
Nested Sampling ln(Z):              -5384.168631
Importance Nested Sampling ln(Z):   -5379.295814 +/-  0.157020
Acceptance Rate:                        0.332393
Replacements:                               4950
Total Samples:                             14892
Nested Sampling ln(Z):              -5383.770919
Importance Nested Sampling ln(Z):   -5379.224168 +/-  0.153839
Acceptance Rate:                        0.329794
Replacements:                               5000
Total Samples:                             15161
Nested Sampling ln(Z):              -5383.393417
Importance Nested Sampling ln(Z):   -5379.173893 +/-  0.140371
Acceptance Rate:                        0.328434
Replacements:                               5050
Total Samples:                             15376
Nested Sampling ln(Z):              -5383.060545
Importance Nested Sampling ln(Z):   -5379.238630 +/-  0.131297
Acceptance Rate:                        0.325151
Replacements:                               5100
Total Samples:                             15685
Nested Sampling ln(Z):              -5382.737856
Importance Nested Sampling ln(Z):   -5379.317041 +/-  0.119057
Acceptance Rate:                        0.322742
Replacements:                               5150
Total Samples:                             15957
Nested Sampling ln(Z):              -5382.419063
Importance Nested Sampling ln(Z):   -5379.259064 +/-  0.114343
Acceptance Rate:                        0.321444
Replacements:                               5200
Total Samples:                             16177
Nested Sampling ln(Z):              -5382.126040
Importance Nested Sampling ln(Z):   -5379.077555 +/-  0.153238
Acceptance Rate:                        0.320435
Replacements:                               5250
Total Samples:                             16384
Nested Sampling ln(Z):              -5381.875882
Importance Nested Sampling ln(Z):   -5379.141056 +/-  0.140683
Acceptance Rate:                        0.317898
Replacements:                               5300
Total Samples:                             16672
Nested Sampling ln(Z):              -5381.641837
Importance Nested Sampling ln(Z):   -5379.219657 +/-  0.127861
Acceptance Rate:                        0.316026
Replacements:                               5350
Total Samples:                             16929
Nested Sampling ln(Z):              -5381.411824
Importance Nested Sampling ln(Z):   -5379.237226 +/-  0.114215
Acceptance Rate:                        0.314704
Replacements:                               5400
Total Samples:                             17159
Nested Sampling ln(Z):              -5381.195102
Importance Nested Sampling ln(Z):   -5379.239126 +/-  0.104592
Acceptance Rate:                        0.314067
Replacements:                               5450
Total Samples:                             17353
Nested Sampling ln(Z):              -5381.000242
Importance Nested Sampling ln(Z):   -5379.238143 +/-  0.096004
Acceptance Rate:                        0.312571
Replacements:                               5500
Total Samples:                             17596
Nested Sampling ln(Z):              -5380.818661
Importance Nested Sampling ln(Z):   -5379.275757 +/-  0.093213
Acceptance Rate:                        0.311448
Replacements:                               5550
Total Samples:                             17820
Nested Sampling ln(Z):              -5380.629003
Importance Nested Sampling ln(Z):   -5379.275268 +/-  0.087570
Acceptance Rate:                        0.310956
Replacements:                               5600
Total Samples:                             18009
Nested Sampling ln(Z):              -5380.452793
Importance Nested Sampling ln(Z):   -5379.330589 +/-  0.081898
Acceptance Rate:                        0.310065
Replacements:                               5650
Total Samples:                             18222
Nested Sampling ln(Z):              -5380.290376
Importance Nested Sampling ln(Z):   -5379.346810 +/-  0.074932
Acceptance Rate:                        0.308358
Replacements:                               5700
Total Samples:                             18485
Nested Sampling ln(Z):              -5380.133131
Importance Nested Sampling ln(Z):   -5379.316847 +/-  0.068096
Acceptance Rate:                        0.305802
Replacements:                               5750
Total Samples:                             18803
Nested Sampling ln(Z):              -5379.985379
Importance Nested Sampling ln(Z):   -5379.331377 +/-  0.060307
Acceptance Rate:                        0.304526
Replacements:                               5800
Total Samples:                             19046
Nested Sampling ln(Z):              -5379.849189
Importance Nested Sampling ln(Z):   -5379.333827 +/-  0.055594
Acceptance Rate:                        0.302779
Replacements:                               5850
Total Samples:                             19321
Nested Sampling ln(Z):              -5379.724801
Importance Nested Sampling ln(Z):   -5379.330475 +/-  0.051865
Acceptance Rate:                        0.301205
Replacements:                               5900
Total Samples:                             19588
Nested Sampling ln(Z):              -5379.609983
Importance Nested Sampling ln(Z):   -5379.303041 +/-  0.049343
Acceptance Rate:                        0.299145
Replacements:                               5950
Total Samples:                             19890
Nested Sampling ln(Z):              -5379.505028
Importance Nested Sampling ln(Z):   -5379.323138 +/-  0.045800
Acceptance Rate:                        0.297575
Replacements:                               6000
Total Samples:                             20163
Nested Sampling ln(Z):              -5379.407954
Importance Nested Sampling ln(Z):   -5379.321660 +/-  0.042140
Acceptance Rate:                        0.294978
Replacements:                               6050
Total Samples:                             20510
Nested Sampling ln(Z):              -5379.319398
Importance Nested Sampling ln(Z):   -5379.308259 +/-  0.039024
Acceptance Rate:                        0.293410
Replacements:                               6100
Total Samples:                             20790
Nested Sampling ln(Z):              -5379.241068
Importance Nested Sampling ln(Z):   -5379.332546 +/-  0.036746
Acceptance Rate:                        0.291594
Replacements:                               6150
Total Samples:                             21091
Nested Sampling ln(Z):              -5379.170486
Importance Nested Sampling ln(Z):   -5379.343012 +/-  0.035051
Acceptance Rate:                        0.289611
Replacements:                               6200
Total Samples:                             21408
Nested Sampling ln(Z):              -5379.104640
Importance Nested Sampling ln(Z):   -5379.356910 +/-  0.033591
Acceptance Rate:                        0.288351
Replacements:                               6250
Total Samples:                             21675
Nested Sampling ln(Z):              -5379.044621
Importance Nested Sampling ln(Z):   -5379.367609 +/-  0.032217
Acceptance Rate:                        0.285805
Replacements:                               6300
Total Samples:                             22043
Nested Sampling ln(Z):              -5378.989827
Importance Nested Sampling ln(Z):   -5379.382868 +/-  0.031012
Acceptance Rate:                        0.284193
Replacements:                               6350
Total Samples:                             22344
Nested Sampling ln(Z):              -5378.939534
Importance Nested Sampling ln(Z):   -5379.382454 +/-  0.029963
Acceptance Rate:                        0.282898
Replacements:                               6400
Total Samples:                             22623
Nested Sampling ln(Z):              -5378.893192
Importance Nested Sampling ln(Z):   -5379.382526 +/-  0.029140
Acceptance Rate:                        0.281168
Replacements:                               6450
Total Samples:                             22940
Nested Sampling ln(Z):              -5378.851511
Importance Nested Sampling ln(Z):   -5379.383385 +/-  0.028508
Acceptance Rate:                        0.278206
Replacements:                               6500
Total Samples:                             23364
Nested Sampling ln(Z):              -5378.813714
Importance Nested Sampling ln(Z):   -5379.388774 +/-  0.027759
Acceptance Rate:                        0.276080
Replacements:                               6550
Total Samples:                             23725
Nested Sampling ln(Z):              -5378.779093
Importance Nested Sampling ln(Z):   -5379.395446 +/-  0.027326
Acceptance Rate:                        0.272266
Replacements:                               6600
Total Samples:                             24241
Nested Sampling ln(Z):              -5378.747601
Importance Nested Sampling ln(Z):   -5379.396984 +/-  0.026813
Acceptance Rate:                        0.269296
Replacements:                               6650
Total Samples:                             24694
Nested Sampling ln(Z):              -5378.719148
Importance Nested Sampling ln(Z):   -5379.393411 +/-  0.026387
Acceptance Rate:                        0.265820
Replacements:                               6700
Total Samples:                             25205
Nested Sampling ln(Z):              -5378.693370
Importance Nested Sampling ln(Z):   -5379.399687 +/-  0.026209
Acceptance Rate:                        0.265647
Replacements:                               6702
Total Samples:                             25229
Nested Sampling ln(Z):              -5378.692386
Importance Nested Sampling ln(Z):   -5379.399893 +/-  0.026204
 ln(ev)=  -5378.48758907448      +/-  0.242221591872731     
 Total Likelihood Evaluations:        25229
 Sampling finished. Exiting MultiNest
MPI process 0 / 1:	The timer Multinest scan has ended.
Duration: 59105256722 microseconds.
MPI process 0 / 1:	Multinest scan took 59105 seconds.
