The system is: Darwin - 14.4.0 - x86_64
Compiling the CXX compiler identification source file "CMakeCXXCompilerId.cpp" succeeded.
Compiler: /sw/bin/g++-fsf-5 
Build flags: 
Id flags: 

The output was:
0


Compilation of the CXX compiler identification source "CMakeCXXCompilerId.cpp" produced "a.out"

The CXX compiler identification is GNU, found in "/Volumes/Data1/ncanac/cosmopp_neutrinos/runs/planck+BAO_LCDMwithNeutrinos_build/CMakeFiles/3.2.1/CompilerIdCXX/a.out"

Determining if the CXX compiler works passed with the following output:
Change Dir: /Volumes/Data1/ncanac/cosmopp_neutrinos/runs/planck+BAO_LCDMwithNeutrinos_build/CMakeFiles/CMakeTmp

Run Build Command:"/usr/bin/make" "cmTryCompileExec2315649059/fast"
/Applications/Xcode.app/Contents/Developer/usr/bin/make -f CMakeFiles/cmTryCompileExec2315649059.dir/build.make CMakeFiles/cmTryCompileExec2315649059.dir/build
/sw/bin/cmake -E cmake_progress_report /Volumes/Data1/ncanac/cosmopp_neutrinos/runs/planck+BAO_LCDMwithNeutrinos_build/CMakeFiles/CMakeTmp/CMakeFiles 1
Building CXX object CMakeFiles/cmTryCompileExec2315649059.dir/testCXXCompiler.cxx.o
/sw/bin/g++-fsf-5     -o CMakeFiles/cmTryCompileExec2315649059.dir/testCXXCompiler.cxx.o -c /Volumes/Data1/ncanac/cosmopp_neutrinos/runs/planck+BAO_LCDMwithNeutrinos_build/CMakeFiles/CMakeTmp/testCXXCompiler.cxx
Linking CXX executable cmTryCompileExec2315649059
/sw/bin/cmake -E cmake_link_script CMakeFiles/cmTryCompileExec2315649059.dir/link.txt --verbose=1
/sw/bin/g++-fsf-5     -Wl,-search_paths_first -Wl,-headerpad_max_install_names   CMakeFiles/cmTryCompileExec2315649059.dir/testCXXCompiler.cxx.o  -o cmTryCompileExec2315649059  


Detecting CXX compiler ABI info compiled with the following output:
Change Dir: /Volumes/Data1/ncanac/cosmopp_neutrinos/runs/planck+BAO_LCDMwithNeutrinos_build/CMakeFiles/CMakeTmp

Run Build Command:"/usr/bin/make" "cmTryCompileExec4193582341/fast"
/Applications/Xcode.app/Contents/Developer/usr/bin/make -f CMakeFiles/cmTryCompileExec4193582341.dir/build.make CMakeFiles/cmTryCompileExec4193582341.dir/build
/sw/bin/cmake -E cmake_progress_report /Volumes/Data1/ncanac/cosmopp_neutrinos/runs/planck+BAO_LCDMwithNeutrinos_build/CMakeFiles/CMakeTmp/CMakeFiles 1
Building CXX object CMakeFiles/cmTryCompileExec4193582341.dir/CMakeCXXCompilerABI.cpp.o
/sw/bin/g++-fsf-5     -o CMakeFiles/cmTryCompileExec4193582341.dir/CMakeCXXCompilerABI.cpp.o -c /sw/share/cmake-3.2/Modules/CMakeCXXCompilerABI.cpp
Linking CXX executable cmTryCompileExec4193582341
/sw/bin/cmake -E cmake_link_script CMakeFiles/cmTryCompileExec4193582341.dir/link.txt --verbose=1
/sw/bin/g++-fsf-5     -Wl,-search_paths_first -Wl,-headerpad_max_install_names  -v -Wl,-v CMakeFiles/cmTryCompileExec4193582341.dir/CMakeCXXCompilerABI.cpp.o  -o cmTryCompileExec4193582341   
Using built-in specs.
COLLECT_GCC=/sw/bin/g++-fsf-5
COLLECT_LTO_WRAPPER=/sw/lib/gcc5/libexec/gcc/x86_64-apple-darwin14.1.0/5.1.0/lto-wrapper
Target: x86_64-apple-darwin14.1.0
Configured with: ../gcc-5.1.0/configure --prefix=/sw --prefix=/sw/lib/gcc5 --mandir=/sw/share/man --infodir=/sw/lib/gcc5/info --enable-languages=c,c++,fortran,lto,objc,obj-c++,java --with-gmp=/sw --with-libiconv-prefix=/sw --with-isl=/sw --with-mpc=/sw --with-system-zlib --x-includes=/usr/X11/include --x-libraries=/usr/X11/lib --program-suffix=-fsf-5
Thread model: posix
gcc version 5.1.0 (GCC) 
COMPILER_PATH=/sw/lib/gcc5/libexec/gcc/x86_64-apple-darwin14.1.0/5.1.0/:/sw/lib/gcc5/libexec/gcc/x86_64-apple-darwin14.1.0/5.1.0/:/sw/lib/gcc5/libexec/gcc/x86_64-apple-darwin14.1.0/:/sw/lib/gcc5/lib/gcc/x86_64-apple-darwin14.1.0/5.1.0/:/sw/lib/gcc5/lib/gcc/x86_64-apple-darwin14.1.0/
LIBRARY_PATH=/sw/lib/gcc5/lib/gcc/x86_64-apple-darwin14.1.0/5.1.0/:/sw/lib/gcc5/lib/gcc/x86_64-apple-darwin14.1.0/5.1.0/../../../:/usr/lib/
COLLECT_GCC_OPTIONS='-mmacosx-version-min=10.10.4' '-v' '-o' 'cmTryCompileExec4193582341' '-shared-libgcc' '-mtune=core2'
 /sw/lib/gcc5/libexec/gcc/x86_64-apple-darwin14.1.0/5.1.0/collect2 -dynamic -arch x86_64 -macosx_version_min 10.10.4 -weak_reference_mismatches non-weak -o cmTryCompileExec4193582341 -L/sw/lib/gcc5/lib/gcc/x86_64-apple-darwin14.1.0/5.1.0 -L/sw/lib/gcc5/lib/gcc/x86_64-apple-darwin14.1.0/5.1.0/../../.. -search_paths_first -headerpad_max_install_names -v CMakeFiles/cmTryCompileExec4193582341.dir/CMakeCXXCompilerABI.cpp.o -lstdc++ -no_compact_unwind -lSystem -lgcc_ext.10.5 -lgcc -lSystem -v
collect2 version 5.1.0
/usr/bin/ld -dynamic -arch x86_64 -macosx_version_min 10.10.4 -weak_reference_mismatches non-weak -o cmTryCompileExec4193582341 -L/sw/lib/gcc5/lib/gcc/x86_64-apple-darwin14.1.0/5.1.0 -L/sw/lib/gcc5/lib/gcc/x86_64-apple-darwin14.1.0/5.1.0/../../.. -search_paths_first -headerpad_max_install_names -v CMakeFiles/cmTryCompileExec4193582341.dir/CMakeCXXCompilerABI.cpp.o -lstdc++ -no_compact_unwind -lSystem -lgcc_ext.10.5 -lgcc -lSystem -v
@(#)PROGRAM:ld  PROJECT:ld64-242.2
configured to support archs: armv6 armv7 armv7s arm64 i386 x86_64 x86_64h armv6m armv7m armv7em
@(#)PROGRAM:ld  PROJECT:ld64-242.2
configured to support archs: armv6 armv7 armv7s arm64 i386 x86_64 x86_64h armv6m armv7m armv7em
Library search paths:
	/sw/lib/gcc5/lib/gcc/x86_64-apple-darwin14.1.0/5.1.0
	/sw/lib/gcc5/lib
	/usr/lib
	/usr/local/lib
Framework search paths:
	/Library/Frameworks/
	/System/Library/Frameworks/
 /usr/bin/nm -n CMakeFiles/cmTryCompileExec4193582341.dir/CMakeCXXCompilerABI.cpp.o


Parsed CXX implicit link information from above output:
  link line regex: [^( *|.*[/\])(ld|([^/\]+-)?ld|collect2)[^/\]*( |$)]
  ignore line: [Change Dir: /Volumes/Data1/ncanac/cosmopp_neutrinos/runs/planck+BAO_LCDMwithNeutrinos_build/CMakeFiles/CMakeTmp]
  ignore line: []
  ignore line: [Run Build Command:"/usr/bin/make" "cmTryCompileExec4193582341/fast"]
  ignore line: [/Applications/Xcode.app/Contents/Developer/usr/bin/make -f CMakeFiles/cmTryCompileExec4193582341.dir/build.make CMakeFiles/cmTryCompileExec4193582341.dir/build]
  ignore line: [/sw/bin/cmake -E cmake_progress_report /Volumes/Data1/ncanac/cosmopp_neutrinos/runs/planck+BAO_LCDMwithNeutrinos_build/CMakeFiles/CMakeTmp/CMakeFiles 1]
  ignore line: [Building CXX object CMakeFiles/cmTryCompileExec4193582341.dir/CMakeCXXCompilerABI.cpp.o]
  ignore line: [/sw/bin/g++-fsf-5     -o CMakeFiles/cmTryCompileExec4193582341.dir/CMakeCXXCompilerABI.cpp.o -c /sw/share/cmake-3.2/Modules/CMakeCXXCompilerABI.cpp]
  ignore line: [Linking CXX executable cmTryCompileExec4193582341]
  ignore line: [/sw/bin/cmake -E cmake_link_script CMakeFiles/cmTryCompileExec4193582341.dir/link.txt --verbose=1]
  ignore line: [/sw/bin/g++-fsf-5     -Wl,-search_paths_first -Wl,-headerpad_max_install_names  -v -Wl,-v CMakeFiles/cmTryCompileExec4193582341.dir/CMakeCXXCompilerABI.cpp.o  -o cmTryCompileExec4193582341   ]
  ignore line: [Using built-in specs.]
  ignore line: [COLLECT_GCC=/sw/bin/g++-fsf-5]
  ignore line: [COLLECT_LTO_WRAPPER=/sw/lib/gcc5/libexec/gcc/x86_64-apple-darwin14.1.0/5.1.0/lto-wrapper]
  ignore line: [Target: x86_64-apple-darwin14.1.0]
  ignore line: [Configured with: ../gcc-5.1.0/configure --prefix=/sw --prefix=/sw/lib/gcc5 --mandir=/sw/share/man --infodir=/sw/lib/gcc5/info --enable-languages=c,c++,fortran,lto,objc,obj-c++,java --with-gmp=/sw --with-libiconv-prefix=/sw --with-isl=/sw --with-mpc=/sw --with-system-zlib --x-includes=/usr/X11/include --x-libraries=/usr/X11/lib --program-suffix=-fsf-5]
  ignore line: [Thread model: posix]
  ignore line: [gcc version 5.1.0 (GCC) ]
  ignore line: [COMPILER_PATH=/sw/lib/gcc5/libexec/gcc/x86_64-apple-darwin14.1.0/5.1.0/:/sw/lib/gcc5/libexec/gcc/x86_64-apple-darwin14.1.0/5.1.0/:/sw/lib/gcc5/libexec/gcc/x86_64-apple-darwin14.1.0/:/sw/lib/gcc5/lib/gcc/x86_64-apple-darwin14.1.0/5.1.0/:/sw/lib/gcc5/lib/gcc/x86_64-apple-darwin14.1.0/]
  ignore line: [LIBRARY_PATH=/sw/lib/gcc5/lib/gcc/x86_64-apple-darwin14.1.0/5.1.0/:/sw/lib/gcc5/lib/gcc/x86_64-apple-darwin14.1.0/5.1.0/../../../:/usr/lib/]
  ignore line: [COLLECT_GCC_OPTIONS='-mmacosx-version-min=10.10.4' '-v' '-o' 'cmTryCompileExec4193582341' '-shared-libgcc' '-mtune=core2']
  link line: [ /sw/lib/gcc5/libexec/gcc/x86_64-apple-darwin14.1.0/5.1.0/collect2 -dynamic -arch x86_64 -macosx_version_min 10.10.4 -weak_reference_mismatches non-weak -o cmTryCompileExec4193582341 -L/sw/lib/gcc5/lib/gcc/x86_64-apple-darwin14.1.0/5.1.0 -L/sw/lib/gcc5/lib/gcc/x86_64-apple-darwin14.1.0/5.1.0/../../.. -search_paths_first -headerpad_max_install_names -v CMakeFiles/cmTryCompileExec4193582341.dir/CMakeCXXCompilerABI.cpp.o -lstdc++ -no_compact_unwind -lSystem -lgcc_ext.10.5 -lgcc -lSystem -v]
    arg [/sw/lib/gcc5/libexec/gcc/x86_64-apple-darwin14.1.0/5.1.0/collect2] ==> ignore
    arg [-dynamic] ==> ignore
    arg [-arch] ==> ignore
    arg [x86_64] ==> ignore
    arg [-macosx_version_min] ==> ignore
    arg [10.10.4] ==> ignore
    arg [-weak_reference_mismatches] ==> ignore
    arg [non-weak] ==> ignore
    arg [-o] ==> ignore
    arg [cmTryCompileExec4193582341] ==> ignore
    arg [-L/sw/lib/gcc5/lib/gcc/x86_64-apple-darwin14.1.0/5.1.0] ==> dir [/sw/lib/gcc5/lib/gcc/x86_64-apple-darwin14.1.0/5.1.0]
    arg [-L/sw/lib/gcc5/lib/gcc/x86_64-apple-darwin14.1.0/5.1.0/../../..] ==> dir [/sw/lib/gcc5/lib/gcc/x86_64-apple-darwin14.1.0/5.1.0/../../..]
    arg [-search_paths_first] ==> ignore
    arg [-headerpad_max_install_names] ==> ignore
    arg [-v] ==> ignore
    arg [CMakeFiles/cmTryCompileExec4193582341.dir/CMakeCXXCompilerABI.cpp.o] ==> ignore
    arg [-lstdc++] ==> lib [stdc++]
    arg [-no_compact_unwind] ==> ignore
    arg [-lSystem] ==> lib [System]
    arg [-lgcc_ext.10.5] ==> lib [gcc_ext.10.5]
    arg [-lgcc] ==> lib [gcc]
    arg [-lSystem] ==> lib [System]
    arg [-v] ==> ignore
  Library search paths: [;/sw/lib/gcc5/lib/gcc/x86_64-apple-darwin14.1.0/5.1.0;/sw/lib/gcc5/lib;/usr/lib;/usr/local/lib]
  Framework search paths: [;/Library/Frameworks/;/System/Library/Frameworks/]
  remove lib [System]
  remove lib [gcc_ext.10.5]
  remove lib [gcc]
  remove lib [System]
  collapse library dir [/sw/lib/gcc5/lib/gcc/x86_64-apple-darwin14.1.0/5.1.0] ==> [/sw/lib/gcc5/lib/gcc/x86_64-apple-darwin14.1.0/5.1.0]
  collapse library dir [/sw/lib/gcc5/lib/gcc/x86_64-apple-darwin14.1.0/5.1.0/../../..] ==> [/sw/lib/gcc5/lib]
  collapse library dir [/sw/lib/gcc5/lib/gcc/x86_64-apple-darwin14.1.0/5.1.0] ==> [/sw/lib/gcc5/lib/gcc/x86_64-apple-darwin14.1.0/5.1.0]
  collapse library dir [/sw/lib/gcc5/lib] ==> [/sw/lib/gcc5/lib]
  collapse library dir [/usr/lib] ==> [/usr/lib]
  collapse library dir [/usr/local/lib] ==> [/usr/local/lib]
  collapse framework dir [/Library/Frameworks/] ==> [/Library/Frameworks]
  collapse framework dir [/System/Library/Frameworks/] ==> [/System/Library/Frameworks]
  implicit libs: [stdc++]
  implicit dirs: [/sw/lib/gcc5/lib/gcc/x86_64-apple-darwin14.1.0/5.1.0;/sw/lib/gcc5/lib;/usr/lib;/usr/local/lib]
  implicit fwks: [/Library/Frameworks;/System/Library/Frameworks]




Detecting CXX [-std=c++14] compiler features compiled with the following output:
Change Dir: /Volumes/Data1/ncanac/cosmopp_neutrinos/runs/planck+BAO_LCDMwithNeutrinos_build/CMakeFiles/CMakeTmp

Run Build Command:"/usr/bin/make" "cmTryCompileExec2437661518/fast"
/Applications/Xcode.app/Contents/Developer/usr/bin/make -f CMakeFiles/cmTryCompileExec2437661518.dir/build.make CMakeFiles/cmTryCompileExec2437661518.dir/build
/sw/bin/cmake -E cmake_progress_report /Volumes/Data1/ncanac/cosmopp_neutrinos/runs/planck+BAO_LCDMwithNeutrinos_build/CMakeFiles/CMakeTmp/CMakeFiles 1
Building CXX object CMakeFiles/cmTryCompileExec2437661518.dir/feature_tests.cxx.o
/sw/bin/g++-fsf-5    -std=c++14 -o CMakeFiles/cmTryCompileExec2437661518.dir/feature_tests.cxx.o -c /Volumes/Data1/ncanac/cosmopp_neutrinos/runs/planck+BAO_LCDMwithNeutrinos_build/CMakeFiles/feature_tests.cxx
Linking CXX executable cmTryCompileExec2437661518
/sw/bin/cmake -E cmake_link_script CMakeFiles/cmTryCompileExec2437661518.dir/link.txt --verbose=1
/sw/bin/g++-fsf-5     -Wl,-search_paths_first -Wl,-headerpad_max_install_names   CMakeFiles/cmTryCompileExec2437661518.dir/feature_tests.cxx.o  -o cmTryCompileExec2437661518  


    Feature record: CXX_FEATURE:1cxx_aggregate_default_initializers
    Feature record: CXX_FEATURE:1cxx_alias_templates
    Feature record: CXX_FEATURE:1cxx_alignas
    Feature record: CXX_FEATURE:1cxx_alignof
    Feature record: CXX_FEATURE:1cxx_attributes
    Feature record: CXX_FEATURE:1cxx_attribute_deprecated
    Feature record: CXX_FEATURE:1cxx_auto_type
    Feature record: CXX_FEATURE:1cxx_binary_literals
    Feature record: CXX_FEATURE:1cxx_constexpr
    Feature record: CXX_FEATURE:1cxx_contextual_conversions
    Feature record: CXX_FEATURE:1cxx_decltype
    Feature record: CXX_FEATURE:1cxx_decltype_auto
    Feature record: CXX_FEATURE:1cxx_decltype_incomplete_return_types
    Feature record: CXX_FEATURE:1cxx_default_function_template_args
    Feature record: CXX_FEATURE:1cxx_defaulted_functions
    Feature record: CXX_FEATURE:1cxx_defaulted_move_initializers
    Feature record: CXX_FEATURE:1cxx_delegating_constructors
    Feature record: CXX_FEATURE:1cxx_deleted_functions
    Feature record: CXX_FEATURE:1cxx_digit_separators
    Feature record: CXX_FEATURE:1cxx_enum_forward_declarations
    Feature record: CXX_FEATURE:1cxx_explicit_conversions
    Feature record: CXX_FEATURE:1cxx_extended_friend_declarations
    Feature record: CXX_FEATURE:1cxx_extern_templates
    Feature record: CXX_FEATURE:1cxx_final
    Feature record: CXX_FEATURE:1cxx_func_identifier
    Feature record: CXX_FEATURE:1cxx_generalized_initializers
    Feature record: CXX_FEATURE:1cxx_generic_lambdas
    Feature record: CXX_FEATURE:1cxx_inheriting_constructors
    Feature record: CXX_FEATURE:1cxx_inline_namespaces
    Feature record: CXX_FEATURE:1cxx_lambdas
    Feature record: CXX_FEATURE:1cxx_lambda_init_captures
    Feature record: CXX_FEATURE:1cxx_local_type_template_args
    Feature record: CXX_FEATURE:1cxx_long_long_type
    Feature record: CXX_FEATURE:1cxx_noexcept
    Feature record: CXX_FEATURE:1cxx_nonstatic_member_init
    Feature record: CXX_FEATURE:1cxx_nullptr
    Feature record: CXX_FEATURE:1cxx_override
    Feature record: CXX_FEATURE:1cxx_range_for
    Feature record: CXX_FEATURE:1cxx_raw_string_literals
    Feature record: CXX_FEATURE:1cxx_reference_qualified_functions
    Feature record: CXX_FEATURE:1cxx_relaxed_constexpr
    Feature record: CXX_FEATURE:1cxx_return_type_deduction
    Feature record: CXX_FEATURE:1cxx_right_angle_brackets
    Feature record: CXX_FEATURE:1cxx_rvalue_references
    Feature record: CXX_FEATURE:1cxx_sizeof_member
    Feature record: CXX_FEATURE:1cxx_static_assert
    Feature record: CXX_FEATURE:1cxx_strong_enums
    Feature record: CXX_FEATURE:1cxx_template_template_parameters
    Feature record: CXX_FEATURE:1cxx_thread_local
    Feature record: CXX_FEATURE:1cxx_trailing_return_types
    Feature record: CXX_FEATURE:1cxx_unicode_literals
    Feature record: CXX_FEATURE:1cxx_uniform_initialization
    Feature record: CXX_FEATURE:1cxx_unrestricted_unions
    Feature record: CXX_FEATURE:1cxx_user_literals
    Feature record: CXX_FEATURE:1cxx_variable_templates
    Feature record: CXX_FEATURE:1cxx_variadic_macros
    Feature record: CXX_FEATURE:1cxx_variadic_templates


Detecting CXX [-std=c++11] compiler features compiled with the following output:
Change Dir: /Volumes/Data1/ncanac/cosmopp_neutrinos/runs/planck+BAO_LCDMwithNeutrinos_build/CMakeFiles/CMakeTmp

Run Build Command:"/usr/bin/make" "cmTryCompileExec1536393920/fast"
/Applications/Xcode.app/Contents/Developer/usr/bin/make -f CMakeFiles/cmTryCompileExec1536393920.dir/build.make CMakeFiles/cmTryCompileExec1536393920.dir/build
/sw/bin/cmake -E cmake_progress_report /Volumes/Data1/ncanac/cosmopp_neutrinos/runs/planck+BAO_LCDMwithNeutrinos_build/CMakeFiles/CMakeTmp/CMakeFiles 1
Building CXX object CMakeFiles/cmTryCompileExec1536393920.dir/feature_tests.cxx.o
/sw/bin/g++-fsf-5    -std=c++11 -o CMakeFiles/cmTryCompileExec1536393920.dir/feature_tests.cxx.o -c /Volumes/Data1/ncanac/cosmopp_neutrinos/runs/planck+BAO_LCDMwithNeutrinos_build/CMakeFiles/feature_tests.cxx
Linking CXX executable cmTryCompileExec1536393920
/sw/bin/cmake -E cmake_link_script CMakeFiles/cmTryCompileExec1536393920.dir/link.txt --verbose=1
/sw/bin/g++-fsf-5     -Wl,-search_paths_first -Wl,-headerpad_max_install_names   CMakeFiles/cmTryCompileExec1536393920.dir/feature_tests.cxx.o  -o cmTryCompileExec1536393920  


    Feature record: CXX_FEATURE:0cxx_aggregate_default_initializers
    Feature record: CXX_FEATURE:1cxx_alias_templates
    Feature record: CXX_FEATURE:1cxx_alignas
    Feature record: CXX_FEATURE:1cxx_alignof
    Feature record: CXX_FEATURE:1cxx_attributes
    Feature record: CXX_FEATURE:0cxx_attribute_deprecated
    Feature record: CXX_FEATURE:1cxx_auto_type
    Feature record: CXX_FEATURE:0cxx_binary_literals
    Feature record: CXX_FEATURE:1cxx_constexpr
    Feature record: CXX_FEATURE:0cxx_contextual_conversions
    Feature record: CXX_FEATURE:1cxx_decltype
    Feature record: CXX_FEATURE:0cxx_decltype_auto
    Feature record: CXX_FEATURE:1cxx_decltype_incomplete_return_types
    Feature record: CXX_FEATURE:1cxx_default_function_template_args
    Feature record: CXX_FEATURE:1cxx_defaulted_functions
    Feature record: CXX_FEATURE:1cxx_defaulted_move_initializers
    Feature record: CXX_FEATURE:1cxx_delegating_constructors
    Feature record: CXX_FEATURE:1cxx_deleted_functions
    Feature record: CXX_FEATURE:0cxx_digit_separators
    Feature record: CXX_FEATURE:1cxx_enum_forward_declarations
    Feature record: CXX_FEATURE:1cxx_explicit_conversions
    Feature record: CXX_FEATURE:1cxx_extended_friend_declarations
    Feature record: CXX_FEATURE:1cxx_extern_templates
    Feature record: CXX_FEATURE:1cxx_final
    Feature record: CXX_FEATURE:1cxx_func_identifier
    Feature record: CXX_FEATURE:1cxx_generalized_initializers
    Feature record: CXX_FEATURE:0cxx_generic_lambdas
    Feature record: CXX_FEATURE:1cxx_inheriting_constructors
    Feature record: CXX_FEATURE:1cxx_inline_namespaces
    Feature record: CXX_FEATURE:1cxx_lambdas
    Feature record: CXX_FEATURE:0cxx_lambda_init_captures
    Feature record: CXX_FEATURE:1cxx_local_type_template_args
    Feature record: CXX_FEATURE:1cxx_long_long_type
    Feature record: CXX_FEATURE:1cxx_noexcept
    Feature record: CXX_FEATURE:1cxx_nonstatic_member_init
    Feature record: CXX_FEATURE:1cxx_nullptr
    Feature record: CXX_FEATURE:1cxx_override
    Feature record: CXX_FEATURE:1cxx_range_for
    Feature record: CXX_FEATURE:1cxx_raw_string_literals
    Feature record: CXX_FEATURE:1cxx_reference_qualified_functions
    Feature record: CXX_FEATURE:0cxx_relaxed_constexpr
    Feature record: CXX_FEATURE:0cxx_return_type_deduction
    Feature record: CXX_FEATURE:1cxx_right_angle_brackets
    Feature record: CXX_FEATURE:1cxx_rvalue_references
    Feature record: CXX_FEATURE:1cxx_sizeof_member
    Feature record: CXX_FEATURE:1cxx_static_assert
    Feature record: CXX_FEATURE:1cxx_strong_enums
    Feature record: CXX_FEATURE:1cxx_template_template_parameters
    Feature record: CXX_FEATURE:1cxx_thread_local
    Feature record: CXX_FEATURE:1cxx_trailing_return_types
    Feature record: CXX_FEATURE:1cxx_unicode_literals
    Feature record: CXX_FEATURE:1cxx_uniform_initialization
    Feature record: CXX_FEATURE:1cxx_unrestricted_unions
    Feature record: CXX_FEATURE:1cxx_user_literals
    Feature record: CXX_FEATURE:0cxx_variable_templates
    Feature record: CXX_FEATURE:1cxx_variadic_macros
    Feature record: CXX_FEATURE:1cxx_variadic_templates


Detecting CXX [-std=c++98] compiler features compiled with the following output:
Change Dir: /Volumes/Data1/ncanac/cosmopp_neutrinos/runs/planck+BAO_LCDMwithNeutrinos_build/CMakeFiles/CMakeTmp

Run Build Command:"/usr/bin/make" "cmTryCompileExec2544550500/fast"
/Applications/Xcode.app/Contents/Developer/usr/bin/make -f CMakeFiles/cmTryCompileExec2544550500.dir/build.make CMakeFiles/cmTryCompileExec2544550500.dir/build
/sw/bin/cmake -E cmake_progress_report /Volumes/Data1/ncanac/cosmopp_neutrinos/runs/planck+BAO_LCDMwithNeutrinos_build/CMakeFiles/CMakeTmp/CMakeFiles 1
Building CXX object CMakeFiles/cmTryCompileExec2544550500.dir/feature_tests.cxx.o
/sw/bin/g++-fsf-5    -std=c++98 -o CMakeFiles/cmTryCompileExec2544550500.dir/feature_tests.cxx.o -c /Volumes/Data1/ncanac/cosmopp_neutrinos/runs/planck+BAO_LCDMwithNeutrinos_build/CMakeFiles/feature_tests.cxx
Linking CXX executable cmTryCompileExec2544550500
/sw/bin/cmake -E cmake_link_script CMakeFiles/cmTryCompileExec2544550500.dir/link.txt --verbose=1
/sw/bin/g++-fsf-5     -Wl,-search_paths_first -Wl,-headerpad_max_install_names   CMakeFiles/cmTryCompileExec2544550500.dir/feature_tests.cxx.o  -o cmTryCompileExec2544550500  


    Feature record: CXX_FEATURE:0cxx_aggregate_default_initializers
    Feature record: CXX_FEATURE:0cxx_alias_templates
    Feature record: CXX_FEATURE:0cxx_alignas
    Feature record: CXX_FEATURE:0cxx_alignof
    Feature record: CXX_FEATURE:0cxx_attributes
    Feature record: CXX_FEATURE:0cxx_attribute_deprecated
    Feature record: CXX_FEATURE:0cxx_auto_type
    Feature record: CXX_FEATURE:0cxx_binary_literals
    Feature record: CXX_FEATURE:0cxx_constexpr
    Feature record: CXX_FEATURE:0cxx_contextual_conversions
    Feature record: CXX_FEATURE:0cxx_decltype
    Feature record: CXX_FEATURE:0cxx_decltype_auto
    Feature record: CXX_FEATURE:0cxx_decltype_incomplete_return_types
    Feature record: CXX_FEATURE:0cxx_default_function_template_args
    Feature record: CXX_FEATURE:0cxx_defaulted_functions
    Feature record: CXX_FEATURE:0cxx_defaulted_move_initializers
    Feature record: CXX_FEATURE:0cxx_delegating_constructors
    Feature record: CXX_FEATURE:0cxx_deleted_functions
    Feature record: CXX_FEATURE:0cxx_digit_separators
    Feature record: CXX_FEATURE:0cxx_enum_forward_declarations
    Feature record: CXX_FEATURE:0cxx_explicit_conversions
    Feature record: CXX_FEATURE:0cxx_extended_friend_declarations
    Feature record: CXX_FEATURE:0cxx_extern_templates
    Feature record: CXX_FEATURE:0cxx_final
    Feature record: CXX_FEATURE:0cxx_func_identifier
    Feature record: CXX_FEATURE:0cxx_generalized_initializers
    Feature record: CXX_FEATURE:0cxx_generic_lambdas
    Feature record: CXX_FEATURE:0cxx_inheriting_constructors
    Feature record: CXX_FEATURE:0cxx_inline_namespaces
    Feature record: CXX_FEATURE:0cxx_lambdas
    Feature record: CXX_FEATURE:0cxx_lambda_init_captures
    Feature record: CXX_FEATURE:0cxx_local_type_template_args
    Feature record: CXX_FEATURE:0cxx_long_long_type
    Feature record: CXX_FEATURE:0cxx_noexcept
    Feature record: CXX_FEATURE:0cxx_nonstatic_member_init
    Feature record: CXX_FEATURE:0cxx_nullptr
    Feature record: CXX_FEATURE:0cxx_override
    Feature record: CXX_FEATURE:0cxx_range_for
    Feature record: CXX_FEATURE:0cxx_raw_string_literals
    Feature record: CXX_FEATURE:0cxx_reference_qualified_functions
    Feature record: CXX_FEATURE:0cxx_relaxed_constexpr
    Feature record: CXX_FEATURE:0cxx_return_type_deduction
    Feature record: CXX_FEATURE:0cxx_right_angle_brackets
    Feature record: CXX_FEATURE:0cxx_rvalue_references
    Feature record: CXX_FEATURE:0cxx_sizeof_member
    Feature record: CXX_FEATURE:0cxx_static_assert
    Feature record: CXX_FEATURE:0cxx_strong_enums
    Feature record: CXX_FEATURE:1cxx_template_template_parameters
    Feature record: CXX_FEATURE:0cxx_thread_local
    Feature record: CXX_FEATURE:0cxx_trailing_return_types
    Feature record: CXX_FEATURE:0cxx_unicode_literals
    Feature record: CXX_FEATURE:0cxx_uniform_initialization
    Feature record: CXX_FEATURE:0cxx_unrestricted_unions
    Feature record: CXX_FEATURE:0cxx_user_literals
    Feature record: CXX_FEATURE:0cxx_variable_templates
    Feature record: CXX_FEATURE:0cxx_variadic_macros
    Feature record: CXX_FEATURE:0cxx_variadic_templates
Performing C++ SOURCE FILE Test OpenMP_FLAG_DETECTED succeded with the following output:
Change Dir: /Volumes/Data1/ncanac/cosmopp_neutrinos/runs/planck+BAO_LCDMwithNeutrinos_build/CMakeFiles/CMakeTmp

Run Build Command:"/usr/bin/make" "cmTryCompileExec3749724320/fast"
/Applications/Xcode.app/Contents/Developer/usr/bin/make -f CMakeFiles/cmTryCompileExec3749724320.dir/build.make CMakeFiles/cmTryCompileExec3749724320.dir/build
/sw/bin/cmake -E cmake_progress_report /Volumes/Data1/ncanac/cosmopp_neutrinos/runs/planck+BAO_LCDMwithNeutrinos_build/CMakeFiles/CMakeTmp/CMakeFiles 1
Building CXX object CMakeFiles/cmTryCompileExec3749724320.dir/src.cxx.o
/sw/bin/g++-fsf-5    -std=c++11 -fpic -DOpenMP_FLAG_DETECTED -fopenmp   -o CMakeFiles/cmTryCompileExec3749724320.dir/src.cxx.o -c /Volumes/Data1/ncanac/cosmopp_neutrinos/runs/planck+BAO_LCDMwithNeutrinos_build/CMakeFiles/CMakeTmp/src.cxx
Linking CXX executable cmTryCompileExec3749724320
/sw/bin/cmake -E cmake_link_script CMakeFiles/cmTryCompileExec3749724320.dir/link.txt --verbose=1
/sw/bin/g++-fsf-5    -std=c++11 -fpic -DOpenMP_FLAG_DETECTED -fopenmp -Wl,-search_paths_first -Wl,-headerpad_max_install_names   CMakeFiles/cmTryCompileExec3749724320.dir/src.cxx.o  -o cmTryCompileExec3749724320  

Source file was:

#include <omp.h>
int main() {
#ifdef _OPENMP
  return 0;
#else
  breaks_on_purpose
#endif
}

