The system is: Darwin - 14.5.0 - x86_64
Compiling the CXX compiler identification source file "CMakeCXXCompilerId.cpp" succeeded.
Compiler: /sw/bin/g++-fsf-5 
Build flags: 
Id flags: 

The output was:
0


Compilation of the CXX compiler identification source "CMakeCXXCompilerId.cpp" produced "a.out"

The CXX compiler identification is GNU, found in "/Volumes/Data1/ncanac/cosmopp_neutrinos/runs/standard_nEff_mn/CMakeFiles/3.4.0/CompilerIdCXX/a.out"

Determining if the CXX compiler works passed with the following output:
Change Dir: /Volumes/Data1/ncanac/cosmopp_neutrinos/runs/standard_nEff_mn/CMakeFiles/CMakeTmp

Run Build Command:"/usr/bin/make" "cmTC_7bfc3/fast"
/Applications/Xcode.app/Contents/Developer/usr/bin/make -f CMakeFiles/cmTC_7bfc3.dir/build.make CMakeFiles/cmTC_7bfc3.dir/build
Building CXX object CMakeFiles/cmTC_7bfc3.dir/testCXXCompiler.cxx.o
/sw/bin/g++-fsf-5      -o CMakeFiles/cmTC_7bfc3.dir/testCXXCompiler.cxx.o -c /Volumes/Data1/ncanac/cosmopp_neutrinos/runs/standard_nEff_mn/CMakeFiles/CMakeTmp/testCXXCompiler.cxx
Linking CXX executable cmTC_7bfc3
/sw/bin/cmake -E cmake_link_script CMakeFiles/cmTC_7bfc3.dir/link.txt --verbose=1
/sw/bin/g++-fsf-5     -Wl,-search_paths_first -Wl,-headerpad_max_install_names   CMakeFiles/cmTC_7bfc3.dir/testCXXCompiler.cxx.o  -o cmTC_7bfc3  


Detecting CXX compiler ABI info compiled with the following output:
Change Dir: /Volumes/Data1/ncanac/cosmopp_neutrinos/runs/standard_nEff_mn/CMakeFiles/CMakeTmp

Run Build Command:"/usr/bin/make" "cmTC_1a670/fast"
/Applications/Xcode.app/Contents/Developer/usr/bin/make -f CMakeFiles/cmTC_1a670.dir/build.make CMakeFiles/cmTC_1a670.dir/build
Building CXX object CMakeFiles/cmTC_1a670.dir/CMakeCXXCompilerABI.cpp.o
/sw/bin/g++-fsf-5      -o CMakeFiles/cmTC_1a670.dir/CMakeCXXCompilerABI.cpp.o -c /sw/share/cmake-3.4/Modules/CMakeCXXCompilerABI.cpp
Linking CXX executable cmTC_1a670
/sw/bin/cmake -E cmake_link_script CMakeFiles/cmTC_1a670.dir/link.txt --verbose=1
/sw/bin/g++-fsf-5     -Wl,-search_paths_first -Wl,-headerpad_max_install_names  -v -Wl,-v CMakeFiles/cmTC_1a670.dir/CMakeCXXCompilerABI.cpp.o  -o cmTC_1a670   
Using built-in specs.
COLLECT_GCC=/sw/bin/g++-fsf-5
COLLECT_LTO_WRAPPER=/sw/lib/gcc5/libexec/gcc/x86_64-apple-darwin14.5.0/5.3.0/lto-wrapper
Target: x86_64-apple-darwin14.5.0
Configured with: ../gcc-5.3.0/configure --prefix=/sw --prefix=/sw/lib/gcc5 --mandir=/sw/share/man --infodir=/sw/lib/gcc5/info --enable-languages=c,c++,fortran,lto,objc,obj-c++,java --with-gmp=/sw --with-libiconv-prefix=/sw --with-isl=/sw --with-mpc=/sw --with-system-zlib --program-suffix=-fsf-5 --with-build-config=bootstrap-debug
Thread model: posix
gcc version 5.3.0 (GCC) 
COMPILER_PATH=/sw/lib/gcc5/libexec/gcc/x86_64-apple-darwin14.5.0/5.3.0/:/sw/lib/gcc5/libexec/gcc/x86_64-apple-darwin14.5.0/5.3.0/:/sw/lib/gcc5/libexec/gcc/x86_64-apple-darwin14.5.0/:/sw/lib/gcc5/lib/gcc/x86_64-apple-darwin14.5.0/5.3.0/:/sw/lib/gcc5/lib/gcc/x86_64-apple-darwin14.5.0/
LIBRARY_PATH=/sw/lib/gcc5/lib/gcc/x86_64-apple-darwin14.5.0/5.3.0/:/sw/lib/gcc5/lib/gcc/x86_64-apple-darwin14.5.0/5.3.0/../../../:/usr/lib/
COLLECT_GCC_OPTIONS='-mmacosx-version-min=10.10.5' '-v' '-o' 'cmTC_1a670' '-shared-libgcc' '-mtune=core2'
 /sw/lib/gcc5/libexec/gcc/x86_64-apple-darwin14.5.0/5.3.0/collect2 -dynamic -arch x86_64 -macosx_version_min 10.10.5 -weak_reference_mismatches non-weak -o cmTC_1a670 -L/sw/lib/gcc5/lib/gcc/x86_64-apple-darwin14.5.0/5.3.0 -L/sw/lib/gcc5/lib/gcc/x86_64-apple-darwin14.5.0/5.3.0/../../.. -search_paths_first -headerpad_max_install_names -v CMakeFiles/cmTC_1a670.dir/CMakeCXXCompilerABI.cpp.o -lstdc++ -no_compact_unwind -lSystem -lgcc_ext.10.5 -lgcc -lSystem -v
collect2 version 5.3.0
/usr/bin/ld -dynamic -arch x86_64 -macosx_version_min 10.10.5 -weak_reference_mismatches non-weak -o cmTC_1a670 -L/sw/lib/gcc5/lib/gcc/x86_64-apple-darwin14.5.0/5.3.0 -L/sw/lib/gcc5/lib/gcc/x86_64-apple-darwin14.5.0/5.3.0/../../.. -search_paths_first -headerpad_max_install_names -v CMakeFiles/cmTC_1a670.dir/CMakeCXXCompilerABI.cpp.o -lstdc++ -no_compact_unwind -lSystem -lgcc_ext.10.5 -lgcc -lSystem -v
@(#)PROGRAM:ld  PROJECT:ld64-253.9
configured to support archs: armv6 armv7 armv7s arm64 i386 x86_64 x86_64h armv6m armv7k armv7m armv7em (tvOS)
@(#)PROGRAM:ld  PROJECT:ld64-253.9
configured to support archs: armv6 armv7 armv7s arm64 i386 x86_64 x86_64h armv6m armv7k armv7m armv7em (tvOS)
Library search paths:
	/sw/lib/gcc5/lib/gcc/x86_64-apple-darwin14.5.0/5.3.0
	/sw/lib/gcc5/lib
	/usr/lib
	/usr/local/lib
Framework search paths:
	/Library/Frameworks/
	/System/Library/Frameworks/
 /usr/bin/nm -n CMakeFiles/cmTC_1a670.dir/CMakeCXXCompilerABI.cpp.o


Parsed CXX implicit link information from above output:
  link line regex: [^( *|.*[/\])(ld|([^/\]+-)?ld|collect2)[^/\]*( |$)]
  ignore line: [Change Dir: /Volumes/Data1/ncanac/cosmopp_neutrinos/runs/standard_nEff_mn/CMakeFiles/CMakeTmp]
  ignore line: []
  ignore line: [Run Build Command:"/usr/bin/make" "cmTC_1a670/fast"]
  ignore line: [/Applications/Xcode.app/Contents/Developer/usr/bin/make -f CMakeFiles/cmTC_1a670.dir/build.make CMakeFiles/cmTC_1a670.dir/build]
  ignore line: [Building CXX object CMakeFiles/cmTC_1a670.dir/CMakeCXXCompilerABI.cpp.o]
  ignore line: [/sw/bin/g++-fsf-5      -o CMakeFiles/cmTC_1a670.dir/CMakeCXXCompilerABI.cpp.o -c /sw/share/cmake-3.4/Modules/CMakeCXXCompilerABI.cpp]
  ignore line: [Linking CXX executable cmTC_1a670]
  ignore line: [/sw/bin/cmake -E cmake_link_script CMakeFiles/cmTC_1a670.dir/link.txt --verbose=1]
  ignore line: [/sw/bin/g++-fsf-5     -Wl,-search_paths_first -Wl,-headerpad_max_install_names  -v -Wl,-v CMakeFiles/cmTC_1a670.dir/CMakeCXXCompilerABI.cpp.o  -o cmTC_1a670   ]
  ignore line: [Using built-in specs.]
  ignore line: [COLLECT_GCC=/sw/bin/g++-fsf-5]
  ignore line: [COLLECT_LTO_WRAPPER=/sw/lib/gcc5/libexec/gcc/x86_64-apple-darwin14.5.0/5.3.0/lto-wrapper]
  ignore line: [Target: x86_64-apple-darwin14.5.0]
  ignore line: [Configured with: ../gcc-5.3.0/configure --prefix=/sw --prefix=/sw/lib/gcc5 --mandir=/sw/share/man --infodir=/sw/lib/gcc5/info --enable-languages=c,c++,fortran,lto,objc,obj-c++,java --with-gmp=/sw --with-libiconv-prefix=/sw --with-isl=/sw --with-mpc=/sw --with-system-zlib --program-suffix=-fsf-5 --with-build-config=bootstrap-debug]
  ignore line: [Thread model: posix]
  ignore line: [gcc version 5.3.0 (GCC) ]
  ignore line: [COMPILER_PATH=/sw/lib/gcc5/libexec/gcc/x86_64-apple-darwin14.5.0/5.3.0/:/sw/lib/gcc5/libexec/gcc/x86_64-apple-darwin14.5.0/5.3.0/:/sw/lib/gcc5/libexec/gcc/x86_64-apple-darwin14.5.0/:/sw/lib/gcc5/lib/gcc/x86_64-apple-darwin14.5.0/5.3.0/:/sw/lib/gcc5/lib/gcc/x86_64-apple-darwin14.5.0/]
  ignore line: [LIBRARY_PATH=/sw/lib/gcc5/lib/gcc/x86_64-apple-darwin14.5.0/5.3.0/:/sw/lib/gcc5/lib/gcc/x86_64-apple-darwin14.5.0/5.3.0/../../../:/usr/lib/]
  ignore line: [COLLECT_GCC_OPTIONS='-mmacosx-version-min=10.10.5' '-v' '-o' 'cmTC_1a670' '-shared-libgcc' '-mtune=core2']
  link line: [ /sw/lib/gcc5/libexec/gcc/x86_64-apple-darwin14.5.0/5.3.0/collect2 -dynamic -arch x86_64 -macosx_version_min 10.10.5 -weak_reference_mismatches non-weak -o cmTC_1a670 -L/sw/lib/gcc5/lib/gcc/x86_64-apple-darwin14.5.0/5.3.0 -L/sw/lib/gcc5/lib/gcc/x86_64-apple-darwin14.5.0/5.3.0/../../.. -search_paths_first -headerpad_max_install_names -v CMakeFiles/cmTC_1a670.dir/CMakeCXXCompilerABI.cpp.o -lstdc++ -no_compact_unwind -lSystem -lgcc_ext.10.5 -lgcc -lSystem -v]
    arg [/sw/lib/gcc5/libexec/gcc/x86_64-apple-darwin14.5.0/5.3.0/collect2] ==> ignore
    arg [-dynamic] ==> ignore
    arg [-arch] ==> ignore
    arg [x86_64] ==> ignore
    arg [-macosx_version_min] ==> ignore
    arg [10.10.5] ==> ignore
    arg [-weak_reference_mismatches] ==> ignore
    arg [non-weak] ==> ignore
    arg [-o] ==> ignore
    arg [cmTC_1a670] ==> ignore
    arg [-L/sw/lib/gcc5/lib/gcc/x86_64-apple-darwin14.5.0/5.3.0] ==> dir [/sw/lib/gcc5/lib/gcc/x86_64-apple-darwin14.5.0/5.3.0]
    arg [-L/sw/lib/gcc5/lib/gcc/x86_64-apple-darwin14.5.0/5.3.0/../../..] ==> dir [/sw/lib/gcc5/lib/gcc/x86_64-apple-darwin14.5.0/5.3.0/../../..]
    arg [-search_paths_first] ==> ignore
    arg [-headerpad_max_install_names] ==> ignore
    arg [-v] ==> ignore
    arg [CMakeFiles/cmTC_1a670.dir/CMakeCXXCompilerABI.cpp.o] ==> ignore
    arg [-lstdc++] ==> lib [stdc++]
    arg [-no_compact_unwind] ==> ignore
    arg [-lSystem] ==> lib [System]
    arg [-lgcc_ext.10.5] ==> lib [gcc_ext.10.5]
    arg [-lgcc] ==> lib [gcc]
    arg [-lSystem] ==> lib [System]
    arg [-v] ==> ignore
  Library search paths: [;/sw/lib/gcc5/lib/gcc/x86_64-apple-darwin14.5.0/5.3.0;/sw/lib/gcc5/lib;/usr/lib;/usr/local/lib]
  Framework search paths: [;/Library/Frameworks/;/System/Library/Frameworks/]
  remove lib [System]
  remove lib [gcc_ext.10.5]
  remove lib [gcc]
  remove lib [System]
  collapse library dir [/sw/lib/gcc5/lib/gcc/x86_64-apple-darwin14.5.0/5.3.0] ==> [/sw/lib/gcc5/lib/gcc/x86_64-apple-darwin14.5.0/5.3.0]
  collapse library dir [/sw/lib/gcc5/lib/gcc/x86_64-apple-darwin14.5.0/5.3.0/../../..] ==> [/sw/lib/gcc5/lib]
  collapse library dir [/sw/lib/gcc5/lib/gcc/x86_64-apple-darwin14.5.0/5.3.0] ==> [/sw/lib/gcc5/lib/gcc/x86_64-apple-darwin14.5.0/5.3.0]
  collapse library dir [/sw/lib/gcc5/lib] ==> [/sw/lib/gcc5/lib]
  collapse library dir [/usr/lib] ==> [/usr/lib]
  collapse library dir [/usr/local/lib] ==> [/usr/local/lib]
  collapse framework dir [/Library/Frameworks/] ==> [/Library/Frameworks]
  collapse framework dir [/System/Library/Frameworks/] ==> [/System/Library/Frameworks]
  implicit libs: [stdc++]
  implicit dirs: [/sw/lib/gcc5/lib/gcc/x86_64-apple-darwin14.5.0/5.3.0;/sw/lib/gcc5/lib;/usr/lib;/usr/local/lib]
  implicit fwks: [/Library/Frameworks;/System/Library/Frameworks]




Detecting CXX [-std=c++14] compiler features compiled with the following output:
Change Dir: /Volumes/Data1/ncanac/cosmopp_neutrinos/runs/standard_nEff_mn/CMakeFiles/CMakeTmp

Run Build Command:"/usr/bin/make" "cmTC_b775a/fast"
/Applications/Xcode.app/Contents/Developer/usr/bin/make -f CMakeFiles/cmTC_b775a.dir/build.make CMakeFiles/cmTC_b775a.dir/build
Building CXX object CMakeFiles/cmTC_b775a.dir/feature_tests.cxx.o
/sw/bin/g++-fsf-5     -std=c++14 -o CMakeFiles/cmTC_b775a.dir/feature_tests.cxx.o -c /Volumes/Data1/ncanac/cosmopp_neutrinos/runs/standard_nEff_mn/CMakeFiles/feature_tests.cxx
Linking CXX executable cmTC_b775a
/sw/bin/cmake -E cmake_link_script CMakeFiles/cmTC_b775a.dir/link.txt --verbose=1
/sw/bin/g++-fsf-5     -Wl,-search_paths_first -Wl,-headerpad_max_install_names   CMakeFiles/cmTC_b775a.dir/feature_tests.cxx.o  -o cmTC_b775a  


    Feature record: CXX_FEATURE:1cxx_aggregate_default_initializers
    Feature record: CXX_FEATURE:1cxx_alias_templates
    Feature record: CXX_FEATURE:1cxx_alignas
    Feature record: CXX_FEATURE:1cxx_alignof
    Feature record: CXX_FEATURE:1cxx_attributes
    Feature record: CXX_FEATURE:1cxx_attribute_deprecated
    Feature record: CXX_FEATURE:1cxx_auto_type
    Feature record: CXX_FEATURE:1cxx_binary_literals
    Feature record: CXX_FEATURE:1cxx_constexpr
    Feature record: CXX_FEATURE:1cxx_contextual_conversions
    Feature record: CXX_FEATURE:1cxx_decltype
    Feature record: CXX_FEATURE:1cxx_decltype_auto
    Feature record: CXX_FEATURE:1cxx_decltype_incomplete_return_types
    Feature record: CXX_FEATURE:1cxx_default_function_template_args
    Feature record: CXX_FEATURE:1cxx_defaulted_functions
    Feature record: CXX_FEATURE:1cxx_defaulted_move_initializers
    Feature record: CXX_FEATURE:1cxx_delegating_constructors
    Feature record: CXX_FEATURE:1cxx_deleted_functions
    Feature record: CXX_FEATURE:1cxx_digit_separators
    Feature record: CXX_FEATURE:1cxx_enum_forward_declarations
    Feature record: CXX_FEATURE:1cxx_explicit_conversions
    Feature record: CXX_FEATURE:1cxx_extended_friend_declarations
    Feature record: CXX_FEATURE:1cxx_extern_templates
    Feature record: CXX_FEATURE:1cxx_final
    Feature record: CXX_FEATURE:1cxx_func_identifier
    Feature record: CXX_FEATURE:1cxx_generalized_initializers
    Feature record: CXX_FEATURE:1cxx_generic_lambdas
    Feature record: CXX_FEATURE:1cxx_inheriting_constructors
    Feature record: CXX_FEATURE:1cxx_inline_namespaces
    Feature record: CXX_FEATURE:1cxx_lambdas
    Feature record: CXX_FEATURE:1cxx_lambda_init_captures
    Feature record: CXX_FEATURE:1cxx_local_type_template_args
    Feature record: CXX_FEATURE:1cxx_long_long_type
    Feature record: CXX_FEATURE:1cxx_noexcept
    Feature record: CXX_FEATURE:1cxx_nonstatic_member_init
    Feature record: CXX_FEATURE:1cxx_nullptr
    Feature record: CXX_FEATURE:1cxx_override
    Feature record: CXX_FEATURE:1cxx_range_for
    Feature record: CXX_FEATURE:1cxx_raw_string_literals
    Feature record: CXX_FEATURE:1cxx_reference_qualified_functions
    Feature record: CXX_FEATURE:1cxx_relaxed_constexpr
    Feature record: CXX_FEATURE:1cxx_return_type_deduction
    Feature record: CXX_FEATURE:1cxx_right_angle_brackets
    Feature record: CXX_FEATURE:1cxx_rvalue_references
    Feature record: CXX_FEATURE:1cxx_sizeof_member
    Feature record: CXX_FEATURE:1cxx_static_assert
    Feature record: CXX_FEATURE:1cxx_strong_enums
    Feature record: CXX_FEATURE:1cxx_template_template_parameters
    Feature record: CXX_FEATURE:1cxx_thread_local
    Feature record: CXX_FEATURE:1cxx_trailing_return_types
    Feature record: CXX_FEATURE:1cxx_unicode_literals
    Feature record: CXX_FEATURE:1cxx_uniform_initialization
    Feature record: CXX_FEATURE:1cxx_unrestricted_unions
    Feature record: CXX_FEATURE:1cxx_user_literals
    Feature record: CXX_FEATURE:1cxx_variable_templates
    Feature record: CXX_FEATURE:1cxx_variadic_macros
    Feature record: CXX_FEATURE:1cxx_variadic_templates


Detecting CXX [-std=c++11] compiler features compiled with the following output:
Change Dir: /Volumes/Data1/ncanac/cosmopp_neutrinos/runs/standard_nEff_mn/CMakeFiles/CMakeTmp

Run Build Command:"/usr/bin/make" "cmTC_08261/fast"
/Applications/Xcode.app/Contents/Developer/usr/bin/make -f CMakeFiles/cmTC_08261.dir/build.make CMakeFiles/cmTC_08261.dir/build
Building CXX object CMakeFiles/cmTC_08261.dir/feature_tests.cxx.o
/sw/bin/g++-fsf-5     -std=c++11 -o CMakeFiles/cmTC_08261.dir/feature_tests.cxx.o -c /Volumes/Data1/ncanac/cosmopp_neutrinos/runs/standard_nEff_mn/CMakeFiles/feature_tests.cxx
Linking CXX executable cmTC_08261
/sw/bin/cmake -E cmake_link_script CMakeFiles/cmTC_08261.dir/link.txt --verbose=1
/sw/bin/g++-fsf-5     -Wl,-search_paths_first -Wl,-headerpad_max_install_names   CMakeFiles/cmTC_08261.dir/feature_tests.cxx.o  -o cmTC_08261  


    Feature record: CXX_FEATURE:0cxx_aggregate_default_initializers
    Feature record: CXX_FEATURE:1cxx_alias_templates
    Feature record: CXX_FEATURE:1cxx_alignas
    Feature record: CXX_FEATURE:1cxx_alignof
    Feature record: CXX_FEATURE:1cxx_attributes
    Feature record: CXX_FEATURE:0cxx_attribute_deprecated
    Feature record: CXX_FEATURE:1cxx_auto_type
    Feature record: CXX_FEATURE:0cxx_binary_literals
    Feature record: CXX_FEATURE:1cxx_constexpr
    Feature record: CXX_FEATURE:0cxx_contextual_conversions
    Feature record: CXX_FEATURE:1cxx_decltype
    Feature record: CXX_FEATURE:0cxx_decltype_auto
    Feature record: CXX_FEATURE:1cxx_decltype_incomplete_return_types
    Feature record: CXX_FEATURE:1cxx_default_function_template_args
    Feature record: CXX_FEATURE:1cxx_defaulted_functions
    Feature record: CXX_FEATURE:1cxx_defaulted_move_initializers
    Feature record: CXX_FEATURE:1cxx_delegating_constructors
    Feature record: CXX_FEATURE:1cxx_deleted_functions
    Feature record: CXX_FEATURE:0cxx_digit_separators
    Feature record: CXX_FEATURE:1cxx_enum_forward_declarations
    Feature record: CXX_FEATURE:1cxx_explicit_conversions
    Feature record: CXX_FEATURE:1cxx_extended_friend_declarations
    Feature record: CXX_FEATURE:1cxx_extern_templates
    Feature record: CXX_FEATURE:1cxx_final
    Feature record: CXX_FEATURE:1cxx_func_identifier
    Feature record: CXX_FEATURE:1cxx_generalized_initializers
    Feature record: CXX_FEATURE:0cxx_generic_lambdas
    Feature record: CXX_FEATURE:1cxx_inheriting_constructors
    Feature record: CXX_FEATURE:1cxx_inline_namespaces
    Feature record: CXX_FEATURE:1cxx_lambdas
    Feature record: CXX_FEATURE:0cxx_lambda_init_captures
    Feature record: CXX_FEATURE:1cxx_local_type_template_args
    Feature record: CXX_FEATURE:1cxx_long_long_type
    Feature record: CXX_FEATURE:1cxx_noexcept
    Feature record: CXX_FEATURE:1cxx_nonstatic_member_init
    Feature record: CXX_FEATURE:1cxx_nullptr
    Feature record: CXX_FEATURE:1cxx_override
    Feature record: CXX_FEATURE:1cxx_range_for
    Feature record: CXX_FEATURE:1cxx_raw_string_literals
    Feature record: CXX_FEATURE:1cxx_reference_qualified_functions
    Feature record: CXX_FEATURE:0cxx_relaxed_constexpr
    Feature record: CXX_FEATURE:0cxx_return_type_deduction
    Feature record: CXX_FEATURE:1cxx_right_angle_brackets
    Feature record: CXX_FEATURE:1cxx_rvalue_references
    Feature record: CXX_FEATURE:1cxx_sizeof_member
    Feature record: CXX_FEATURE:1cxx_static_assert
    Feature record: CXX_FEATURE:1cxx_strong_enums
    Feature record: CXX_FEATURE:1cxx_template_template_parameters
    Feature record: CXX_FEATURE:1cxx_thread_local
    Feature record: CXX_FEATURE:1cxx_trailing_return_types
    Feature record: CXX_FEATURE:1cxx_unicode_literals
    Feature record: CXX_FEATURE:1cxx_uniform_initialization
    Feature record: CXX_FEATURE:1cxx_unrestricted_unions
    Feature record: CXX_FEATURE:1cxx_user_literals
    Feature record: CXX_FEATURE:0cxx_variable_templates
    Feature record: CXX_FEATURE:1cxx_variadic_macros
    Feature record: CXX_FEATURE:1cxx_variadic_templates


Detecting CXX [-std=c++98] compiler features compiled with the following output:
Change Dir: /Volumes/Data1/ncanac/cosmopp_neutrinos/runs/standard_nEff_mn/CMakeFiles/CMakeTmp

Run Build Command:"/usr/bin/make" "cmTC_2113c/fast"
/Applications/Xcode.app/Contents/Developer/usr/bin/make -f CMakeFiles/cmTC_2113c.dir/build.make CMakeFiles/cmTC_2113c.dir/build
Building CXX object CMakeFiles/cmTC_2113c.dir/feature_tests.cxx.o
/sw/bin/g++-fsf-5     -std=c++98 -o CMakeFiles/cmTC_2113c.dir/feature_tests.cxx.o -c /Volumes/Data1/ncanac/cosmopp_neutrinos/runs/standard_nEff_mn/CMakeFiles/feature_tests.cxx
Linking CXX executable cmTC_2113c
/sw/bin/cmake -E cmake_link_script CMakeFiles/cmTC_2113c.dir/link.txt --verbose=1
/sw/bin/g++-fsf-5     -Wl,-search_paths_first -Wl,-headerpad_max_install_names   CMakeFiles/cmTC_2113c.dir/feature_tests.cxx.o  -o cmTC_2113c  


    Feature record: CXX_FEATURE:0cxx_aggregate_default_initializers
    Feature record: CXX_FEATURE:0cxx_alias_templates
    Feature record: CXX_FEATURE:0cxx_alignas
    Feature record: CXX_FEATURE:0cxx_alignof
    Feature record: CXX_FEATURE:0cxx_attributes
    Feature record: CXX_FEATURE:0cxx_attribute_deprecated
    Feature record: CXX_FEATURE:0cxx_auto_type
    Feature record: CXX_FEATURE:0cxx_binary_literals
    Feature record: CXX_FEATURE:0cxx_constexpr
    Feature record: CXX_FEATURE:0cxx_contextual_conversions
    Feature record: CXX_FEATURE:0cxx_decltype
    Feature record: CXX_FEATURE:0cxx_decltype_auto
    Feature record: CXX_FEATURE:0cxx_decltype_incomplete_return_types
    Feature record: CXX_FEATURE:0cxx_default_function_template_args
    Feature record: CXX_FEATURE:0cxx_defaulted_functions
    Feature record: CXX_FEATURE:0cxx_defaulted_move_initializers
    Feature record: CXX_FEATURE:0cxx_delegating_constructors
    Feature record: CXX_FEATURE:0cxx_deleted_functions
    Feature record: CXX_FEATURE:0cxx_digit_separators
    Feature record: CXX_FEATURE:0cxx_enum_forward_declarations
    Feature record: CXX_FEATURE:0cxx_explicit_conversions
    Feature record: CXX_FEATURE:0cxx_extended_friend_declarations
    Feature record: CXX_FEATURE:0cxx_extern_templates
    Feature record: CXX_FEATURE:0cxx_final
    Feature record: CXX_FEATURE:0cxx_func_identifier
    Feature record: CXX_FEATURE:0cxx_generalized_initializers
    Feature record: CXX_FEATURE:0cxx_generic_lambdas
    Feature record: CXX_FEATURE:0cxx_inheriting_constructors
    Feature record: CXX_FEATURE:0cxx_inline_namespaces
    Feature record: CXX_FEATURE:0cxx_lambdas
    Feature record: CXX_FEATURE:0cxx_lambda_init_captures
    Feature record: CXX_FEATURE:0cxx_local_type_template_args
    Feature record: CXX_FEATURE:0cxx_long_long_type
    Feature record: CXX_FEATURE:0cxx_noexcept
    Feature record: CXX_FEATURE:0cxx_nonstatic_member_init
    Feature record: CXX_FEATURE:0cxx_nullptr
    Feature record: CXX_FEATURE:0cxx_override
    Feature record: CXX_FEATURE:0cxx_range_for
    Feature record: CXX_FEATURE:0cxx_raw_string_literals
    Feature record: CXX_FEATURE:0cxx_reference_qualified_functions
    Feature record: CXX_FEATURE:0cxx_relaxed_constexpr
    Feature record: CXX_FEATURE:0cxx_return_type_deduction
    Feature record: CXX_FEATURE:0cxx_right_angle_brackets
    Feature record: CXX_FEATURE:0cxx_rvalue_references
    Feature record: CXX_FEATURE:0cxx_sizeof_member
    Feature record: CXX_FEATURE:0cxx_static_assert
    Feature record: CXX_FEATURE:0cxx_strong_enums
    Feature record: CXX_FEATURE:1cxx_template_template_parameters
    Feature record: CXX_FEATURE:0cxx_thread_local
    Feature record: CXX_FEATURE:0cxx_trailing_return_types
    Feature record: CXX_FEATURE:0cxx_unicode_literals
    Feature record: CXX_FEATURE:0cxx_uniform_initialization
    Feature record: CXX_FEATURE:0cxx_unrestricted_unions
    Feature record: CXX_FEATURE:0cxx_user_literals
    Feature record: CXX_FEATURE:0cxx_variable_templates
    Feature record: CXX_FEATURE:0cxx_variadic_macros
    Feature record: CXX_FEATURE:0cxx_variadic_templates
Compiling the Fortran compiler identification source file "CMakeFortranCompilerId.F" succeeded.
Compiler: /usr/bin/ifort 
Build flags: 
Id flags: -v

The output was:
0
ifort version 15.0.2
/usr/bin/ifort-15.0-base/bin/intel64/fpp    -D__INTEL_COMPILER=1500 -D__INTEL_COMPILER_UPDATE=2 -D__x86_64 -D__x86_64__ -D__amd64 -D__amd64__ -D_MT -D__INTEL_COMPILER_BUILD_DATE=20150121 -D__PIC__ -D__APPLE__ -D__MACH__ -D__pentium4 -D__pentium4__ -D__tune_pentium4__ -D__SSE2__ -D__SSE2_MATH__ -D__SSE3__ -D__SSSE3__ -D__SSE__ -D__SSE_MATH__ -D__MMX__ -I. -I/usr/bin/ifort-15.0-base/compiler/include/intel64 -I/usr/bin/ifort-15.0-base/compiler/include -I/Applications/Xcode.app/Contents/Developer/Toolchains/XcodeDefault.xctoolchain/usr/bin/../lib/clang/7.0.2/include -I/usr/local/include -I/usr/include/ -I/usr/include -fixed -4Ycpp -4Ncvf -f_com=yes -MX CMakeFortranCompilerId.F /var/folders/k_/ttnzgy212zs2ksttpp7dy4600000gt/T/ifortHpRJ5w.i
#include "..." search starts here:
#include <...> search starts here:
 .
 /usr/bin/ifort-15.0-base/compiler/include/intel64
 /usr/bin/ifort-15.0-base/compiler/include
 /Applications/Xcode.app/Contents/Developer/Toolchains/XcodeDefault.xctoolchain/usr/bin/../lib/clang/7.0.2/include
 /usr/local/include
 /usr/include/
 /usr/include
End of search list.
/usr/bin/ifort-15.0-base/bin/intel64/fortcom    -D__INTEL_COMPILER=1500 -D__INTEL_COMPILER_UPDATE=2 -D__x86_64 -D__x86_64__ -D__amd64 -D__amd64__ -D_MT -D__INTEL_COMPILER_BUILD_DATE=20150121 -D__PIC__ -D__APPLE__ -D__MACH__ -D__pentium4 -D__pentium4__ -D__tune_pentium4__ -D__SSE2__ -D__SSE2_MATH__ -D__SSE3__ -D__SSSE3__ -D__SSE__ -D__SSE_MATH__ -D__MMX__ -mGLOB_pack_sort_init_list -I. -I/usr/bin/ifort-15.0-base/compiler/include/intel64 -I/usr/bin/ifort-15.0-base/compiler/include -I/Applications/Xcode.app/Contents/Developer/Toolchains/XcodeDefault.xctoolchain/usr/bin/../lib/clang/7.0.2/include -I/usr/local/include -I/usr/include/ -I/usr/include -O2 -simd -mP1OPT_version=15.0-intel64 -mGLOB_diag_file=/var/folders/k_/ttnzgy212zs2ksttpp7dy4600000gt/T/ifortcUav3q.diag -mGLOB_diag_use_message_catalog=FALSE -mGLOB_source_language=GLOB_SOURCE_LANGUAGE_F90 -mP2OPT_static_promotion -mP1OPT_print_version=FALSE -mCG_use_gas_got_workaround=F -mP2OPT_align_option_used=TRUE -mGLOB_gcc_version=490 -mGLOB_options_string=-v -mGLOB_position_independent_code -mGLOB_preemption_model=1 -mGLOB_no_compact_unwind=TRUE -mGLOB_cxx_limited_range=FALSE -mCG_extend_parms=FALSE -mGLOB_compiler_bin_directory=/usr/bin/ifort-15.0-base/bin/intel64 -mGLOB_as_output_backup_file_name=/var/folders/k_/ttnzgy212zs2ksttpp7dy4600000gt/T/ifortKtjuLhas_.s -mIPOPT_activate -mIPOPT_lite -mGLOB_em64t -mGLOB_instruction_tuning=0x0 -mGLOB_product_id_code=0x22006d8f -mCG_bnl_movbe=T -mGLOB_extended_instructions=0x80 -mP3OPT_use_mspp_call_convention -mP2OPT_subs_out_of_bound=FALSE -mGLOB_ansi_alias -mPGOPTI_value_profile_use=T -mGLOB_opt_report_use_source_name -mP2OPT_il0_array_sections=TRUE -mP2OPT_hlo_level=2 -mP2OPT_hlo -mP2OPT_hpo_rtt_control=0 -mIPOPT_args_in_regs=0 -mP2OPT_disam_assume_nonstd_intent_in=FALSE -mGLOB_imf_mapping_library=/usr/bin/ifort-15.0-base/bin/intel64/libiml_attr.dylib -mIPOPT_single_file_compile_and_link=TRUE -mPGOPTI_gen_threadsafe_level=0 -mIPOPT_obj_output_file_name=/var/folders/k_/ttnzgy212zs2ksttpp7dy4600000gt/T/ifortcUav3q.o -mIPOPT_whole_archive_fixup_file_name=/var/folders/k_/ttnzgy212zs2ksttpp7dy4600000gt/T/ifortwarch38japC -mGLOB_long_size_64 -mGLOB_routine_pointer_size_64 -mGLOB_driver_tempfile_name=/var/folders/k_/ttnzgy212zs2ksttpp7dy4600000gt/T/iforttempfileGryw5f -mGLOB_os_target=GLOB_OS_TARGET_MACH -mGLOB_async_unwind_tables=TRUE -mGLOB_obj_output_file=/var/folders/k_/ttnzgy212zs2ksttpp7dy4600000gt/T/ifortcUav3q.o -mGLOB_source_dialect=GLOB_SOURCE_DIALECT_FORTRAN -mP1OPT_source_file_name=CMakeFortranCompilerId.F -mP2OPT_symtab_type_copy=true /var/folders/k_/ttnzgy212zs2ksttpp7dy4600000gt/T/ifortHpRJ5w.i
#include "..." search starts here:
#include <...> search starts here:
 .
 /usr/bin/ifort-15.0-base/compiler/include/intel64
 /usr/bin/ifort-15.0-base/compiler/include
 /Applications/Xcode.app/Contents/Developer/Toolchains/XcodeDefault.xctoolchain/usr/bin/../lib/clang/7.0.2/include
 /usr/local/include
 /usr/include/
 /usr/include
End of search list.
/Applications/Xcode.app/Contents/Developer/Toolchains/XcodeDefault.xctoolchain/usr/bin/ld    -dynamic -arch x86_64 -weak_reference_mismatches non-weak -macosx_version_min 10.10.5 -no_compact_unwind -o a.out /usr/bin/ifort-15.0-base/compiler/lib/for_main.o -L/usr/bin/ifort-15.0-base/compiler/lib -L/usr/lib /var/folders/k_/ttnzgy212zs2ksttpp7dy4600000gt/T/ifortcUav3q.o /usr/bin/ifort-15.0-base/compiler/lib/libifport.a /usr/bin/ifort-15.0-base/compiler/lib/libifcore.a /usr/bin/ifort-15.0-base/compiler/lib/libimf.a /usr/bin/ifort-15.0-base/compiler/lib/libsvml.a /usr/bin/ifort-15.0-base/compiler/lib/libipgo.a -lSystem /usr/bin/ifort-15.0-base/compiler/lib/libirc.a -lpthread /usr/bin/ifort-15.0-base/compiler/lib/libsvml.a /Applications/Xcode.app/Contents/Developer/Toolchains/XcodeDefault.xctoolchain/usr/bin/../lib/clang/7.0.2/lib/darwin/libclang_rt.osx.a


Compilation of the Fortran compiler identification source "CMakeFortranCompilerId.F" produced "a.out"

The Fortran compiler identification is Intel, found in "/Volumes/Data1/ncanac/cosmopp_neutrinos/runs/standard_nEff_mn/CMakeFiles/3.4.0/CompilerIdFortran/a.out"

Determining if the Fortran compiler works passed with the following output:
Change Dir: /Volumes/Data1/ncanac/cosmopp_neutrinos/runs/standard_nEff_mn/CMakeFiles/CMakeTmp

Run Build Command:"/usr/bin/make" "cmTC_ab9aa/fast"
/Applications/Xcode.app/Contents/Developer/usr/bin/make -f CMakeFiles/cmTC_ab9aa.dir/build.make CMakeFiles/cmTC_ab9aa.dir/build
Building Fortran object CMakeFiles/cmTC_ab9aa.dir/testFortranCompiler.f.o
/usr/bin/ifort     -c /Volumes/Data1/ncanac/cosmopp_neutrinos/runs/standard_nEff_mn/CMakeFiles/CMakeTmp/testFortranCompiler.f -o CMakeFiles/cmTC_ab9aa.dir/testFortranCompiler.f.o
Linking Fortran executable cmTC_ab9aa
/sw/bin/cmake -E cmake_link_script CMakeFiles/cmTC_ab9aa.dir/link.txt --verbose=1
/usr/bin/ifort       CMakeFiles/cmTC_ab9aa.dir/testFortranCompiler.f.o  -o cmTC_ab9aa  


Detecting Fortran compiler ABI info compiled with the following output:
Change Dir: /Volumes/Data1/ncanac/cosmopp_neutrinos/runs/standard_nEff_mn/CMakeFiles/CMakeTmp

Run Build Command:"/usr/bin/make" "cmTC_0c112/fast"
/Applications/Xcode.app/Contents/Developer/usr/bin/make -f CMakeFiles/cmTC_0c112.dir/build.make CMakeFiles/cmTC_0c112.dir/build
Building Fortran object CMakeFiles/cmTC_0c112.dir/CMakeFortranCompilerABI.F.o
/usr/bin/ifort     -c /sw/share/cmake-3.4/Modules/CMakeFortranCompilerABI.F -o CMakeFiles/cmTC_0c112.dir/CMakeFortranCompilerABI.F.o
Linking Fortran executable cmTC_0c112
/sw/bin/cmake -E cmake_link_script CMakeFiles/cmTC_0c112.dir/link.txt --verbose=1
/usr/bin/ifort    -v -Wl,-v   CMakeFiles/cmTC_0c112.dir/CMakeFortranCompilerABI.F.o  -o cmTC_0c112   
ifort version 15.0.2
/usr/bin/ifort-15.0-base/bin/intel64/fortcom    -mP1OPT_version=15.0-intel64 -mGLOB_diag_file=CMakeFiles/cmTC_0c112.dir/CMakeFortranCompilerABI.F.diag -mGLOB_diag_use_message_catalog=FALSE -mGLOB_source_language=GLOB_SOURCE_LANGUAGE_F90 -mP2OPT_static_promotion -mP1OPT_print_version=FALSE -mCG_use_gas_got_workaround=F -mP2OPT_align_option_used=TRUE -mGLOB_gcc_version=490 "-mGLOB_options_string=-v -Wl,-v -o cmTC_0c112" -mGLOB_position_independent_code -mGLOB_preemption_model=1 -mGLOB_no_compact_unwind=TRUE -mGLOB_cxx_limited_range=FALSE -mCG_extend_parms=FALSE -mGLOB_compiler_bin_directory=/usr/bin/ifort-15.0-base/bin/intel64 -mGLOB_as_output_backup_file_name=/var/folders/k_/ttnzgy212zs2ksttpp7dy4600000gt/T/ifort0mBDuTas_.s -mIPOPT_activate -mGLOB_em64t -mGLOB_product_id_code=0x22006d8f -mP3OPT_use_mspp_call_convention -mP2OPT_subs_out_of_bound=FALSE -mGLOB_ansi_alias -mPGOPTI_value_profile_use=T -mGLOB_opt_report_use_source_name -mP2OPT_il0_array_sections=TRUE -mP2OPT_hlo -mP2OPT_hpo_rtt_control=0 -mIPOPT_args_in_regs=0 -mP2OPT_disam_assume_nonstd_intent_in=FALSE -mGLOB_imf_mapping_library=/usr/bin/ifort-15.0-base/bin/intel64/libiml_attr.dylib -mPGOPTI_gen_threadsafe_level=0 -mIPOPT_link -mIPOPT_ipo_activate -mIPOPT_mo_activate -mIPOPT_source_files_list=/var/folders/k_/ttnzgy212zs2ksttpp7dy4600000gt/T/ifortslisqu4lIF -mIPOPT_mo_global_data "-mIPOPT_cmdline_link="-dynamic" "-arch" "x86_64" "-weak_reference_mismatches" "non-weak" "-macosx_version_min" "10.10.5" "-no_compact_unwind" "-o" "cmTC_0c112" "/usr/bin/ifort-15.0-base/compiler/lib/for_main.o" "-L/usr/bin/ifort-15.0-base/compiler/lib" "-L/usr/lib" "-v" "CMakeFiles/cmTC_0c112.dir/CMakeFortranCompilerABI.F.o" "/usr/bin/ifort-15.0-base/compiler/lib/libifport.a" "/usr/bin/ifort-15.0-base/compiler/lib/libifcore.a" "/usr/bin/ifort-15.0-base/compiler/lib/libimf.a" "/usr/bin/ifort-15.0-base/compiler/lib/libsvml.a" "/usr/bin/ifort-15.0-base/compiler/lib/libipgo.a" "-lSystem" "/usr/bin/ifort-15.0-base/compiler/lib/libirc.a" "-lpthread" "/usr/bin/ifort-15.0-base/compiler/lib/libsvml.a" "/Applications/Xcode.app/Contents/Developer/Toolchains/XcodeDefault.xctoolchain/usr/bin/../lib/clang/7.0.2/lib/darwin/libclang_rt.osx.a"" -mIPOPT_il_in_obj -mIPOPT_ipo_activate_warn=FALSE -mIPOPT_obj_output_file_name=/var/folders/k_/ttnzgy212zs2ksttpp7dy4600000gt/T/ipo_ifortOw5bBI.o -mIPOPT_whole_archive_fixup_file_name=/var/folders/k_/ttnzgy212zs2ksttpp7dy4600000gt/T/ifortwarchDAvGWJ -mGLOB_long_size_64 -mGLOB_routine_pointer_size_64 -mGLOB_driver_tempfile_name=/var/folders/k_/ttnzgy212zs2ksttpp7dy4600000gt/T/iforttempfileudp1pV -mGLOB_os_target=GLOB_OS_TARGET_MACH -mGLOB_async_unwind_tables=TRUE -mGLOB_obj_output_file=/var/folders/k_/ttnzgy212zs2ksttpp7dy4600000gt/T/ipo_ifortOw5bBI.o -mGLOB_source_dialect=GLOB_SOURCE_DIALECT_NONE -mP1OPT_source_file_name=ipo_out.f -mP2OPT_symtab_type_copy=true CMakeFiles/cmTC_0c112.dir/CMakeFortranCompilerABI.F.o -mIPOPT_object_files=T -mIPOPT_assembly_files=/var/folders/k_/ttnzgy212zs2ksttpp7dy4600000gt/T/ifortalisYsCiTh -mIPOPT_generated_tempfiles=/var/folders/k_/ttnzgy212zs2ksttpp7dy4600000gt/T/ifortelisa2rxSy -mIPOPT_embedded_object_base_name=/var/folders/k_/ttnzgy212zs2ksttpp7dy4600000gt/T/iforteobjDu3nxy
/Applications/Xcode.app/Contents/Developer/Toolchains/XcodeDefault.xctoolchain/usr/bin/ld    -dynamic -arch x86_64 -weak_reference_mismatches non-weak -macosx_version_min 10.10.5 -no_compact_unwind -o cmTC_0c112 /usr/bin/ifort-15.0-base/compiler/lib/for_main.o -L/usr/bin/ifort-15.0-base/compiler/lib -L/usr/lib CMakeFiles/cmTC_0c112.dir/CMakeFortranCompilerABI.F.o -v /usr/bin/ifort-15.0-base/compiler/lib/libifport.a /usr/bin/ifort-15.0-base/compiler/lib/libifcore.a /usr/bin/ifort-15.0-base/compiler/lib/libimf.a /usr/bin/ifort-15.0-base/compiler/lib/libsvml.a /usr/bin/ifort-15.0-base/compiler/lib/libipgo.a -lSystem /usr/bin/ifort-15.0-base/compiler/lib/libirc.a -lpthread /usr/bin/ifort-15.0-base/compiler/lib/libsvml.a /Applications/Xcode.app/Contents/Developer/Toolchains/XcodeDefault.xctoolchain/usr/bin/../lib/clang/7.0.2/lib/darwin/libclang_rt.osx.a
@(#)PROGRAM:ld  PROJECT:ld64-253.9
configured to support archs: armv6 armv7 armv7s arm64 i386 x86_64 x86_64h armv6m armv7k armv7m armv7em (tvOS)
Library search paths:
	/usr/bin/ifort-15.0-base/compiler/lib
	/usr/lib
	/usr/lib
	/usr/local/lib
Framework search paths:
	/Library/Frameworks/
	/System/Library/Frameworks/


Parsed Fortran implicit link information from above output:
  link line regex: [^( *|.*[/\])(ld|([^/\]+-)?ld|collect2)[^/\]*( |$)]
  ignore line: [Change Dir: /Volumes/Data1/ncanac/cosmopp_neutrinos/runs/standard_nEff_mn/CMakeFiles/CMakeTmp]
  ignore line: []
  ignore line: [Run Build Command:"/usr/bin/make" "cmTC_0c112/fast"]
  ignore line: [/Applications/Xcode.app/Contents/Developer/usr/bin/make -f CMakeFiles/cmTC_0c112.dir/build.make CMakeFiles/cmTC_0c112.dir/build]
  ignore line: [Building Fortran object CMakeFiles/cmTC_0c112.dir/CMakeFortranCompilerABI.F.o]
  ignore line: [/usr/bin/ifort     -c /sw/share/cmake-3.4/Modules/CMakeFortranCompilerABI.F -o CMakeFiles/cmTC_0c112.dir/CMakeFortranCompilerABI.F.o]
  ignore line: [Linking Fortran executable cmTC_0c112]
  ignore line: [/sw/bin/cmake -E cmake_link_script CMakeFiles/cmTC_0c112.dir/link.txt --verbose=1]
  ignore line: [/usr/bin/ifort    -v -Wl,-v   CMakeFiles/cmTC_0c112.dir/CMakeFortranCompilerABI.F.o  -o cmTC_0c112   ]
  ignore line: [ifort version 15.0.2]
  ignore line: [/usr/bin/ifort-15.0-base/bin/intel64/fortcom    -mP1OPT_version=15.0-intel64 -mGLOB_diag_file=CMakeFiles/cmTC_0c112.dir/CMakeFortranCompilerABI.F.diag -mGLOB_diag_use_message_catalog=FALSE -mGLOB_source_language=GLOB_SOURCE_LANGUAGE_F90 -mP2OPT_static_promotion -mP1OPT_print_version=FALSE -mCG_use_gas_got_workaround=F -mP2OPT_align_option_used=TRUE -mGLOB_gcc_version=490 "-mGLOB_options_string=-v -Wl,-v -o cmTC_0c112" -mGLOB_position_independent_code -mGLOB_preemption_model=1 -mGLOB_no_compact_unwind=TRUE -mGLOB_cxx_limited_range=FALSE -mCG_extend_parms=FALSE -mGLOB_compiler_bin_directory=/usr/bin/ifort-15.0-base/bin/intel64 -mGLOB_as_output_backup_file_name=/var/folders/k_/ttnzgy212zs2ksttpp7dy4600000gt/T/ifort0mBDuTas_.s -mIPOPT_activate -mGLOB_em64t -mGLOB_product_id_code=0x22006d8f -mP3OPT_use_mspp_call_convention -mP2OPT_subs_out_of_bound=FALSE -mGLOB_ansi_alias -mPGOPTI_value_profile_use=T -mGLOB_opt_report_use_source_name -mP2OPT_il0_array_sections=TRUE -mP2OPT_hlo -mP2OPT_hpo_rtt_control=0 -mIPOPT_args_in_regs=0 -mP2OPT_disam_assume_nonstd_intent_in=FALSE -mGLOB_imf_mapping_library=/usr/bin/ifort-15.0-base/bin/intel64/libiml_attr.dylib -mPGOPTI_gen_threadsafe_level=0 -mIPOPT_link -mIPOPT_ipo_activate -mIPOPT_mo_activate -mIPOPT_source_files_list=/var/folders/k_/ttnzgy212zs2ksttpp7dy4600000gt/T/ifortslisqu4lIF -mIPOPT_mo_global_data "-mIPOPT_cmdline_link="-dynamic" "-arch" "x86_64" "-weak_reference_mismatches" "non-weak" "-macosx_version_min" "10.10.5" "-no_compact_unwind" "-o" "cmTC_0c112" "/usr/bin/ifort-15.0-base/compiler/lib/for_main.o" "-L/usr/bin/ifort-15.0-base/compiler/lib" "-L/usr/lib" "-v" "CMakeFiles/cmTC_0c112.dir/CMakeFortranCompilerABI.F.o" "/usr/bin/ifort-15.0-base/compiler/lib/libifport.a" "/usr/bin/ifort-15.0-base/compiler/lib/libifcore.a" "/usr/bin/ifort-15.0-base/compiler/lib/libimf.a" "/usr/bin/ifort-15.0-base/compiler/lib/libsvml.a" "/usr/bin/ifort-15.0-base/compiler/lib/libipgo.a" "-lSystem" "/usr/bin/ifort-15.0-base/compiler/lib/libirc.a" "-lpthread" "/usr/bin/ifort-15.0-base/compiler/lib/libsvml.a" "/Applications/Xcode.app/Contents/Developer/Toolchains/XcodeDefault.xctoolchain/usr/bin/../lib/clang/7.0.2/lib/darwin/libclang_rt.osx.a"" -mIPOPT_il_in_obj -mIPOPT_ipo_activate_warn=FALSE -mIPOPT_obj_output_file_name=/var/folders/k_/ttnzgy212zs2ksttpp7dy4600000gt/T/ipo_ifortOw5bBI.o -mIPOPT_whole_archive_fixup_file_name=/var/folders/k_/ttnzgy212zs2ksttpp7dy4600000gt/T/ifortwarchDAvGWJ -mGLOB_long_size_64 -mGLOB_routine_pointer_size_64 -mGLOB_driver_tempfile_name=/var/folders/k_/ttnzgy212zs2ksttpp7dy4600000gt/T/iforttempfileudp1pV -mGLOB_os_target=GLOB_OS_TARGET_MACH -mGLOB_async_unwind_tables=TRUE -mGLOB_obj_output_file=/var/folders/k_/ttnzgy212zs2ksttpp7dy4600000gt/T/ipo_ifortOw5bBI.o -mGLOB_source_dialect=GLOB_SOURCE_DIALECT_NONE -mP1OPT_source_file_name=ipo_out.f -mP2OPT_symtab_type_copy=true CMakeFiles/cmTC_0c112.dir/CMakeFortranCompilerABI.F.o -mIPOPT_object_files=T -mIPOPT_assembly_files=/var/folders/k_/ttnzgy212zs2ksttpp7dy4600000gt/T/ifortalisYsCiTh -mIPOPT_generated_tempfiles=/var/folders/k_/ttnzgy212zs2ksttpp7dy4600000gt/T/ifortelisa2rxSy -mIPOPT_embedded_object_base_name=/var/folders/k_/ttnzgy212zs2ksttpp7dy4600000gt/T/iforteobjDu3nxy]
  link line: [/Applications/Xcode.app/Contents/Developer/Toolchains/XcodeDefault.xctoolchain/usr/bin/ld    -dynamic -arch x86_64 -weak_reference_mismatches non-weak -macosx_version_min 10.10.5 -no_compact_unwind -o cmTC_0c112 /usr/bin/ifort-15.0-base/compiler/lib/for_main.o -L/usr/bin/ifort-15.0-base/compiler/lib -L/usr/lib CMakeFiles/cmTC_0c112.dir/CMakeFortranCompilerABI.F.o -v /usr/bin/ifort-15.0-base/compiler/lib/libifport.a /usr/bin/ifort-15.0-base/compiler/lib/libifcore.a /usr/bin/ifort-15.0-base/compiler/lib/libimf.a /usr/bin/ifort-15.0-base/compiler/lib/libsvml.a /usr/bin/ifort-15.0-base/compiler/lib/libipgo.a -lSystem /usr/bin/ifort-15.0-base/compiler/lib/libirc.a -lpthread /usr/bin/ifort-15.0-base/compiler/lib/libsvml.a /Applications/Xcode.app/Contents/Developer/Toolchains/XcodeDefault.xctoolchain/usr/bin/../lib/clang/7.0.2/lib/darwin/libclang_rt.osx.a]
    arg [/Applications/Xcode.app/Contents/Developer/Toolchains/XcodeDefault.xctoolchain/usr/bin/ld] ==> ignore
    arg [-dynamic] ==> ignore
    arg [-arch] ==> ignore
    arg [x86_64] ==> ignore
    arg [-weak_reference_mismatches] ==> ignore
    arg [non-weak] ==> ignore
    arg [-macosx_version_min] ==> ignore
    arg [10.10.5] ==> ignore
    arg [-no_compact_unwind] ==> ignore
    arg [-o] ==> ignore
    arg [cmTC_0c112] ==> ignore
    arg [/usr/bin/ifort-15.0-base/compiler/lib/for_main.o] ==> ignore
    arg [-L/usr/bin/ifort-15.0-base/compiler/lib] ==> dir [/usr/bin/ifort-15.0-base/compiler/lib]
    arg [-L/usr/lib] ==> dir [/usr/lib]
    arg [CMakeFiles/cmTC_0c112.dir/CMakeFortranCompilerABI.F.o] ==> ignore
    arg [-v] ==> ignore
    arg [/usr/bin/ifort-15.0-base/compiler/lib/libifport.a] ==> lib [/usr/bin/ifort-15.0-base/compiler/lib/libifport.a]
    arg [/usr/bin/ifort-15.0-base/compiler/lib/libifcore.a] ==> lib [/usr/bin/ifort-15.0-base/compiler/lib/libifcore.a]
    arg [/usr/bin/ifort-15.0-base/compiler/lib/libimf.a] ==> lib [/usr/bin/ifort-15.0-base/compiler/lib/libimf.a]
    arg [/usr/bin/ifort-15.0-base/compiler/lib/libsvml.a] ==> lib [/usr/bin/ifort-15.0-base/compiler/lib/libsvml.a]
    arg [/usr/bin/ifort-15.0-base/compiler/lib/libipgo.a] ==> lib [/usr/bin/ifort-15.0-base/compiler/lib/libipgo.a]
    arg [-lSystem] ==> lib [System]
    arg [/usr/bin/ifort-15.0-base/compiler/lib/libirc.a] ==> lib [/usr/bin/ifort-15.0-base/compiler/lib/libirc.a]
    arg [-lpthread] ==> lib [pthread]
    arg [/usr/bin/ifort-15.0-base/compiler/lib/libsvml.a] ==> lib [/usr/bin/ifort-15.0-base/compiler/lib/libsvml.a]
    arg [/Applications/Xcode.app/Contents/Developer/Toolchains/XcodeDefault.xctoolchain/usr/bin/../lib/clang/7.0.2/lib/darwin/libclang_rt.osx.a] ==> lib [/Applications/Xcode.app/Contents/Developer/Toolchains/XcodeDefault.xctoolchain/usr/bin/../lib/clang/7.0.2/lib/darwin/libclang_rt.osx.a]
  Library search paths: [;/usr/bin/ifort-15.0-base/compiler/lib;/usr/lib;/usr/lib;/usr/local/lib]
  Framework search paths: [;/Library/Frameworks/;/System/Library/Frameworks/]
  remove lib [System]
  collapse lib [/Applications/Xcode.app/Contents/Developer/Toolchains/XcodeDefault.xctoolchain/usr/bin/../lib/clang/7.0.2/lib/darwin/libclang_rt.osx.a] ==> [/Applications/Xcode.app/Contents/Developer/Toolchains/XcodeDefault.xctoolchain/usr/lib/clang/7.0.2/lib/darwin/libclang_rt.osx.a]
  collapse library dir [/usr/bin/ifort-15.0-base/compiler/lib] ==> [/usr/bin/ifort-15.0-base/compiler/lib]
  collapse library dir [/usr/lib] ==> [/usr/lib]
  collapse library dir [/usr/bin/ifort-15.0-base/compiler/lib] ==> [/usr/bin/ifort-15.0-base/compiler/lib]
  collapse library dir [/usr/lib] ==> [/usr/lib]
  collapse library dir [/usr/lib] ==> [/usr/lib]
  collapse library dir [/usr/local/lib] ==> [/usr/local/lib]
  collapse framework dir [/Library/Frameworks/] ==> [/Library/Frameworks]
  collapse framework dir [/System/Library/Frameworks/] ==> [/System/Library/Frameworks]
  implicit libs: [/usr/bin/ifort-15.0-base/compiler/lib/libifport.a;/usr/bin/ifort-15.0-base/compiler/lib/libifcore.a;/usr/bin/ifort-15.0-base/compiler/lib/libimf.a;/usr/bin/ifort-15.0-base/compiler/lib/libsvml.a;/usr/bin/ifort-15.0-base/compiler/lib/libipgo.a;/usr/bin/ifort-15.0-base/compiler/lib/libirc.a;pthread;/usr/bin/ifort-15.0-base/compiler/lib/libsvml.a;/Applications/Xcode.app/Contents/Developer/Toolchains/XcodeDefault.xctoolchain/usr/lib/clang/7.0.2/lib/darwin/libclang_rt.osx.a]
  implicit dirs: [/usr/bin/ifort-15.0-base/compiler/lib;/usr/lib;/usr/local/lib]
  implicit fwks: [/Library/Frameworks;/System/Library/Frameworks]


Determining if the Fortran compiler supports Fortran 90 passed with the following output:
Change Dir: /Volumes/Data1/ncanac/cosmopp_neutrinos/runs/standard_nEff_mn/CMakeFiles/CMakeTmp

Run Build Command:"/usr/bin/make" "cmTC_fe17e/fast"
/Applications/Xcode.app/Contents/Developer/usr/bin/make -f CMakeFiles/cmTC_fe17e.dir/build.make CMakeFiles/cmTC_fe17e.dir/build
Building Fortran object CMakeFiles/cmTC_fe17e.dir/testFortranCompilerF90.f90.o
/usr/bin/ifort     -c /Volumes/Data1/ncanac/cosmopp_neutrinos/runs/standard_nEff_mn/CMakeFiles/CMakeTmp/testFortranCompilerF90.f90 -o CMakeFiles/cmTC_fe17e.dir/testFortranCompilerF90.f90.o
Linking Fortran executable cmTC_fe17e
/sw/bin/cmake -E cmake_link_script CMakeFiles/cmTC_fe17e.dir/link.txt --verbose=1
/usr/bin/ifort       CMakeFiles/cmTC_fe17e.dir/testFortranCompilerF90.f90.o  -o cmTC_fe17e  


Performing C++ SOURCE FILE Test OpenMP_FLAG_DETECTED succeded with the following output:
Change Dir: /Volumes/Data1/ncanac/cosmopp_neutrinos/runs/standard_nEff_mn/CMakeFiles/CMakeTmp

Run Build Command:"/usr/bin/make" "cmTC_09dd8/fast"
/Applications/Xcode.app/Contents/Developer/usr/bin/make -f CMakeFiles/cmTC_09dd8.dir/build.make CMakeFiles/cmTC_09dd8.dir/build
Building CXX object CMakeFiles/cmTC_09dd8.dir/src.cxx.o
/sw/bin/g++-fsf-5     -std=c++11 -fpic -DOpenMP_FLAG_DETECTED -fopenmp   -o CMakeFiles/cmTC_09dd8.dir/src.cxx.o -c /Volumes/Data1/ncanac/cosmopp_neutrinos/runs/standard_nEff_mn/CMakeFiles/CMakeTmp/src.cxx
Linking CXX executable cmTC_09dd8
/sw/bin/cmake -E cmake_link_script CMakeFiles/cmTC_09dd8.dir/link.txt --verbose=1
/sw/bin/g++-fsf-5    -std=c++11 -fpic -DOpenMP_FLAG_DETECTED -fopenmp -Wl,-search_paths_first -Wl,-headerpad_max_install_names   CMakeFiles/cmTC_09dd8.dir/src.cxx.o  -o cmTC_09dd8  

Source file was:

#include <omp.h>
int main() {
#ifdef _OPENMP
  return 0;
#else
  breaks_on_purpose
#endif
}

Performing Fortran SOURCE FILE Test OpenMP_FLAG_DETECTED succeded with the following output:
Change Dir: /Volumes/Data1/ncanac/cosmopp_neutrinos/runs/standard_nEff_mn/CMakeFiles/CMakeTmp

Run Build Command:"/usr/bin/make" "cmTC_de5a5/fast"
/Applications/Xcode.app/Contents/Developer/usr/bin/make -f CMakeFiles/cmTC_de5a5.dir/build.make CMakeFiles/cmTC_de5a5.dir/build
Building Fortran object CMakeFiles/cmTC_de5a5.dir/src.F.o
/usr/bin/ifort    -DOpenMP_FLAG_DETECTED -qopenmp   -c /Volumes/Data1/ncanac/cosmopp_neutrinos/runs/standard_nEff_mn/CMakeFiles/CMakeTmp/src.F -o CMakeFiles/cmTC_de5a5.dir/src.F.o
Linking Fortran executable cmTC_de5a5
/sw/bin/cmake -E cmake_link_script CMakeFiles/cmTC_de5a5.dir/link.txt --verbose=1
/usr/bin/ifort      -DOpenMP_FLAG_DETECTED -qopenmp CMakeFiles/cmTC_de5a5.dir/src.F.o  -o cmTC_de5a5  

Source file was:

      program test
      use omp_lib
      integer :: n
      n = omp_get_num_threads()
      end program test
  
