Varying N_eff!
sum_mnu not being varied. To vary it give "sum_mnu" as an extra argument.
Using Planck.
Running with standard PPS and neutrinos.
Planck data dir = /Volumes/Data1/Planck2015/plc-2.0
 BFLike Ntemp  =        2876
 BFLike Nq     =        1407
 BFLike Nu     =        1407
 BFLike Nside  =          16
 BFLike Nwrite =    32393560
 cls file appears to have 5+ columns
 assuming it is a CAMB file with l, TT, EE, BB, TE
 info =            0
----
clik version 6dc2a8cf3965 MAKEFILE
  bflike_smw
Checking likelihood '/Volumes/Data1/Planck2015/plc-2.0/low_l/bflike/lowl_SMW_70_dx11d_2014_10_03_v5c_Ap.clik' on test data. got -5247.87 expected -5247.87 (diff 3.26225e-07)
----
Low likelihood has TT with l_max = 29
Low likelihood has EE with l_max = 29
Low likelihood has BB with l_max = 29
Low likelihood has TE with l_max = 29
Low likelihood has TB with l_max = -1
Low likelihood has EB with l_max = -1
 Initializing Planck likelihood, version Plik_v18_cmbonly_like
----
clik version 6dc2a8cf3965 MAKEFILE
  plik_cmbonly
Checking likelihood '/Volumes/Data1/Planck2015/plc-2.0/hi_l/plik_lite/plik_lite_v18_TT.clik' on test data. got -101.798 expected -101.798 (diff 1.03566e-08)
----
High likelihood has TT with l_max = 2508
High likelihood has EE with l_max = -1
High likelihood has BB with l_max = -1
High likelihood has TE with l_max = -1
High likelihood has TB with l_max = -1
High likelihood has EB with l_max = -1
Low l_max = 29
High l_max = 2508
Lensing l_max = 0
Total l_max = 2508
Setting parameters
Starting the timer Multinest scan...
 MultiNest Warning: no resume file found, starting from scratch
 *****************************************************
 MultiNest v3.9
 Copyright Farhan Feroz & Mike Hobson
 Release Oct 2014
 
 no. of live points =  300
 dimensionality =    8
 *****************************************************
 Starting MultiNest
 generating live points
 live points generated, starting sampling
Acceptance Rate:                        0.994318
Replacements:                                350
Total Samples:                               352
Nested Sampling ln(Z):            -105789.897385
Importance Nested Sampling ln(Z):   -5787.328635 +/-  0.998579
Acceptance Rate:                        0.959233
Replacements:                                400
Total Samples:                               417
Nested Sampling ln(Z):             -80186.870853
Importance Nested Sampling ln(Z):   -5787.498091 +/-  0.998800
Acceptance Rate:                        0.924025
Replacements:                                450
Total Samples:                               487
Nested Sampling ln(Z):             -65854.388782
Importance Nested Sampling ln(Z):   -5522.735072 +/-  0.998973
Acceptance Rate:                        0.848896
Replacements:                                500
Total Samples:                               589
Nested Sampling ln(Z):             -51897.450270
Importance Nested Sampling ln(Z):   -5522.925234 +/-  0.999151
Acceptance Rate:                        0.795948
Replacements:                                550
Total Samples:                               691
Nested Sampling ln(Z):             -43429.615163
Importance Nested Sampling ln(Z):   -5523.084947 +/-  0.999276
Acceptance Rate:                        0.733496
Replacements:                                600
Total Samples:                               818
Nested Sampling ln(Z):             -35744.073838
Importance Nested Sampling ln(Z):   -5523.253670 +/-  0.999389
Acceptance Rate:                        0.688559
Replacements:                                650
Total Samples:                               944
Nested Sampling ln(Z):             -28934.224009
Importance Nested Sampling ln(Z):   -5523.396934 +/-  0.999470
Acceptance Rate:                        0.631199
Replacements:                                700
Total Samples:                              1109
Nested Sampling ln(Z):             -25083.222843
Importance Nested Sampling ln(Z):   -5523.558021 +/-  0.999549
Acceptance Rate:                        0.595238
Replacements:                                750
Total Samples:                              1260
Nested Sampling ln(Z):             -21314.835746
Importance Nested Sampling ln(Z):   -5524.087030 +/-  0.999603
Acceptance Rate:                        0.591279
Replacements:                                800
Total Samples:                              1353
Nested Sampling ln(Z):             -18887.329531
Importance Nested Sampling ln(Z):   -5524.618174 +/-  0.999630
Acceptance Rate:                        0.584594
Replacements:                                850
Total Samples:                              1454
Nested Sampling ln(Z):             -16856.367385
Importance Nested Sampling ln(Z):   -5452.509901 +/-  0.999656
Acceptance Rate:                        0.574346
Replacements:                                900
Total Samples:                              1567
Nested Sampling ln(Z):             -14322.724583
Importance Nested Sampling ln(Z):   -5452.851846 +/-  0.999681
Acceptance Rate:                        0.568862
Replacements:                                950
Total Samples:                              1670
Nested Sampling ln(Z):             -13131.992708
Importance Nested Sampling ln(Z):   -5453.085158 +/-  0.999701
Acceptance Rate:                        0.563380
Replacements:                               1000
Total Samples:                              1775
Nested Sampling ln(Z):             -11922.111826
Importance Nested Sampling ln(Z):   -5453.308457 +/-  0.999718
Acceptance Rate:                        0.556734
Replacements:                               1050
Total Samples:                              1886
Nested Sampling ln(Z):             -10893.459392
Importance Nested Sampling ln(Z):   -5453.536513 +/-  0.999735
Acceptance Rate:                        0.551655
Replacements:                               1100
Total Samples:                              1994
Nested Sampling ln(Z):             -10225.927915
Importance Nested Sampling ln(Z):   -5453.716744 +/-  0.999749
Acceptance Rate:                        0.549451
Replacements:                               1150
Total Samples:                              2093
Nested Sampling ln(Z):              -9522.714969
Importance Nested Sampling ln(Z):   -5453.897401 +/-  0.999761
Acceptance Rate:                        0.541028
Replacements:                               1200
Total Samples:                              2218
Nested Sampling ln(Z):              -9035.383814
Importance Nested Sampling ln(Z):   -5453.892048 +/-  0.826922
Acceptance Rate:                        0.534416
Replacements:                               1250
Total Samples:                              2339
Nested Sampling ln(Z):              -8373.993553
Importance Nested Sampling ln(Z):   -5454.091710 +/-  0.826946
Acceptance Rate:                        0.524828
Replacements:                               1300
Total Samples:                              2477
Nested Sampling ln(Z):              -7833.685381
Importance Nested Sampling ln(Z):   -5454.292012 +/-  0.826968
Acceptance Rate:                        0.521638
Replacements:                               1350
Total Samples:                              2588
Nested Sampling ln(Z):              -7443.986753
Importance Nested Sampling ln(Z):   -5454.433319 +/-  0.826983
Acceptance Rate:                        0.515844
Replacements:                               1400
Total Samples:                              2714
Nested Sampling ln(Z):              -7162.452815
Importance Nested Sampling ln(Z):   -5438.027340 +/-  0.999816
Acceptance Rate:                        0.510025
Replacements:                               1450
Total Samples:                              2843
Nested Sampling ln(Z):              -6927.914023
Importance Nested Sampling ln(Z):   -5438.126538 +/-  0.999824
Acceptance Rate:                        0.504881
Replacements:                               1500
Total Samples:                              2971
Nested Sampling ln(Z):              -6768.175092
Importance Nested Sampling ln(Z):   -5438.126538 +/-  0.999832
Acceptance Rate:                        0.497114
Replacements:                               1550
Total Samples:                              3118
Nested Sampling ln(Z):              -6645.471887
Importance Nested Sampling ln(Z):   -5438.126538 +/-  0.999840
Acceptance Rate:                        0.498287
Replacements:                               1600
Total Samples:                              3211
Nested Sampling ln(Z):              -6489.983619
Importance Nested Sampling ln(Z):   -5438.126538 +/-  0.999844
Acceptance Rate:                        0.495347
Replacements:                               1650
Total Samples:                              3331
Nested Sampling ln(Z):              -6324.828768
Importance Nested Sampling ln(Z):   -5438.126521 +/-  0.999833
Acceptance Rate:                        0.491329
Replacements:                               1700
Total Samples:                              3460
Nested Sampling ln(Z):              -6237.532844
Importance Nested Sampling ln(Z):   -5438.126524 +/-  0.999841
Acceptance Rate:                        0.488827
Replacements:                               1750
Total Samples:                              3580
Nested Sampling ln(Z):              -6143.555508
Importance Nested Sampling ln(Z):   -5437.473008 +/-  0.707482
Acceptance Rate:                        0.482315
Replacements:                               1800
Total Samples:                              3732
Nested Sampling ln(Z):              -6034.483845
Importance Nested Sampling ln(Z):   -5437.539760 +/-  0.702086
Acceptance Rate:                        0.474724
Replacements:                               1850
Total Samples:                              3897
Nested Sampling ln(Z):              -5991.855601
Importance Nested Sampling ln(Z):   -5413.837049 +/-  0.999872
Acceptance Rate:                        0.463867
Replacements:                               1900
Total Samples:                              4096
Nested Sampling ln(Z):              -5926.984970
Importance Nested Sampling ln(Z):   -5413.998343 +/-  0.999878
Acceptance Rate:                        0.450555
Replacements:                               1950
Total Samples:                              4328
Nested Sampling ln(Z):              -5876.271192
Importance Nested Sampling ln(Z):   -5414.171304 +/-  0.999884
Acceptance Rate:                        0.443459
Replacements:                               2000
Total Samples:                              4510
Nested Sampling ln(Z):              -5833.299468
Importance Nested Sampling ln(Z):   -5387.924533 +/-  0.999889
Acceptance Rate:                        0.438034
Replacements:                               2050
Total Samples:                              4680
Nested Sampling ln(Z):              -5794.808545
Importance Nested Sampling ln(Z):   -5388.108607 +/-  0.999893
Acceptance Rate:                        0.436137
Replacements:                               2100
Total Samples:                              4815
Nested Sampling ln(Z):              -5760.067837
Importance Nested Sampling ln(Z):   -5388.249652 +/-  0.999896
Acceptance Rate:                        0.433643
Replacements:                               2150
Total Samples:                              4958
Nested Sampling ln(Z):              -5720.815495
Importance Nested Sampling ln(Z):   -5388.398481 +/-  0.999899
Acceptance Rate:                        0.431626
Replacements:                               2200
Total Samples:                              5097
Nested Sampling ln(Z):              -5680.336221
Importance Nested Sampling ln(Z):   -5388.547486 +/-  0.999902
Acceptance Rate:                        0.428571
Replacements:                               2250
Total Samples:                              5250
Nested Sampling ln(Z):              -5654.523705
Importance Nested Sampling ln(Z):   -5388.705295 +/-  0.999899
Acceptance Rate:                        0.426795
Replacements:                               2300
Total Samples:                              5389
Nested Sampling ln(Z):              -5631.898703
Importance Nested Sampling ln(Z):   -5388.854193 +/-  0.999899
Acceptance Rate:                        0.425339
Replacements:                               2350
Total Samples:                              5525
Nested Sampling ln(Z):              -5613.126618
Importance Nested Sampling ln(Z):   -5388.998667 +/-  0.999895
Acceptance Rate:                        0.422386
Replacements:                               2400
Total Samples:                              5682
Nested Sampling ln(Z):              -5594.765489
Importance Nested Sampling ln(Z):   -5389.158618 +/-  0.999744
Acceptance Rate:                        0.417875
Replacements:                               2450
Total Samples:                              5863
Nested Sampling ln(Z):              -5572.720544
Importance Nested Sampling ln(Z):   -5389.328567 +/-  0.999746
Acceptance Rate:                        0.413428
Replacements:                               2500
Total Samples:                              6047
Nested Sampling ln(Z):              -5556.279896
Importance Nested Sampling ln(Z):   -5389.531414 +/-  0.999748
Acceptance Rate:                        0.411091
Replacements:                               2550
Total Samples:                              6203
Nested Sampling ln(Z):              -5543.302977
Importance Nested Sampling ln(Z):   -5389.695531 +/-  0.999750
Acceptance Rate:                        0.407396
Replacements:                               2600
Total Samples:                              6382
Nested Sampling ln(Z):              -5530.168005
Importance Nested Sampling ln(Z):   -5389.885520 +/-  0.999691
Acceptance Rate:                        0.406068
Replacements:                               2650
Total Samples:                              6526
Nested Sampling ln(Z):              -5515.896241
Importance Nested Sampling ln(Z):   -5390.023053 +/-  0.999541
Acceptance Rate:                        0.401070
Replacements:                               2700
Total Samples:                              6732
Nested Sampling ln(Z):              -5505.928683
Importance Nested Sampling ln(Z):   -5378.050684 +/-  0.999916
Acceptance Rate:                        0.398551
Replacements:                               2750
Total Samples:                              6900
Nested Sampling ln(Z):              -5495.073681
Importance Nested Sampling ln(Z):   -5378.213863 +/-  0.999918
Acceptance Rate:                        0.396994
Replacements:                               2800
Total Samples:                              7053
Nested Sampling ln(Z):              -5485.071732
Importance Nested Sampling ln(Z):   -5378.341286 +/-  0.999548
Acceptance Rate:                        0.392130
Replacements:                               2850
Total Samples:                              7268
Nested Sampling ln(Z):              -5477.484821
Importance Nested Sampling ln(Z):   -5378.511816 +/-  0.999531
Acceptance Rate:                        0.387701
Replacements:                               2900
Total Samples:                              7480
Nested Sampling ln(Z):              -5470.633950
Importance Nested Sampling ln(Z):   -5378.694016 +/-  0.999517
Acceptance Rate:                        0.384816
Replacements:                               2950
Total Samples:                              7666
Nested Sampling ln(Z):              -5464.807750
Importance Nested Sampling ln(Z):   -5377.001167 +/-  0.856028
Acceptance Rate:                        0.382751
Replacements:                               3000
Total Samples:                              7838
Nested Sampling ln(Z):              -5458.388551
Importance Nested Sampling ln(Z):   -5377.155425 +/-  0.856042
Acceptance Rate:                        0.380299
Replacements:                               3050
Total Samples:                              8020
Nested Sampling ln(Z):              -5453.099454
Importance Nested Sampling ln(Z):   -5377.315002 +/-  0.855921
Acceptance Rate:                        0.377129
Replacements:                               3100
Total Samples:                              8220
Nested Sampling ln(Z):              -5447.614982
Importance Nested Sampling ln(Z):   -5377.405662 +/-  0.780217
Acceptance Rate:                        0.376930
Replacements:                               3150
Total Samples:                              8357
Nested Sampling ln(Z):              -5442.195601
Importance Nested Sampling ln(Z):   -5377.518264 +/-  0.776159
Acceptance Rate:                        0.375719
Replacements:                               3200
Total Samples:                              8517
Nested Sampling ln(Z):              -5436.895791
Importance Nested Sampling ln(Z):   -5377.605844 +/-  0.729610
Acceptance Rate:                        0.373950
Replacements:                               3250
Total Samples:                              8691
Nested Sampling ln(Z):              -5432.093497
Importance Nested Sampling ln(Z):   -5377.755616 +/-  0.728102
Acceptance Rate:                        0.371999
Replacements:                               3300
Total Samples:                              8871
Nested Sampling ln(Z):              -5427.916543
Importance Nested Sampling ln(Z):   -5377.910973 +/-  0.728135
Acceptance Rate:                        0.370698
Replacements:                               3350
Total Samples:                              9037
Nested Sampling ln(Z):              -5423.646805
Importance Nested Sampling ln(Z):   -5378.034825 +/-  0.718617
Acceptance Rate:                        0.368964
Replacements:                               3400
Total Samples:                              9215
Nested Sampling ln(Z):              -5419.244647
Importance Nested Sampling ln(Z):   -5378.170281 +/-  0.706102
Acceptance Rate:                        0.368432
Replacements:                               3450
Total Samples:                              9364
Nested Sampling ln(Z):              -5416.346069
Importance Nested Sampling ln(Z):   -5376.222142 +/-  0.875446
Acceptance Rate:                        0.365078
Replacements:                               3500
Total Samples:                              9587
Nested Sampling ln(Z):              -5413.628732
Importance Nested Sampling ln(Z):   -5376.436588 +/-  0.875421
Acceptance Rate:                        0.362208
Replacements:                               3550
Total Samples:                              9801
Nested Sampling ln(Z):              -5410.873767
Importance Nested Sampling ln(Z):   -5376.615491 +/-  0.875211
Acceptance Rate:                        0.360613
Replacements:                               3600
Total Samples:                              9983
Nested Sampling ln(Z):              -5408.344203
Importance Nested Sampling ln(Z):   -5376.709521 +/-  0.825114
Acceptance Rate:                        0.356167
Replacements:                               3650
Total Samples:                             10248
Nested Sampling ln(Z):              -5405.999796
Importance Nested Sampling ln(Z):   -5376.389013 +/-  0.611922
Acceptance Rate:                        0.351845
Replacements:                               3700
Total Samples:                             10516
Nested Sampling ln(Z):              -5404.019511
Importance Nested Sampling ln(Z):   -5375.745746 +/-  0.617019
Acceptance Rate:                        0.347770
Replacements:                               3750
Total Samples:                             10783
Nested Sampling ln(Z):              -5402.399266
Importance Nested Sampling ln(Z):   -5375.919864 +/-  0.614773
Acceptance Rate:                        0.345958
Replacements:                               3800
Total Samples:                             10984
Nested Sampling ln(Z):              -5400.498331
Importance Nested Sampling ln(Z):   -5376.002204 +/-  0.582755
Acceptance Rate:                        0.345013
Replacements:                               3850
Total Samples:                             11159
Nested Sampling ln(Z):              -5398.980885
Importance Nested Sampling ln(Z):   -5376.100063 +/-  0.571600
Acceptance Rate:                        0.343310
Replacements:                               3900
Total Samples:                             11360
Nested Sampling ln(Z):              -5397.649159
Importance Nested Sampling ln(Z):   -5375.230078 +/-  0.556156
Acceptance Rate:                        0.341962
Replacements:                               3950
Total Samples:                             11551
Nested Sampling ln(Z):              -5396.246569
Importance Nested Sampling ln(Z):   -5374.624631 +/-  0.586444
Acceptance Rate:                        0.338983
Replacements:                               4000
Total Samples:                             11800
Nested Sampling ln(Z):              -5394.802102
Importance Nested Sampling ln(Z):   -5374.202704 +/-  0.516919
Acceptance Rate:                        0.336351
Replacements:                               4050
Total Samples:                             12041
Nested Sampling ln(Z):              -5393.353559
Importance Nested Sampling ln(Z):   -5374.389905 +/-  0.511062
Acceptance Rate:                        0.334039
Replacements:                               4100
Total Samples:                             12274
Nested Sampling ln(Z):              -5391.890572
Importance Nested Sampling ln(Z):   -5374.467428 +/-  0.465504
Acceptance Rate:                        0.331814
Replacements:                               4150
Total Samples:                             12507
Nested Sampling ln(Z):              -5390.591537
Importance Nested Sampling ln(Z):   -5374.604459 +/-  0.450602
Acceptance Rate:                        0.327434
Replacements:                               4200
Total Samples:                             12827
Nested Sampling ln(Z):              -5389.260765
Importance Nested Sampling ln(Z):   -5374.683516 +/-  0.397903
Acceptance Rate:                        0.324998
Replacements:                               4250
Total Samples:                             13077
Nested Sampling ln(Z):              -5388.303506
Importance Nested Sampling ln(Z):   -5374.815080 +/-  0.384369
Acceptance Rate:                        0.323260
Replacements:                               4300
Total Samples:                             13302
Nested Sampling ln(Z):              -5387.322424
Importance Nested Sampling ln(Z):   -5374.659561 +/-  0.364194
Acceptance Rate:                        0.320655
Replacements:                               4350
Total Samples:                             13566
Nested Sampling ln(Z):              -5386.393343
Importance Nested Sampling ln(Z):   -5374.661987 +/-  0.316349
Acceptance Rate:                        0.317919
Replacements:                               4400
Total Samples:                             13840
Nested Sampling ln(Z):              -5385.589325
Importance Nested Sampling ln(Z):   -5374.781180 +/-  0.300924
Acceptance Rate:                        0.316343
Replacements:                               4450
Total Samples:                             14067
Nested Sampling ln(Z):              -5384.844313
Importance Nested Sampling ln(Z):   -5374.717218 +/-  0.293634
Acceptance Rate:                        0.313676
Replacements:                               4500
Total Samples:                             14346
Nested Sampling ln(Z):              -5384.104310
Importance Nested Sampling ln(Z):   -5374.628385 +/-  0.279380
Acceptance Rate:                        0.312736
Replacements:                               4550
Total Samples:                             14549
Nested Sampling ln(Z):              -5383.397745
Importance Nested Sampling ln(Z):   -5374.260073 +/-  0.339967
Acceptance Rate:                        0.309681
Replacements:                               4600
Total Samples:                             14854
Nested Sampling ln(Z):              -5382.762052
Importance Nested Sampling ln(Z):   -5374.271800 +/-  0.293841
Acceptance Rate:                        0.307865
Replacements:                               4650
Total Samples:                             15104
Nested Sampling ln(Z):              -5382.169955
Importance Nested Sampling ln(Z):   -5374.088223 +/-  0.262024
Acceptance Rate:                        0.305651
Replacements:                               4700
Total Samples:                             15377
Nested Sampling ln(Z):              -5381.642905
Importance Nested Sampling ln(Z):   -5374.175565 +/-  0.247874
Acceptance Rate:                        0.302741
Replacements:                               4750
Total Samples:                             15690
Nested Sampling ln(Z):              -5381.133877
Importance Nested Sampling ln(Z):   -5374.141645 +/-  0.227027
Acceptance Rate:                        0.300639
Replacements:                               4800
Total Samples:                             15966
Nested Sampling ln(Z):              -5380.647770
Importance Nested Sampling ln(Z):   -5374.120255 +/-  0.219394
Acceptance Rate:                        0.299216
Replacements:                               4850
Total Samples:                             16209
Nested Sampling ln(Z):              -5380.160705
Importance Nested Sampling ln(Z):   -5374.087257 +/-  0.210094
Acceptance Rate:                        0.297728
Replacements:                               4900
Total Samples:                             16458
Nested Sampling ln(Z):              -5379.678059
Importance Nested Sampling ln(Z):   -5374.092958 +/-  0.186443
Acceptance Rate:                        0.296017
Replacements:                               4950
Total Samples:                             16722
Nested Sampling ln(Z):              -5379.222733
Importance Nested Sampling ln(Z):   -5374.183727 +/-  0.176237
Acceptance Rate:                        0.293876
Replacements:                               5000
Total Samples:                             17014
Nested Sampling ln(Z):              -5378.792721
Importance Nested Sampling ln(Z):   -5373.907793 +/-  0.204037
Acceptance Rate:                        0.291201
Replacements:                               5050
Total Samples:                             17342
Nested Sampling ln(Z):              -5378.415090
Importance Nested Sampling ln(Z):   -5373.989449 +/-  0.186504
Acceptance Rate:                        0.289493
Replacements:                               5100
Total Samples:                             17617
Nested Sampling ln(Z):              -5378.090170
Importance Nested Sampling ln(Z):   -5373.971005 +/-  0.179339
Acceptance Rate:                        0.288241
Replacements:                               5150
Total Samples:                             17867
Nested Sampling ln(Z):              -5377.792826
Importance Nested Sampling ln(Z):   -5374.029208 +/-  0.165382
Acceptance Rate:                        0.287404
Replacements:                               5200
Total Samples:                             18093
Nested Sampling ln(Z):              -5377.516547
Importance Nested Sampling ln(Z):   -5374.058421 +/-  0.151501
Acceptance Rate:                        0.286463
Replacements:                               5250
Total Samples:                             18327
Nested Sampling ln(Z):              -5377.249504
Importance Nested Sampling ln(Z):   -5374.079328 +/-  0.141339
Acceptance Rate:                        0.284931
Replacements:                               5300
Total Samples:                             18601
Nested Sampling ln(Z):              -5376.997541
Importance Nested Sampling ln(Z):   -5374.040825 +/-  0.132356
Acceptance Rate:                        0.282814
Replacements:                               5350
Total Samples:                             18917
Nested Sampling ln(Z):              -5376.759792
Importance Nested Sampling ln(Z):   -5374.041536 +/-  0.123548
Acceptance Rate:                        0.282560
Replacements:                               5400
Total Samples:                             19111
Nested Sampling ln(Z):              -5376.535332
Importance Nested Sampling ln(Z):   -5374.062585 +/-  0.114784
Acceptance Rate:                        0.280754
Replacements:                               5450
Total Samples:                             19412
Nested Sampling ln(Z):              -5376.317175
Importance Nested Sampling ln(Z):   -5374.028188 +/-  0.101090
Acceptance Rate:                        0.279500
Replacements:                               5500
Total Samples:                             19678
Nested Sampling ln(Z):              -5376.114034
Importance Nested Sampling ln(Z):   -5373.900349 +/-  0.108405
Acceptance Rate:                        0.277389
Replacements:                               5550
Total Samples:                             20008
Nested Sampling ln(Z):              -5375.924629
Importance Nested Sampling ln(Z):   -5373.848541 +/-  0.098899
Acceptance Rate:                        0.276571
Replacements:                               5600
Total Samples:                             20248
Nested Sampling ln(Z):              -5375.743823
Importance Nested Sampling ln(Z):   -5373.909850 +/-  0.094032
Acceptance Rate:                        0.275301
Replacements:                               5650
Total Samples:                             20523
Nested Sampling ln(Z):              -5375.572534
Importance Nested Sampling ln(Z):   -5373.946974 +/-  0.088527
Acceptance Rate:                        0.274342
Replacements:                               5700
Total Samples:                             20777
Nested Sampling ln(Z):              -5375.413160
Importance Nested Sampling ln(Z):   -5373.983821 +/-  0.081798
Acceptance Rate:                        0.273523
Replacements:                               5750
Total Samples:                             21022
Nested Sampling ln(Z):              -5375.266016
Importance Nested Sampling ln(Z):   -5373.977682 +/-  0.074654
Acceptance Rate:                        0.271765
Replacements:                               5800
Total Samples:                             21342
Nested Sampling ln(Z):              -5375.133247
Importance Nested Sampling ln(Z):   -5373.996174 +/-  0.069235
Acceptance Rate:                        0.271135
Replacements:                               5850
Total Samples:                             21576
Nested Sampling ln(Z):              -5375.010967
Importance Nested Sampling ln(Z):   -5373.982009 +/-  0.065447
Acceptance Rate:                        0.270060
Replacements:                               5900
Total Samples:                             21847
Nested Sampling ln(Z):              -5374.898070
Importance Nested Sampling ln(Z):   -5374.009499 +/-  0.059847
Acceptance Rate:                        0.269670
Replacements:                               5950
Total Samples:                             22064
Nested Sampling ln(Z):              -5374.791622
Importance Nested Sampling ln(Z):   -5373.991303 +/-  0.056715
Acceptance Rate:                        0.268444
Replacements:                               6000
Total Samples:                             22351
Nested Sampling ln(Z):              -5374.691002
Importance Nested Sampling ln(Z):   -5373.975147 +/-  0.051766
Acceptance Rate:                        0.266461
Replacements:                               6050
Total Samples:                             22705
Nested Sampling ln(Z):              -5374.597615
Importance Nested Sampling ln(Z):   -5373.963446 +/-  0.047241
Acceptance Rate:                        0.263499
Replacements:                               6100
Total Samples:                             23150
Nested Sampling ln(Z):              -5374.506083
Importance Nested Sampling ln(Z):   -5373.992173 +/-  0.042855
Acceptance Rate:                        0.262787
Replacements:                               6150
Total Samples:                             23403
Nested Sampling ln(Z):              -5374.419213
Importance Nested Sampling ln(Z):   -5374.023268 +/-  0.039233
Acceptance Rate:                        0.260844
Replacements:                               6200
Total Samples:                             23769
Nested Sampling ln(Z):              -5374.337780
Importance Nested Sampling ln(Z):   -5374.053991 +/-  0.035861
Acceptance Rate:                        0.259983
Replacements:                               6250
Total Samples:                             24040
Nested Sampling ln(Z):              -5374.261360
Importance Nested Sampling ln(Z):   -5374.057317 +/-  0.033406
Acceptance Rate:                        0.259398
Replacements:                               6300
Total Samples:                             24287
Nested Sampling ln(Z):              -5374.189895
Importance Nested Sampling ln(Z):   -5374.050267 +/-  0.031133
Acceptance Rate:                        0.258572
Replacements:                               6350
Total Samples:                             24558
Nested Sampling ln(Z):              -5374.124292
Importance Nested Sampling ln(Z):   -5374.054980 +/-  0.029142
Acceptance Rate:                        0.257815
Replacements:                               6400
Total Samples:                             24824
Nested Sampling ln(Z):              -5374.065007
Importance Nested Sampling ln(Z):   -5374.052952 +/-  0.026950
Acceptance Rate:                        0.257228
Replacements:                               6450
Total Samples:                             25075
Nested Sampling ln(Z):              -5374.011185
Importance Nested Sampling ln(Z):   -5374.060732 +/-  0.024988
Acceptance Rate:                        0.256057
Replacements:                               6500
Total Samples:                             25385
Nested Sampling ln(Z):              -5373.961987
Importance Nested Sampling ln(Z):   -5374.064679 +/-  0.023169
Acceptance Rate:                        0.255410
Replacements:                               6550
Total Samples:                             25645
Nested Sampling ln(Z):              -5373.917412
Importance Nested Sampling ln(Z):   -5374.059089 +/-  0.021956
Acceptance Rate:                        0.254414
Replacements:                               6600
Total Samples:                             25942
Nested Sampling ln(Z):              -5373.875587
Importance Nested Sampling ln(Z):   -5374.065747 +/-  0.020463
Acceptance Rate:                        0.252967
Replacements:                               6650
Total Samples:                             26288
Nested Sampling ln(Z):              -5373.837179
Importance Nested Sampling ln(Z):   -5374.072861 +/-  0.019032
Acceptance Rate:                        0.251464
Replacements:                               6700
Total Samples:                             26644
Nested Sampling ln(Z):              -5373.802198
Importance Nested Sampling ln(Z):   -5374.082699 +/-  0.017981
Acceptance Rate:                        0.249676
Replacements:                               6750
Total Samples:                             27035
Nested Sampling ln(Z):              -5373.771471
Importance Nested Sampling ln(Z):   -5374.083749 +/-  0.017056
Acceptance Rate:                        0.249185
Replacements:                               6800
Total Samples:                             27289
Nested Sampling ln(Z):              -5373.743891
Importance Nested Sampling ln(Z):   -5374.082985 +/-  0.016355
Acceptance Rate:                        0.248314
Replacements:                               6850
Total Samples:                             27586
Nested Sampling ln(Z):              -5373.718878
Importance Nested Sampling ln(Z):   -5374.082967 +/-  0.015651
Acceptance Rate:                        0.247126
Replacements:                               6900
Total Samples:                             27921
Nested Sampling ln(Z):              -5373.696100
Importance Nested Sampling ln(Z):   -5374.085971 +/-  0.014920
Acceptance Rate:                        0.246524
Replacements:                               6950
Total Samples:                             28192
Nested Sampling ln(Z):              -5373.675499
Importance Nested Sampling ln(Z):   -5374.085814 +/-  0.014478
Acceptance Rate:                        0.246464
Replacements:                               6953
Total Samples:                             28211
Nested Sampling ln(Z):              -5373.674333
Importance Nested Sampling ln(Z):   -5374.086261 +/-  0.014453
 ln(ev)=  -5373.50839614351      +/-  0.244904140782266     
 Total Likelihood Evaluations:        28211
 Sampling finished. Exiting MultiNest
MPI process 0 / 1:	The timer Multinest scan has ended.
Duration: 63348281896 microseconds.
MPI process 0 / 1:	Multinest scan took 63348 seconds.
