Using Planck.
Using WiggleZ.
Running with Lambda CDM cosmological parameters.
Planck data dir = /Volumes/Data1/Planck2015/plc-2.0
 BFLike Ntemp  =        2876
 BFLike Nq     =        1407
 BFLike Nu     =        1407
 BFLike Nside  =          16
 BFLike Nwrite =    32393560
 cls file appears to have 5+ columns
 assuming it is a CAMB file with l, TT, EE, BB, TE
 info =            0
----
clik version 6dc2a8cf3965 MAKEFILE
  bflike_smw
Checking likelihood '/Volumes/Data1/Planck2015/plc-2.0/low_l/bflike/lowl_SMW_70_dx11d_2014_10_03_v5c_Ap.clik' on test data. got -5247.87 expected -5247.87 (diff 3.26225e-07)
----
Low likelihood has TT with l_max = 29
Low likelihood has EE with l_max = 29
Low likelihood has BB with l_max = 29
Low likelihood has TE with l_max = 29
Low likelihood has TB with l_max = -1
Low likelihood has EB with l_max = -1
 Initializing Planck likelihood, version Plik_v18_cmbonly_like
----
clik version 6dc2a8cf3965 MAKEFILE
  plik_cmbonly
Checking likelihood '/Volumes/Data1/Planck2015/plc-2.0/hi_l/plik_lite/plik_lite_v18_TT.clik' on test data. got -101.798 expected -101.798 (diff 1.03566e-08)
----
High likelihood has TT with l_max = 2508
High likelihood has EE with l_max = -1
High likelihood has BB with l_max = -1
High likelihood has TE with l_max = -1
High likelihood has TB with l_max = -1
High likelihood has EB with l_max = -1
Low l_max = 29
High l_max = 2508
Lensing l_max = 0
Total l_max = 2508
Setting parameters
Starting the timer Multinest scan...
 MultiNest Warning: no resume file found, starting from scratch
 *****************************************************
 MultiNest v3.9
 Copyright Farhan Feroz & Mike Hobson
 Release Oct 2014
 
 no. of live points =  300
 dimensionality =    7
 *****************************************************
 Starting MultiNest
 generating live points
 live points generated, starting sampling
Acceptance Rate:                        0.988701
Replacements:                                350
Total Samples:                               354
Nested Sampling ln(Z):            -105100.765449
Importance Nested Sampling ln(Z):   -6474.896111 +/-  0.998569
Acceptance Rate:                        0.968523
Replacements:                                400
Total Samples:                               413
Nested Sampling ln(Z):             -83410.500329
Importance Nested Sampling ln(Z):   -6475.050261 +/-  0.998771
Acceptance Rate:                        0.925926
Replacements:                                450
Total Samples:                               486
Nested Sampling ln(Z):             -65290.285289
Importance Nested Sampling ln(Z):   -6070.745771 +/-  0.998971
Acceptance Rate:                        0.889680
Replacements:                                500
Total Samples:                               562
Nested Sampling ln(Z):             -52958.424702
Importance Nested Sampling ln(Z):   -6070.891065 +/-  0.999110
Acceptance Rate:                        0.827068
Replacements:                                550
Total Samples:                               665
Nested Sampling ln(Z):             -43396.901211
Importance Nested Sampling ln(Z):   -6071.059350 +/-  0.999248
Acceptance Rate:                        0.764331
Replacements:                                600
Total Samples:                               785
Nested Sampling ln(Z):             -36748.339965
Importance Nested Sampling ln(Z):   -6071.225246 +/-  0.999363
Acceptance Rate:                        0.726257
Replacements:                                650
Total Samples:                               895
Nested Sampling ln(Z):             -30463.668448
Importance Nested Sampling ln(Z):   -6071.356386 +/-  0.999441
Acceptance Rate:                        0.652377
Replacements:                                700
Total Samples:                              1073
Nested Sampling ln(Z):             -25250.772870
Importance Nested Sampling ln(Z):   -6071.537776 +/-  0.999534
Acceptance Rate:                        0.609756
Replacements:                                750
Total Samples:                              1230
Nested Sampling ln(Z):             -21769.062019
Importance Nested Sampling ln(Z):   -6071.806618 +/-  0.999593
Acceptance Rate:                        0.605144
Replacements:                                800
Total Samples:                              1322
Nested Sampling ln(Z):             -19374.096882
Importance Nested Sampling ln(Z):   -6072.324418 +/-  0.999622
Acceptance Rate:                        0.604122
Replacements:                                850
Total Samples:                              1407
Nested Sampling ln(Z):             -17324.082681
Importance Nested Sampling ln(Z):   -6072.641969 +/-  0.999645
Acceptance Rate:                        0.603217
Replacements:                                900
Total Samples:                              1492
Nested Sampling ln(Z):             -15326.127406
Importance Nested Sampling ln(Z):   -6072.865508 +/-  0.999665
Acceptance Rate:                        0.590796
Replacements:                                950
Total Samples:                              1608
Nested Sampling ln(Z):             -14029.062185
Importance Nested Sampling ln(Z):   -5939.364849 +/-  0.999689
Acceptance Rate:                        0.582751
Replacements:                               1000
Total Samples:                              1716
Nested Sampling ln(Z):             -12546.183927
Importance Nested Sampling ln(Z):   -5939.622586 +/-  0.999709
Acceptance Rate:                        0.570652
Replacements:                               1050
Total Samples:                              1840
Nested Sampling ln(Z):             -11435.425789
Importance Nested Sampling ln(Z):   -5939.844866 +/-  0.999728
Acceptance Rate:                        0.558376
Replacements:                               1100
Total Samples:                              1970
Nested Sampling ln(Z):             -10525.404616
Importance Nested Sampling ln(Z):   -5940.081769 +/-  0.999657
Acceptance Rate:                        0.552354
Replacements:                               1150
Total Samples:                              2082
Nested Sampling ln(Z):              -9851.532131
Importance Nested Sampling ln(Z):   -5940.329449 +/-  0.999670
Acceptance Rate:                        0.538841
Replacements:                               1200
Total Samples:                              2227
Nested Sampling ln(Z):              -9283.599888
Importance Nested Sampling ln(Z):   -5940.571476 +/-  0.999686
Acceptance Rate:                        0.530786
Replacements:                               1250
Total Samples:                              2355
Nested Sampling ln(Z):              -8819.714956
Importance Nested Sampling ln(Z):   -5927.200426 +/-  0.999786
Acceptance Rate:                        0.524617
Replacements:                               1300
Total Samples:                              2478
Nested Sampling ln(Z):              -8383.726213
Importance Nested Sampling ln(Z):   -5877.332143 +/-  0.999798
Acceptance Rate:                        0.519231
Replacements:                               1350
Total Samples:                              2600
Nested Sampling ln(Z):              -8109.177077
Importance Nested Sampling ln(Z):   -5877.533579 +/-  0.999808
Acceptance Rate:                        0.516605
Replacements:                               1400
Total Samples:                              2710
Nested Sampling ln(Z):              -7836.911888
Importance Nested Sampling ln(Z):   -5877.691568 +/-  0.999815
Acceptance Rate:                        0.511825
Replacements:                               1450
Total Samples:                              2833
Nested Sampling ln(Z):              -7565.116453
Importance Nested Sampling ln(Z):   -5849.964693 +/-  0.999823
Acceptance Rate:                        0.508130
Replacements:                               1500
Total Samples:                              2952
Nested Sampling ln(Z):              -7361.601988
Importance Nested Sampling ln(Z):   -5850.133021 +/-  0.999831
Acceptance Rate:                        0.503410
Replacements:                               1550
Total Samples:                              3079
Nested Sampling ln(Z):              -7219.747960
Importance Nested Sampling ln(Z):   -5850.294573 +/-  0.999838
Acceptance Rate:                        0.497358
Replacements:                               1600
Total Samples:                              3217
Nested Sampling ln(Z):              -7048.608255
Importance Nested Sampling ln(Z):   -5850.449268 +/-  0.999820
Acceptance Rate:                        0.492097
Replacements:                               1650
Total Samples:                              3353
Nested Sampling ln(Z):              -6906.464673
Importance Nested Sampling ln(Z):   -5802.153357 +/-  0.999851
Acceptance Rate:                        0.488365
Replacements:                               1700
Total Samples:                              3481
Nested Sampling ln(Z):              -6768.310800
Importance Nested Sampling ln(Z):   -5802.313339 +/-  0.999856
Acceptance Rate:                        0.482359
Replacements:                               1750
Total Samples:                              3628
Nested Sampling ln(Z):              -6645.642699
Importance Nested Sampling ln(Z):   -5802.465865 +/-  0.999862
Acceptance Rate:                        0.476948
Replacements:                               1800
Total Samples:                              3774
Nested Sampling ln(Z):              -6562.752700
Importance Nested Sampling ln(Z):   -5802.661407 +/-  0.999868
Acceptance Rate:                        0.475334
Replacements:                               1850
Total Samples:                              3892
Nested Sampling ln(Z):              -6481.916578
Importance Nested Sampling ln(Z):   -5802.793062 +/-  0.999872
Acceptance Rate:                        0.471464
Replacements:                               1900
Total Samples:                              4030
Nested Sampling ln(Z):              -6422.112611
Importance Nested Sampling ln(Z):   -5802.979916 +/-  0.999876
Acceptance Rate:                        0.467626
Replacements:                               1950
Total Samples:                              4170
Nested Sampling ln(Z):              -6373.960228
Importance Nested Sampling ln(Z):   -5803.142767 +/-  0.999880
Acceptance Rate:                        0.465658
Replacements:                               2000
Total Samples:                              4295
Nested Sampling ln(Z):              -6325.571341
Importance Nested Sampling ln(Z):   -5803.282882 +/-  0.999884
Acceptance Rate:                        0.465592
Replacements:                               2050
Total Samples:                              4403
Nested Sampling ln(Z):              -6284.556566
Importance Nested Sampling ln(Z):   -5803.429727 +/-  0.999886
Acceptance Rate:                        0.460627
Replacements:                               2100
Total Samples:                              4559
Nested Sampling ln(Z):              -6243.961750
Importance Nested Sampling ln(Z):   -5803.613082 +/-  0.999890
Acceptance Rate:                        0.456185
Replacements:                               2150
Total Samples:                              4713
Nested Sampling ln(Z):              -6186.606711
Importance Nested Sampling ln(Z):   -5803.768331 +/-  0.999894
Acceptance Rate:                        0.451189
Replacements:                               2200
Total Samples:                              4876
Nested Sampling ln(Z):              -6156.364884
Importance Nested Sampling ln(Z):   -5803.924393 +/-  0.999897
Acceptance Rate:                        0.451898
Replacements:                               2250
Total Samples:                              4979
Nested Sampling ln(Z):              -6123.082127
Importance Nested Sampling ln(Z):   -5804.049766 +/-  0.999900
Acceptance Rate:                        0.450715
Replacements:                               2300
Total Samples:                              5103
Nested Sampling ln(Z):              -6095.801634
Importance Nested Sampling ln(Z):   -5804.189950 +/-  0.999902
Acceptance Rate:                        0.452184
Replacements:                               2350
Total Samples:                              5197
Nested Sampling ln(Z):              -6069.960075
Importance Nested Sampling ln(Z):   -5804.295966 +/-  0.999904
Acceptance Rate:                        0.452148
Replacements:                               2400
Total Samples:                              5308
Nested Sampling ln(Z):              -6044.545925
Importance Nested Sampling ln(Z):   -5804.438422 +/-  0.999906
Acceptance Rate:                        0.453033
Replacements:                               2450
Total Samples:                              5408
Nested Sampling ln(Z):              -6022.460722
Importance Nested Sampling ln(Z):   -5804.579856 +/-  0.999908
Acceptance Rate:                        0.452653
Replacements:                               2500
Total Samples:                              5523
Nested Sampling ln(Z):              -6005.846344
Importance Nested Sampling ln(Z):   -5804.738929 +/-  0.999909
Acceptance Rate:                        0.449023
Replacements:                               2550
Total Samples:                              5679
Nested Sampling ln(Z):              -5989.409847
Importance Nested Sampling ln(Z):   -5804.851104 +/-  0.939181
Acceptance Rate:                        0.447658
Replacements:                               2600
Total Samples:                              5808
Nested Sampling ln(Z):              -5975.611848
Importance Nested Sampling ln(Z):   -5805.015646 +/-  0.939156
Acceptance Rate:                        0.446730
Replacements:                               2650
Total Samples:                              5932
Nested Sampling ln(Z):              -5964.431819
Importance Nested Sampling ln(Z):   -5805.150398 +/-  0.939155
Acceptance Rate:                        0.445618
Replacements:                               2700
Total Samples:                              6059
Nested Sampling ln(Z):              -5954.202798
Importance Nested Sampling ln(Z):   -5805.280601 +/-  0.939123
Acceptance Rate:                        0.443262
Replacements:                               2750
Total Samples:                              6204
Nested Sampling ln(Z):              -5940.825411
Importance Nested Sampling ln(Z):   -5805.439854 +/-  0.939112
Acceptance Rate:                        0.439560
Replacements:                               2800
Total Samples:                              6370
Nested Sampling ln(Z):              -5933.319160
Importance Nested Sampling ln(Z):   -5804.342260 +/-  0.761177
Acceptance Rate:                        0.437519
Replacements:                               2850
Total Samples:                              6514
Nested Sampling ln(Z):              -5923.892059
Importance Nested Sampling ln(Z):   -5804.452804 +/-  0.749635
Acceptance Rate:                        0.438199
Replacements:                               2900
Total Samples:                              6618
Nested Sampling ln(Z):              -5914.186933
Importance Nested Sampling ln(Z):   -5804.474213 +/-  0.690425
Acceptance Rate:                        0.436326
Replacements:                               2950
Total Samples:                              6761
Nested Sampling ln(Z):              -5905.195086
Importance Nested Sampling ln(Z):   -5804.624860 +/-  0.690414
Acceptance Rate:                        0.434028
Replacements:                               3000
Total Samples:                              6912
Nested Sampling ln(Z):              -5898.504637
Importance Nested Sampling ln(Z):   -5804.798558 +/-  0.689873
Acceptance Rate:                        0.433362
Replacements:                               3050
Total Samples:                              7038
Nested Sampling ln(Z):              -5890.716704
Importance Nested Sampling ln(Z):   -5804.379478 +/-  0.585791
Acceptance Rate:                        0.430018
Replacements:                               3100
Total Samples:                              7209
Nested Sampling ln(Z):              -5883.466816
Importance Nested Sampling ln(Z):   -5803.167385 +/-  0.759959
Acceptance Rate:                        0.425101
Replacements:                               3150
Total Samples:                              7410
Nested Sampling ln(Z):              -5877.701646
Importance Nested Sampling ln(Z):   -5801.681307 +/-  0.604911
Acceptance Rate:                        0.423224
Replacements:                               3200
Total Samples:                              7561
Nested Sampling ln(Z):              -5871.141161
Importance Nested Sampling ln(Z):   -5801.821739 +/-  0.602502
Acceptance Rate:                        0.422352
Replacements:                               3250
Total Samples:                              7695
Nested Sampling ln(Z):              -5865.638772
Importance Nested Sampling ln(Z):   -5800.629140 +/-  0.748795
Acceptance Rate:                        0.419367
Replacements:                               3300
Total Samples:                              7869
Nested Sampling ln(Z):              -5861.326758
Importance Nested Sampling ln(Z):   -5795.065263 +/-  0.996671
Acceptance Rate:                        0.416770
Replacements:                               3350
Total Samples:                              8038
Nested Sampling ln(Z):              -5857.224065
Importance Nested Sampling ln(Z):   -5795.221783 +/-  0.996586
Acceptance Rate:                        0.414079
Replacements:                               3400
Total Samples:                              8211
Nested Sampling ln(Z):              -5853.265160
Importance Nested Sampling ln(Z):   -5795.384824 +/-  0.996523
Acceptance Rate:                        0.412383
Replacements:                               3450
Total Samples:                              8366
Nested Sampling ln(Z):              -5850.009508
Importance Nested Sampling ln(Z):   -5795.542110 +/-  0.996517
Acceptance Rate:                        0.411813
Replacements:                               3500
Total Samples:                              8499
Nested Sampling ln(Z):              -5846.769841
Importance Nested Sampling ln(Z):   -5795.670104 +/-  0.996500
Acceptance Rate:                        0.411546
Replacements:                               3550
Total Samples:                              8626
Nested Sampling ln(Z):              -5843.661152
Importance Nested Sampling ln(Z):   -5795.791908 +/-  0.995950
Acceptance Rate:                        0.407793
Replacements:                               3600
Total Samples:                              8828
Nested Sampling ln(Z):              -5840.008771
Importance Nested Sampling ln(Z):   -5795.991823 +/-  0.995888
Acceptance Rate:                        0.406414
Replacements:                               3650
Total Samples:                              8981
Nested Sampling ln(Z):              -5837.205008
Importance Nested Sampling ln(Z):   -5796.148669 +/-  0.995512
Acceptance Rate:                        0.405302
Replacements:                               3700
Total Samples:                              9129
Nested Sampling ln(Z):              -5834.096921
Importance Nested Sampling ln(Z):   -5796.270715 +/-  0.967177
Acceptance Rate:                        0.404226
Replacements:                               3750
Total Samples:                              9277
Nested Sampling ln(Z):              -5831.782312
Importance Nested Sampling ln(Z):   -5795.147675 +/-  0.634953
Acceptance Rate:                        0.402116
Replacements:                               3800
Total Samples:                              9450
Nested Sampling ln(Z):              -5829.402613
Importance Nested Sampling ln(Z):   -5795.295098 +/-  0.630721
Acceptance Rate:                        0.400499
Replacements:                               3850
Total Samples:                              9613
Nested Sampling ln(Z):              -5827.241710
Importance Nested Sampling ln(Z):   -5795.419554 +/-  0.617421
Acceptance Rate:                        0.399018
Replacements:                               3900
Total Samples:                              9774
Nested Sampling ln(Z):              -5825.242546
Importance Nested Sampling ln(Z):   -5795.573435 +/-  0.617320
Acceptance Rate:                        0.396308
Replacements:                               3950
Total Samples:                              9967
Nested Sampling ln(Z):              -5823.487446
Importance Nested Sampling ln(Z):   -5795.676892 +/-  0.560454
Acceptance Rate:                        0.393856
Replacements:                               4000
Total Samples:                             10156
Nested Sampling ln(Z):              -5821.552775
Importance Nested Sampling ln(Z):   -5795.439800 +/-  0.481886
Acceptance Rate:                        0.390249
Replacements:                               4050
Total Samples:                             10378
Nested Sampling ln(Z):              -5819.843287
Importance Nested Sampling ln(Z):   -5795.170632 +/-  0.441569
Acceptance Rate:                        0.388847
Replacements:                               4100
Total Samples:                             10544
Nested Sampling ln(Z):              -5818.206336
Importance Nested Sampling ln(Z):   -5793.558440 +/-  0.705309
Acceptance Rate:                        0.387055
Replacements:                               4150
Total Samples:                             10722
Nested Sampling ln(Z):              -5816.251942
Importance Nested Sampling ln(Z):   -5793.665136 +/-  0.663630
Acceptance Rate:                        0.384933
Replacements:                               4200
Total Samples:                             10911
Nested Sampling ln(Z):              -5814.263188
Importance Nested Sampling ln(Z):   -5793.817066 +/-  0.640990
Acceptance Rate:                        0.383955
Replacements:                               4250
Total Samples:                             11069
Nested Sampling ln(Z):              -5812.762324
Importance Nested Sampling ln(Z):   -5793.953435 +/-  0.634093
Acceptance Rate:                        0.382052
Replacements:                               4300
Total Samples:                             11255
Nested Sampling ln(Z):              -5811.422053
Importance Nested Sampling ln(Z):   -5793.999793 +/-  0.562446
Acceptance Rate:                        0.380644
Replacements:                               4350
Total Samples:                             11428
Nested Sampling ln(Z):              -5810.150912
Importance Nested Sampling ln(Z):   -5793.362284 +/-  0.501257
Acceptance Rate:                        0.380425
Replacements:                               4400
Total Samples:                             11566
Nested Sampling ln(Z):              -5808.933365
Importance Nested Sampling ln(Z):   -5793.466685 +/-  0.487889
Acceptance Rate:                        0.379887
Replacements:                               4450
Total Samples:                             11714
Nested Sampling ln(Z):              -5807.602136
Importance Nested Sampling ln(Z):   -5793.605702 +/-  0.474033
Acceptance Rate:                        0.380132
Replacements:                               4500
Total Samples:                             11838
Nested Sampling ln(Z):              -5806.525117
Importance Nested Sampling ln(Z):   -5793.636686 +/-  0.436230
Acceptance Rate:                        0.379103
Replacements:                               4550
Total Samples:                             12002
Nested Sampling ln(Z):              -5805.566086
Importance Nested Sampling ln(Z):   -5793.660242 +/-  0.385116
Acceptance Rate:                        0.378476
Replacements:                               4600
Total Samples:                             12154
Nested Sampling ln(Z):              -5804.751011
Importance Nested Sampling ln(Z):   -5793.757014 +/-  0.363412
Acceptance Rate:                        0.378203
Replacements:                               4650
Total Samples:                             12295
Nested Sampling ln(Z):              -5803.997905
Importance Nested Sampling ln(Z):   -5793.713643 +/-  0.314758
Acceptance Rate:                        0.377814
Replacements:                               4700
Total Samples:                             12440
Nested Sampling ln(Z):              -5803.269111
Importance Nested Sampling ln(Z):   -5793.852150 +/-  0.307596
Acceptance Rate:                        0.376894
Replacements:                               4750
Total Samples:                             12603
Nested Sampling ln(Z):              -5802.501612
Importance Nested Sampling ln(Z):   -5793.942743 +/-  0.290116
Acceptance Rate:                        0.375940
Replacements:                               4800
Total Samples:                             12768
Nested Sampling ln(Z):              -5801.774434
Importance Nested Sampling ln(Z):   -5793.863888 +/-  0.274890
Acceptance Rate:                        0.375445
Replacements:                               4850
Total Samples:                             12918
Nested Sampling ln(Z):              -5801.122587
Importance Nested Sampling ln(Z):   -5793.948705 +/-  0.255777
Acceptance Rate:                        0.374532
Replacements:                               4900
Total Samples:                             13083
Nested Sampling ln(Z):              -5800.522021
Importance Nested Sampling ln(Z):   -5793.941347 +/-  0.231556
Acceptance Rate:                        0.373275
Replacements:                               4950
Total Samples:                             13261
Nested Sampling ln(Z):              -5799.941821
Importance Nested Sampling ln(Z):   -5793.429189 +/-  0.321574
Acceptance Rate:                        0.371388
Replacements:                               5000
Total Samples:                             13463
Nested Sampling ln(Z):              -5799.359884
Importance Nested Sampling ln(Z):   -5793.363047 +/-  0.262787
Acceptance Rate:                        0.369801
Replacements:                               5050
Total Samples:                             13656
Nested Sampling ln(Z):              -5798.845379
Importance Nested Sampling ln(Z):   -5793.180416 +/-  0.214939
Acceptance Rate:                        0.368817
Replacements:                               5100
Total Samples:                             13828
Nested Sampling ln(Z):              -5798.360782
Importance Nested Sampling ln(Z):   -5793.130222 +/-  0.189928
Acceptance Rate:                        0.367332
Replacements:                               5150
Total Samples:                             14020
Nested Sampling ln(Z):              -5797.905139
Importance Nested Sampling ln(Z):   -5793.164665 +/-  0.169503
Acceptance Rate:                        0.365528
Replacements:                               5200
Total Samples:                             14226
Nested Sampling ln(Z):              -5797.484030
Importance Nested Sampling ln(Z):   -5793.239277 +/-  0.152130
Acceptance Rate:                        0.365472
Replacements:                               5250
Total Samples:                             14365
Nested Sampling ln(Z):              -5797.102100
Importance Nested Sampling ln(Z):   -5793.206352 +/-  0.135099
Acceptance Rate:                        0.364737
Replacements:                               5300
Total Samples:                             14531
Nested Sampling ln(Z):              -5796.731151
Importance Nested Sampling ln(Z):   -5793.261556 +/-  0.123281
Acceptance Rate:                        0.363402
Replacements:                               5350
Total Samples:                             14722
Nested Sampling ln(Z):              -5796.401797
Importance Nested Sampling ln(Z):   -5793.262624 +/-  0.108577
Acceptance Rate:                        0.362489
Replacements:                               5400
Total Samples:                             14897
Nested Sampling ln(Z):              -5796.082168
Importance Nested Sampling ln(Z):   -5793.289378 +/-  0.099876
Acceptance Rate:                        0.361334
Replacements:                               5450
Total Samples:                             15083
Nested Sampling ln(Z):              -5795.795257
Importance Nested Sampling ln(Z):   -5793.213766 +/-  0.099482
Acceptance Rate:                        0.360632
Replacements:                               5500
Total Samples:                             15251
Nested Sampling ln(Z):              -5795.548752
Importance Nested Sampling ln(Z):   -5793.245812 +/-  0.090340
Acceptance Rate:                        0.360624
Replacements:                               5550
Total Samples:                             15390
Nested Sampling ln(Z):              -5795.332083
Importance Nested Sampling ln(Z):   -5793.180425 +/-  0.086271
Acceptance Rate:                        0.359481
Replacements:                               5600
Total Samples:                             15578
Nested Sampling ln(Z):              -5795.125257
Importance Nested Sampling ln(Z):   -5793.128123 +/-  0.081006
Acceptance Rate:                        0.358048
Replacements:                               5650
Total Samples:                             15780
Nested Sampling ln(Z):              -5794.931376
Importance Nested Sampling ln(Z):   -5793.125204 +/-  0.073302
Acceptance Rate:                        0.355317
Replacements:                               5700
Total Samples:                             16042
Nested Sampling ln(Z):              -5794.752911
Importance Nested Sampling ln(Z):   -5793.149299 +/-  0.065423
Acceptance Rate:                        0.352588
Replacements:                               5750
Total Samples:                             16308
Nested Sampling ln(Z):              -5794.589375
Importance Nested Sampling ln(Z):   -5793.145178 +/-  0.060645
Acceptance Rate:                        0.351366
Replacements:                               5800
Total Samples:                             16507
Nested Sampling ln(Z):              -5794.437497
Importance Nested Sampling ln(Z):   -5793.161636 +/-  0.055026
Acceptance Rate:                        0.350551
Replacements:                               5850
Total Samples:                             16688
Nested Sampling ln(Z):              -5794.300996
Importance Nested Sampling ln(Z):   -5793.135913 +/-  0.051686
Acceptance Rate:                        0.349071
Replacements:                               5900
Total Samples:                             16902
Nested Sampling ln(Z):              -5794.176484
Importance Nested Sampling ln(Z):   -5793.142804 +/-  0.047371
Acceptance Rate:                        0.348361
Replacements:                               5950
Total Samples:                             17080
Nested Sampling ln(Z):              -5794.061674
Importance Nested Sampling ln(Z):   -5793.109321 +/-  0.044328
Acceptance Rate:                        0.346961
Replacements:                               6000
Total Samples:                             17293
Nested Sampling ln(Z):              -5793.952427
Importance Nested Sampling ln(Z):   -5793.105698 +/-  0.041296
Acceptance Rate:                        0.346229
Replacements:                               6050
Total Samples:                             17474
Nested Sampling ln(Z):              -5793.851163
Importance Nested Sampling ln(Z):   -5793.123582 +/-  0.038053
Acceptance Rate:                        0.345179
Replacements:                               6100
Total Samples:                             17672
Nested Sampling ln(Z):              -5793.759223
Importance Nested Sampling ln(Z):   -5793.133609 +/-  0.035169
Acceptance Rate:                        0.343691
Replacements:                               6150
Total Samples:                             17894
Nested Sampling ln(Z):              -5793.676646
Importance Nested Sampling ln(Z):   -5793.133536 +/-  0.032455
Acceptance Rate:                        0.343319
Replacements:                               6200
Total Samples:                             18059
Nested Sampling ln(Z):              -5793.600434
Importance Nested Sampling ln(Z):   -5793.140680 +/-  0.030131
Acceptance Rate:                        0.341941
Replacements:                               6250
Total Samples:                             18278
Nested Sampling ln(Z):              -5793.530537
Importance Nested Sampling ln(Z):   -5793.147691 +/-  0.027745
Acceptance Rate:                        0.339971
Replacements:                               6300
Total Samples:                             18531
Nested Sampling ln(Z):              -5793.467461
Importance Nested Sampling ln(Z):   -5793.154125 +/-  0.025641
Acceptance Rate:                        0.338468
Replacements:                               6350
Total Samples:                             18761
Nested Sampling ln(Z):              -5793.411123
Importance Nested Sampling ln(Z):   -5793.167621 +/-  0.023954
Acceptance Rate:                        0.337144
Replacements:                               6400
Total Samples:                             18983
Nested Sampling ln(Z):              -5793.360705
Importance Nested Sampling ln(Z):   -5793.172045 +/-  0.022426
Acceptance Rate:                        0.336569
Replacements:                               6450
Total Samples:                             19164
Nested Sampling ln(Z):              -5793.315557
Importance Nested Sampling ln(Z):   -5793.164484 +/-  0.021504
Acceptance Rate:                        0.334862
Replacements:                               6500
Total Samples:                             19411
Nested Sampling ln(Z):              -5793.275063
Importance Nested Sampling ln(Z):   -5793.166435 +/-  0.020220
Acceptance Rate:                        0.334218
Replacements:                               6550
Total Samples:                             19598
Nested Sampling ln(Z):              -5793.238936
Importance Nested Sampling ln(Z):   -5793.164345 +/-  0.019401
Acceptance Rate:                        0.332879
Replacements:                               6600
Total Samples:                             19827
Nested Sampling ln(Z):              -5793.206374
Importance Nested Sampling ln(Z):   -5793.169507 +/-  0.018525
Acceptance Rate:                        0.332400
Replacements:                               6650
Total Samples:                             20006
Nested Sampling ln(Z):              -5793.176812
Importance Nested Sampling ln(Z):   -5793.172563 +/-  0.017955
Acceptance Rate:                        0.331142
Replacements:                               6700
Total Samples:                             20233
Nested Sampling ln(Z):              -5793.150061
Importance Nested Sampling ln(Z):   -5793.175753 +/-  0.017384
Acceptance Rate:                        0.330672
Replacements:                               6750
Total Samples:                             20413
Nested Sampling ln(Z):              -5793.125952
Importance Nested Sampling ln(Z):   -5793.182457 +/-  0.016967
Acceptance Rate:                        0.330516
Replacements:                               6764
Total Samples:                             20465
Nested Sampling ln(Z):              -5793.119736
Importance Nested Sampling ln(Z):   -5793.184456 +/-  0.016865
 ln(ev)=  -5792.94123033296      +/-  0.243426913332605     
 Total Likelihood Evaluations:        20465
 Sampling finished. Exiting MultiNest
MPI process 0 / 1:	The timer Multinest scan has ended.
Duration: 106352169302 microseconds.
MPI process 0 / 1:	Multinest scan took 106352 seconds.
