Varying N_eff!
sum_mnu not being varied. To vary it give "sum_mnu" as an extra argument.
Using Planck.
Running with standard PPS and neutrinos.
Planck data dir = /Volumes/Data1/Planck2015/plc-2.0
 BFLike Ntemp  =        2876
 BFLike Nq     =        1407
 BFLike Nu     =        1407
 BFLike Nside  =          16
 BFLike Nwrite =    32393560
 cls file appears to have 5+ columns
 assuming it is a CAMB file with l, TT, EE, BB, TE
 info =            0
----
clik version 6dc2a8cf3965 MAKEFILE
  bflike_smw
Checking likelihood '/Volumes/Data1/Planck2015/plc-2.0/low_l/bflike/lowl_SMW_70_dx11d_2014_10_03_v5c_Ap.clik' on test data. got -5247.87 expected -5247.87 (diff 3.26225e-07)
----
Low likelihood has TT with l_max = 29
Low likelihood has EE with l_max = 29
Low likelihood has BB with l_max = 29
Low likelihood has TE with l_max = 29
Low likelihood has TB with l_max = -1
Low likelihood has EB with l_max = -1
 Initializing Planck likelihood, version Plik_v18_cmbonly_like
----
clik version 6dc2a8cf3965 MAKEFILE
  plik_cmbonly
Checking likelihood '/Volumes/Data1/Planck2015/plc-2.0/hi_l/plik_lite/plik_lite_v18_TT.clik' on test data. got -101.798 expected -101.798 (diff 1.03566e-08)
----
High likelihood has TT with l_max = 2508
High likelihood has EE with l_max = -1
High likelihood has BB with l_max = -1
High likelihood has TE with l_max = -1
High likelihood has TB with l_max = -1
High likelihood has EB with l_max = -1
Low l_max = 29
High l_max = 2508
Lensing l_max = 0
Total l_max = 2508
Setting parameters
Starting the timer Multinest scan...
 MultiNest Warning: no resume file found, starting from scratch
 *****************************************************
 MultiNest v3.9
 Copyright Farhan Feroz & Mike Hobson
 Release Oct 2014
 
 no. of live points =  300
 dimensionality =    8
 *****************************************************
 Starting MultiNest
 generating live points
 live points generated, starting sampling
Acceptance Rate:                        0.974930
Replacements:                                350
Total Samples:                               359
Nested Sampling ln(Z):            -102087.563462
Importance Nested Sampling ln(Z):   -5420.147757 +/-  0.998606
Acceptance Rate:                        0.938967
Replacements:                                400
Total Samples:                               426
Nested Sampling ln(Z):             -83362.662046
Importance Nested Sampling ln(Z):   -5420.318874 +/-  0.998826
Acceptance Rate:                        0.903614
Replacements:                                450
Total Samples:                               498
Nested Sampling ln(Z):             -67006.370926
Importance Nested Sampling ln(Z):   -5420.475035 +/-  0.998995
Acceptance Rate:                        0.836120
Replacements:                                500
Total Samples:                               598
Nested Sampling ln(Z):             -53392.308152
Importance Nested Sampling ln(Z):   -5420.658026 +/-  0.999164
Acceptance Rate:                        0.792507
Replacements:                                550
Total Samples:                               694
Nested Sampling ln(Z):             -43870.014029
Importance Nested Sampling ln(Z):   -5420.806907 +/-  0.999279
Acceptance Rate:                        0.747198
Replacements:                                600
Total Samples:                               803
Nested Sampling ln(Z):             -36189.425116
Importance Nested Sampling ln(Z):   -5420.952790 +/-  0.999377
Acceptance Rate:                        0.682057
Replacements:                                650
Total Samples:                               953
Nested Sampling ln(Z):             -29222.458023
Importance Nested Sampling ln(Z):   -5421.124050 +/-  0.999475
Acceptance Rate:                        0.638104
Replacements:                                700
Total Samples:                              1097
Nested Sampling ln(Z):             -25619.134625
Importance Nested Sampling ln(Z):   -5421.264769 +/-  0.999544
Acceptance Rate:                        0.588697
Replacements:                                750
Total Samples:                              1274
Nested Sampling ln(Z):             -23112.559663
Importance Nested Sampling ln(Z):   -5421.414352 +/-  0.999607
Acceptance Rate:                        0.574300
Replacements:                                800
Total Samples:                              1393
Nested Sampling ln(Z):             -19540.371794
Importance Nested Sampling ln(Z):   -5421.890382 +/-  0.999641
Acceptance Rate:                        0.565912
Replacements:                                850
Total Samples:                              1502
Nested Sampling ln(Z):             -16953.722411
Importance Nested Sampling ln(Z):   -5422.410397 +/-  0.999667
Acceptance Rate:                        0.563910
Replacements:                                900
Total Samples:                              1596
Nested Sampling ln(Z):             -15075.973408
Importance Nested Sampling ln(Z):   -5422.728511 +/-  0.999687
Acceptance Rate:                        0.558495
Replacements:                                950
Total Samples:                              1701
Nested Sampling ln(Z):             -13236.900762
Importance Nested Sampling ln(Z):   -5421.403200 +/-  0.831547
Acceptance Rate:                        0.557724
Replacements:                               1000
Total Samples:                              1793
Nested Sampling ln(Z):             -11941.830407
Importance Nested Sampling ln(Z):   -5421.623895 +/-  0.831587
Acceptance Rate:                        0.553214
Replacements:                               1050
Total Samples:                              1898
Nested Sampling ln(Z):             -10862.556264
Importance Nested Sampling ln(Z):   -5421.836817 +/-  0.831622
Acceptance Rate:                        0.546992
Replacements:                               1100
Total Samples:                              2011
Nested Sampling ln(Z):              -9955.228958
Importance Nested Sampling ln(Z):   -5422.070033 +/-  0.831655
Acceptance Rate:                        0.542197
Replacements:                               1150
Total Samples:                              2121
Nested Sampling ln(Z):              -9191.907501
Importance Nested Sampling ln(Z):   -5422.294910 +/-  0.831682
Acceptance Rate:                        0.537875
Replacements:                               1200
Total Samples:                              2231
Nested Sampling ln(Z):              -8613.128107
Importance Nested Sampling ln(Z):   -5422.495729 +/-  0.831704
Acceptance Rate:                        0.536251
Replacements:                               1250
Total Samples:                              2331
Nested Sampling ln(Z):              -8150.063041
Importance Nested Sampling ln(Z):   -5422.658821 +/-  0.831721
Acceptance Rate:                        0.533224
Replacements:                               1300
Total Samples:                              2438
Nested Sampling ln(Z):              -7746.519713
Importance Nested Sampling ln(Z):   -5422.854976 +/-  0.831736
Acceptance Rate:                        0.527344
Replacements:                               1350
Total Samples:                              2560
Nested Sampling ln(Z):              -7435.431959
Importance Nested Sampling ln(Z):   -5423.038742 +/-  0.831752
Acceptance Rate:                        0.519288
Replacements:                               1400
Total Samples:                              2696
Nested Sampling ln(Z):              -7123.090806
Importance Nested Sampling ln(Z):   -5423.255134 +/-  0.831768
Acceptance Rate:                        0.513638
Replacements:                               1450
Total Samples:                              2823
Nested Sampling ln(Z):              -6849.479115
Importance Nested Sampling ln(Z):   -5423.425606 +/-  0.831781
Acceptance Rate:                        0.505391
Replacements:                               1500
Total Samples:                              2968
Nested Sampling ln(Z):              -6715.889773
Importance Nested Sampling ln(Z):   -5423.635090 +/-  0.831794
Acceptance Rate:                        0.496318
Replacements:                               1550
Total Samples:                              3123
Nested Sampling ln(Z):              -6593.959091
Importance Nested Sampling ln(Z):   -5423.825433 +/-  0.831806
Acceptance Rate:                        0.492611
Replacements:                               1600
Total Samples:                              3248
Nested Sampling ln(Z):              -6446.447915
Importance Nested Sampling ln(Z):   -5419.337000 +/-  0.990245
Acceptance Rate:                        0.488166
Replacements:                               1650
Total Samples:                              3380
Nested Sampling ln(Z):              -6325.481360
Importance Nested Sampling ln(Z):   -5419.496776 +/-  0.990251
Acceptance Rate:                        0.482406
Replacements:                               1700
Total Samples:                              3524
Nested Sampling ln(Z):              -6218.779565
Importance Nested Sampling ln(Z):   -5400.902667 +/-  0.999858
Acceptance Rate:                        0.479978
Replacements:                               1750
Total Samples:                              3646
Nested Sampling ln(Z):              -6131.046152
Importance Nested Sampling ln(Z):   -5401.067110 +/-  0.999863
Acceptance Rate:                        0.474308
Replacements:                               1800
Total Samples:                              3795
Nested Sampling ln(Z):              -6051.561058
Importance Nested Sampling ln(Z):   -5401.236133 +/-  0.999868
Acceptance Rate:                        0.468592
Replacements:                               1850
Total Samples:                              3948
Nested Sampling ln(Z):              -5982.697084
Importance Nested Sampling ln(Z):   -5401.405313 +/-  0.996448
Acceptance Rate:                        0.464548
Replacements:                               1900
Total Samples:                              4090
Nested Sampling ln(Z):              -5910.656667
Importance Nested Sampling ln(Z):   -5401.552763 +/-  0.996452
Acceptance Rate:                        0.458824
Replacements:                               1950
Total Samples:                              4250
Nested Sampling ln(Z):              -5857.497365
Importance Nested Sampling ln(Z):   -5401.690580 +/-  0.996457
Acceptance Rate:                        0.454030
Replacements:                               2000
Total Samples:                              4405
Nested Sampling ln(Z):              -5808.716036
Importance Nested Sampling ln(Z):   -5401.896356 +/-  0.994295
Acceptance Rate:                        0.450450
Replacements:                               2050
Total Samples:                              4551
Nested Sampling ln(Z):              -5771.823606
Importance Nested Sampling ln(Z):   -5402.077427 +/-  0.994300
Acceptance Rate:                        0.449968
Replacements:                               2100
Total Samples:                              4667
Nested Sampling ln(Z):              -5743.079790
Importance Nested Sampling ln(Z):   -5393.266734 +/-  0.999763
Acceptance Rate:                        0.447637
Replacements:                               2150
Total Samples:                              4803
Nested Sampling ln(Z):              -5714.010141
Importance Nested Sampling ln(Z):   -5389.757153 +/-  0.974613
Acceptance Rate:                        0.447700
Replacements:                               2200
Total Samples:                              4914
Nested Sampling ln(Z):              -5689.115707
Importance Nested Sampling ln(Z):   -5389.891913 +/-  0.974621
Acceptance Rate:                        0.442826
Replacements:                               2250
Total Samples:                              5081
Nested Sampling ln(Z):              -5658.495514
Importance Nested Sampling ln(Z):   -5390.090117 +/-  0.974223
Acceptance Rate:                        0.439939
Replacements:                               2300
Total Samples:                              5228
Nested Sampling ln(Z):              -5637.772826
Importance Nested Sampling ln(Z):   -5390.238006 +/-  0.974225
Acceptance Rate:                        0.438433
Replacements:                               2350
Total Samples:                              5360
Nested Sampling ln(Z):              -5616.365940
Importance Nested Sampling ln(Z):   -5390.346565 +/-  0.974230
Acceptance Rate:                        0.432277
Replacements:                               2400
Total Samples:                              5552
Nested Sampling ln(Z):              -5596.611081
Importance Nested Sampling ln(Z):   -5381.971402 +/-  0.999720
Acceptance Rate:                        0.431338
Replacements:                               2450
Total Samples:                              5680
Nested Sampling ln(Z):              -5580.250274
Importance Nested Sampling ln(Z):   -5382.092952 +/-  0.999703
Acceptance Rate:                        0.426840
Replacements:                               2500
Total Samples:                              5857
Nested Sampling ln(Z):              -5565.614007
Importance Nested Sampling ln(Z):   -5382.262947 +/-  0.999705
Acceptance Rate:                        0.422535
Replacements:                               2550
Total Samples:                              6035
Nested Sampling ln(Z):              -5552.212600
Importance Nested Sampling ln(Z):   -5382.409096 +/-  0.999705
Acceptance Rate:                        0.418882
Replacements:                               2600
Total Samples:                              6207
Nested Sampling ln(Z):              -5536.829020
Importance Nested Sampling ln(Z):   -5374.448900 +/-  0.999621
Acceptance Rate:                        0.415621
Replacements:                               2650
Total Samples:                              6376
Nested Sampling ln(Z):              -5525.710470
Importance Nested Sampling ln(Z):   -5374.603323 +/-  0.999623
Acceptance Rate:                        0.412718
Replacements:                               2700
Total Samples:                              6542
Nested Sampling ln(Z):              -5514.649155
Importance Nested Sampling ln(Z):   -5374.746730 +/-  0.999606
Acceptance Rate:                        0.410938
Replacements:                               2750
Total Samples:                              6692
Nested Sampling ln(Z):              -5504.540217
Importance Nested Sampling ln(Z):   -5374.897735 +/-  0.999314
Acceptance Rate:                        0.407213
Replacements:                               2800
Total Samples:                              6876
Nested Sampling ln(Z):              -5493.226659
Importance Nested Sampling ln(Z):   -5375.093991 +/-  0.999316
Acceptance Rate:                        0.405002
Replacements:                               2850
Total Samples:                              7037
Nested Sampling ln(Z):              -5484.755169
Importance Nested Sampling ln(Z):   -5374.707028 +/-  0.663518
Acceptance Rate:                        0.403058
Replacements:                               2900
Total Samples:                              7195
Nested Sampling ln(Z):              -5475.856857
Importance Nested Sampling ln(Z):   -5374.858224 +/-  0.663531
Acceptance Rate:                        0.402456
Replacements:                               2950
Total Samples:                              7330
Nested Sampling ln(Z):              -5468.321620
Importance Nested Sampling ln(Z):   -5374.735047 +/-  0.557280
Acceptance Rate:                        0.399680
Replacements:                               3000
Total Samples:                              7506
Nested Sampling ln(Z):              -5460.985758
Importance Nested Sampling ln(Z):   -5374.894818 +/-  0.557288
Acceptance Rate:                        0.398328
Replacements:                               3050
Total Samples:                              7657
Nested Sampling ln(Z):              -5455.257598
Importance Nested Sampling ln(Z):   -5375.029724 +/-  0.557222
Acceptance Rate:                        0.395762
Replacements:                               3100
Total Samples:                              7833
Nested Sampling ln(Z):              -5448.715578
Importance Nested Sampling ln(Z):   -5375.190281 +/-  0.556407
Acceptance Rate:                        0.393947
Replacements:                               3150
Total Samples:                              7996
Nested Sampling ln(Z):              -5443.483752
Importance Nested Sampling ln(Z):   -5375.352391 +/-  0.555978
Acceptance Rate:                        0.390864
Replacements:                               3200
Total Samples:                              8187
Nested Sampling ln(Z):              -5437.984114
Importance Nested Sampling ln(Z):   -5375.532600 +/-  0.554254
Acceptance Rate:                        0.386951
Replacements:                               3250
Total Samples:                              8399
Nested Sampling ln(Z):              -5433.614643
Importance Nested Sampling ln(Z):   -5375.040266 +/-  0.554033
Acceptance Rate:                        0.385019
Replacements:                               3300
Total Samples:                              8571
Nested Sampling ln(Z):              -5429.178491
Importance Nested Sampling ln(Z):   -5375.198575 +/-  0.554028
Acceptance Rate:                        0.381766
Replacements:                               3350
Total Samples:                              8775
Nested Sampling ln(Z):              -5425.497910
Importance Nested Sampling ln(Z):   -5375.373342 +/-  0.553442
Acceptance Rate:                        0.378493
Replacements:                               3400
Total Samples:                              8983
Nested Sampling ln(Z):              -5421.279996
Importance Nested Sampling ln(Z):   -5374.741893 +/-  0.433320
Acceptance Rate:                        0.377008
Replacements:                               3450
Total Samples:                              9151
Nested Sampling ln(Z):              -5417.937227
Importance Nested Sampling ln(Z):   -5374.882406 +/-  0.429334
Acceptance Rate:                        0.373892
Replacements:                               3500
Total Samples:                              9361
Nested Sampling ln(Z):              -5415.235402
Importance Nested Sampling ln(Z):   -5375.046366 +/-  0.427818
Acceptance Rate:                        0.371572
Replacements:                               3550
Total Samples:                              9554
Nested Sampling ln(Z):              -5412.593771
Importance Nested Sampling ln(Z):   -5373.501957 +/-  0.818525
Acceptance Rate:                        0.368777
Replacements:                               3600
Total Samples:                              9762
Nested Sampling ln(Z):              -5409.931602
Importance Nested Sampling ln(Z):   -5373.683634 +/-  0.815423
Acceptance Rate:                        0.366062
Replacements:                               3650
Total Samples:                              9971
Nested Sampling ln(Z):              -5407.519300
Importance Nested Sampling ln(Z):   -5373.809683 +/-  0.789933
Acceptance Rate:                        0.363065
Replacements:                               3700
Total Samples:                             10191
Nested Sampling ln(Z):              -5404.607382
Importance Nested Sampling ln(Z):   -5373.755640 +/-  0.656622
Acceptance Rate:                        0.359712
Replacements:                               3750
Total Samples:                             10425
Nested Sampling ln(Z):              -5402.330643
Importance Nested Sampling ln(Z):   -5373.897702 +/-  0.648250
Acceptance Rate:                        0.355406
Replacements:                               3800
Total Samples:                             10692
Nested Sampling ln(Z):              -5400.766397
Importance Nested Sampling ln(Z):   -5373.737639 +/-  0.508166
Acceptance Rate:                        0.353600
Replacements:                               3850
Total Samples:                             10888
Nested Sampling ln(Z):              -5398.951599
Importance Nested Sampling ln(Z):   -5373.352608 +/-  0.470992
Acceptance Rate:                        0.350688
Replacements:                               3900
Total Samples:                             11121
Nested Sampling ln(Z):              -5397.333733
Importance Nested Sampling ln(Z):   -5373.416640 +/-  0.434849
Acceptance Rate:                        0.348447
Replacements:                               3950
Total Samples:                             11336
Nested Sampling ln(Z):              -5395.787576
Importance Nested Sampling ln(Z):   -5373.579383 +/-  0.433634
Acceptance Rate:                        0.346021
Replacements:                               4000
Total Samples:                             11560
Nested Sampling ln(Z):              -5394.287607
Importance Nested Sampling ln(Z):   -5373.734560 +/-  0.424781
Acceptance Rate:                        0.343220
Replacements:                               4050
Total Samples:                             11800
Nested Sampling ln(Z):              -5392.719621
Importance Nested Sampling ln(Z):   -5373.570971 +/-  0.418718
Acceptance Rate:                        0.340758
Replacements:                               4100
Total Samples:                             12032
Nested Sampling ln(Z):              -5391.285075
Importance Nested Sampling ln(Z):   -5372.353431 +/-  0.549333
Acceptance Rate:                        0.339552
Replacements:                               4150
Total Samples:                             12222
Nested Sampling ln(Z):              -5390.029286
Importance Nested Sampling ln(Z):   -5372.407349 +/-  0.511148
Acceptance Rate:                        0.337892
Replacements:                               4200
Total Samples:                             12430
Nested Sampling ln(Z):              -5388.821704
Importance Nested Sampling ln(Z):   -5372.045175 +/-  0.469785
Acceptance Rate:                        0.336634
Replacements:                               4250
Total Samples:                             12625
Nested Sampling ln(Z):              -5387.689657
Importance Nested Sampling ln(Z):   -5372.173802 +/-  0.466444
Acceptance Rate:                        0.333488
Replacements:                               4300
Total Samples:                             12894
Nested Sampling ln(Z):              -5386.617900
Importance Nested Sampling ln(Z):   -5371.586353 +/-  0.526659
MPI process 0 / 1:	thermodynamics_init failed, trying again!
Varying N_eff!
sum_mnu not being varied. To vary it give "sum_mnu" as an extra argument.
Using Planck.
Running with standard PPS and neutrinos.
Planck data dir = /Volumes/Data1/Planck2015/plc-2.0
 BFLike Ntemp  =        2876
 BFLike Nq     =        1407
 BFLike Nu     =        1407
 BFLike Nside  =          16
 BFLike Nwrite =    32393560
 cls file appears to have 5+ columns
 assuming it is a CAMB file with l, TT, EE, BB, TE
 info =            0
----
clik version 6dc2a8cf3965 MAKEFILE
  bflike_smw
Checking likelihood '/Volumes/Data1/Planck2015/plc-2.0/low_l/bflike/lowl_SMW_70_dx11d_2014_10_03_v5c_Ap.clik' on test data. got -5247.87 expected -5247.87 (diff 3.26225e-07)
----
Low likelihood has TT with l_max = 29
Low likelihood has EE with l_max = 29
Low likelihood has BB with l_max = 29
Low likelihood has TE with l_max = 29
Low likelihood has TB with l_max = -1
Low likelihood has EB with l_max = -1
 Initializing Planck likelihood, version Plik_v18_cmbonly_like
----
clik version 6dc2a8cf3965 MAKEFILE
  plik_cmbonly
Checking likelihood '/Volumes/Data1/Planck2015/plc-2.0/hi_l/plik_lite/plik_lite_v18_TT.clik' on test data. got -101.798 expected -101.798 (diff 1.03566e-08)
----
High likelihood has TT with l_max = 2508
High likelihood has EE with l_max = -1
High likelihood has BB with l_max = -1
High likelihood has TE with l_max = -1
High likelihood has TB with l_max = -1
High likelihood has EB with l_max = -1
Low l_max = 29
High l_max = 2508
Lensing l_max = 0
Total l_max = 2508
Setting parameters
Starting the timer Multinest scan...
 *****************************************************
 MultiNest v3.9
 Copyright Farhan Feroz & Mike Hobson
 Release Oct 2014
 
 no. of live points =  300
 dimensionality =    8
 resuming from previous job
 *****************************************************
 Starting MultiNest
Acceptance Rate:                        0.331151
Replacements:                               4350
Total Samples:                             13136
Nested Sampling ln(Z):              -5385.518309
Importance Nested Sampling ln(Z):   -5371.388505 +/-  0.452697
Acceptance Rate:                        0.330083
Replacements:                               4400
Total Samples:                             13330
Nested Sampling ln(Z):              -5384.458258
Importance Nested Sampling ln(Z):   -5371.391802 +/-  0.449348
Acceptance Rate:                        0.329215
Replacements:                               4450
Total Samples:                             13517
Nested Sampling ln(Z):              -5383.603927
Importance Nested Sampling ln(Z):   -5371.362620 +/-  0.434502
Acceptance Rate:                        0.327559
Replacements:                               4500
Total Samples:                             13738
Nested Sampling ln(Z):              -5382.875029
Importance Nested Sampling ln(Z):   -5371.270971 +/-  0.406412
Acceptance Rate:                        0.325023
Replacements:                               4550
Total Samples:                             13999
Nested Sampling ln(Z):              -5382.066844
Importance Nested Sampling ln(Z):   -5371.176898 +/-  0.372862
Acceptance Rate:                        0.323625
Replacements:                               4600
Total Samples:                             14214
Nested Sampling ln(Z):              -5381.329727
Importance Nested Sampling ln(Z):   -5371.120771 +/-  0.351823
Acceptance Rate:                        0.320756
Replacements:                               4650
Total Samples:                             14497
Nested Sampling ln(Z):              -5380.663618
Importance Nested Sampling ln(Z):   -5371.171332 +/-  0.363178
Acceptance Rate:                        0.318817
Replacements:                               4700
Total Samples:                             14742
Nested Sampling ln(Z):              -5380.068380
Importance Nested Sampling ln(Z):   -5371.181267 +/-  0.362766
Acceptance Rate:                        0.316772
Replacements:                               4750
Total Samples:                             14995
Nested Sampling ln(Z):              -5379.541998
Importance Nested Sampling ln(Z):   -5371.087062 +/-  0.340650
Acceptance Rate:                        0.315023
Replacements:                               4800
Total Samples:                             15237
Nested Sampling ln(Z):              -5379.053518
Importance Nested Sampling ln(Z):   -5371.129696 +/-  0.349542
Acceptance Rate:                        0.313024
Replacements:                               4850
Total Samples:                             15494
Nested Sampling ln(Z):              -5378.553972
Importance Nested Sampling ln(Z):   -5371.127381 +/-  0.345100
Acceptance Rate:                        0.311012
Replacements:                               4900
Total Samples:                             15755
Nested Sampling ln(Z):              -5378.032924
Importance Nested Sampling ln(Z):   -5371.140502 +/-  0.346783
Acceptance Rate:                        0.309588
Replacements:                               4950
Total Samples:                             15989
Nested Sampling ln(Z):              -5377.566672
Importance Nested Sampling ln(Z):   -5371.138612 +/-  0.344247
Acceptance Rate:                        0.308128
Replacements:                               5000
Total Samples:                             16227
Nested Sampling ln(Z):              -5377.146210
Importance Nested Sampling ln(Z):   -5371.057398 +/-  0.322657
Acceptance Rate:                        0.305007
Replacements:                               5050
Total Samples:                             16557
Nested Sampling ln(Z):              -5376.749235
Importance Nested Sampling ln(Z):   -5371.057060 +/-  0.319966
Acceptance Rate:                        0.301418
Replacements:                               5100
Total Samples:                             16920
Nested Sampling ln(Z):              -5376.352239
Importance Nested Sampling ln(Z):   -5371.097053 +/-  0.329903
Acceptance Rate:                        0.300292
Replacements:                               5150
Total Samples:                             17150
Nested Sampling ln(Z):              -5375.992975
Importance Nested Sampling ln(Z):   -5371.007301 +/-  0.307256
Acceptance Rate:                        0.299040
Replacements:                               5200
Total Samples:                             17389
Nested Sampling ln(Z):              -5375.687179
Importance Nested Sampling ln(Z):   -5371.014083 +/-  0.306674
Acceptance Rate:                        0.297063
Replacements:                               5250
Total Samples:                             17673
Nested Sampling ln(Z):              -5375.398497
Importance Nested Sampling ln(Z):   -5370.957720 +/-  0.289970
Acceptance Rate:                        0.295150
Replacements:                               5300
Total Samples:                             17957
Nested Sampling ln(Z):              -5375.144629
Importance Nested Sampling ln(Z):   -5370.982865 +/-  0.294917
Acceptance Rate:                        0.294182
Replacements:                               5350
Total Samples:                             18186
Nested Sampling ln(Z):              -5374.905840
Importance Nested Sampling ln(Z):   -5370.992965 +/-  0.296517
Acceptance Rate:                        0.293702
Replacements:                               5400
Total Samples:                             18386
Nested Sampling ln(Z):              -5374.684527
Importance Nested Sampling ln(Z):   -5370.976573 +/-  0.291365
Acceptance Rate:                        0.293247
Replacements:                               5450
Total Samples:                             18585
Nested Sampling ln(Z):              -5374.485110
Importance Nested Sampling ln(Z):   -5370.981038 +/-  0.291859
Acceptance Rate:                        0.292693
Replacements:                               5500
Total Samples:                             18791
Nested Sampling ln(Z):              -5374.300704
Importance Nested Sampling ln(Z):   -5370.980292 +/-  0.291213
Acceptance Rate:                        0.292028
Replacements:                               5550
Total Samples:                             19005
Nested Sampling ln(Z):              -5374.110804
Importance Nested Sampling ln(Z):   -5370.966734 +/-  0.287227
Acceptance Rate:                        0.290894
Replacements:                               5600
Total Samples:                             19251
Nested Sampling ln(Z):              -5373.920774
Importance Nested Sampling ln(Z):   -5370.991320 +/-  0.293405
Acceptance Rate:                        0.290026
Replacements:                               5650
Total Samples:                             19481
Nested Sampling ln(Z):              -5373.735996
Importance Nested Sampling ln(Z):   -5371.002986 +/-  0.296196
Acceptance Rate:                        0.288126
Replacements:                               5700
Total Samples:                             19783
Nested Sampling ln(Z):              -5373.560848
Importance Nested Sampling ln(Z):   -5371.014764 +/-  0.299237
Acceptance Rate:                        0.287471
Replacements:                               5750
Total Samples:                             20002
Nested Sampling ln(Z):              -5373.394500
Importance Nested Sampling ln(Z):   -5371.016235 +/-  0.299363
Acceptance Rate:                        0.286660
Replacements:                               5800
Total Samples:                             20233
Nested Sampling ln(Z):              -5373.243487
Importance Nested Sampling ln(Z):   -5371.026377 +/-  0.302186
Acceptance Rate:                        0.283788
Replacements:                               5850
Total Samples:                             20614
Nested Sampling ln(Z):              -5373.101504
Importance Nested Sampling ln(Z):   -5371.065051 +/-  0.313648
Acceptance Rate:                        0.282499
Replacements:                               5900
Total Samples:                             20885
Nested Sampling ln(Z):              -5372.973385
Importance Nested Sampling ln(Z):   -5371.076467 +/-  0.317031
Acceptance Rate:                        0.280886
Replacements:                               5950
Total Samples:                             21183
Nested Sampling ln(Z):              -5372.857209
Importance Nested Sampling ln(Z):   -5371.080812 +/-  0.318294
Acceptance Rate:                        0.279825
Replacements:                               6000
Total Samples:                             21442
Nested Sampling ln(Z):              -5372.751417
Importance Nested Sampling ln(Z):   -5371.089974 +/-  0.321098
Acceptance Rate:                        0.279536
Replacements:                               6050
Total Samples:                             21643
Nested Sampling ln(Z):              -5372.652622
Importance Nested Sampling ln(Z):   -5371.095273 +/-  0.322722
Acceptance Rate:                        0.278069
Replacements:                               6100
Total Samples:                             21937
Nested Sampling ln(Z):              -5372.559957
Importance Nested Sampling ln(Z):   -5371.089944 +/-  0.320953
Acceptance Rate:                        0.276990
Replacements:                               6150
Total Samples:                             22203
Nested Sampling ln(Z):              -5372.472397
Importance Nested Sampling ln(Z):   -5371.090207 +/-  0.320979
Acceptance Rate:                        0.275887
Replacements:                               6200
Total Samples:                             22473
Nested Sampling ln(Z):              -5372.391935
Importance Nested Sampling ln(Z):   -5371.092254 +/-  0.321583
Acceptance Rate:                        0.274412
Replacements:                               6250
Total Samples:                             22776
Nested Sampling ln(Z):              -5372.316565
Importance Nested Sampling ln(Z):   -5371.099002 +/-  0.323709
Acceptance Rate:                        0.273236
Replacements:                               6300
Total Samples:                             23057
Nested Sampling ln(Z):              -5372.247784
Importance Nested Sampling ln(Z):   -5371.099801 +/-  0.323936
Acceptance Rate:                        0.271402
Replacements:                               6350
Total Samples:                             23397
Nested Sampling ln(Z):              -5372.183443
Importance Nested Sampling ln(Z):   -5371.103002 +/-  0.324948
Acceptance Rate:                        0.270739
Replacements:                               6400
Total Samples:                             23639
Nested Sampling ln(Z):              -5372.125550
Importance Nested Sampling ln(Z):   -5371.105785 +/-  0.325835
Acceptance Rate:                        0.269604
Replacements:                               6450
Total Samples:                             23924
Nested Sampling ln(Z):              -5372.073143
Importance Nested Sampling ln(Z):   -5371.109918 +/-  0.327163
Acceptance Rate:                        0.268706
Replacements:                               6500
Total Samples:                             24190
Nested Sampling ln(Z):              -5372.024329
Importance Nested Sampling ln(Z):   -5371.111122 +/-  0.327544
Acceptance Rate:                        0.267565
Replacements:                               6550
Total Samples:                             24480
Nested Sampling ln(Z):              -5371.980235
Importance Nested Sampling ln(Z):   -5371.116871 +/-  0.329416
Acceptance Rate:                        0.266634
Replacements:                               6600
Total Samples:                             24753
Nested Sampling ln(Z):              -5371.940506
Importance Nested Sampling ln(Z):   -5371.118275 +/-  0.329871
Acceptance Rate:                        0.264982
Replacements:                               6650
Total Samples:                             25096
Nested Sampling ln(Z):              -5371.904123
Importance Nested Sampling ln(Z):   -5371.121650 +/-  0.330975
Acceptance Rate:                        0.263158
Replacements:                               6700
Total Samples:                             25460
Nested Sampling ln(Z):              -5371.870168
Importance Nested Sampling ln(Z):   -5371.123584 +/-  0.331608
Acceptance Rate:                        0.261963
Replacements:                               6750
Total Samples:                             25767
Nested Sampling ln(Z):              -5371.839453
Importance Nested Sampling ln(Z):   -5371.123602 +/-  0.331609
Acceptance Rate:                        0.260317
Replacements:                               6800
Total Samples:                             26122
Nested Sampling ln(Z):              -5371.811811
Importance Nested Sampling ln(Z):   -5371.123338 +/-  0.331518
Acceptance Rate:                        0.259087
Replacements:                               6850
Total Samples:                             26439
Nested Sampling ln(Z):              -5371.786976
Importance Nested Sampling ln(Z):   -5371.123031 +/-  0.331413
Acceptance Rate:                        0.258039
Replacements:                               6885
Total Samples:                             26682
Nested Sampling ln(Z):              -5371.770991
Importance Nested Sampling ln(Z):   -5371.124442 +/-  0.331879
 ln(ev)=  -5371.58338910882      +/-  0.244919229463937     
 Total Likelihood Evaluations:        26682
 Sampling finished. Exiting MultiNest
MPI process 0 / 1:	The timer Multinest scan has ended.
Duration: 32561892715 microseconds.
MPI process 0 / 1:	Multinest scan took 32561 seconds.
